2025-09-02 10:43:57,116: Train WCRR with IFT on Denoising
2025-09-02 10:43:57,116: The model has 13767 parameters
2025-09-02 10:43:57,116: Parameters:
2025-09-02 10:43:57,116: load_pretrain: True, load_parameter_fitting: False, score_sigma: 0.03
2025-09-02 10:43:57,116: pretrain_epochs: 300, pretrain_lr: 0.01, epochs: 100
2025-09-02 10:43:57,116: adabelief: True, fitting_lr: 0.1, lr: 0.001
2025-09-02 10:43:57,116: jacobian_regularization: True, jacobian_regularization_parameter: 1e-06, lmbd: 1.0
2025-09-02 10:43:58,859: Step 10, Train PSNR 24.720080375671387
2025-09-02 10:44:00,859: Step 20, Train PSNR 26.153781509399415
2025-09-02 10:44:03,201: Step 30, Train PSNR 26.887158584594726
2025-09-02 10:44:05,943: Step 40, Train PSNR 27.228674983978273
2025-09-02 10:44:07,430: [Epoch 1] Train Loss: 3.73E+01, PSNR: 27.40
2025-09-02 10:44:10,789: Step 10, Train PSNR 28.925564765930176
2025-09-02 10:44:14,258: Step 20, Train PSNR 28.728633308410643
2025-09-02 10:44:17,977: Step 30, Train PSNR 28.73691775004069
2025-09-02 10:44:21,710: Step 40, Train PSNR 28.67156562805176
2025-09-02 10:44:23,653: [Epoch 2] Train Loss: 2.74E+01, PSNR: 28.63
2025-09-02 10:44:27,662: Step 10, Train PSNR 28.785573959350586
2025-09-02 10:44:31,531: Step 20, Train PSNR 28.388253593444823
2025-09-02 10:44:35,261: Step 30, Train PSNR 28.532056744893392
2025-09-02 10:44:39,190: Step 40, Train PSNR 28.566814994812013
2025-09-02 10:44:41,268: [Epoch 3] Train Loss: 2.82E+01, PSNR: 28.48
2025-09-02 10:44:45,340: Step 10, Train PSNR 28.535370063781738
2025-09-02 10:44:49,307: Step 20, Train PSNR 28.51954174041748
2025-09-02 10:44:53,314: Step 30, Train PSNR 28.538525835673013
2025-09-02 10:44:57,222: Step 40, Train PSNR 28.58841791152954
2025-09-02 10:44:59,233: [Epoch 4] Train Loss: 2.79E+01, PSNR: 28.49
2025-09-02 10:45:03,128: Step 10, Train PSNR 28.4340087890625
2025-09-02 10:45:07,131: Step 20, Train PSNR 28.581864643096925
2025-09-02 10:45:10,914: Step 30, Train PSNR 28.53395195007324
2025-09-02 10:45:14,736: Step 40, Train PSNR 28.61437635421753
2025-09-02 10:45:16,782: [Epoch 5] Train Loss: 2.74E+01, PSNR: 28.62
2025-09-02 10:45:23,989: [Epoch 5] Val Loss: 1.68E+02, PSNR: 28.47
2025-09-02 10:45:28,222: Step 10, Train PSNR 28.59425640106201
2025-09-02 10:45:32,223: Step 20, Train PSNR 28.699225330352782
2025-09-02 10:45:36,171: Step 30, Train PSNR 28.671125157674155
2025-09-02 10:45:40,161: Step 40, Train PSNR 28.71684112548828
2025-09-02 10:45:42,194: [Epoch 6] Train Loss: 2.69E+01, PSNR: 28.70
2025-09-02 10:45:46,182: Step 10, Train PSNR 28.685207557678222
2025-09-02 10:45:50,073: Step 20, Train PSNR 28.47296724319458
2025-09-02 10:45:54,090: Step 30, Train PSNR 28.635726356506346
2025-09-02 10:45:58,074: Step 40, Train PSNR 28.56653699874878
2025-09-02 10:46:00,113: [Epoch 7] Train Loss: 2.78E+01, PSNR: 28.60
2025-09-02 10:46:04,147: Step 10, Train PSNR 29.36704788208008
2025-09-02 10:46:08,154: Step 20, Train PSNR 28.9175443649292
2025-09-02 10:46:12,086: Step 30, Train PSNR 28.696763229370116
2025-09-02 10:46:16,011: Step 40, Train PSNR 28.675536823272704
2025-09-02 10:46:18,006: [Epoch 8] Train Loss: 2.74E+01, PSNR: 28.61
2025-09-02 10:46:22,149: Step 10, Train PSNR 29.348611450195314
2025-09-02 10:46:26,073: Step 20, Train PSNR 28.785529327392577
2025-09-02 10:46:29,929: Step 30, Train PSNR 28.65424861907959
2025-09-02 10:46:33,851: Step 40, Train PSNR 28.589188528060912
2025-09-02 10:46:35,767: [Epoch 9] Train Loss: 2.75E+01, PSNR: 28.55
2025-09-02 10:46:39,721: Step 10, Train PSNR 28.64022159576416
2025-09-02 10:46:43,696: Step 20, Train PSNR 28.30706396102905
2025-09-02 10:46:47,680: Step 30, Train PSNR 28.351557159423827
2025-09-02 10:46:51,527: Step 40, Train PSNR 28.382315635681152
2025-09-02 10:46:53,525: [Epoch 10] Train Loss: 2.85E+01, PSNR: 28.40
2025-09-02 10:47:00,639: [Epoch 10] Val Loss: 1.68E+02, PSNR: 28.47
2025-09-02 10:47:04,673: Step 10, Train PSNR 28.74538383483887
2025-09-02 10:47:08,539: Step 20, Train PSNR 28.602952098846437
2025-09-02 10:47:12,427: Step 30, Train PSNR 28.835738945007325
2025-09-02 10:47:16,479: Step 40, Train PSNR 28.72055778503418
2025-09-02 10:47:18,623: [Epoch 11] Train Loss: 2.75E+01, PSNR: 28.67
2025-09-02 10:47:22,674: Step 10, Train PSNR 28.870280456542968
2025-09-02 10:47:26,606: Step 20, Train PSNR 28.621460437774658
2025-09-02 10:47:30,496: Step 30, Train PSNR 28.465326436360677
2025-09-02 10:47:34,361: Step 40, Train PSNR 28.57667546272278
2025-09-02 10:47:36,397: [Epoch 12] Train Loss: 2.74E+01, PSNR: 28.69
2025-09-02 10:47:40,550: Step 10, Train PSNR 28.531453132629395
2025-09-02 10:47:44,493: Step 20, Train PSNR 28.74195909500122
2025-09-02 10:47:48,691: Step 30, Train PSNR 28.637082862854005
2025-09-02 10:47:52,558: Step 40, Train PSNR 28.696091890335083
2025-09-02 10:47:54,577: [Epoch 13] Train Loss: 2.68E+01, PSNR: 28.72
2025-09-02 10:47:58,760: Step 10, Train PSNR 28.399667167663573
2025-09-02 10:48:02,665: Step 20, Train PSNR 28.574042415618898
2025-09-02 10:48:06,689: Step 30, Train PSNR 28.42682673136393
2025-09-02 10:48:10,540: Step 40, Train PSNR 28.54403672218323
2025-09-02 10:48:12,530: [Epoch 14] Train Loss: 2.75E+01, PSNR: 28.57
2025-09-02 10:48:16,586: Step 10, Train PSNR 28.659937477111818
2025-09-02 10:48:20,519: Step 20, Train PSNR 28.788994789123535
2025-09-02 10:48:24,567: Step 30, Train PSNR 28.851289240519204
2025-09-02 10:48:28,637: Step 40, Train PSNR 28.6591459274292
2025-09-02 10:48:30,632: [Epoch 15] Train Loss: 2.69E+01, PSNR: 28.72
2025-09-02 10:48:37,824: [Epoch 15] Val Loss: 1.68E+02, PSNR: 28.47
2025-09-02 10:48:41,961: Step 10, Train PSNR 28.486444091796876
2025-09-02 10:48:45,905: Step 20, Train PSNR 28.441735172271727
2025-09-02 10:48:49,845: Step 30, Train PSNR 28.466867955525718
2025-09-02 10:48:53,753: Step 40, Train PSNR 28.476630878448486
2025-09-02 10:48:55,746: [Epoch 16] Train Loss: 2.78E+01, PSNR: 28.51
2025-09-02 10:48:59,742: Step 10, Train PSNR 28.59995594024658
2025-09-02 10:49:03,748: Step 20, Train PSNR 28.81063041687012
2025-09-02 10:49:07,681: Step 30, Train PSNR 28.692046229044596
2025-09-02 10:49:11,531: Step 40, Train PSNR 28.627585935592652
2025-09-02 10:49:13,389: [Epoch 17] Train Loss: 2.73E+01, PSNR: 28.72
2025-09-02 10:49:17,481: Step 10, Train PSNR 29.094185829162598
2025-09-02 10:49:21,531: Step 20, Train PSNR 28.784396171569824
2025-09-02 10:49:25,435: Step 30, Train PSNR 28.684814135233562
2025-09-02 10:49:29,340: Step 40, Train PSNR 28.655169677734374
2025-09-02 10:49:31,340: [Epoch 18] Train Loss: 2.70E+01, PSNR: 28.61
2025-09-02 10:49:35,282: Step 10, Train PSNR 28.613363838195802
2025-09-02 10:49:39,193: Step 20, Train PSNR 28.759143161773682
2025-09-02 10:49:43,114: Step 30, Train PSNR 28.716777801513672
2025-09-02 10:49:47,041: Step 40, Train PSNR 28.633995819091798
2025-09-02 10:49:49,069: [Epoch 19] Train Loss: 2.76E+01, PSNR: 28.58
2025-09-02 10:49:53,063: Step 10, Train PSNR 28.23206310272217
2025-09-02 10:49:56,842: Step 20, Train PSNR 28.406952953338624
2025-09-02 10:50:00,842: Step 30, Train PSNR 28.475821240743002
2025-09-02 10:50:04,741: Step 40, Train PSNR 28.49965476989746
2025-09-02 10:50:06,714: [Epoch 20] Train Loss: 2.81E+01, PSNR: 28.43
2025-09-02 10:50:13,694: [Epoch 20] Val Loss: 1.68E+02, PSNR: 28.46
2025-09-02 10:50:14,255: Jac Loss 562.2476806640625
2025-09-02 10:50:16,549: Jac Loss 626.976806640625
2025-09-02 10:50:18,447: Step 10, Train PSNR 28.772831153869628
2025-09-02 10:50:18,814: Jac Loss 648.1744995117188
2025-09-02 10:50:21,059: Jac Loss 706.4251708984375
2025-09-02 10:50:22,975: Step 20, Train PSNR 28.69124240875244
2025-09-02 10:50:23,348: Jac Loss 752.6065063476562
2025-09-02 10:50:25,634: Jac Loss 742.30419921875
2025-09-02 10:50:27,567: Step 30, Train PSNR 28.60310802459717
2025-09-02 10:50:27,894: Jac Loss 708.8956909179688
2025-09-02 10:50:30,209: Jac Loss 775.1253662109375
2025-09-02 10:50:32,111: Step 40, Train PSNR 28.552581787109375
2025-09-02 10:50:32,531: Jac Loss 779.5281372070312
2025-09-02 10:50:34,530: [Epoch 1] Train Loss: 2.69E+01, PSNR: 28.60
2025-09-02 10:50:35,082: Jac Loss 767.0770263671875
2025-09-02 10:50:37,325: Jac Loss 799.603759765625
2025-09-02 10:50:39,266: Step 10, Train PSNR 28.63708038330078
2025-09-02 10:50:39,662: Jac Loss 819.9116821289062
2025-09-02 10:50:41,995: Jac Loss 822.896240234375
2025-09-02 10:50:43,952: Step 20, Train PSNR 28.80926160812378
2025-09-02 10:50:44,303: Jac Loss 817.1334228515625
2025-09-02 10:50:46,633: Jac Loss 761.65771484375
2025-09-02 10:50:48,618: Step 30, Train PSNR 28.723807907104494
2025-09-02 10:50:48,991: Jac Loss 829.4403076171875
2025-09-02 10:50:51,351: Jac Loss 892.1854858398438
2025-09-02 10:50:53,310: Step 40, Train PSNR 28.661638689041137
2025-09-02 10:50:53,683: Jac Loss 894.0272216796875
2025-09-02 10:50:55,645: [Epoch 2] Train Loss: 2.68E+01, PSNR: 28.74
2025-09-02 10:50:56,190: Jac Loss 891.5215454101562
2025-09-02 10:50:58,546: Jac Loss 939.6806030273438
2025-09-02 10:51:00,570: Step 10, Train PSNR 28.642050361633302
2025-09-02 10:51:00,924: Jac Loss 883.43359375
2025-09-02 10:51:03,364: Jac Loss 932.92236328125
2025-09-02 10:51:05,376: Step 20, Train PSNR 28.774771881103515
2025-09-02 10:51:05,717: Jac Loss 881.4541015625
2025-09-02 10:51:08,141: Jac Loss 862.880615234375
2025-09-02 10:51:10,177: Step 30, Train PSNR 28.790761502583823
2025-09-02 10:51:10,563: Jac Loss 893.486328125
2025-09-02 10:51:12,918: Jac Loss 957.4782104492188
2025-09-02 10:51:14,978: Step 40, Train PSNR 28.899192810058594
2025-09-02 10:51:15,395: Jac Loss 939.9200439453125
2025-09-02 10:51:17,502: [Epoch 3] Train Loss: 2.60E+01, PSNR: 28.89
2025-09-02 10:51:17,977: Jac Loss 1015.6586303710938
2025-09-02 10:51:20,404: Jac Loss 1036.162109375
2025-09-02 10:51:22,434: Step 10, Train PSNR 28.693072509765624
2025-09-02 10:51:22,805: Jac Loss 1014.2718505859375
2025-09-02 10:51:25,242: Jac Loss 1078.906982421875
2025-09-02 10:51:27,406: Step 20, Train PSNR 28.907550048828124
2025-09-02 10:51:27,831: Jac Loss 1024.045166015625
2025-09-02 10:51:30,340: Jac Loss 1030.766845703125
2025-09-02 10:51:32,455: Step 30, Train PSNR 28.900327682495117
2025-09-02 10:51:32,833: Jac Loss 985.945068359375
2025-09-02 10:51:35,261: Jac Loss 878.8875732421875
2025-09-02 10:51:37,289: Step 40, Train PSNR 28.79456853866577
2025-09-02 10:51:37,748: Jac Loss 1027.973388671875
2025-09-02 10:51:39,907: [Epoch 4] Train Loss: 2.62E+01, PSNR: 28.76
2025-09-02 10:51:40,455: Jac Loss 1116.50341796875
2025-09-02 10:51:42,904: Jac Loss 1016.476806640625
2025-09-02 10:51:45,016: Step 10, Train PSNR 28.94675006866455
2025-09-02 10:51:45,406: Jac Loss 1084.898681640625
2025-09-02 10:51:47,901: Jac Loss 979.82861328125
2025-09-02 10:51:49,958: Step 20, Train PSNR 28.95314292907715
2025-09-02 10:51:50,373: Jac Loss 1155.863037109375
2025-09-02 10:51:52,921: Jac Loss 870.1710205078125
2025-09-02 10:51:55,019: Step 30, Train PSNR 28.700934410095215
2025-09-02 10:51:55,434: Jac Loss 1190.3494873046875
2025-09-02 10:51:57,953: Jac Loss 1218.9227294921875
2025-09-02 10:52:00,160: Step 40, Train PSNR 28.60842833518982
2025-09-02 10:52:00,549: Jac Loss 1163.073974609375
2025-09-02 10:52:02,753: [Epoch 5] Train Loss: 2.78E+01, PSNR: 28.58
2025-09-02 10:52:03,316: Jac Loss 1235.901123046875
2025-09-02 10:52:05,921: Jac Loss 1055.77099609375
2025-09-02 10:52:08,104: Step 10, Train PSNR 28.3494873046875
2025-09-02 10:52:08,489: Jac Loss 1074.472900390625
2025-09-02 10:52:11,053: Jac Loss 1172.7138671875
2025-09-02 10:52:13,164: Step 20, Train PSNR 28.323954486846922
2025-09-02 10:52:13,568: Jac Loss 1180.702880859375
2025-09-02 10:52:16,198: Jac Loss 1225.3800048828125
2025-09-02 10:52:18,473: Step 30, Train PSNR 28.408071772257486
2025-09-02 10:52:18,891: Jac Loss 1274.2513427734375
2025-09-02 10:52:21,532: Jac Loss 1285.023193359375
2025-09-02 10:52:23,761: Step 40, Train PSNR 28.512435579299925
2025-09-02 10:52:24,157: Jac Loss 1322.5205078125
2025-09-02 10:52:26,512: [Epoch 6] Train Loss: 2.73E+01, PSNR: 28.67
2025-09-02 10:52:27,023: Jac Loss 1137.233154296875
2025-09-02 10:52:29,706: Jac Loss 1310.3511962890625
2025-09-02 10:52:31,894: Step 10, Train PSNR 28.519290733337403
2025-09-02 10:52:32,299: Jac Loss 1317.2125244140625
2025-09-02 10:52:34,986: Jac Loss 1340.64111328125
2025-09-02 10:52:37,390: Step 20, Train PSNR 28.391148376464844
2025-09-02 10:52:37,829: Jac Loss 1354.752685546875
2025-09-02 10:52:40,503: Jac Loss 1367.4140625
2025-09-02 10:52:42,700: Step 30, Train PSNR 28.71354948679606
2025-09-02 10:52:43,118: Jac Loss 1165.3828125
2025-09-02 10:52:45,589: Jac Loss 1218.758056640625
2025-09-02 10:52:47,845: Step 40, Train PSNR 28.609567594528198
2025-09-02 10:52:48,210: Jac Loss 1039.729248046875
2025-09-02 10:52:50,433: [Epoch 7] Train Loss: 2.71E+01, PSNR: 28.67
2025-09-02 10:52:50,910: Jac Loss 1261.9937744140625
2025-09-02 10:52:53,646: Jac Loss 1193.201416015625
2025-09-02 10:52:55,763: Step 10, Train PSNR 28.36796054840088
2025-09-02 10:52:56,218: Jac Loss 1387.50341796875
2025-09-02 10:52:58,914: Jac Loss 1311.06591796875
2025-09-02 10:53:01,173: Step 20, Train PSNR 28.32005920410156
2025-09-02 10:53:01,597: Jac Loss 1344.6103515625
2025-09-02 10:53:04,267: Jac Loss 1439.5728759765625
2025-09-02 10:53:06,624: Step 30, Train PSNR 28.528073501586913
2025-09-02 10:53:07,026: Jac Loss 1456.5479736328125
2025-09-02 10:53:09,790: Jac Loss 1384.021484375
2025-09-02 10:53:12,105: Step 40, Train PSNR 28.60871253013611
2025-09-02 10:53:12,555: Jac Loss 1286.92822265625
2025-09-02 10:53:14,895: [Epoch 8] Train Loss: 2.73E+01, PSNR: 28.66
2025-09-02 10:53:15,404: Jac Loss 1266.140869140625
2025-09-02 10:53:18,079: Jac Loss 1533.5888671875
2025-09-02 10:53:20,364: Step 10, Train PSNR 28.72283363342285
2025-09-02 10:53:20,734: Jac Loss 1552.9556884765625
2025-09-02 10:53:23,475: Jac Loss 1290.6904296875
2025-09-02 10:53:25,712: Step 20, Train PSNR 29.11045322418213
2025-09-02 10:53:26,170: Jac Loss 1468.205322265625
2025-09-02 10:53:28,955: Jac Loss 1426.509765625
2025-09-02 10:53:31,290: Step 30, Train PSNR 29.017812220255532
2025-09-02 10:53:31,689: Jac Loss 1440.2789306640625
2025-09-02 10:53:34,419: Jac Loss 1380.415283203125
2025-09-02 10:53:36,771: Step 40, Train PSNR 28.77661862373352
2025-09-02 10:53:37,256: Jac Loss 1544.834716796875
2025-09-02 10:53:39,645: [Epoch 9] Train Loss: 2.59E+01, PSNR: 28.81
2025-09-02 10:53:40,258: Jac Loss 1433.281005859375
2025-09-02 10:53:43,198: Jac Loss 1229.10205078125
2025-09-02 10:53:45,384: Step 10, Train PSNR 28.467750358581544
2025-09-02 10:53:45,807: Jac Loss 1489.3441162109375
2025-09-02 10:53:48,533: Jac Loss 1452.40771484375
2025-09-02 10:53:51,015: Step 20, Train PSNR 28.773987865448
2025-09-02 10:53:51,428: Jac Loss 1361.6929931640625
2025-09-02 10:53:54,256: Jac Loss 1494.2998046875
2025-09-02 10:53:56,620: Step 30, Train PSNR 28.800232315063475
2025-09-02 10:53:57,097: Jac Loss 1580.482421875
2025-09-02 10:53:59,943: Jac Loss 1554.4930419921875
2025-09-02 10:54:02,348: Step 40, Train PSNR 28.79290041923523
2025-09-02 10:54:02,772: Jac Loss 1471.194091796875
2025-09-02 10:54:05,177: [Epoch 10] Train Loss: 2.68E+01, PSNR: 28.76
2025-09-02 10:54:05,749: Jac Loss 1723.569091796875
2025-09-02 10:54:08,509: Jac Loss 1609.295166015625
2025-09-02 10:54:11,028: Step 10, Train PSNR 28.6877799987793
2025-09-02 10:54:11,438: Jac Loss 1642.3948974609375
2025-09-02 10:54:14,237: Jac Loss 1641.96484375
2025-09-02 10:54:16,559: Step 20, Train PSNR 28.8378249168396
2025-09-02 10:54:17,044: Jac Loss 1779.68798828125
2025-09-02 10:54:19,982: Jac Loss 1638.312744140625
2025-09-02 10:54:22,473: Step 30, Train PSNR 28.667275047302248
2025-09-02 10:54:22,905: Jac Loss 1554.1588134765625
2025-09-02 10:54:25,685: Jac Loss 1595.3416748046875
2025-09-02 10:54:28,067: Step 40, Train PSNR 28.56072449684143
2025-09-02 10:54:28,475: Jac Loss 1697.761962890625
2025-09-02 10:54:31,022: [Epoch 11] Train Loss: 2.73E+01, PSNR: 28.62
2025-09-02 10:54:31,561: Jac Loss 1693.0220947265625
2025-09-02 10:54:34,545: Jac Loss 1728.598876953125
2025-09-02 10:54:37,162: Step 10, Train PSNR 28.702799224853514
2025-09-02 10:54:37,546: Jac Loss 1708.0714111328125
2025-09-02 10:54:40,366: Jac Loss 1772.480712890625
2025-09-02 10:54:42,864: Step 20, Train PSNR 28.849187564849853
2025-09-02 10:54:43,300: Jac Loss 1572.14501953125
2025-09-02 10:54:46,035: Jac Loss 1608.178466796875
2025-09-02 10:54:48,448: Step 30, Train PSNR 28.8135622660319
2025-09-02 10:54:48,885: Jac Loss 1534.4910888671875
2025-09-02 10:54:51,744: Jac Loss 1699.4344482421875
2025-09-02 10:54:54,155: Step 40, Train PSNR 28.94324321746826
2025-09-02 10:54:54,615: Jac Loss 1763.121826171875
2025-09-02 10:54:56,952: [Epoch 12] Train Loss: 2.68E+01, PSNR: 28.82
2025-09-02 10:54:57,502: Jac Loss 1633.1075439453125
2025-09-02 10:55:00,335: Jac Loss 1728.45068359375
2025-09-02 10:55:02,832: Step 10, Train PSNR 29.04472370147705
2025-09-02 10:55:03,289: Jac Loss 1861.62451171875
2025-09-02 10:55:06,227: Jac Loss 1546.9822998046875
2025-09-02 10:55:08,609: Step 20, Train PSNR 28.879084396362305
2025-09-02 10:55:09,040: Jac Loss 1805.184326171875
2025-09-02 10:55:11,936: Jac Loss 1752.43603515625
2025-09-02 10:55:14,310: Step 30, Train PSNR 28.812859344482423
2025-09-02 10:55:14,713: Jac Loss 1857.021240234375
2025-09-02 10:55:17,395: Jac Loss 1614.912841796875
2025-09-02 10:55:19,775: Step 40, Train PSNR 28.792029094696044
2025-09-02 10:55:20,235: Jac Loss 1878.1123046875
2025-09-02 10:55:22,619: [Epoch 13] Train Loss: 2.65E+01, PSNR: 28.73
2025-09-02 10:55:23,212: Jac Loss 1546.5908203125
2025-09-02 10:55:26,092: Jac Loss 1897.037841796875
2025-09-02 10:55:28,500: Step 10, Train PSNR 29.325869178771974
2025-09-02 10:55:28,914: Jac Loss 1781.21923828125
2025-09-02 10:55:31,863: Jac Loss 1885.555908203125
2025-09-02 10:55:34,380: Step 20, Train PSNR 29.012007904052734
2025-09-02 10:55:34,820: Jac Loss 1677.5816650390625
2025-09-02 10:55:37,723: Jac Loss 1795.16015625
2025-09-02 10:55:40,112: Step 30, Train PSNR 28.85636386871338
2025-09-02 10:55:40,499: Jac Loss 1817.244873046875
2025-09-02 10:55:43,504: Jac Loss 1895.727294921875
2025-09-02 10:55:46,014: Step 40, Train PSNR 28.85967116355896
2025-09-02 10:55:46,416: Jac Loss 2030.2734375
2025-09-02 10:55:48,850: [Epoch 14] Train Loss: 2.68E+01, PSNR: 28.80
2025-09-02 10:55:49,389: Jac Loss 1847.14892578125
2025-09-02 10:55:52,434: Jac Loss 1914.1357421875
2025-09-02 10:55:54,908: Step 10, Train PSNR 28.945684051513673
2025-09-02 10:55:55,342: Jac Loss 1965.982177734375
2025-09-02 10:55:58,310: Jac Loss 1712.21484375
2025-09-02 10:56:00,678: Step 20, Train PSNR 28.8014874458313
2025-09-02 10:56:01,240: Jac Loss 1828.0098876953125
2025-09-02 10:56:04,335: Jac Loss 1984.219482421875
2025-09-02 10:56:06,949: Step 30, Train PSNR 28.66987393697103
2025-09-02 10:56:07,408: Jac Loss 1934.623779296875
2025-09-02 10:56:10,319: Jac Loss 2041.001708984375
2025-09-02 10:56:12,885: Step 40, Train PSNR 28.644032526016236
2025-09-02 10:56:13,348: Jac Loss 2020.0552978515625
2025-09-02 10:56:16,041: [Epoch 15] Train Loss: 2.68E+01, PSNR: 28.71
2025-09-02 10:56:16,619: Jac Loss 2101.10107421875
2025-09-02 10:56:19,615: Jac Loss 2199.765625
2025-09-02 10:56:22,189: Step 10, Train PSNR 28.508576583862304
2025-09-02 10:56:22,667: Jac Loss 2035.0770263671875
2025-09-02 10:56:25,569: Jac Loss 2034.28173828125
2025-09-02 10:56:28,160: Step 20, Train PSNR 28.533869552612305
2025-09-02 10:56:28,617: Jac Loss 2089.22509765625
2025-09-02 10:56:31,579: Jac Loss 2001.215087890625
2025-09-02 10:56:34,131: Step 30, Train PSNR 28.470752588907878
2025-09-02 10:56:34,511: Jac Loss 2130.355712890625
2025-09-02 10:56:37,517: Jac Loss 1894.4359130859375
2025-09-02 10:56:39,930: Step 40, Train PSNR 28.50143928527832
2025-09-02 10:56:40,442: Jac Loss 1965.7247314453125
2025-09-02 10:56:43,094: [Epoch 16] Train Loss: 2.69E+01, PSNR: 28.65
2025-09-02 10:56:43,647: Jac Loss 2146.22607421875
2025-09-02 10:56:46,680: Jac Loss 2366.09228515625
2025-09-02 10:56:49,267: Step 10, Train PSNR 29.679530715942384
2025-09-02 10:56:49,671: Jac Loss 1964.88427734375
2025-09-02 10:56:52,615: Jac Loss 2171.37548828125
2025-09-02 10:56:55,254: Step 20, Train PSNR 29.122161865234375
2025-09-02 10:56:55,659: Jac Loss 1800.90283203125
2025-09-02 10:56:58,521: Jac Loss 1821.11376953125
2025-09-02 10:57:01,046: Step 30, Train PSNR 28.788586235046388
2025-09-02 10:57:01,460: Jac Loss 1889.84423828125
2025-09-02 10:57:04,573: Jac Loss 2295.680908203125
2025-09-02 10:57:07,249: Step 40, Train PSNR 28.73020133972168
2025-09-02 10:57:07,701: Jac Loss 2223.08984375
2025-09-02 10:57:10,305: [Epoch 17] Train Loss: 2.75E+01, PSNR: 28.67
2025-09-02 10:57:10,934: Jac Loss 2037.413330078125
2025-09-02 10:57:13,880: Jac Loss 2209.243408203125
2025-09-02 10:57:16,477: Step 10, Train PSNR 28.84727611541748
2025-09-02 10:57:16,942: Jac Loss 2133.038330078125
2025-09-02 10:57:19,966: Jac Loss 2275.84716796875
2025-09-02 10:57:22,524: Step 20, Train PSNR 28.852665424346924
2025-09-02 10:57:23,019: Jac Loss 2125.46240234375
2025-09-02 10:57:25,959: Jac Loss 2296.756103515625
2025-09-02 10:57:28,539: Step 30, Train PSNR 28.82747027079264
2025-09-02 10:57:28,992: Jac Loss 2169.237060546875
2025-09-02 10:57:31,976: Jac Loss 2129.20361328125
2025-09-02 10:57:34,558: Step 40, Train PSNR 28.77678699493408
2025-09-02 10:57:34,984: Jac Loss 2324.20361328125
2025-09-02 10:57:37,593: [Epoch 18] Train Loss: 2.65E+01, PSNR: 28.73
2025-09-02 10:57:38,192: Jac Loss 2334.764892578125
2025-09-02 10:57:41,323: Jac Loss 2368.89697265625
2025-09-02 10:57:43,974: Step 10, Train PSNR 28.571291542053224
2025-09-02 10:57:44,457: Jac Loss 2124.585693359375
2025-09-02 10:57:47,594: Jac Loss 2466.9228515625
2025-09-02 10:57:50,202: Step 20, Train PSNR 28.53682804107666
2025-09-02 10:57:50,671: Jac Loss 2114.459228515625
2025-09-02 10:57:53,748: Jac Loss 2384.64697265625
2025-09-02 10:57:56,325: Step 30, Train PSNR 28.68699747721354
2025-09-02 10:57:56,753: Jac Loss 2425.90771484375
2025-09-02 10:57:59,931: Jac Loss 2290.08203125
2025-09-02 10:58:02,443: Step 40, Train PSNR 28.57864785194397
2025-09-02 10:58:02,907: Jac Loss 2329.6005859375
2025-09-02 10:58:05,562: [Epoch 19] Train Loss: 2.72E+01, PSNR: 28.57
2025-09-02 10:58:06,192: Jac Loss 2390.7216796875
2025-09-02 10:58:09,263: Jac Loss 2575.154541015625
2025-09-02 10:58:11,937: Step 10, Train PSNR 29.18077163696289
2025-09-02 10:58:12,373: Jac Loss 2502.28125
2025-09-02 10:58:15,547: Jac Loss 2413.3876953125
2025-09-02 10:58:18,180: Step 20, Train PSNR 29.140849590301514
2025-09-02 10:58:18,625: Jac Loss 2252.424560546875
2025-09-02 10:58:21,717: Jac Loss 2522.4453125
2025-09-02 10:58:24,289: Step 30, Train PSNR 28.945202255249022
2025-09-02 10:58:24,793: Jac Loss 2501.6591796875
2025-09-02 10:58:28,022: Jac Loss 2538.957763671875
2025-09-02 10:58:30,642: Step 40, Train PSNR 28.86326470375061
2025-09-02 10:58:31,190: Jac Loss 2615.17822265625
2025-09-02 10:58:33,918: [Epoch 20] Train Loss: 2.60E+01, PSNR: 28.91
2025-09-02 10:58:44,128: [Epoch 20] Val Loss: 1.61E+02, PSNR: 28.65
2025-09-02 10:58:44,706: Jac Loss 2160.5732421875
2025-09-02 10:58:47,763: Jac Loss 2294.103271484375
2025-09-02 10:58:50,351: Step 10, Train PSNR 28.642270851135255
2025-09-02 10:58:50,960: Jac Loss 2674.86474609375
2025-09-02 10:58:54,187: Jac Loss 2453.7216796875
2025-09-02 10:58:56,649: Step 20, Train PSNR 28.86356039047241
2025-09-02 10:58:57,165: Jac Loss 2395.3681640625
2025-09-02 10:59:00,240: Jac Loss 2583.6484375
2025-09-02 10:59:03,082: Step 30, Train PSNR 28.738749694824218
2025-09-02 10:59:03,525: Jac Loss 2202.0615234375
2025-09-02 10:59:06,608: Jac Loss 2640.5087890625
2025-09-02 10:59:09,132: Step 40, Train PSNR 28.767089128494263
2025-09-02 10:59:09,588: Jac Loss 2264.40576171875
2025-09-02 10:59:12,174: [Epoch 21] Train Loss: 2.65E+01, PSNR: 28.68
2025-09-02 10:59:12,707: Jac Loss 2467.03955078125
2025-09-02 10:59:15,770: Jac Loss 2316.337646484375
2025-09-02 10:59:18,407: Step 10, Train PSNR 28.897547721862793
2025-09-02 10:59:18,877: Jac Loss 2278.4619140625
2025-09-02 10:59:21,824: Jac Loss 2470.64697265625
2025-09-02 10:59:24,524: Step 20, Train PSNR 28.899988746643068
2025-09-02 10:59:24,986: Jac Loss 2345.64453125
2025-09-02 10:59:28,040: Jac Loss 2594.011474609375
2025-09-02 10:59:30,578: Step 30, Train PSNR 28.790375328063966
2025-09-02 10:59:30,963: Jac Loss 2184.09130859375
2025-09-02 10:59:34,317: Jac Loss 2397.31298828125
2025-09-02 10:59:36,826: Step 40, Train PSNR 28.772219228744508
2025-09-02 10:59:37,290: Jac Loss 2626.102294921875
2025-09-02 10:59:40,077: [Epoch 22] Train Loss: 2.66E+01, PSNR: 28.78
2025-09-02 10:59:40,643: Jac Loss 2588.56689453125
2025-09-02 10:59:43,654: Jac Loss 2629.239990234375
2025-09-02 10:59:46,301: Step 10, Train PSNR 28.793600845336915
2025-09-02 10:59:46,734: Jac Loss 2717.34765625
2025-09-02 10:59:50,033: Jac Loss 2412.558837890625
2025-09-02 10:59:52,548: Step 20, Train PSNR 28.819117641448976
2025-09-02 10:59:53,026: Jac Loss 2642.3857421875
2025-09-02 10:59:56,139: Jac Loss 2349.100341796875
2025-09-02 10:59:58,786: Step 30, Train PSNR 28.72479508717855
2025-09-02 10:59:59,233: Jac Loss 2391.589111328125
2025-09-02 11:00:02,291: Jac Loss 2191.095703125
2025-09-02 11:00:04,757: Step 40, Train PSNR 28.59629707336426
2025-09-02 11:00:05,234: Jac Loss 2523.1318359375
2025-09-02 11:00:08,061: [Epoch 23] Train Loss: 2.68E+01, PSNR: 28.73
2025-09-02 11:00:08,701: Jac Loss 2601.326171875
2025-09-02 11:00:11,798: Jac Loss 2473.27392578125
2025-09-02 11:00:14,488: Step 10, Train PSNR 28.841814041137695
2025-09-02 11:00:14,889: Jac Loss 2179.5703125
2025-09-02 11:00:17,923: Jac Loss 2419.80078125
2025-09-02 11:00:20,563: Step 20, Train PSNR 28.671386432647704
2025-09-02 11:00:21,056: Jac Loss 2550.400390625
2025-09-02 11:00:24,076: Jac Loss 2772.93212890625
2025-09-02 11:00:26,710: Step 30, Train PSNR 28.655451520284018
2025-09-02 11:00:27,212: Jac Loss 2459.24365234375
2025-09-02 11:00:30,226: Jac Loss 2588.337158203125
2025-09-02 11:00:32,752: Step 40, Train PSNR 28.648763275146486
2025-09-02 11:00:33,160: Jac Loss 2578.082275390625
2025-09-02 11:00:35,868: [Epoch 24] Train Loss: 2.71E+01, PSNR: 28.67
2025-09-02 11:00:36,535: Jac Loss 2642.933349609375
2025-09-02 11:00:39,451: Jac Loss 2344.529296875
2025-09-02 11:00:42,091: Step 10, Train PSNR 28.507269859313965
2025-09-02 11:00:42,528: Jac Loss 2568.9619140625
2025-09-02 11:00:45,649: Jac Loss 2680.133544921875
2025-09-02 11:00:48,208: Step 20, Train PSNR 28.706270694732666
2025-09-02 11:00:48,743: Jac Loss 2857.8017578125
2025-09-02 11:00:51,944: Jac Loss 2445.925048828125
2025-09-02 11:00:54,482: Step 30, Train PSNR 28.67382221221924
2025-09-02 11:00:54,919: Jac Loss 2372.08203125
2025-09-02 11:00:57,927: Jac Loss 2600.68896484375
2025-09-02 11:01:00,544: Step 40, Train PSNR 28.748835039138793
2025-09-02 11:01:01,025: Jac Loss 2827.686279296875
2025-09-02 11:01:03,804: [Epoch 25] Train Loss: 2.67E+01, PSNR: 28.74
2025-09-02 11:01:04,395: Jac Loss 2504.915283203125
2025-09-02 11:01:07,634: Jac Loss 2699.004150390625
2025-09-02 11:01:10,218: Step 10, Train PSNR 28.879793167114258
2025-09-02 11:01:10,747: Jac Loss 2988.09033203125
2025-09-02 11:01:13,852: Jac Loss 2689.48974609375
2025-09-02 11:01:16,538: Step 20, Train PSNR 28.925911617279052
2025-09-02 11:01:17,023: Jac Loss 2804.8076171875
2025-09-02 11:01:20,216: Jac Loss 2961.81591796875
2025-09-02 11:01:22,880: Step 30, Train PSNR 28.86791508992513
2025-09-02 11:01:23,363: Jac Loss 2998.83251953125
2025-09-02 11:01:26,599: Jac Loss 2947.7099609375
2025-09-02 11:01:29,225: Step 40, Train PSNR 28.846288013458253
2025-09-02 11:01:29,679: Jac Loss 2888.58740234375
2025-09-02 11:01:32,418: [Epoch 26] Train Loss: 2.61E+01, PSNR: 28.88
2025-09-02 11:01:33,041: Jac Loss 2892.93115234375
2025-09-02 11:01:36,370: Jac Loss 2798.01513671875
2025-09-02 11:01:39,007: Step 10, Train PSNR 29.03966693878174
2025-09-02 11:01:39,543: Jac Loss 3135.89794921875
2025-09-02 11:01:42,714: Jac Loss 2973.55859375
2025-09-02 11:01:45,346: Step 20, Train PSNR 28.999976921081544
2025-09-02 11:01:45,830: Jac Loss 2574.0380859375
2025-09-02 11:01:48,975: Jac Loss 2718.32861328125
2025-09-02 11:01:51,737: Step 30, Train PSNR 28.63864866892497
2025-09-02 11:01:52,243: Jac Loss 2851.28369140625
2025-09-02 11:01:55,402: Jac Loss 2747.23046875
2025-09-02 11:01:58,010: Step 40, Train PSNR 28.68098392486572
2025-09-02 11:01:58,518: Jac Loss 2928.35400390625
2025-09-02 11:02:01,252: [Epoch 27] Train Loss: 2.70E+01, PSNR: 28.61
2025-09-02 11:02:01,825: Jac Loss 2809.16748046875
2025-09-02 11:02:04,870: Jac Loss 2860.07958984375
2025-09-02 11:02:07,626: Step 10, Train PSNR 28.508650970458984
2025-09-02 11:02:08,090: Jac Loss 2564.273193359375
2025-09-02 11:02:11,135: Jac Loss 3092.20703125
2025-09-02 11:02:13,988: Step 20, Train PSNR 28.543098831176756
2025-09-02 11:02:14,438: Jac Loss 2620.737548828125
2025-09-02 11:02:17,637: Jac Loss 3106.00634765625
2025-09-02 11:02:20,366: Step 30, Train PSNR 28.6058380762736
2025-09-02 11:02:20,746: Jac Loss 2441.0048828125
2025-09-02 11:02:23,899: Jac Loss 3105.44140625
2025-09-02 11:02:26,586: Step 40, Train PSNR 28.78065233230591
2025-09-02 11:02:27,094: Jac Loss 3021.4482421875
2025-09-02 11:02:29,873: [Epoch 28] Train Loss: 2.69E+01, PSNR: 28.73
2025-09-02 11:02:30,507: Jac Loss 2459.59375
2025-09-02 11:02:33,526: Jac Loss 2654.638671875
2025-09-02 11:02:36,120: Step 10, Train PSNR 28.348224449157716
2025-09-02 11:02:36,591: Jac Loss 2834.76220703125
2025-09-02 11:02:39,743: Jac Loss 2974.263427734375
2025-09-02 11:02:42,426: Step 20, Train PSNR 28.63381996154785
2025-09-02 11:02:42,918: Jac Loss 3132.17431640625
2025-09-02 11:02:45,992: Jac Loss 2715.26953125
2025-09-02 11:02:48,780: Step 30, Train PSNR 28.773060035705566
2025-09-02 11:02:49,238: Jac Loss 2977.11474609375
2025-09-02 11:02:52,301: Jac Loss 2881.83056640625
2025-09-02 11:02:54,991: Step 40, Train PSNR 28.719813442230226
2025-09-02 11:02:55,450: Jac Loss 2909.7734375
2025-09-02 11:02:58,230: [Epoch 29] Train Loss: 2.67E+01, PSNR: 28.74
2025-09-02 11:02:58,801: Jac Loss 2961.76904296875
2025-09-02 11:03:02,092: Jac Loss 3233.380859375
2025-09-02 11:03:04,795: Step 10, Train PSNR 28.81612911224365
2025-09-02 11:03:05,375: Jac Loss 3111.177734375
2025-09-02 11:03:08,552: Jac Loss 2483.30859375
2025-09-02 11:03:11,195: Step 20, Train PSNR 28.617276859283447
2025-09-02 11:03:11,621: Jac Loss 2752.50927734375
2025-09-02 11:03:14,945: Jac Loss 3290.91552734375
2025-09-02 11:03:17,758: Step 30, Train PSNR 28.700821749369304
2025-09-02 11:03:18,290: Jac Loss 3176.949951171875
2025-09-02 11:03:21,527: Jac Loss 3135.15478515625
2025-09-02 11:03:24,192: Step 40, Train PSNR 28.74471755027771
2025-09-02 11:03:24,731: Jac Loss 3355.73388671875
2025-09-02 11:03:27,482: [Epoch 30] Train Loss: 2.63E+01, PSNR: 28.83
2025-09-02 11:03:28,061: Jac Loss 3176.11083984375
2025-09-02 11:03:31,267: Jac Loss 2900.8173828125
2025-09-02 11:03:33,976: Step 10, Train PSNR 28.452482986450196
2025-09-02 11:03:34,455: Jac Loss 2840.8837890625
2025-09-02 11:03:37,388: Jac Loss 2771.4345703125
2025-09-02 11:03:40,169: Step 20, Train PSNR 28.71201162338257
2025-09-02 11:03:40,738: Jac Loss 3308.15625
2025-09-02 11:03:43,937: Jac Loss 2796.68798828125
2025-09-02 11:03:46,620: Step 30, Train PSNR 28.668170166015624
2025-09-02 11:03:47,025: Jac Loss 3172.963623046875
2025-09-02 11:03:50,312: Jac Loss 3167.701904296875
2025-09-02 11:03:52,910: Step 40, Train PSNR 28.728708219528198
2025-09-02 11:03:53,357: Jac Loss 3224.802978515625
2025-09-02 11:03:56,206: [Epoch 31] Train Loss: 2.62E+01, PSNR: 28.76
2025-09-02 11:03:56,783: Jac Loss 2957.14404296875
2025-09-02 11:03:59,787: Jac Loss 3061.875244140625
2025-09-02 11:04:02,609: Step 10, Train PSNR 28.77297248840332
2025-09-02 11:04:03,072: Jac Loss 3374.444091796875
2025-09-02 11:04:06,541: Jac Loss 3297.99609375
2025-09-02 11:04:09,360: Step 20, Train PSNR 28.93643388748169
2025-09-02 11:04:09,791: Jac Loss 3255.96875
2025-09-02 11:04:13,203: Jac Loss 3148.967529296875
2025-09-02 11:04:16,001: Step 30, Train PSNR 29.098044204711915
2025-09-02 11:04:16,601: Jac Loss 3534.708984375
2025-09-02 11:04:19,820: Jac Loss 3391.193359375
2025-09-02 11:04:22,558: Step 40, Train PSNR 29.058109855651857
2025-09-02 11:04:23,076: Jac Loss 3349.873291015625
2025-09-02 11:04:25,791: [Epoch 32] Train Loss: 2.58E+01, PSNR: 29.02
2025-09-02 11:04:26,410: Jac Loss 3170.471435546875
2025-09-02 11:04:29,532: Jac Loss 3439.39599609375
2025-09-02 11:04:32,411: Step 10, Train PSNR 28.49778938293457
2025-09-02 11:04:32,837: Jac Loss 2992.55908203125
2025-09-02 11:04:36,292: Jac Loss 3433.303466796875
2025-09-02 11:04:39,168: Step 20, Train PSNR 28.63384304046631
2025-09-02 11:04:39,634: Jac Loss 3269.763671875
2025-09-02 11:04:42,860: Jac Loss 3338.1123046875
2025-09-02 11:04:45,623: Step 30, Train PSNR 28.812334632873537
2025-09-02 11:04:46,143: Jac Loss 3132.583984375
2025-09-02 11:04:49,349: Jac Loss 3408.6943359375
2025-09-02 11:04:52,236: Step 40, Train PSNR 28.76661071777344
2025-09-02 11:04:52,715: Jac Loss 3410.84326171875
2025-09-02 11:04:55,445: [Epoch 33] Train Loss: 2.70E+01, PSNR: 28.78
2025-09-02 11:04:56,051: Jac Loss 3155.6875
2025-09-02 11:04:59,394: Jac Loss 3397.762451171875
2025-09-02 11:05:02,169: Step 10, Train PSNR 28.77721462249756
2025-09-02 11:05:02,670: Jac Loss 3438.9365234375
2025-09-02 11:05:05,912: Jac Loss 3194.07421875
2025-09-02 11:05:08,527: Step 20, Train PSNR 28.961898708343504
2025-09-02 11:05:09,008: Jac Loss 3332.669677734375
2025-09-02 11:05:12,105: Jac Loss 3256.133544921875
2025-09-02 11:05:14,824: Step 30, Train PSNR 28.780975532531738
2025-09-02 11:05:15,376: Jac Loss 3482.33837890625
2025-09-02 11:05:18,533: Jac Loss 3505.550048828125
2025-09-02 11:05:21,359: Step 40, Train PSNR 28.869649028778078
2025-09-02 11:05:21,870: Jac Loss 3486.931396484375
2025-09-02 11:05:24,697: [Epoch 34] Train Loss: 2.63E+01, PSNR: 28.79
2025-09-02 11:05:25,339: Jac Loss 3256.05419921875
2025-09-02 11:05:28,442: Jac Loss 3102.009765625
2025-09-02 11:05:31,217: Step 10, Train PSNR 28.756003189086915
2025-09-02 11:05:31,692: Jac Loss 3347.51708984375
2025-09-02 11:05:34,980: Jac Loss 3606.077880859375
2025-09-02 11:05:37,816: Step 20, Train PSNR 28.7561297416687
2025-09-02 11:05:38,298: Jac Loss 3630.75927734375
2025-09-02 11:05:41,477: Jac Loss 3231.30517578125
2025-09-02 11:05:44,167: Step 30, Train PSNR 28.76519432067871
2025-09-02 11:05:44,658: Jac Loss 3519.247314453125
2025-09-02 11:05:47,977: Jac Loss 3090.12109375
2025-09-02 11:05:50,868: Step 40, Train PSNR 28.821730136871338
2025-09-02 11:05:51,396: Jac Loss 3321.838623046875
2025-09-02 11:05:54,135: [Epoch 35] Train Loss: 2.59E+01, PSNR: 28.88
2025-09-02 11:05:54,775: Jac Loss 3635.63134765625
2025-09-02 11:05:58,079: Jac Loss 3739.79833984375
2025-09-02 11:06:00,955: Step 10, Train PSNR 28.650966262817384
2025-09-02 11:06:01,411: Jac Loss 3260.798095703125
2025-09-02 11:06:04,751: Jac Loss 3528.605712890625
2025-09-02 11:06:07,553: Step 20, Train PSNR 28.705014419555663
2025-09-02 11:06:08,044: Jac Loss 3545.671630859375
2025-09-02 11:06:11,462: Jac Loss 3206.78125
2025-09-02 11:06:14,315: Step 30, Train PSNR 28.827384757995606
2025-09-02 11:06:14,791: Jac Loss 3864.6142578125
2025-09-02 11:06:17,963: Jac Loss 3336.89404296875
2025-09-02 11:06:20,780: Step 40, Train PSNR 28.79413423538208
2025-09-02 11:06:21,275: Jac Loss 3500.373291015625
2025-09-02 11:06:24,046: [Epoch 36] Train Loss: 2.65E+01, PSNR: 28.77
2025-09-02 11:06:24,649: Jac Loss 3163.28125
2025-09-02 11:06:27,777: Jac Loss 3604.056396484375
2025-09-02 11:06:30,559: Step 10, Train PSNR 28.58396167755127
2025-09-02 11:06:31,016: Jac Loss 3109.924072265625
2025-09-02 11:06:34,178: Jac Loss 3106.18359375
2025-09-02 11:06:37,014: Step 20, Train PSNR 28.449934101104738
2025-09-02 11:06:37,537: Jac Loss 3397.2890625
2025-09-02 11:06:40,866: Jac Loss 3333.97998046875
2025-09-02 11:06:43,595: Step 30, Train PSNR 28.471338907877605
2025-09-02 11:06:44,094: Jac Loss 3352.072998046875
2025-09-02 11:06:47,467: Jac Loss 3780.65673828125
2025-09-02 11:06:50,231: Step 40, Train PSNR 28.594100761413575
2025-09-02 11:06:50,677: Jac Loss 3532.67626953125
2025-09-02 11:06:53,492: [Epoch 37] Train Loss: 2.68E+01, PSNR: 28.67
2025-09-02 11:06:54,072: Jac Loss 3645.92431640625
2025-09-02 11:06:57,341: Jac Loss 3733.344970703125
2025-09-02 11:07:00,290: Step 10, Train PSNR 28.58653793334961
2025-09-02 11:07:00,780: Jac Loss 3879.2783203125
2025-09-02 11:07:04,103: Jac Loss 3503.483642578125
2025-09-02 11:07:07,031: Step 20, Train PSNR 28.662324237823487
2025-09-02 11:07:07,486: Jac Loss 3602.30859375
2025-09-02 11:07:10,721: Jac Loss 3602.024169921875
2025-09-02 11:07:13,466: Step 30, Train PSNR 28.724542236328126
2025-09-02 11:07:14,008: Jac Loss 3672.49755859375
2025-09-02 11:07:17,184: Jac Loss 3572.888671875
2025-09-02 11:07:19,960: Step 40, Train PSNR 28.64489040374756
2025-09-02 11:07:20,436: Jac Loss 3539.8505859375
2025-09-02 11:07:23,171: [Epoch 38] Train Loss: 2.66E+01, PSNR: 28.72
2025-09-02 11:07:23,798: Jac Loss 3711.574462890625
2025-09-02 11:07:27,174: Jac Loss 3743.580078125
2025-09-02 11:07:30,123: Step 10, Train PSNR 29.684812927246092
2025-09-02 11:07:30,567: Jac Loss 3576.8056640625
2025-09-02 11:07:33,803: Jac Loss 3514.013671875
2025-09-02 11:07:36,530: Step 20, Train PSNR 29.449185276031493
2025-09-02 11:07:36,979: Jac Loss 3736.085693359375
2025-09-02 11:07:40,370: Jac Loss 3611.9169921875
2025-09-02 11:07:43,032: Step 30, Train PSNR 29.208943939208986
2025-09-02 11:07:43,512: Jac Loss 3508.94384765625
2025-09-02 11:07:46,941: Jac Loss 3598.00439453125
2025-09-02 11:07:49,827: Step 40, Train PSNR 29.036772203445434
2025-09-02 11:07:50,271: Jac Loss 3348.73681640625
2025-09-02 11:07:53,060: [Epoch 39] Train Loss: 2.60E+01, PSNR: 28.94
2025-09-02 11:07:53,632: Jac Loss 3649.52783203125
2025-09-02 11:07:56,951: Jac Loss 3851.38427734375
2025-09-02 11:07:59,896: Step 10, Train PSNR 29.46761589050293
2025-09-02 11:08:00,384: Jac Loss 3727.971435546875
2025-09-02 11:08:03,773: Jac Loss 3548.09326171875
2025-09-02 11:08:06,472: Step 20, Train PSNR 28.90675277709961
2025-09-02 11:08:06,929: Jac Loss 3764.599609375
2025-09-02 11:08:10,044: Jac Loss 3911.83984375
2025-09-02 11:08:12,861: Step 30, Train PSNR 28.85151373545329
2025-09-02 11:08:13,350: Jac Loss 3681.837646484375
2025-09-02 11:08:16,518: Jac Loss 3660.90283203125
2025-09-02 11:08:19,358: Step 40, Train PSNR 28.849259471893312
2025-09-02 11:08:19,847: Jac Loss 3476.567138671875
2025-09-02 11:08:22,559: [Epoch 40] Train Loss: 2.66E+01, PSNR: 28.81
2025-09-02 11:08:34,043: [Epoch 40] Val Loss: 1.61E+02, PSNR: 28.65
2025-09-02 11:08:34,632: Jac Loss 3738.56396484375
2025-09-02 11:08:37,784: Jac Loss 3635.796630859375
2025-09-02 11:08:40,523: Step 10, Train PSNR 28.739422416687013
2025-09-02 11:08:40,962: Jac Loss 3355.9580078125
2025-09-02 11:08:44,219: Jac Loss 3616.62060546875
2025-09-02 11:08:46,939: Step 20, Train PSNR 28.577921295166014
2025-09-02 11:08:47,443: Jac Loss 3829.189453125
2025-09-02 11:08:50,586: Jac Loss 3629.746337890625
2025-09-02 11:08:53,298: Step 30, Train PSNR 28.62025540669759
2025-09-02 11:08:53,720: Jac Loss 3669.810302734375
2025-09-02 11:08:57,034: Jac Loss 3453.013427734375
2025-09-02 11:08:59,837: Step 40, Train PSNR 28.691285705566408
2025-09-02 11:09:00,346: Jac Loss 3759.414306640625
2025-09-02 11:09:03,126: [Epoch 41] Train Loss: 2.68E+01, PSNR: 28.70
2025-09-02 11:09:03,758: Jac Loss 3410.07373046875
2025-09-02 11:09:06,806: Jac Loss 4045.53466796875
2025-09-02 11:09:09,718: Step 10, Train PSNR 29.339641952514647
2025-09-02 11:09:10,251: Jac Loss 3939.64453125
2025-09-02 11:09:13,452: Jac Loss 3492.6572265625
2025-09-02 11:09:16,113: Step 20, Train PSNR 29.173787975311278
2025-09-02 11:09:16,617: Jac Loss 4073.15771484375
2025-09-02 11:09:19,903: Jac Loss 4249.80126953125
2025-09-02 11:09:22,779: Step 30, Train PSNR 29.250620714823405
2025-09-02 11:09:23,299: Jac Loss 4121.1708984375
2025-09-02 11:09:26,745: Jac Loss 3746.96533203125
2025-09-02 11:09:29,550: Step 40, Train PSNR 29.009380197525026
2025-09-02 11:09:30,066: Jac Loss 3289.600830078125
2025-09-02 11:09:32,721: [Epoch 42] Train Loss: 2.58E+01, PSNR: 29.00
2025-09-02 11:09:33,310: Jac Loss 3383.7529296875
2025-09-02 11:09:36,640: Jac Loss 4207.38818359375
2025-09-02 11:09:39,483: Step 10, Train PSNR 28.648966979980468
2025-09-02 11:09:39,929: Jac Loss 4086.07861328125
2025-09-02 11:09:43,219: Jac Loss 4075.681640625
2025-09-02 11:09:46,060: Step 20, Train PSNR 28.678666210174562
2025-09-02 11:09:46,502: Jac Loss 3511.822265625
2025-09-02 11:09:49,768: Jac Loss 3080.89599609375
2025-09-02 11:09:52,467: Step 30, Train PSNR 28.580068906148274
2025-09-02 11:09:52,943: Jac Loss 4001.4853515625
2025-09-02 11:09:56,179: Jac Loss 3705.805419921875
2025-09-02 11:09:59,066: Step 40, Train PSNR 28.610652923583984
2025-09-02 11:09:59,541: Jac Loss 3639.0341796875
2025-09-02 11:10:02,318: [Epoch 43] Train Loss: 2.73E+01, PSNR: 28.65
2025-09-02 11:10:02,988: Jac Loss 3725.869384765625
2025-09-02 11:10:06,112: Jac Loss 3642.4765625
2025-09-02 11:10:08,853: Step 10, Train PSNR 28.78206310272217
2025-09-02 11:10:09,325: Jac Loss 3443.70458984375
2025-09-02 11:10:12,572: Jac Loss 4199.583984375
2025-09-02 11:10:15,452: Step 20, Train PSNR 28.875314903259277
2025-09-02 11:10:15,947: Jac Loss 4154.75390625
2025-09-02 11:10:19,362: Jac Loss 4376.9208984375
2025-09-02 11:10:22,249: Step 30, Train PSNR 28.89571590423584
2025-09-02 11:10:22,731: Jac Loss 4118.9052734375
2025-09-02 11:10:26,226: Jac Loss 4418.578125
2025-09-02 11:10:29,041: Step 40, Train PSNR 29.005637407302856
2025-09-02 11:10:29,478: Jac Loss 3931.4853515625
2025-09-02 11:10:32,364: [Epoch 44] Train Loss: 2.56E+01, PSNR: 29.01
2025-09-02 11:10:33,024: Jac Loss 3990.544189453125
2025-09-02 11:10:36,280: Jac Loss 3890.2451171875
2025-09-02 11:10:39,079: Step 10, Train PSNR 29.007231330871583
2025-09-02 11:10:39,563: Jac Loss 4058.9677734375
2025-09-02 11:10:42,874: Jac Loss 4361.13671875
2025-09-02 11:10:45,704: Step 20, Train PSNR 28.79563388824463
2025-09-02 11:10:46,261: Jac Loss 4477.41357421875
2025-09-02 11:10:49,710: Jac Loss 4507.10205078125
2025-09-02 11:10:52,582: Step 30, Train PSNR 28.73691488901774
2025-09-02 11:10:53,067: Jac Loss 4247.990234375
2025-09-02 11:10:56,283: Jac Loss 3668.407470703125
2025-09-02 11:10:59,118: Step 40, Train PSNR 28.84188871383667
2025-09-02 11:10:59,560: Jac Loss 4109.2607421875
2025-09-02 11:11:02,476: [Epoch 45] Train Loss: 2.67E+01, PSNR: 28.82
2025-09-02 11:11:03,111: Jac Loss 4075.53515625
2025-09-02 11:11:06,484: Jac Loss 4049.935546875
2025-09-02 11:11:09,375: Step 10, Train PSNR 28.45947151184082
2025-09-02 11:11:09,813: Jac Loss 4182.3759765625
2025-09-02 11:11:13,135: Jac Loss 4331.8125
2025-09-02 11:11:15,972: Step 20, Train PSNR 28.803554439544676
2025-09-02 11:11:16,462: Jac Loss 4176.62890625
2025-09-02 11:11:19,859: Jac Loss 4072.677978515625
2025-09-02 11:11:22,676: Step 30, Train PSNR 28.866685104370116
2025-09-02 11:11:23,220: Jac Loss 4271.80078125
2025-09-02 11:11:26,593: Jac Loss 4424.802734375
2025-09-02 11:11:29,464: Step 40, Train PSNR 28.789823246002197
2025-09-02 11:11:29,964: Jac Loss 4068.9677734375
2025-09-02 11:11:32,833: [Epoch 46] Train Loss: 2.66E+01, PSNR: 28.75
2025-09-02 11:11:33,513: Jac Loss 3985.416748046875
2025-09-02 11:11:36,822: Jac Loss 4161.9892578125
2025-09-02 11:11:39,718: Step 10, Train PSNR 28.76792392730713
2025-09-02 11:11:40,246: Jac Loss 4027.46240234375
2025-09-02 11:11:43,436: Jac Loss 4106.59619140625
2025-09-02 11:11:46,384: Step 20, Train PSNR 28.963641738891603
2025-09-02 11:11:46,891: Jac Loss 4058.214111328125
2025-09-02 11:11:50,210: Jac Loss 3911.833251953125
2025-09-02 11:11:53,009: Step 30, Train PSNR 28.60971883138021
2025-09-02 11:11:53,500: Jac Loss 4285.72900390625
2025-09-02 11:11:56,871: Jac Loss 4023.1591796875
2025-09-02 11:11:59,675: Step 40, Train PSNR 28.793961668014525
2025-09-02 11:12:00,182: Jac Loss 4308.19580078125
2025-09-02 11:12:03,147: [Epoch 47] Train Loss: 2.65E+01, PSNR: 28.78
2025-09-02 11:12:03,734: Jac Loss 4276.4033203125
2025-09-02 11:12:07,244: Jac Loss 4345.212890625
2025-09-02 11:12:10,038: Step 10, Train PSNR 28.885218620300293
2025-09-02 11:12:10,544: Jac Loss 4432.6650390625
2025-09-02 11:12:13,910: Jac Loss 4504.013671875
2025-09-02 11:12:16,817: Step 20, Train PSNR 28.784018421173094
2025-09-02 11:12:17,340: Jac Loss 4080.5390625
2025-09-02 11:12:20,538: Jac Loss 4172.50390625
2025-09-02 11:12:23,409: Step 30, Train PSNR 28.826865323384602
2025-09-02 11:12:23,893: Jac Loss 4433.27685546875
2025-09-02 11:12:27,412: Jac Loss 4097.162109375
2025-09-02 11:12:30,243: Step 40, Train PSNR 28.73902654647827
2025-09-02 11:12:30,730: Jac Loss 4200.90234375
2025-09-02 11:12:33,550: [Epoch 48] Train Loss: 2.68E+01, PSNR: 28.66
2025-09-02 11:12:34,168: Jac Loss 4142.060546875
2025-09-02 11:12:37,473: Jac Loss 3972.730712890625
2025-09-02 11:12:40,393: Step 10, Train PSNR 29.129166412353516
2025-09-02 11:12:40,874: Jac Loss 4395.2294921875
2025-09-02 11:12:44,226: Jac Loss 4019.22802734375
2025-09-02 11:12:46,989: Step 20, Train PSNR 28.852712535858153
2025-09-02 11:12:47,454: Jac Loss 3924.589599609375
2025-09-02 11:12:50,876: Jac Loss 4389.2275390625
2025-09-02 11:12:53,676: Step 30, Train PSNR 28.95427722930908
2025-09-02 11:12:54,143: Jac Loss 3889.33251953125
2025-09-02 11:12:57,448: Jac Loss 4037.4169921875
2025-09-02 11:13:00,251: Step 40, Train PSNR 28.809289598464964
2025-09-02 11:13:00,782: Jac Loss 3972.240478515625
2025-09-02 11:13:03,687: [Epoch 49] Train Loss: 2.64E+01, PSNR: 28.82
2025-09-02 11:13:04,367: Jac Loss 4370.599609375
2025-09-02 11:13:07,839: Jac Loss 4030.321044921875
2025-09-02 11:13:10,634: Step 10, Train PSNR 29.003256607055665
2025-09-02 11:13:11,163: Jac Loss 4163.8662109375
2025-09-02 11:13:14,600: Jac Loss 4091.400390625
2025-09-02 11:13:17,361: Step 20, Train PSNR 28.883111095428468
2025-09-02 11:13:17,826: Jac Loss 4549.701171875
2025-09-02 11:13:21,162: Jac Loss 3777.220703125
2025-09-02 11:13:23,935: Step 30, Train PSNR 28.76319039662679
2025-09-02 11:13:24,461: Jac Loss 3986.14501953125
2025-09-02 11:13:27,701: Jac Loss 4333.5869140625
2025-09-02 11:13:30,528: Step 40, Train PSNR 28.848830795288087
2025-09-02 11:13:30,984: Jac Loss 4525.78759765625
2025-09-02 11:13:34,014: [Epoch 50] Train Loss: 2.63E+01, PSNR: 28.87
2025-09-02 11:13:34,658: Jac Loss 4237.0205078125
2025-09-02 11:13:37,900: Jac Loss 3984.688232421875
2025-09-02 11:13:40,578: Step 10, Train PSNR 28.295240592956542
2025-09-02 11:13:41,106: Jac Loss 4313.365234375
2025-09-02 11:13:44,546: Jac Loss 4075.26123046875
2025-09-02 11:13:47,356: Step 20, Train PSNR 28.41075258255005
2025-09-02 11:13:47,860: Jac Loss 4462.06396484375
2025-09-02 11:13:51,168: Jac Loss 4381.033203125
2025-09-02 11:13:54,059: Step 30, Train PSNR 28.76573969523112
2025-09-02 11:13:54,520: Jac Loss 4464.333984375
2025-09-02 11:13:58,004: Jac Loss 4041.994140625
2025-09-02 11:14:00,949: Step 40, Train PSNR 28.801762437820436
2025-09-02 11:14:01,425: Jac Loss 4080.5498046875
2025-09-02 11:14:04,421: [Epoch 51] Train Loss: 2.66E+01, PSNR: 28.73
2025-09-02 11:14:05,019: Jac Loss 4151.2041015625
2025-09-02 11:14:08,232: Jac Loss 3798.97265625
2025-09-02 11:14:10,993: Step 10, Train PSNR 28.31962032318115
2025-09-02 11:14:11,481: Jac Loss 4208.2568359375
2025-09-02 11:14:14,825: Jac Loss 4553.259765625
2025-09-02 11:14:17,780: Step 20, Train PSNR 28.57205238342285
2025-09-02 11:14:18,270: Jac Loss 4103.09375
2025-09-02 11:14:21,673: Jac Loss 4237.154296875
2025-09-02 11:14:24,558: Step 30, Train PSNR 28.746338844299316
2025-09-02 11:14:25,074: Jac Loss 4566.67578125
2025-09-02 11:14:28,397: Jac Loss 4128.54345703125
2025-09-02 11:14:31,265: Step 40, Train PSNR 28.647599077224733
2025-09-02 11:14:31,692: Jac Loss 4084.169921875
2025-09-02 11:14:34,596: [Epoch 52] Train Loss: 2.72E+01, PSNR: 28.72
2025-09-02 11:14:35,252: Jac Loss 4334.68994140625
2025-09-02 11:14:38,613: Jac Loss 4245.57421875
2025-09-02 11:14:41,515: Step 10, Train PSNR 29.08758602142334
2025-09-02 11:14:42,028: Jac Loss 4546.5732421875
2025-09-02 11:14:45,541: Jac Loss 4101.984375
2025-09-02 11:14:48,221: Step 20, Train PSNR 28.87468490600586
2025-09-02 11:14:48,670: Jac Loss 4114.126953125
2025-09-02 11:14:52,102: Jac Loss 4332.32373046875
2025-09-02 11:14:55,021: Step 30, Train PSNR 28.931301307678222
2025-09-02 11:14:55,551: Jac Loss 4151.34716796875
2025-09-02 11:14:58,863: Jac Loss 4412.37109375
2025-09-02 11:15:01,649: Step 40, Train PSNR 28.88244824409485
2025-09-02 11:15:02,188: Jac Loss 3861.93994140625
2025-09-02 11:15:04,968: [Epoch 53] Train Loss: 2.66E+01, PSNR: 28.79
2025-09-02 11:15:05,552: Jac Loss 3821.400390625
2025-09-02 11:15:08,883: Jac Loss 4466.6337890625
2025-09-02 11:15:11,835: Step 10, Train PSNR 29.730974388122558
2025-09-02 11:15:12,355: Jac Loss 4663.1279296875
2025-09-02 11:15:15,807: Jac Loss 4300.767578125
2025-09-02 11:15:18,490: Step 20, Train PSNR 28.941985416412354
2025-09-02 11:15:18,957: Jac Loss 4286.634765625
2025-09-02 11:15:22,394: Jac Loss 4413.53857421875
2025-09-02 11:15:25,231: Step 30, Train PSNR 28.998330370585123
2025-09-02 11:15:25,723: Jac Loss 4742.41943359375
2025-09-02 11:15:29,281: Jac Loss 4580.1806640625
2025-09-02 11:15:32,016: Step 40, Train PSNR 28.893947505950926
2025-09-02 11:15:32,552: Jac Loss 4384.7880859375
2025-09-02 11:15:35,428: [Epoch 54] Train Loss: 2.67E+01, PSNR: 28.77
2025-09-02 11:15:36,028: Jac Loss 3917.142578125
2025-09-02 11:15:39,249: Jac Loss 4575.1630859375
2025-09-02 11:15:42,196: Step 10, Train PSNR 29.11338882446289
2025-09-02 11:15:42,735: Jac Loss 4922.3271484375
2025-09-02 11:15:45,990: Jac Loss 3840.36083984375
2025-09-02 11:15:48,891: Step 20, Train PSNR 28.704328536987305
2025-09-02 11:15:49,389: Jac Loss 4118.44970703125
2025-09-02 11:15:52,757: Jac Loss 4291.5693359375
2025-09-02 11:15:55,804: Step 30, Train PSNR 28.763651021321614
2025-09-02 11:15:56,288: Jac Loss 4435.02587890625
2025-09-02 11:15:59,581: Jac Loss 4426.2666015625
2025-09-02 11:16:02,446: Step 40, Train PSNR 28.825723505020143
2025-09-02 11:16:02,927: Jac Loss 4405.322265625
2025-09-02 11:16:05,862: [Epoch 55] Train Loss: 2.60E+01, PSNR: 28.84
2025-09-02 11:16:06,515: Jac Loss 4426.8720703125
2025-09-02 11:16:10,029: Jac Loss 4398.7705078125
2025-09-02 11:16:12,785: Step 10, Train PSNR 28.718397521972655
2025-09-02 11:16:13,299: Jac Loss 4390.5595703125
2025-09-02 11:16:16,593: Jac Loss 4545.8505859375
2025-09-02 11:16:19,390: Step 20, Train PSNR 28.896879482269288
2025-09-02 11:16:19,928: Jac Loss 4817.5390625
2025-09-02 11:16:23,295: Jac Loss 4388.51513671875
2025-09-02 11:16:26,144: Step 30, Train PSNR 28.799702962239582
2025-09-02 11:16:26,610: Jac Loss 4119.8759765625
2025-09-02 11:16:29,937: Jac Loss 4637.9345703125
2025-09-02 11:16:32,962: Step 40, Train PSNR 28.966325569152833
2025-09-02 11:16:33,544: Jac Loss 4746.7509765625
2025-09-02 11:16:36,518: [Epoch 56] Train Loss: 2.58E+01, PSNR: 28.87
2025-09-02 11:16:37,074: Jac Loss 4683.62060546875
2025-09-02 11:16:40,393: Jac Loss 4624.75390625
2025-09-02 11:16:43,248: Step 10, Train PSNR 28.465733909606932
2025-09-02 11:16:43,787: Jac Loss 4287.33056640625
2025-09-02 11:16:47,269: Jac Loss 4404.1708984375
2025-09-02 11:16:50,282: Step 20, Train PSNR 28.88489866256714
2025-09-02 11:16:50,750: Jac Loss 4747.33544921875
2025-09-02 11:16:54,205: Jac Loss 4636.43359375
2025-09-02 11:16:57,118: Step 30, Train PSNR 28.949423853556315
2025-09-02 11:16:57,616: Jac Loss 4491.6533203125
2025-09-02 11:17:00,967: Jac Loss 4421.5126953125
2025-09-02 11:17:03,821: Step 40, Train PSNR 28.83035092353821
2025-09-02 11:17:04,281: Jac Loss 4526.7509765625
2025-09-02 11:17:07,213: [Epoch 57] Train Loss: 2.63E+01, PSNR: 28.81
2025-09-02 11:17:07,887: Jac Loss 4610.56494140625
2025-09-02 11:17:11,209: Jac Loss 4670.95458984375
2025-09-02 11:17:14,167: Step 10, Train PSNR 29.431824493408204
2025-09-02 11:17:14,673: Jac Loss 4612.5439453125
2025-09-02 11:17:18,112: Jac Loss 4384.5634765625
2025-09-02 11:17:20,911: Step 20, Train PSNR 29.13378839492798
2025-09-02 11:17:21,437: Jac Loss 4666.64208984375
2025-09-02 11:17:24,836: Jac Loss 4467.712890625
2025-09-02 11:17:27,629: Step 30, Train PSNR 29.09880193074544
2025-09-02 11:17:28,101: Jac Loss 4572.5693359375
2025-09-02 11:17:31,431: Jac Loss 4393.548828125
2025-09-02 11:17:34,382: Step 40, Train PSNR 29.026992797851562
2025-09-02 11:17:34,890: Jac Loss 4736.58544921875
2025-09-02 11:17:37,781: [Epoch 58] Train Loss: 2.66E+01, PSNR: 28.97
2025-09-02 11:17:38,345: Jac Loss 4591.826171875
2025-09-02 11:17:41,745: Jac Loss 4279.69921875
2025-09-02 11:17:44,642: Step 10, Train PSNR 29.168797111511232
2025-09-02 11:17:45,177: Jac Loss 4417.03466796875
2025-09-02 11:17:48,544: Jac Loss 4415.650390625
2025-09-02 11:17:51,433: Step 20, Train PSNR 28.93084602355957
2025-09-02 11:17:51,874: Jac Loss 4789.2138671875
2025-09-02 11:17:55,293: Jac Loss 4710.9912109375
2025-09-02 11:17:58,260: Step 30, Train PSNR 29.02442480723063
2025-09-02 11:17:58,786: Jac Loss 4649.16015625
2025-09-02 11:18:02,156: Jac Loss 4593.89208984375
2025-09-02 11:18:05,070: Step 40, Train PSNR 28.794126129150392
2025-09-02 11:18:05,610: Jac Loss 4808.328125
2025-09-02 11:18:08,602: [Epoch 59] Train Loss: 2.69E+01, PSNR: 28.76
2025-09-02 11:18:09,242: Jac Loss 4425.92919921875
2025-09-02 11:18:12,505: Jac Loss 4043.482421875
2025-09-02 11:18:15,292: Step 10, Train PSNR 28.676725769042967
2025-09-02 11:18:15,855: Jac Loss 4809.26171875
2025-09-02 11:18:19,150: Jac Loss 4445.83984375
2025-09-02 11:18:22,036: Step 20, Train PSNR 29.00348844528198
2025-09-02 11:18:22,528: Jac Loss 4794.060546875
2025-09-02 11:18:25,964: Jac Loss 4426.43798828125
2025-09-02 11:18:28,832: Step 30, Train PSNR 28.9983580271403
2025-09-02 11:18:29,347: Jac Loss 4545.02001953125
2025-09-02 11:18:32,870: Jac Loss 4597.9892578125
2025-09-02 11:18:35,738: Step 40, Train PSNR 29.001507139205934
2025-09-02 11:18:36,200: Jac Loss 4734.3671875
2025-09-02 11:18:39,123: [Epoch 60] Train Loss: 2.60E+01, PSNR: 28.99
2025-09-02 11:18:51,161: [Epoch 60] Val Loss: 1.61E+02, PSNR: 28.66
2025-09-02 11:18:51,696: Jac Loss 4952.0693359375
2025-09-02 11:18:55,033: Jac Loss 4484.146484375
2025-09-02 11:18:57,949: Step 10, Train PSNR 29.14194736480713
2025-09-02 11:18:58,470: Jac Loss 4766.4833984375
2025-09-02 11:19:01,952: Jac Loss 4638.2890625
2025-09-02 11:19:04,771: Step 20, Train PSNR 29.026680088043214
2025-09-02 11:19:05,248: Jac Loss 4946.20947265625
2025-09-02 11:19:08,651: Jac Loss 4330.43408203125
2025-09-02 11:19:11,527: Step 30, Train PSNR 28.952519861857095
2025-09-02 11:19:12,042: Jac Loss 4702.7021484375
2025-09-02 11:19:15,387: Jac Loss 4398.47265625
2025-09-02 11:19:18,252: Step 40, Train PSNR 28.89141321182251
2025-09-02 11:19:18,733: Jac Loss 4268.43408203125
2025-09-02 11:19:21,786: [Epoch 61] Train Loss: 2.61E+01, PSNR: 28.91
2025-09-02 11:19:22,337: Jac Loss 4514.4365234375
2025-09-02 11:19:25,734: Jac Loss 4758.4189453125
2025-09-02 11:19:28,610: Step 10, Train PSNR 28.936557579040528
2025-09-02 11:19:29,118: Jac Loss 4579.7685546875
2025-09-02 11:19:32,503: Jac Loss 4848.8046875
2025-09-02 11:19:35,429: Step 20, Train PSNR 28.81400508880615
2025-09-02 11:19:35,871: Jac Loss 4485.43212890625
2025-09-02 11:19:39,192: Jac Loss 4430.00341796875
2025-09-02 11:19:42,000: Step 30, Train PSNR 28.7146551767985
2025-09-02 11:19:42,527: Jac Loss 4691.6865234375
2025-09-02 11:19:46,046: Jac Loss 4432.671875
2025-09-02 11:19:48,849: Step 40, Train PSNR 28.713203144073486
2025-09-02 11:19:49,321: Jac Loss 4796.283203125
2025-09-02 11:19:52,261: [Epoch 62] Train Loss: 2.62E+01, PSNR: 28.82
2025-09-02 11:19:52,906: Jac Loss 4860.8251953125
2025-09-02 11:19:56,246: Jac Loss 4814.9462890625
2025-09-02 11:19:59,085: Step 10, Train PSNR 28.55504951477051
2025-09-02 11:19:59,594: Jac Loss 4280.63671875
2025-09-02 11:20:02,812: Jac Loss 4841.650390625
2025-09-02 11:20:05,817: Step 20, Train PSNR 28.32254066467285
2025-09-02 11:20:06,332: Jac Loss 4727.2529296875
2025-09-02 11:20:09,681: Jac Loss 4809.06494140625
2025-09-02 11:20:12,561: Step 30, Train PSNR 28.43468729654948
2025-09-02 11:20:13,000: Jac Loss 4964.0341796875
2025-09-02 11:20:16,369: Jac Loss 4886.654296875
2025-09-02 11:20:19,237: Step 40, Train PSNR 28.562866115570067
2025-09-02 11:20:19,733: Jac Loss 4617.89892578125
2025-09-02 11:20:22,713: [Epoch 63] Train Loss: 2.73E+01, PSNR: 28.64
2025-09-02 11:20:23,383: Jac Loss 4703.7431640625
2025-09-02 11:20:26,569: Jac Loss 4691.73046875
2025-09-02 11:20:29,600: Step 10, Train PSNR 29.02000675201416
2025-09-02 11:20:30,066: Jac Loss 4834.5009765625
2025-09-02 11:20:33,562: Jac Loss 5113.2802734375
2025-09-02 11:20:36,475: Step 20, Train PSNR 28.920603656768797
2025-09-02 11:20:36,992: Jac Loss 4744.60302734375
2025-09-02 11:20:40,357: Jac Loss 4459.515625
2025-09-02 11:20:43,104: Step 30, Train PSNR 28.866756947835288
2025-09-02 11:20:43,605: Jac Loss 4207.4580078125
2025-09-02 11:20:46,948: Jac Loss 4999.70263671875
2025-09-02 11:20:49,944: Step 40, Train PSNR 28.941074180603028
2025-09-02 11:20:50,476: Jac Loss 5009.80078125
2025-09-02 11:20:53,503: [Epoch 64] Train Loss: 2.60E+01, PSNR: 28.86
2025-09-02 11:20:54,184: Jac Loss 4475.0888671875
2025-09-02 11:20:57,656: Jac Loss 4852.599609375
2025-09-02 11:21:00,594: Step 10, Train PSNR 28.793816375732423
2025-09-02 11:21:01,106: Jac Loss 4768.9609375
2025-09-02 11:21:04,597: Jac Loss 4896.298828125
2025-09-02 11:21:07,582: Step 20, Train PSNR 28.806145763397218
2025-09-02 11:21:08,042: Jac Loss 5079.0712890625
2025-09-02 11:21:11,507: Jac Loss 4816.47802734375
2025-09-02 11:21:14,424: Step 30, Train PSNR 28.73639176686605
2025-09-02 11:21:14,975: Jac Loss 4660.2626953125
2025-09-02 11:21:18,342: Jac Loss 4934.7431640625
2025-09-02 11:21:21,252: Step 40, Train PSNR 28.90333547592163
2025-09-02 11:21:21,755: Jac Loss 4918.0625
2025-09-02 11:21:24,622: [Epoch 65] Train Loss: 2.58E+01, PSNR: 28.92
2025-09-02 11:21:25,266: Jac Loss 5138.484375
2025-09-02 11:21:28,752: Jac Loss 4862.1396484375
2025-09-02 11:21:31,592: Step 10, Train PSNR 29.254086303710938
2025-09-02 11:21:32,100: Jac Loss 4642.29248046875
2025-09-02 11:21:35,646: Jac Loss 5348.181640625
2025-09-02 11:21:38,624: Step 20, Train PSNR 29.10192518234253
2025-09-02 11:21:39,142: Jac Loss 4944.20263671875
2025-09-02 11:21:42,702: Jac Loss 4927.515625
2025-09-02 11:21:45,545: Step 30, Train PSNR 28.861788177490233
2025-09-02 11:21:46,046: Jac Loss 4569.80615234375
2025-09-02 11:21:49,367: Jac Loss 5024.78125
2025-09-02 11:21:52,290: Step 40, Train PSNR 28.941512250900267
2025-09-02 11:21:52,790: Jac Loss 5030.904296875
2025-09-02 11:21:55,669: [Epoch 66] Train Loss: 2.60E+01, PSNR: 28.90
2025-09-02 11:21:56,335: Jac Loss 4796.97265625
2025-09-02 11:21:59,839: Jac Loss 4883.373046875
2025-09-02 11:22:02,883: Step 10, Train PSNR 28.499474334716798
2025-09-02 11:22:03,367: Jac Loss 5041.830078125
2025-09-02 11:22:06,871: Jac Loss 5060.9228515625
2025-09-02 11:22:09,847: Step 20, Train PSNR 28.806313896179198
2025-09-02 11:22:10,349: Jac Loss 5132.078125
2025-09-02 11:22:13,798: Jac Loss 5083.98095703125
2025-09-02 11:22:16,701: Step 30, Train PSNR 28.792763837178548
2025-09-02 11:22:17,164: Jac Loss 4458.8642578125
2025-09-02 11:22:20,432: Jac Loss 4751.732421875
2025-09-02 11:22:23,319: Step 40, Train PSNR 28.704246997833252
2025-09-02 11:22:23,790: Jac Loss 5001.3125
2025-09-02 11:22:26,688: [Epoch 67] Train Loss: 2.73E+01, PSNR: 28.68
2025-09-02 11:22:27,245: Jac Loss 5135.75830078125
2025-09-02 11:22:30,711: Jac Loss 4837.0712890625
2025-09-02 11:22:33,706: Step 10, Train PSNR 28.36788387298584
2025-09-02 11:22:34,147: Jac Loss 4451.859375
2025-09-02 11:22:37,541: Jac Loss 4798.36474609375
2025-09-02 11:22:40,354: Step 20, Train PSNR 28.67116250991821
2025-09-02 11:22:40,906: Jac Loss 5007.1396484375
2025-09-02 11:22:44,483: Jac Loss 5047.51171875
2025-09-02 11:22:47,418: Step 30, Train PSNR 28.716673851013184
2025-09-02 11:22:47,894: Jac Loss 4651.5107421875
2025-09-02 11:22:51,256: Jac Loss 4940.23046875
2025-09-02 11:22:54,211: Step 40, Train PSNR 28.81344051361084
2025-09-02 11:22:54,674: Jac Loss 4806.9521484375
2025-09-02 11:22:57,602: [Epoch 68] Train Loss: 2.63E+01, PSNR: 28.79
2025-09-02 11:22:58,240: Jac Loss 4792.1162109375
2025-09-02 11:23:01,726: Jac Loss 4957.52587890625
2025-09-02 11:23:04,694: Step 10, Train PSNR 29.047362518310546
2025-09-02 11:23:05,154: Jac Loss 5082.94287109375
2025-09-02 11:23:08,501: Jac Loss 4981.0224609375
2025-09-02 11:23:11,459: Step 20, Train PSNR 29.230648136138917
2025-09-02 11:23:12,005: Jac Loss 5188.2578125
2025-09-02 11:23:15,462: Jac Loss 5062.61279296875
2025-09-02 11:23:18,266: Step 30, Train PSNR 29.027531623840332
2025-09-02 11:23:18,722: Jac Loss 5029.33447265625
2025-09-02 11:23:22,209: Jac Loss 5029.8291015625
2025-09-02 11:23:25,046: Step 40, Train PSNR 29.06508355140686
2025-09-02 11:23:25,586: Jac Loss 5188.6015625
2025-09-02 11:23:28,498: [Epoch 69] Train Loss: 2.49E+01, PSNR: 29.06
2025-09-02 11:23:29,139: Jac Loss 4705.9931640625
2025-09-02 11:23:32,657: Jac Loss 5058.982421875
2025-09-02 11:23:35,606: Step 10, Train PSNR 28.931916618347167
2025-09-02 11:23:36,126: Jac Loss 4819.8359375
2025-09-02 11:23:39,510: Jac Loss 4698.77197265625
2025-09-02 11:23:42,304: Step 20, Train PSNR 28.703697967529298
2025-09-02 11:23:42,758: Jac Loss 5123.95166015625
2025-09-02 11:23:46,227: Jac Loss 5270.04541015625
2025-09-02 11:23:49,094: Step 30, Train PSNR 28.80036849975586
2025-09-02 11:23:49,587: Jac Loss 5192.49755859375
2025-09-02 11:23:53,091: Jac Loss 5034.728515625
2025-09-02 11:23:56,125: Step 40, Train PSNR 28.791579914093017
2025-09-02 11:23:56,670: Jac Loss 4835.2568359375
2025-09-02 11:23:59,611: [Epoch 70] Train Loss: 2.68E+01, PSNR: 28.75
2025-09-02 11:24:00,238: Jac Loss 5250.5078125
2025-09-02 11:24:03,598: Jac Loss 5435.0986328125
2025-09-02 11:24:06,586: Step 10, Train PSNR 28.872583389282227
2025-09-02 11:24:07,104: Jac Loss 5038.88232421875
2025-09-02 11:24:10,617: Jac Loss 5150.27490234375
2025-09-02 11:24:13,576: Step 20, Train PSNR 28.775279426574706
2025-09-02 11:24:14,027: Jac Loss 4886.7431640625
2025-09-02 11:24:17,443: Jac Loss 4820.49609375
2025-09-02 11:24:20,459: Step 30, Train PSNR 28.758118120829263
2025-09-02 11:24:20,915: Jac Loss 4945.3515625
2025-09-02 11:24:24,332: Jac Loss 5312.728515625
2025-09-02 11:24:27,244: Step 40, Train PSNR 28.778414964675903
2025-09-02 11:24:27,709: Jac Loss 5115.4833984375
2025-09-02 11:24:30,800: [Epoch 71] Train Loss: 2.61E+01, PSNR: 28.79
2025-09-02 11:24:31,428: Jac Loss 5167.78515625
2025-09-02 11:24:34,839: Jac Loss 5086.04638671875
2025-09-02 11:24:37,697: Step 10, Train PSNR 29.090602111816406
2025-09-02 11:24:38,200: Jac Loss 5018.4482421875
2025-09-02 11:24:41,523: Jac Loss 5164.0869140625
2025-09-02 11:24:44,482: Step 20, Train PSNR 29.06771297454834
2025-09-02 11:24:44,986: Jac Loss 5121.9453125
2025-09-02 11:24:48,452: Jac Loss 5208.0556640625
2025-09-02 11:24:51,297: Step 30, Train PSNR 28.88467814127604
2025-09-02 11:24:51,771: Jac Loss 4918.8037109375
2025-09-02 11:24:55,120: Jac Loss 5074.60888671875
2025-09-02 11:24:58,082: Step 40, Train PSNR 28.838914012908937
2025-09-02 11:24:58,642: Jac Loss 5115.2841796875
2025-09-02 11:25:01,606: [Epoch 72] Train Loss: 2.66E+01, PSNR: 28.79
2025-09-02 11:25:02,281: Jac Loss 4820.67626953125
2025-09-02 11:25:05,595: Jac Loss 4912.86181640625
2025-09-02 11:25:08,606: Step 10, Train PSNR 28.369309997558595
2025-09-02 11:25:09,108: Jac Loss 5148.46875
2025-09-02 11:25:12,518: Jac Loss 5019.1357421875
2025-09-02 11:25:15,516: Step 20, Train PSNR 28.957071018218993
2025-09-02 11:25:15,993: Jac Loss 5223.6943359375
2025-09-02 11:25:19,350: Jac Loss 5113.5439453125
2025-09-02 11:25:22,410: Step 30, Train PSNR 28.848209444681803
2025-09-02 11:25:22,882: Jac Loss 5049.2734375
2025-09-02 11:25:26,309: Jac Loss 5373.94384765625
2025-09-02 11:25:29,255: Step 40, Train PSNR 28.982308006286623
2025-09-02 11:25:29,786: Jac Loss 4825.0703125
2025-09-02 11:25:32,923: [Epoch 73] Train Loss: 2.58E+01, PSNR: 28.92
2025-09-02 11:25:33,520: Jac Loss 4895.4609375
2025-09-02 11:25:36,905: Jac Loss 5344.7421875
2025-09-02 11:25:39,866: Step 10, Train PSNR 29.299379348754883
2025-09-02 11:25:40,429: Jac Loss 5292.2275390625
2025-09-02 11:25:43,854: Jac Loss 5069.22265625
2025-09-02 11:25:46,875: Step 20, Train PSNR 28.974241733551025
2025-09-02 11:25:47,394: Jac Loss 4979.947265625
2025-09-02 11:25:50,826: Jac Loss 5112.4501953125
2025-09-02 11:25:53,786: Step 30, Train PSNR 28.829579671223957
2025-09-02 11:25:54,302: Jac Loss 5274.271484375
2025-09-02 11:25:57,804: Jac Loss 4885.9248046875
2025-09-02 11:26:00,911: Step 40, Train PSNR 28.840765476226807
2025-09-02 11:26:01,429: Jac Loss 4983.244140625
2025-09-02 11:26:04,356: [Epoch 74] Train Loss: 2.59E+01, PSNR: 28.86
2025-09-02 11:26:04,932: Jac Loss 4682.45703125
2025-09-02 11:26:08,506: Jac Loss 4886.01708984375
2025-09-02 11:26:11,412: Step 10, Train PSNR 28.661123085021973
2025-09-02 11:26:11,899: Jac Loss 5088.94775390625
2025-09-02 11:26:15,379: Jac Loss 5114.77880859375
2025-09-02 11:26:18,349: Step 20, Train PSNR 28.65066442489624
2025-09-02 11:26:18,899: Jac Loss 5163.6845703125
2025-09-02 11:26:22,408: Jac Loss 5467.1904296875
2025-09-02 11:26:25,297: Step 30, Train PSNR 28.631316693623862
2025-09-02 11:26:25,748: Jac Loss 4841.6142578125
2025-09-02 11:26:29,273: Jac Loss 5144.3271484375
2025-09-02 11:26:32,153: Step 40, Train PSNR 28.696783113479615
2025-09-02 11:26:32,669: Jac Loss 4868.5068359375
2025-09-02 11:26:35,530: [Epoch 75] Train Loss: 2.69E+01, PSNR: 28.62
2025-09-02 11:26:36,187: Jac Loss 5271.2685546875
2025-09-02 11:26:39,754: Jac Loss 5540.1962890625
2025-09-02 11:26:42,724: Step 10, Train PSNR 29.02670192718506
2025-09-02 11:26:43,218: Jac Loss 4835.3095703125
2025-09-02 11:26:46,625: Jac Loss 4660.94140625
2025-09-02 11:26:49,595: Step 20, Train PSNR 28.92094087600708
2025-09-02 11:26:50,146: Jac Loss 5033.21875
2025-09-02 11:26:53,465: Jac Loss 5303.1884765625
2025-09-02 11:26:56,460: Step 30, Train PSNR 28.76235383351644
2025-09-02 11:26:56,917: Jac Loss 4839.0361328125
2025-09-02 11:27:00,369: Jac Loss 5103.82421875
2025-09-02 11:27:03,370: Step 40, Train PSNR 28.8069176197052
2025-09-02 11:27:03,812: Jac Loss 4975.6650390625
2025-09-02 11:27:06,849: [Epoch 76] Train Loss: 2.64E+01, PSNR: 28.89
2025-09-02 11:27:07,470: Jac Loss 5007.30810546875
2025-09-02 11:27:10,983: Jac Loss 5114.0322265625
2025-09-02 11:27:13,965: Step 10, Train PSNR 28.60382499694824
2025-09-02 11:27:14,500: Jac Loss 5065.2958984375
2025-09-02 11:27:17,972: Jac Loss 5428.2548828125
2025-09-02 11:27:20,879: Step 20, Train PSNR 28.8685341835022
2025-09-02 11:27:21,473: Jac Loss 5042.67529296875
2025-09-02 11:27:24,819: Jac Loss 5245.4970703125
2025-09-02 11:27:27,799: Step 30, Train PSNR 28.737887128194174
2025-09-02 11:27:28,332: Jac Loss 4779.0673828125
2025-09-02 11:27:31,565: Jac Loss 4991.4697265625
2025-09-02 11:27:34,599: Step 40, Train PSNR 28.93344283103943
2025-09-02 11:27:35,083: Jac Loss 5372.888671875
2025-09-02 11:27:38,157: [Epoch 77] Train Loss: 2.65E+01, PSNR: 28.84
2025-09-02 11:27:38,738: Jac Loss 4955.056640625
2025-09-02 11:27:42,080: Jac Loss 5139.15234375
2025-09-02 11:27:45,032: Step 10, Train PSNR 28.420631980895998
2025-09-02 11:27:45,487: Jac Loss 5318.86962890625
2025-09-02 11:27:49,018: Jac Loss 4963.58251953125
2025-09-02 11:27:51,834: Step 20, Train PSNR 28.623363876342772
2025-09-02 11:27:52,360: Jac Loss 5365.88671875
2025-09-02 11:27:55,774: Jac Loss 5154.95703125
2025-09-02 11:27:58,883: Step 30, Train PSNR 28.658314577738444
2025-09-02 11:27:59,369: Jac Loss 5362.3369140625
2025-09-02 11:28:02,934: Jac Loss 5221.46044921875
2025-09-02 11:28:05,863: Step 40, Train PSNR 28.469865083694458
2025-09-02 11:28:06,390: Jac Loss 5160.65234375
2025-09-02 11:28:09,406: [Epoch 78] Train Loss: 2.77E+01, PSNR: 28.53
2025-09-02 11:28:09,936: Jac Loss 5127.7138671875
2025-09-02 11:28:13,549: Jac Loss 5092.6875
2025-09-02 11:28:16,510: Step 10, Train PSNR 28.837890625
2025-09-02 11:28:16,983: Jac Loss 4973.7998046875
2025-09-02 11:28:20,670: Jac Loss 5506.40625
2025-09-02 11:28:23,538: Step 20, Train PSNR 28.510813617706297
2025-09-02 11:28:24,074: Jac Loss 5022.318359375
2025-09-02 11:28:27,373: Jac Loss 5021.58154296875
2025-09-02 11:28:30,340: Step 30, Train PSNR 28.66650479634603
2025-09-02 11:28:30,834: Jac Loss 5307.98828125
2025-09-02 11:28:34,265: Jac Loss 5576.99462890625
2025-09-02 11:28:37,087: Step 40, Train PSNR 28.92373342514038
2025-09-02 11:28:37,545: Jac Loss 5521.11962890625
2025-09-02 11:28:40,632: [Epoch 79] Train Loss: 2.61E+01, PSNR: 28.98
2025-09-02 11:28:41,208: Jac Loss 5578.6796875
2025-09-02 11:28:44,813: Jac Loss 5300.8232421875
2025-09-02 11:28:47,774: Step 10, Train PSNR 29.03028793334961
2025-09-02 11:28:48,218: Jac Loss 4975.9287109375
2025-09-02 11:28:51,642: Jac Loss 5479.5068359375
2025-09-02 11:28:54,647: Step 20, Train PSNR 29.197161388397216
2025-09-02 11:28:55,240: Jac Loss 5448.2802734375
2025-09-02 11:28:58,696: Jac Loss 5186.5244140625
2025-09-02 11:29:01,679: Step 30, Train PSNR 28.856012026468914
2025-09-02 11:29:02,125: Jac Loss 4923.3642578125
2025-09-02 11:29:05,654: Jac Loss 5303.8544921875
2025-09-02 11:29:08,658: Step 40, Train PSNR 28.74593515396118
2025-09-02 11:29:09,196: Jac Loss 4790.064453125
2025-09-02 11:29:12,063: [Epoch 80] Train Loss: 2.65E+01, PSNR: 28.85
2025-09-02 11:29:23,771: [Epoch 80] Val Loss: 1.61E+02, PSNR: 28.66
2025-09-02 11:29:24,347: Jac Loss 4888.9716796875
2025-09-02 11:29:27,780: Jac Loss 5354.119140625
2025-09-02 11:29:30,720: Step 10, Train PSNR 28.750844955444336
2025-09-02 11:29:31,311: Jac Loss 5508.92529296875
2025-09-02 11:29:34,737: Jac Loss 5420.1142578125
2025-09-02 11:29:37,609: Step 20, Train PSNR 29.062089920043945
2025-09-02 11:29:38,154: Jac Loss 4937.30859375
2025-09-02 11:29:41,624: Jac Loss 4881.8623046875
2025-09-02 11:29:44,372: Step 30, Train PSNR 28.990839831034343
2025-09-02 11:29:44,858: Jac Loss 5100.36865234375
2025-09-02 11:29:48,461: Jac Loss 4840.658203125
2025-09-02 11:29:51,476: Step 40, Train PSNR 28.912278413772583
2025-09-02 11:29:51,937: Jac Loss 4819.62255859375
2025-09-02 11:29:54,748: [Epoch 81] Train Loss: 2.67E+01, PSNR: 28.92
2025-09-02 11:29:55,350: Jac Loss 4966.33251953125
2025-09-02 11:29:58,712: Jac Loss 5174.103515625
2025-09-02 11:30:01,648: Step 10, Train PSNR 29.220568466186524
2025-09-02 11:30:02,161: Jac Loss 5625.0888671875
2025-09-02 11:30:05,682: Jac Loss 4983.91455078125
2025-09-02 11:30:08,608: Step 20, Train PSNR 28.838668632507325
2025-09-02 11:30:09,127: Jac Loss 5135.693359375
2025-09-02 11:30:12,596: Jac Loss 5096.7939453125
2025-09-02 11:30:15,560: Step 30, Train PSNR 28.825557072957356
2025-09-02 11:30:16,090: Jac Loss 5067.71826171875
2025-09-02 11:30:19,362: Jac Loss 4888.61083984375
2025-09-02 11:30:22,234: Step 40, Train PSNR 28.737602090835573
2025-09-02 11:30:22,697: Jac Loss 5086.75390625
2025-09-02 11:30:25,630: [Epoch 82] Train Loss: 2.72E+01, PSNR: 28.75
2025-09-02 11:30:26,248: Jac Loss 5402.9736328125
2025-09-02 11:30:29,662: Jac Loss 5344.4482421875
2025-09-02 11:30:32,618: Step 10, Train PSNR 28.756401443481444
2025-09-02 11:30:33,099: Jac Loss 5295.49560546875
2025-09-02 11:30:36,664: Jac Loss 5045.29541015625
2025-09-02 11:30:39,716: Step 20, Train PSNR 28.530383396148682
2025-09-02 11:30:40,248: Jac Loss 5163.8125
2025-09-02 11:30:43,671: Jac Loss 5404.7763671875
2025-09-02 11:30:46,742: Step 30, Train PSNR 29.043875058492024
2025-09-02 11:30:47,278: Jac Loss 5347.86865234375
2025-09-02 11:30:50,796: Jac Loss 5581.736328125
2025-09-02 11:30:53,740: Step 40, Train PSNR 28.99140238761902
2025-09-02 11:30:54,221: Jac Loss 5261.751953125
2025-09-02 11:30:57,199: [Epoch 83] Train Loss: 2.62E+01, PSNR: 28.93
2025-09-02 11:30:57,797: Jac Loss 5602.201171875
2025-09-02 11:31:01,308: Jac Loss 5695.7119140625
2025-09-02 11:31:04,328: Step 10, Train PSNR 28.85455379486084
2025-09-02 11:31:04,837: Jac Loss 5622.80517578125
2025-09-02 11:31:08,486: Jac Loss 5342.794921875
2025-09-02 11:31:11,482: Step 20, Train PSNR 28.913362312316895
2025-09-02 11:31:11,960: Jac Loss 5028.12109375
2025-09-02 11:31:15,447: Jac Loss 5430.6474609375
2025-09-02 11:31:18,409: Step 30, Train PSNR 28.97812868754069
2025-09-02 11:31:18,933: Jac Loss 5615.9462890625
2025-09-02 11:31:22,436: Jac Loss 5103.30078125
2025-09-02 11:31:25,377: Step 40, Train PSNR 28.873479032516478
2025-09-02 11:31:25,844: Jac Loss 4912.6318359375
2025-09-02 11:31:28,843: [Epoch 84] Train Loss: 2.56E+01, PSNR: 28.89
2025-09-02 11:31:29,447: Jac Loss 5424.06005859375
2025-09-02 11:31:32,974: Jac Loss 5771.47314453125
2025-09-02 11:31:35,994: Step 10, Train PSNR 28.497559356689454
2025-09-02 11:31:36,564: Jac Loss 5542.1845703125
2025-09-02 11:31:40,119: Jac Loss 5318.0126953125
2025-09-02 11:31:43,054: Step 20, Train PSNR 28.960949325561522
2025-09-02 11:31:43,527: Jac Loss 5413.78515625
2025-09-02 11:31:47,048: Jac Loss 5531.14697265625
2025-09-02 11:31:50,061: Step 30, Train PSNR 28.875049336751303
2025-09-02 11:31:50,535: Jac Loss 5509.28857421875
2025-09-02 11:31:53,962: Jac Loss 4924.4443359375
2025-09-02 11:31:56,938: Step 40, Train PSNR 28.8287335395813
2025-09-02 11:31:57,446: Jac Loss 5182.431640625
2025-09-02 11:32:00,299: [Epoch 85] Train Loss: 2.61E+01, PSNR: 28.77
2025-09-02 11:32:00,861: Jac Loss 5389.158203125
2025-09-02 11:32:04,328: Jac Loss 5525.30810546875
2025-09-02 11:32:07,394: Step 10, Train PSNR 28.858272552490234
2025-09-02 11:32:07,966: Jac Loss 5506.234375
2025-09-02 11:32:11,496: Jac Loss 5081.18896484375
2025-09-02 11:32:14,436: Step 20, Train PSNR 28.73481693267822
2025-09-02 11:32:14,936: Jac Loss 4986.73291015625
2025-09-02 11:32:18,473: Jac Loss 5499.1484375
2025-09-02 11:32:21,516: Step 30, Train PSNR 28.745708910624185
2025-09-02 11:32:22,021: Jac Loss 5614.9677734375
2025-09-02 11:32:25,476: Jac Loss 5496.17724609375
2025-09-02 11:32:28,431: Step 40, Train PSNR 28.857182121276857
2025-09-02 11:32:28,967: Jac Loss 5316.37255859375
2025-09-02 11:32:32,092: [Epoch 86] Train Loss: 2.59E+01, PSNR: 28.88
2025-09-02 11:32:32,702: Jac Loss 5011.24462890625
2025-09-02 11:32:36,060: Jac Loss 5281.22314453125
2025-09-02 11:32:39,032: Step 10, Train PSNR 28.289460563659667
2025-09-02 11:32:39,498: Jac Loss 5215.6435546875
2025-09-02 11:32:42,856: Jac Loss 5588.341796875
2025-09-02 11:32:45,807: Step 20, Train PSNR 28.37812967300415
2025-09-02 11:32:46,348: Jac Loss 5557.0546875
2025-09-02 11:32:49,921: Jac Loss 5106.955078125
2025-09-02 11:32:52,801: Step 30, Train PSNR 28.55105323791504
2025-09-02 11:32:53,328: Jac Loss 5322.44384765625
2025-09-02 11:32:56,808: Jac Loss 4937.20947265625
2025-09-02 11:32:59,671: Step 40, Train PSNR 28.733185911178587
2025-09-02 11:33:00,121: Jac Loss 5165.990234375
2025-09-02 11:33:03,105: [Epoch 87] Train Loss: 2.66E+01, PSNR: 28.69
2025-09-02 11:33:03,770: Jac Loss 5371.71875
2025-09-02 11:33:07,273: Jac Loss 5343.9677734375
2025-09-02 11:33:10,128: Step 10, Train PSNR 28.618198585510253
2025-09-02 11:33:10,615: Jac Loss 5155.796875
2025-09-02 11:33:14,017: Jac Loss 5327.134765625
2025-09-02 11:33:16,871: Step 20, Train PSNR 28.905781555175782
2025-09-02 11:33:17,430: Jac Loss 5525.47021484375
2025-09-02 11:33:20,869: Jac Loss 5681.7392578125
2025-09-02 11:33:23,852: Step 30, Train PSNR 28.966570472717287
2025-09-02 11:33:24,351: Jac Loss 5774.8837890625
2025-09-02 11:33:27,981: Jac Loss 5391.23779296875
2025-09-02 11:33:30,892: Step 40, Train PSNR 28.847314739227294
2025-09-02 11:33:31,342: Jac Loss 5592.12109375
2025-09-02 11:33:34,351: [Epoch 88] Train Loss: 2.67E+01, PSNR: 28.82
2025-09-02 11:33:35,066: Jac Loss 5574.40283203125
2025-09-02 11:33:38,666: Jac Loss 5079.7744140625
2025-09-02 11:33:41,581: Step 10, Train PSNR 29.3029504776001
2025-09-02 11:33:42,072: Jac Loss 5268.19287109375
2025-09-02 11:33:45,593: Jac Loss 5058.923828125
2025-09-02 11:33:48,549: Step 20, Train PSNR 28.78107500076294
2025-09-02 11:33:49,077: Jac Loss 5312.59130859375
2025-09-02 11:33:52,469: Jac Loss 5444.5595703125
2025-09-02 11:33:55,456: Step 30, Train PSNR 28.873565419514975
2025-09-02 11:33:56,002: Jac Loss 5690.06884765625
2025-09-02 11:33:59,663: Jac Loss 5613.3681640625
2025-09-02 11:34:02,701: Step 40, Train PSNR 28.916776037216188
2025-09-02 11:34:03,153: Jac Loss 5166.4755859375
2025-09-02 11:34:06,080: [Epoch 89] Train Loss: 2.62E+01, PSNR: 28.81
2025-09-02 11:34:06,677: Jac Loss 5155.5419921875
2025-09-02 11:34:10,098: Jac Loss 5265.0380859375
2025-09-02 11:34:13,068: Step 10, Train PSNR 29.181747055053712
2025-09-02 11:34:13,542: Jac Loss 5100.1474609375
2025-09-02 11:34:16,850: Jac Loss 5302.955078125
2025-09-02 11:34:19,731: Step 20, Train PSNR 28.792743968963624
2025-09-02 11:34:20,229: Jac Loss 5498.802734375
2025-09-02 11:34:23,687: Jac Loss 5404.7060546875
2025-09-02 11:34:26,635: Step 30, Train PSNR 28.62175121307373
2025-09-02 11:34:27,113: Jac Loss 5290.5576171875
2025-09-02 11:34:30,740: Jac Loss 5276.015625
2025-09-02 11:34:33,535: Step 40, Train PSNR 28.74610948562622
2025-09-02 11:34:34,018: Jac Loss 5554.0654296875
2025-09-02 11:34:37,157: [Epoch 90] Train Loss: 2.69E+01, PSNR: 28.77
2025-09-02 11:34:37,745: Jac Loss 5547.2568359375
2025-09-02 11:34:41,358: Jac Loss 5537.169921875
2025-09-02 11:34:44,245: Step 10, Train PSNR 28.499235343933105
2025-09-02 11:34:44,727: Jac Loss 5311.8525390625
2025-09-02 11:34:48,246: Jac Loss 5163.8388671875
2025-09-02 11:34:51,235: Step 20, Train PSNR 28.497431468963622
2025-09-02 11:34:51,723: Jac Loss 5211.0947265625
2025-09-02 11:34:55,109: Jac Loss 5268.80078125
2025-09-02 11:34:58,069: Step 30, Train PSNR 28.677427546183267
2025-09-02 11:34:58,572: Jac Loss 5199.5166015625
2025-09-02 11:35:02,039: Jac Loss 4994.5419921875
2025-09-02 11:35:05,086: Step 40, Train PSNR 28.54808292388916
2025-09-02 11:35:05,639: Jac Loss 5167.76806640625
2025-09-02 11:35:08,560: [Epoch 91] Train Loss: 2.74E+01, PSNR: 28.59
2025-09-02 11:35:09,145: Jac Loss 5548.3359375
2025-09-02 11:35:12,630: Jac Loss 5554.56396484375
2025-09-02 11:35:15,623: Step 10, Train PSNR 28.608338356018066
2025-09-02 11:35:16,154: Jac Loss 5378.43798828125
2025-09-02 11:35:19,583: Jac Loss 5120.69873046875
2025-09-02 11:35:22,519: Step 20, Train PSNR 28.62942304611206
2025-09-02 11:35:23,018: Jac Loss 5152.18798828125
2025-09-02 11:35:26,336: Jac Loss 5060.13037109375
2025-09-02 11:35:29,406: Step 30, Train PSNR 28.678746287027995
2025-09-02 11:35:29,862: Jac Loss 5060.88037109375
2025-09-02 11:35:33,303: Jac Loss 5487.3505859375
2025-09-02 11:35:36,424: Step 40, Train PSNR 28.72742533683777
2025-09-02 11:35:36,945: Jac Loss 5476.0576171875
2025-09-02 11:35:40,108: [Epoch 92] Train Loss: 2.67E+01, PSNR: 28.67
2025-09-02 11:35:40,742: Jac Loss 5355.27783203125
2025-09-02 11:35:44,188: Jac Loss 5129.0009765625
2025-09-02 11:35:47,180: Step 10, Train PSNR 28.40744514465332
2025-09-02 11:35:47,711: Jac Loss 5363.67529296875
2025-09-02 11:35:51,184: Jac Loss 5297.0087890625
2025-09-02 11:35:54,048: Step 20, Train PSNR 28.529187870025634
2025-09-02 11:35:54,630: Jac Loss 5263.658203125
2025-09-02 11:35:58,140: Jac Loss 5694.8095703125
2025-09-02 11:36:01,281: Step 30, Train PSNR 28.66018263498942
2025-09-02 11:36:01,769: Jac Loss 5531.755859375
2025-09-02 11:36:05,260: Jac Loss 5490.21533203125
2025-09-02 11:36:08,144: Step 40, Train PSNR 28.68542113304138
2025-09-02 11:36:08,605: Jac Loss 5397.9619140625
2025-09-02 11:36:11,565: [Epoch 93] Train Loss: 2.72E+01, PSNR: 28.70
2025-09-02 11:36:12,194: Jac Loss 5282.3828125
2025-09-02 11:36:15,572: Jac Loss 5559.22314453125
2025-09-02 11:36:18,638: Step 10, Train PSNR 28.630122566223143
2025-09-02 11:36:19,174: Jac Loss 5501.341796875
2025-09-02 11:36:22,636: Jac Loss 5380.4140625
2025-09-02 11:36:25,597: Step 20, Train PSNR 28.778364658355713
2025-09-02 11:36:26,089: Jac Loss 5624.638671875
2025-09-02 11:36:29,606: Jac Loss 5637.54296875
2025-09-02 11:36:32,602: Step 30, Train PSNR 28.916201972961424
2025-09-02 11:36:33,088: Jac Loss 5636.3984375
2025-09-02 11:36:36,681: Jac Loss 5347.921875
2025-09-02 11:36:39,674: Step 40, Train PSNR 28.83723077774048
2025-09-02 11:36:40,175: Jac Loss 5571.4423828125
2025-09-02 11:36:43,216: [Epoch 94] Train Loss: 2.60E+01, PSNR: 28.86
2025-09-02 11:36:43,860: Jac Loss 5611.87890625
2025-09-02 11:36:47,257: Jac Loss 5438.50341796875
2025-09-02 11:36:50,272: Step 10, Train PSNR 28.800675010681154
2025-09-02 11:36:50,732: Jac Loss 5406.30517578125
2025-09-02 11:36:54,225: Jac Loss 5287.154296875
2025-09-02 11:36:57,196: Step 20, Train PSNR 28.552268505096436
2025-09-02 11:36:57,723: Jac Loss 5259.0517578125
2025-09-02 11:37:01,182: Jac Loss 5375.361328125
2025-09-02 11:37:04,228: Step 30, Train PSNR 28.72932612101237
2025-09-02 11:37:04,749: Jac Loss 5308.046875
2025-09-02 11:37:08,207: Jac Loss 5211.25732421875
2025-09-02 11:37:11,020: Step 40, Train PSNR 28.60473475456238
2025-09-02 11:37:11,496: Jac Loss 5602.6455078125
2025-09-02 11:37:14,558: [Epoch 95] Train Loss: 2.70E+01, PSNR: 28.59
2025-09-02 11:37:15,250: Jac Loss 5804.87353515625
2025-09-02 11:37:18,637: Jac Loss 5505.91650390625
2025-09-02 11:37:21,663: Step 10, Train PSNR 29.499449729919434
2025-09-02 11:37:22,202: Jac Loss 5832.5830078125
2025-09-02 11:37:25,872: Jac Loss 5694.6396484375
2025-09-02 11:37:28,842: Step 20, Train PSNR 29.048281288146974
2025-09-02 11:37:29,339: Jac Loss 6004.22607421875
2025-09-02 11:37:32,894: Jac Loss 5745.994140625
2025-09-02 11:37:35,948: Step 30, Train PSNR 29.019549878438315
2025-09-02 11:37:36,436: Jac Loss 5399.431640625
2025-09-02 11:37:39,805: Jac Loss 5209.8857421875
2025-09-02 11:37:42,756: Step 40, Train PSNR 28.892698526382446
2025-09-02 11:37:43,209: Jac Loss 4962.3193359375
2025-09-02 11:37:46,242: [Epoch 96] Train Loss: 2.54E+01, PSNR: 28.95
2025-09-02 11:37:46,828: Jac Loss 5401.9833984375
2025-09-02 11:37:50,416: Jac Loss 5355.20703125
2025-09-02 11:37:53,446: Step 10, Train PSNR 28.68466739654541
2025-09-02 11:37:53,915: Jac Loss 5611.5693359375
2025-09-02 11:37:57,435: Jac Loss 5149.169921875
2025-09-02 11:38:00,445: Step 20, Train PSNR 28.84156036376953
2025-09-02 11:38:00,973: Jac Loss 5282.400390625
2025-09-02 11:38:04,470: Jac Loss 5503.826171875
2025-09-02 11:38:07,527: Step 30, Train PSNR 28.86414515177409
2025-09-02 11:38:08,023: Jac Loss 5446.6318359375
2025-09-02 11:38:11,665: Jac Loss 5462.7216796875
2025-09-02 11:38:14,613: Step 40, Train PSNR 28.834607076644897
2025-09-02 11:38:15,113: Jac Loss 5337.9990234375
2025-09-02 11:38:18,146: [Epoch 97] Train Loss: 2.60E+01, PSNR: 28.91
2025-09-02 11:38:18,715: Jac Loss 5016.708984375
2025-09-02 11:38:22,095: Jac Loss 5049.8330078125
2025-09-02 11:38:25,041: Step 10, Train PSNR 29.183339881896973
2025-09-02 11:38:25,481: Jac Loss 5202.0732421875
2025-09-02 11:38:28,917: Jac Loss 5722.55908203125
2025-09-02 11:38:32,063: Step 20, Train PSNR 29.19880771636963
2025-09-02 11:38:32,522: Jac Loss 5314.2509765625
2025-09-02 11:38:35,976: Jac Loss 5428.578125
2025-09-02 11:38:38,899: Step 30, Train PSNR 29.033001073201497
2025-09-02 11:38:39,396: Jac Loss 5415.67578125
2025-09-02 11:38:42,993: Jac Loss 5144.1298828125
2025-09-02 11:38:46,161: Step 40, Train PSNR 29.040036010742188
2025-09-02 11:38:46,658: Jac Loss 5169.3974609375
2025-09-02 11:38:49,649: [Epoch 98] Train Loss: 2.54E+01, PSNR: 28.99
2025-09-02 11:38:50,246: Jac Loss 5725.0693359375
2025-09-02 11:38:53,922: Jac Loss 5652.265625
2025-09-02 11:38:57,054: Step 10, Train PSNR 28.390286254882813
2025-09-02 11:38:57,589: Jac Loss 5179.02587890625
2025-09-02 11:39:00,899: Jac Loss 5261.2568359375
2025-09-02 11:39:04,020: Step 20, Train PSNR 28.215927028656004
2025-09-02 11:39:04,506: Jac Loss 5027.6240234375
2025-09-02 11:39:08,035: Jac Loss 5598.5654296875
2025-09-02 11:39:11,076: Step 30, Train PSNR 28.508652877807616
2025-09-02 11:39:11,562: Jac Loss 5654.96142578125
2025-09-02 11:39:14,987: Jac Loss 5167.3212890625
2025-09-02 11:39:17,826: Step 40, Train PSNR 28.681406259536743
2025-09-02 11:39:18,295: Jac Loss 5426.849609375
2025-09-02 11:39:21,402: [Epoch 99] Train Loss: 2.72E+01, PSNR: 28.65
2025-09-02 11:39:22,080: Jac Loss 5580.7978515625
2025-09-02 11:39:25,441: Jac Loss 5518.994140625
2025-09-02 11:39:28,476: Step 10, Train PSNR 28.757554817199708
2025-09-02 11:39:28,980: Jac Loss 5582.080078125
2025-09-02 11:39:32,648: Jac Loss 5559.6318359375
2025-09-02 11:39:35,692: Step 20, Train PSNR 28.892931079864503
2025-09-02 11:39:36,205: Jac Loss 5355.19482421875
2025-09-02 11:39:39,695: Jac Loss 5810.8974609375
2025-09-02 11:39:42,745: Step 30, Train PSNR 28.953983052571616
2025-09-02 11:39:43,276: Jac Loss 5422.34912109375
2025-09-02 11:39:46,767: Jac Loss 5651.1484375
2025-09-02 11:39:49,737: Step 40, Train PSNR 28.929378032684326
2025-09-02 11:39:50,258: Jac Loss 5359.177734375
2025-09-02 11:39:53,267: [Epoch 100] Train Loss: 2.57E+01, PSNR: 28.96
2025-09-02 11:40:05,278: [Epoch 100] Val Loss: 1.61E+02, PSNR: 28.66
