2025-09-02 09:06:43,635: Train WCRR with JFB on CT
2025-09-02 09:06:43,635: The model has 13767 parameters
2025-09-02 09:06:43,635: Parameters:
2025-09-02 09:06:43,635: load_pretrain: False, load_parameter_fitting: False, score_sigma: 0.015
2025-09-02 09:06:43,635: pretrain_epochs: 40, pretrain_lr: 0.01, epochs: 4
2025-09-02 09:06:43,635: adabelief: True, fitting_lr: 0.1, lr: 0.001
2025-09-02 09:06:43,635: jacobian_regularization: False, jacobian_regularization_parameter: 1e-08, lmbd: 1.0
2025-09-02 09:07:04,787: [Epoch 1] Train Loss: 1.59E+02, PSNR: 32.38
2025-09-02 09:07:17,569: [Epoch 2] Train Loss: 1.60E+01, PSNR: 35.74
2025-09-02 09:07:30,366: [Epoch 3] Train Loss: 1.49E+01, PSNR: 36.10
2025-09-02 09:07:43,183: [Epoch 4] Train Loss: 1.45E+01, PSNR: 36.23
2025-09-02 09:07:56,078: [Epoch 5] Train Loss: 1.42E+01, PSNR: 36.30
2025-09-02 09:08:08,856: [Epoch 6] Train Loss: 1.41E+01, PSNR: 36.37
2025-09-02 09:08:21,586: [Epoch 7] Train Loss: 1.40E+01, PSNR: 36.37
2025-09-02 09:08:34,450: [Epoch 8] Train Loss: 1.39E+01, PSNR: 36.42
2025-09-02 09:08:47,231: [Epoch 9] Train Loss: 1.38E+01, PSNR: 36.49
2025-09-02 09:08:59,981: [Epoch 10] Train Loss: 1.38E+01, PSNR: 36.49
2025-09-02 09:09:13,259: [Epoch 11] Train Loss: 1.38E+01, PSNR: 36.49
2025-09-02 09:09:25,928: [Epoch 12] Train Loss: 1.38E+01, PSNR: 36.52
2025-09-02 09:09:38,585: [Epoch 13] Train Loss: 1.38E+01, PSNR: 36.43
2025-09-02 09:09:51,390: [Epoch 14] Train Loss: 1.38E+01, PSNR: 36.50
2025-09-02 09:10:04,171: [Epoch 15] Train Loss: 1.38E+01, PSNR: 36.55
2025-09-02 09:10:16,824: [Epoch 16] Train Loss: 1.37E+01, PSNR: 36.50
2025-09-02 09:10:29,634: [Epoch 17] Train Loss: 1.37E+01, PSNR: 36.48
2025-09-02 09:10:42,707: [Epoch 18] Train Loss: 1.37E+01, PSNR: 36.54
2025-09-02 09:10:55,546: [Epoch 19] Train Loss: 1.37E+01, PSNR: 36.51
2025-09-02 09:11:08,355: [Epoch 20] Train Loss: 1.37E+01, PSNR: 36.57
2025-09-02 09:11:11,418: [Epoch 20] Val Loss: 6.54E+00, PSNR: 39.44
2025-09-02 09:11:24,455: [Epoch 21] Train Loss: 1.37E+01, PSNR: 36.55
2025-09-02 09:11:38,028: [Epoch 22] Train Loss: 1.36E+01, PSNR: 36.54
2025-09-02 09:11:51,086: [Epoch 23] Train Loss: 1.37E+01, PSNR: 36.57
2025-09-02 09:12:04,200: [Epoch 24] Train Loss: 1.36E+01, PSNR: 36.59
2025-09-02 09:12:17,377: [Epoch 25] Train Loss: 1.36E+01, PSNR: 36.57
2025-09-02 09:12:30,298: [Epoch 26] Train Loss: 1.37E+01, PSNR: 36.57
2025-09-02 09:12:43,249: [Epoch 27] Train Loss: 1.36E+01, PSNR: 36.59
2025-09-02 09:12:56,130: [Epoch 28] Train Loss: 1.37E+01, PSNR: 36.61
2025-09-02 09:13:09,370: [Epoch 29] Train Loss: 1.37E+01, PSNR: 36.56
2025-09-02 09:13:22,553: [Epoch 30] Train Loss: 1.36E+01, PSNR: 36.55
2025-09-02 09:13:35,571: [Epoch 31] Train Loss: 1.36E+01, PSNR: 36.57
2025-09-02 09:13:48,600: [Epoch 32] Train Loss: 1.35E+01, PSNR: 36.56
2025-09-02 09:14:01,829: [Epoch 33] Train Loss: 1.36E+01, PSNR: 36.57
2025-09-02 09:14:15,043: [Epoch 34] Train Loss: 1.36E+01, PSNR: 36.54
2025-09-02 09:14:28,785: [Epoch 35] Train Loss: 1.36E+01, PSNR: 36.54
2025-09-02 09:14:42,263: [Epoch 36] Train Loss: 1.36E+01, PSNR: 36.58
2025-09-02 09:14:55,884: [Epoch 37] Train Loss: 1.36E+01, PSNR: 36.55
2025-09-02 09:15:09,327: [Epoch 38] Train Loss: 1.35E+01, PSNR: 36.51
2025-09-02 09:15:22,784: [Epoch 39] Train Loss: 1.36E+01, PSNR: 36.59
2025-09-02 09:15:36,554: [Epoch 40] Train Loss: 1.36E+01, PSNR: 36.59
2025-09-02 09:15:39,797: [Epoch 40] Val Loss: 6.53E+00, PSNR: 39.46
2025-09-02 09:15:51,100: [Epoch 1] Train Loss: 1.52E+01, PSNR: 36.28
2025-09-02 09:16:00,159: [Epoch 2] Train Loss: 1.51E+01, PSNR: 36.30
2025-09-02 09:16:09,704: [Epoch 3] Train Loss: 1.47E+01, PSNR: 36.40
2025-09-02 09:16:19,499: [Epoch 4] Train Loss: 1.46E+01, PSNR: 36.45
2025-09-02 09:16:29,695: [Epoch 5] Train Loss: 1.43E+01, PSNR: 36.54
2025-09-02 09:16:40,100: [Epoch 6] Train Loss: 1.42E+01, PSNR: 36.59
2025-09-02 09:16:51,148: [Epoch 7] Train Loss: 1.41E+01, PSNR: 36.61
2025-09-02 09:17:02,109: [Epoch 8] Train Loss: 1.40E+01, PSNR: 36.65
2025-09-02 09:17:13,229: [Epoch 9] Train Loss: 1.39E+01, PSNR: 36.66
2025-09-02 09:17:24,164: [Epoch 10] Train Loss: 1.37E+01, PSNR: 36.73
2025-09-02 09:17:35,021: [Epoch 11] Train Loss: 1.38E+01, PSNR: 36.70
2025-09-02 09:17:46,930: [Epoch 12] Train Loss: 1.37E+01, PSNR: 36.72
2025-09-02 09:17:57,582: [Epoch 13] Train Loss: 1.37E+01, PSNR: 36.74
2025-09-02 09:18:08,387: [Epoch 14] Train Loss: 1.37E+01, PSNR: 36.73
2025-09-02 09:18:19,575: [Epoch 15] Train Loss: 1.38E+01, PSNR: 36.72
2025-09-02 09:18:32,207: [Epoch 16] Train Loss: 1.38E+01, PSNR: 36.71
2025-09-02 09:18:44,973: [Epoch 17] Train Loss: 1.37E+01, PSNR: 36.74
2025-09-02 09:18:57,214: [Epoch 18] Train Loss: 1.35E+01, PSNR: 36.79
2025-09-02 09:19:10,190: [Epoch 19] Train Loss: 1.36E+01, PSNR: 36.77
2025-09-02 09:19:20,968: [Epoch 20] Train Loss: 1.37E+01, PSNR: 36.76
2025-09-02 09:19:33,435: [Epoch 21] Train Loss: 1.38E+01, PSNR: 36.70
2025-09-02 09:19:46,223: [Epoch 22] Train Loss: 1.37E+01, PSNR: 36.73
2025-09-02 09:19:57,481: [Epoch 23] Train Loss: 1.35E+01, PSNR: 36.77
2025-09-02 09:20:07,792: [Epoch 24] Train Loss: 1.38E+01, PSNR: 36.70
2025-09-02 09:20:21,405: [Epoch 25] Train Loss: 1.36E+01, PSNR: 36.78
2025-09-02 09:39:04,725: [Epoch 25] Val Loss: 2.88E+01, PSNR: 33.62
2025-09-02 09:39:17,418: [Epoch 26] Train Loss: 1.38E+01, PSNR: 36.68
2025-09-02 09:39:31,123: [Epoch 27] Train Loss: 1.35E+01, PSNR: 36.79
2025-09-02 09:39:43,953: [Epoch 28] Train Loss: 1.36E+01, PSNR: 36.78
2025-09-02 09:39:57,521: [Epoch 29] Train Loss: 1.38E+01, PSNR: 36.69
2025-09-02 09:40:07,918: [Epoch 30] Train Loss: 1.36E+01, PSNR: 36.75
2025-09-02 09:40:21,830: [Epoch 31] Train Loss: 1.37E+01, PSNR: 36.74
2025-09-02 09:40:32,904: [Epoch 32] Train Loss: 1.36E+01, PSNR: 36.76
2025-09-02 09:40:45,922: [Epoch 33] Train Loss: 1.36E+01, PSNR: 36.76
2025-09-02 09:41:00,224: [Epoch 34] Train Loss: 1.36E+01, PSNR: 36.76
2025-09-02 09:41:14,437: [Epoch 35] Train Loss: 1.36E+01, PSNR: 36.76
2025-09-02 09:41:28,260: [Epoch 36] Train Loss: 1.38E+01, PSNR: 36.70
2025-09-02 09:41:41,635: [Epoch 37] Train Loss: 1.35E+01, PSNR: 36.80
2025-09-02 09:41:55,971: [Epoch 38] Train Loss: 1.37E+01, PSNR: 36.73
2025-09-02 09:42:08,305: [Epoch 39] Train Loss: 1.36E+01, PSNR: 36.76
2025-09-02 09:42:21,878: [Epoch 40] Train Loss: 1.36E+01, PSNR: 36.75
2025-09-02 09:42:35,686: [Epoch 41] Train Loss: 1.36E+01, PSNR: 36.77
2025-09-02 09:42:49,414: [Epoch 42] Train Loss: 1.39E+01, PSNR: 36.67
2025-09-02 09:43:02,959: [Epoch 43] Train Loss: 1.37E+01, PSNR: 36.71
2025-09-02 09:43:17,352: [Epoch 44] Train Loss: 1.37E+01, PSNR: 36.73
2025-09-02 09:43:30,083: [Epoch 45] Train Loss: 1.37E+01, PSNR: 36.75
2025-09-02 09:43:44,237: [Epoch 46] Train Loss: 1.38E+01, PSNR: 36.69
2025-09-02 09:43:59,169: [Epoch 47] Train Loss: 1.37E+01, PSNR: 36.71
2025-09-02 09:44:14,003: [Epoch 48] Train Loss: 1.37E+01, PSNR: 36.74
2025-09-02 09:44:28,557: [Epoch 49] Train Loss: 1.36E+01, PSNR: 36.76
2025-09-02 09:44:43,204: [Epoch 50] Train Loss: 1.39E+01, PSNR: 36.67
2025-09-02 10:07:09,750: [Epoch 50] Val Loss: 2.91E+01, PSNR: 33.60
2025-09-02 10:07:24,803: [Epoch 51] Train Loss: 1.36E+01, PSNR: 36.77
2025-09-02 10:07:39,491: [Epoch 52] Train Loss: 1.36E+01, PSNR: 36.77
2025-09-02 10:07:54,168: [Epoch 53] Train Loss: 1.36E+01, PSNR: 36.76
2025-09-02 10:08:08,533: [Epoch 54] Train Loss: 1.39E+01, PSNR: 36.69
2025-09-02 10:08:23,306: [Epoch 55] Train Loss: 1.37E+01, PSNR: 36.74
2025-09-02 10:08:37,678: [Epoch 56] Train Loss: 1.37E+01, PSNR: 36.72
2025-09-02 10:08:51,470: [Epoch 57] Train Loss: 1.38E+01, PSNR: 36.72
2025-09-02 10:09:05,927: [Epoch 58] Train Loss: 1.37E+01, PSNR: 36.72
2025-09-02 10:09:20,491: [Epoch 59] Train Loss: 1.37E+01, PSNR: 36.73
2025-09-02 10:09:34,865: [Epoch 60] Train Loss: 1.37E+01, PSNR: 36.73
2025-09-02 10:09:49,288: [Epoch 61] Train Loss: 1.38E+01, PSNR: 36.70
2025-09-02 10:10:04,397: [Epoch 62] Train Loss: 1.37E+01, PSNR: 36.73
2025-09-02 10:10:18,511: [Epoch 63] Train Loss: 1.37E+01, PSNR: 36.75
2025-09-02 10:10:33,250: [Epoch 64] Train Loss: 1.35E+01, PSNR: 36.80
2025-09-02 10:10:48,083: [Epoch 65] Train Loss: 1.37E+01, PSNR: 36.75
2025-09-02 10:11:03,077: [Epoch 66] Train Loss: 1.36E+01, PSNR: 36.76
2025-09-02 10:11:17,689: [Epoch 67] Train Loss: 1.37E+01, PSNR: 36.73
2025-09-02 10:11:32,127: [Epoch 68] Train Loss: 1.37E+01, PSNR: 36.74
2025-09-02 10:11:47,245: [Epoch 69] Train Loss: 1.36E+01, PSNR: 36.78
2025-09-02 10:12:02,501: [Epoch 70] Train Loss: 1.38E+01, PSNR: 36.70
2025-09-02 10:12:16,948: [Epoch 71] Train Loss: 1.36E+01, PSNR: 36.75
2025-09-02 10:12:31,677: [Epoch 72] Train Loss: 1.37E+01, PSNR: 36.71
2025-09-02 10:12:46,871: [Epoch 73] Train Loss: 1.38E+01, PSNR: 36.70
2025-09-02 10:13:02,026: [Epoch 74] Train Loss: 1.37E+01, PSNR: 36.73
2025-09-02 10:13:17,180: [Epoch 75] Train Loss: 1.35E+01, PSNR: 36.80
2025-09-02 10:36:22,391: [Epoch 75] Val Loss: 2.92E+01, PSNR: 33.59
2025-09-02 10:36:37,248: [Epoch 76] Train Loss: 1.38E+01, PSNR: 36.70
2025-09-02 10:36:52,063: [Epoch 77] Train Loss: 1.37E+01, PSNR: 36.73
2025-09-02 10:37:07,392: [Epoch 78] Train Loss: 1.36E+01, PSNR: 36.78
2025-09-02 10:37:22,402: [Epoch 79] Train Loss: 1.37E+01, PSNR: 36.74
2025-09-02 10:37:37,475: [Epoch 80] Train Loss: 1.38E+01, PSNR: 36.72
2025-09-02 10:37:51,864: [Epoch 81] Train Loss: 1.38E+01, PSNR: 36.70
2025-09-02 10:38:06,917: [Epoch 82] Train Loss: 1.37E+01, PSNR: 36.73
2025-09-02 10:38:22,161: [Epoch 83] Train Loss: 1.37E+01, PSNR: 36.72
2025-09-02 10:38:37,476: [Epoch 84] Train Loss: 1.38E+01, PSNR: 36.68
2025-09-02 10:38:52,689: [Epoch 85] Train Loss: 1.37E+01, PSNR: 36.73
2025-09-02 10:39:08,261: [Epoch 86] Train Loss: 1.38E+01, PSNR: 36.69
2025-09-02 10:39:23,390: [Epoch 87] Train Loss: 1.37E+01, PSNR: 36.72
2025-09-02 10:39:38,953: [Epoch 88] Train Loss: 1.38E+01, PSNR: 36.70
2025-09-02 10:39:54,467: [Epoch 89] Train Loss: 1.38E+01, PSNR: 36.69
2025-09-02 10:40:09,530: [Epoch 90] Train Loss: 1.37E+01, PSNR: 36.75
2025-09-02 10:40:24,754: [Epoch 91] Train Loss: 1.38E+01, PSNR: 36.70
2025-09-02 10:40:39,911: [Epoch 92] Train Loss: 1.37E+01, PSNR: 36.74
2025-09-02 10:40:54,872: [Epoch 93] Train Loss: 1.40E+01, PSNR: 36.65
2025-09-02 10:41:09,672: [Epoch 94] Train Loss: 1.37E+01, PSNR: 36.73
2025-09-02 10:41:24,793: [Epoch 95] Train Loss: 1.36E+01, PSNR: 36.75
2025-09-02 10:41:40,181: [Epoch 96] Train Loss: 1.37E+01, PSNR: 36.73
2025-09-02 10:41:54,705: [Epoch 97] Train Loss: 1.37E+01, PSNR: 36.74
2025-09-02 10:42:10,098: [Epoch 98] Train Loss: 1.36E+01, PSNR: 36.74
2025-09-02 10:42:25,103: [Epoch 99] Train Loss: 1.37E+01, PSNR: 36.75
2025-09-02 10:42:39,939: [Epoch 100] Train Loss: 1.37E+01, PSNR: 36.74
2025-09-02 11:06:44,048: [Epoch 100] Val Loss: 2.92E+01, PSNR: 33.58
2025-09-02 11:10:17,840: Step 10, Train PSNR 33.87974395751953
2025-09-02 11:14:05,171: Step 20, Train PSNR 33.692223167419435
2025-09-02 11:17:40,262: Step 30, Train PSNR 33.90747833251953
2025-09-02 11:21:40,932: Step 40, Train PSNR 33.99363784790039
2025-09-02 11:25:17,270: Step 50, Train PSNR 34.04699775695801
2025-09-02 11:29:02,458: Step 60, Train PSNR 34.03535410563151
2025-09-02 11:33:02,854: Step 70, Train PSNR 34.08820179530552
2025-09-02 11:37:06,546: Step 80, Train PSNR 34.19222645759582
2025-09-02 11:40:44,509: Step 90, Train PSNR 34.23499031066895
2025-09-02 11:44:42,352: Step 100, Train PSNR 34.191223011016845
2025-09-02 11:48:47,523: Step 110, Train PSNR 34.14800652590665
2025-09-02 11:52:31,729: Step 120, Train PSNR 34.119239250818886
2025-09-02 11:56:38,715: Step 130, Train PSNR 34.08541311117319
2025-09-02 12:00:24,456: Step 140, Train PSNR 34.08726895196097
2025-09-02 12:04:00,560: Step 150, Train PSNR 34.07803824106852
2025-09-02 12:08:12,565: Step 160, Train PSNR 34.03768492937088
2025-09-02 12:12:00,691: Step 170, Train PSNR 34.07091568217558
2025-09-02 12:15:57,547: Step 180, Train PSNR 34.06264581680298
2025-09-02 12:16:41,877: maxiter hit in iteration 181
2025-09-02 12:20:05,095: Step 190, Train PSNR 34.04681945600008
2025-09-02 12:23:54,116: Step 200, Train PSNR 34.05684971809387
2025-09-02 12:28:15,612: Step 210, Train PSNR 34.041391227358865
2025-09-02 12:32:05,713: Step 220, Train PSNR 34.05367863394997
2025-09-02 12:35:48,470: Step 230, Train PSNR 34.06138624108356
2025-09-02 12:39:32,720: Step 240, Train PSNR 34.070614131291705
2025-09-02 12:43:50,053: Step 250, Train PSNR 34.057864669799805
2025-09-02 12:47:36,424: Step 260, Train PSNR 34.0528327355018
2025-09-02 12:51:25,939: Step 270, Train PSNR 34.060396879690664
2025-09-02 12:55:20,143: Step 280, Train PSNR 34.06927745682852
2025-09-02 12:59:02,245: Step 290, Train PSNR 34.08698074735444
2025-09-02 13:02:49,098: Step 300, Train PSNR 34.110076071421304
2025-09-02 13:06:28,013: Step 310, Train PSNR 34.128030217078425
2025-09-02 13:10:25,622: Step 320, Train PSNR 34.13082963824272
2025-09-02 13:14:41,617: Step 330, Train PSNR 34.131126502065946
2025-09-02 13:18:38,849: Step 340, Train PSNR 34.11238300660077
2025-09-02 13:22:33,046: Step 350, Train PSNR 34.12548303331648
2025-09-02 13:26:20,896: Step 360, Train PSNR 34.13333081669278
2025-09-02 13:30:07,575: Step 370, Train PSNR 34.12707856152509
2025-09-02 13:34:02,329: Step 380, Train PSNR 34.12402300081755
2025-09-02 13:38:11,556: Step 390, Train PSNR 34.12122292640882
2025-09-02 13:40:27,448: [Epoch 1] Train Loss: 2.50E+01, PSNR: 34.12
2025-09-02 14:04:26,622: [Epoch 1] Val Loss: 2.79E+01, PSNR: 33.77
2025-09-02 14:08:25,329: Step 10, Train PSNR 34.07722129821777
2025-09-02 14:12:35,697: Step 20, Train PSNR 34.11901512145996
2025-09-02 14:14:03,072: maxiter hit in iteration 23
2025-09-02 14:16:49,007: Step 30, Train PSNR 34.10463549296061
2025-09-02 14:20:33,610: Step 40, Train PSNR 34.19927625656128
2025-09-02 14:24:21,644: Step 50, Train PSNR 34.12908676147461
2025-09-02 14:28:20,750: Step 60, Train PSNR 34.168463134765624
2025-09-02 14:30:13,232: maxiter hit in iteration 64
2025-09-02 14:32:03,072: maxiter hit in iteration 68
2025-09-02 14:32:54,765: Step 70, Train PSNR 34.12642146519252
2025-09-02 14:36:54,214: Step 80, Train PSNR 34.12767496109009
2025-09-02 14:40:35,880: Step 90, Train PSNR 34.17831793891059
2025-09-02 14:44:30,743: Step 100, Train PSNR 34.175552940368654
2025-09-02 14:48:40,464: Step 110, Train PSNR 34.14848450747403
2025-09-02 14:52:30,181: Step 120, Train PSNR 34.12485877672831
2025-09-02 14:56:13,125: Step 130, Train PSNR 34.1423802449153
2025-09-02 15:00:28,276: Step 140, Train PSNR 34.140363516126364
2025-09-02 15:04:20,275: Step 150, Train PSNR 34.169309425354
2025-09-02 15:08:06,485: Step 160, Train PSNR 34.202787697315216
2025-09-02 15:11:56,091: Step 170, Train PSNR 34.22332713183235
2025-09-02 15:15:49,468: Step 180, Train PSNR 34.21544894112481
2025-09-02 15:16:56,772: maxiter hit in iteration 182
2025-09-02 15:20:17,547: Step 190, Train PSNR 34.20828003130461
2025-09-02 15:24:10,961: Step 200, Train PSNR 34.204792718887326
2025-09-02 15:28:07,071: Step 210, Train PSNR 34.2154934383574
2025-09-02 15:32:13,495: Step 220, Train PSNR 34.20616859956221
2025-09-02 15:36:10,787: Step 230, Train PSNR 34.20044228097667
2025-09-02 15:40:30,763: Step 240, Train PSNR 34.16414779027303
2025-09-02 15:42:27,964: maxiter hit in iteration 244
2025-09-02 15:44:40,129: Step 250, Train PSNR 34.15392512512207
2025-09-02 15:48:20,401: Step 260, Train PSNR 34.15977235940787
2025-09-02 15:52:10,862: Step 270, Train PSNR 34.15761147958261
2025-09-02 15:55:56,558: Step 280, Train PSNR 34.148813942500524
2025-09-02 15:59:50,362: Step 290, Train PSNR 34.16285638480351
2025-09-02 16:03:42,143: Step 300, Train PSNR 34.1594193649292
2025-09-02 16:07:49,527: Step 310, Train PSNR 34.163066002630416
2025-09-02 16:11:32,645: Step 320, Train PSNR 34.16843124628067
2025-09-02 16:15:23,170: Step 330, Train PSNR 34.168363837039834
2025-09-02 16:19:08,024: Step 340, Train PSNR 34.16392541773179
2025-09-02 16:23:17,830: Step 350, Train PSNR 34.16352752685547
2025-09-02 16:27:05,481: Step 360, Train PSNR 34.166738478342694
2025-09-02 16:30:53,538: Step 370, Train PSNR 34.168642126547326
2025-09-02 16:34:48,343: Step 380, Train PSNR 34.1672530124062
2025-09-02 16:38:41,922: Step 390, Train PSNR 34.15711936950684
2025-09-02 16:41:08,584: [Epoch 2] Train Loss: 2.48E+01, PSNR: 34.16
2025-09-02 17:03:09,798: [Epoch 2] Val Loss: 2.79E+01, PSNR: 33.77
2025-09-02 17:06:56,272: Step 10, Train PSNR 33.98688926696777
2025-09-02 17:10:56,273: Step 20, Train PSNR 33.8856861114502
2025-09-02 17:14:47,984: Step 30, Train PSNR 34.06312154134115
2025-09-02 17:18:56,673: Step 40, Train PSNR 33.99489517211914
2025-09-02 17:23:00,126: Step 50, Train PSNR 34.08177894592285
2025-09-02 17:26:41,376: Step 60, Train PSNR 34.047665405273435
2025-09-02 17:30:30,940: Step 70, Train PSNR 34.1013911655971
2025-09-02 17:34:27,477: Step 80, Train PSNR 34.144902276992795
2025-09-02 17:38:25,408: Step 90, Train PSNR 34.17372966342502
2025-09-02 17:42:21,985: Step 100, Train PSNR 34.17999866485596
2025-09-02 17:46:07,510: Step 110, Train PSNR 34.238756595958364
2025-09-02 17:50:02,598: Step 120, Train PSNR 34.251772785186766
2025-09-02 17:54:01,900: Step 130, Train PSNR 34.209358127300554
2025-09-02 17:58:12,049: Step 140, Train PSNR 34.19604775565011
2025-09-02 18:01:59,645: Step 150, Train PSNR 34.20879076639811
2025-09-02 18:05:59,867: Step 160, Train PSNR 34.19094569683075
2025-09-02 18:09:55,839: Step 170, Train PSNR 34.23934514662799
2025-09-02 18:14:06,313: Step 180, Train PSNR 34.23308063083225
2025-09-02 18:18:03,999: Step 190, Train PSNR 34.204824758830824
2025-09-02 18:21:59,678: Step 200, Train PSNR 34.19566353797913
2025-09-02 18:25:47,760: Step 210, Train PSNR 34.209508341834656
2025-09-02 18:29:47,274: Step 220, Train PSNR 34.21666023080999
2025-09-02 18:33:44,482: Step 230, Train PSNR 34.24067322274913
2025-09-02 18:37:46,581: Step 240, Train PSNR 34.23690404097239
2025-09-02 18:41:40,802: Step 250, Train PSNR 34.24473345184326
2025-09-02 18:45:27,081: Step 260, Train PSNR 34.25547688557551
2025-09-02 18:49:55,891: Step 270, Train PSNR 34.239180388274015
2025-09-02 18:53:49,333: Step 280, Train PSNR 34.22822527204241
2025-09-02 18:57:51,272: Step 290, Train PSNR 34.232696112271014
2025-09-02 19:01:42,697: Step 300, Train PSNR 34.210864041646325
2025-09-02 19:05:24,997: Step 310, Train PSNR 34.20037487399193
2025-09-02 19:09:26,671: Step 320, Train PSNR 34.18444941043854
2025-09-02 19:13:31,628: Step 330, Train PSNR 34.169910141915985
2025-09-02 19:17:14,871: Step 340, Train PSNR 34.17539636948529
2025-09-02 19:21:04,821: Step 350, Train PSNR 34.17539777483259
2025-09-02 19:24:54,164: Step 360, Train PSNR 34.16392869949341
2025-09-02 19:28:43,145: Step 370, Train PSNR 34.17467807048076
2025-09-02 19:32:30,454: Step 380, Train PSNR 34.178244801571495
2025-09-02 19:34:46,066: maxiter hit in iteration 385
2025-09-02 19:36:43,400: Step 390, Train PSNR 34.16398900838999
2025-09-02 19:38:56,076: [Epoch 3] Train Loss: 2.47E+01, PSNR: 34.16
2025-09-02 20:00:42,231: [Epoch 3] Val Loss: 2.78E+01, PSNR: 33.78
2025-09-02 20:04:25,042: Step 10, Train PSNR 34.08137130737305
2025-09-02 20:08:21,475: Step 20, Train PSNR 34.03726673126221
2025-09-02 20:12:28,038: Step 30, Train PSNR 33.90470390319824
2025-09-02 20:16:22,284: Step 40, Train PSNR 33.98931932449341
2025-09-02 20:20:09,657: Step 50, Train PSNR 34.07502899169922
2025-09-02 20:24:01,150: Step 60, Train PSNR 34.08972670237223
2025-09-02 20:27:59,885: Step 70, Train PSNR 34.157412447248184
2025-09-02 20:31:58,456: Step 80, Train PSNR 34.13916711807251
2025-09-02 20:35:42,703: Step 90, Train PSNR 34.155887095133465
2025-09-02 20:39:29,752: Step 100, Train PSNR 34.18815891265869
2025-09-02 20:43:10,528: Step 110, Train PSNR 34.210796217484905
2025-09-02 20:47:05,224: Step 120, Train PSNR 34.22907590866089
2025-09-02 20:50:44,365: Step 130, Train PSNR 34.22535550044133
2025-09-02 20:54:38,694: Step 140, Train PSNR 34.20988254547119
2025-09-02 20:58:34,195: Step 150, Train PSNR 34.18379826863607
2025-09-02 21:02:49,610: Step 160, Train PSNR 34.123993730545045
2025-09-02 21:06:38,913: Step 170, Train PSNR 34.1661122490378
2025-09-02 21:10:53,507: Step 180, Train PSNR 34.16934324900309
2025-09-02 21:14:41,714: Step 190, Train PSNR 34.16776906063682
2025-09-02 21:18:25,103: Step 200, Train PSNR 34.17668474197388
2025-09-02 21:22:14,016: Step 210, Train PSNR 34.15117717924572
2025-09-02 21:26:01,346: Step 220, Train PSNR 34.1531646901911
2025-09-02 21:29:55,506: Step 230, Train PSNR 34.16461987702743
2025-09-02 21:33:45,331: Step 240, Train PSNR 34.16204268137614
2025-09-02 21:37:54,316: Step 250, Train PSNR 34.14522171020508
2025-09-02 21:41:39,116: Step 260, Train PSNR 34.143036636939414
2025-09-02 21:45:33,809: Step 270, Train PSNR 34.16282453183775
2025-09-02 21:49:50,311: Step 280, Train PSNR 34.16665966851371
2025-09-02 21:53:39,123: Step 290, Train PSNR 34.17647464357574
2025-09-02 21:57:24,988: Step 300, Train PSNR 34.18177075703939
2025-09-02 22:01:20,006: Step 310, Train PSNR 34.178856646630074
2025-09-02 22:03:31,643: maxiter hit in iteration 315
2025-09-02 22:05:36,536: Step 320, Train PSNR 34.18100734949112
2025-09-02 22:09:48,624: Step 330, Train PSNR 34.17211660905318
2025-09-02 22:13:48,493: Step 340, Train PSNR 34.173548518910124
2025-09-02 22:17:45,316: Step 350, Train PSNR 34.17305537632534
2025-09-02 22:22:07,007: Step 360, Train PSNR 34.17170213063558
2025-09-02 22:26:09,493: Step 370, Train PSNR 34.180322399654905
2025-09-02 22:30:02,049: Step 380, Train PSNR 34.18258544520328
2025-09-02 22:33:46,855: Step 390, Train PSNR 34.18032200153058
2025-09-02 22:35:59,147: [Epoch 4] Train Loss: 2.47E+01, PSNR: 34.17
2025-09-02 22:57:27,515: [Epoch 4] Val Loss: 2.76E+01, PSNR: 33.79
