2025-09-07 00:41:19,799: Average training loss in epoch 1: 1.63E+03, average grad loss: 1.69E+03
2025-09-07 00:42:43,146: Average training loss in epoch 2: -7.00E+00, average grad loss: 2.55E+01
2025-09-07 00:44:06,977: Average training loss in epoch 3: -1.92E+01, average grad loss: 1.31E+01
2025-09-07 00:45:31,186: Average training loss in epoch 4: -2.16E+01, average grad loss: 1.03E+01
2025-09-07 00:46:55,661: Average training loss in epoch 5: -2.31E+01, average grad loss: 9.52E+00
2025-09-07 00:48:20,347: Average training loss in epoch 6: -2.37E+01, average grad loss: 9.19E+00
2025-09-07 00:49:45,040: Average training loss in epoch 7: -2.42E+01, average grad loss: 8.92E+00
2025-09-07 00:51:10,007: Average training loss in epoch 8: -2.48E+01, average grad loss: 9.04E+00
2025-09-07 00:52:34,985: Average training loss in epoch 9: -2.53E+01, average grad loss: 8.94E+00
2025-09-07 00:53:59,945: Average training loss in epoch 10: -2.56E+01, average grad loss: 8.96E+00
2025-09-07 01:09:27,651: [Epoch 10] PSNR: 30.75
2025-09-07 01:10:52,943: Average training loss in epoch 11: -2.58E+01, average grad loss: 8.88E+00
2025-09-07 01:12:18,059: Average training loss in epoch 12: -2.61E+01, average grad loss: 8.86E+00
2025-09-07 01:13:43,217: Average training loss in epoch 13: -2.61E+01, average grad loss: 8.81E+00
2025-09-07 01:15:08,402: Average training loss in epoch 14: -2.62E+01, average grad loss: 8.79E+00
2025-09-07 01:16:33,520: Average training loss in epoch 15: -2.64E+01, average grad loss: 8.85E+00
2025-09-07 01:17:58,709: Average training loss in epoch 16: -2.65E+01, average grad loss: 8.85E+00
2025-09-07 01:19:23,843: Average training loss in epoch 17: -2.67E+01, average grad loss: 8.91E+00
2025-09-07 01:20:48,863: Average training loss in epoch 18: -2.67E+01, average grad loss: 8.88E+00
2025-09-07 01:22:14,035: Average training loss in epoch 19: -2.68E+01, average grad loss: 8.85E+00
2025-09-07 01:23:39,287: Average training loss in epoch 20: -2.67E+01, average grad loss: 8.79E+00
2025-09-07 01:37:50,489: [Epoch 20] PSNR: 31.83
2025-09-07 01:39:15,628: Average training loss in epoch 21: -2.69E+01, average grad loss: 8.89E+00
2025-09-07 01:40:40,763: Average training loss in epoch 22: -2.70E+01, average grad loss: 8.86E+00
2025-09-07 01:42:05,883: Average training loss in epoch 23: -2.69E+01, average grad loss: 8.80E+00
2025-09-07 01:43:31,044: Average training loss in epoch 24: -2.69E+01, average grad loss: 8.76E+00
2025-09-07 01:44:56,058: Average training loss in epoch 25: -2.70E+01, average grad loss: 8.88E+00
2025-09-07 01:46:21,055: Average training loss in epoch 26: -2.70E+01, average grad loss: 8.82E+00
2025-09-07 01:47:46,205: Average training loss in epoch 27: -2.70E+01, average grad loss: 8.80E+00
2025-09-07 01:49:11,208: Average training loss in epoch 28: -2.71E+01, average grad loss: 8.84E+00
2025-09-07 01:50:36,335: Average training loss in epoch 29: -2.71E+01, average grad loss: 8.80E+00
2025-09-07 01:52:01,336: Average training loss in epoch 30: -2.70E+01, average grad loss: 8.75E+00
2025-09-07 02:05:07,958: [Epoch 30] PSNR: 32.08
2025-09-07 02:06:33,133: Average training loss in epoch 31: -2.71E+01, average grad loss: 8.84E+00
2025-09-07 02:07:58,348: Average training loss in epoch 32: -2.71E+01, average grad loss: 8.80E+00
2025-09-07 02:09:23,505: Average training loss in epoch 33: -2.70E+01, average grad loss: 8.76E+00
2025-09-07 02:10:48,690: Average training loss in epoch 34: -2.71E+01, average grad loss: 8.79E+00
2025-09-07 02:12:13,863: Average training loss in epoch 35: -2.71E+01, average grad loss: 8.82E+00
2025-09-07 02:13:38,882: Average training loss in epoch 36: -2.71E+01, average grad loss: 8.79E+00
2025-09-07 02:15:04,014: Average training loss in epoch 37: -2.71E+01, average grad loss: 8.87E+00
2025-09-07 02:16:29,137: Average training loss in epoch 38: -2.72E+01, average grad loss: 8.94E+00
2025-09-07 02:17:54,303: Average training loss in epoch 39: -2.73E+01, average grad loss: 8.92E+00
2025-09-07 02:19:19,300: Average training loss in epoch 40: -2.73E+01, average grad loss: 8.90E+00
2025-09-07 02:32:27,738: [Epoch 40] PSNR: 32.25
2025-09-07 02:33:52,873: Average training loss in epoch 41: -2.73E+01, average grad loss: 9.00E+00
2025-09-07 02:35:17,996: Average training loss in epoch 42: -2.73E+01, average grad loss: 8.92E+00
2025-09-07 02:36:42,987: Average training loss in epoch 43: -2.73E+01, average grad loss: 8.90E+00
2025-09-07 02:38:08,182: Average training loss in epoch 44: -2.73E+01, average grad loss: 8.94E+00
2025-09-07 02:39:33,341: Average training loss in epoch 45: -2.74E+01, average grad loss: 8.98E+00
2025-09-07 02:40:58,405: Average training loss in epoch 46: -2.74E+01, average grad loss: 9.03E+00
2025-09-07 02:42:23,651: Average training loss in epoch 47: -2.75E+01, average grad loss: 9.00E+00
2025-09-07 02:43:48,834: Average training loss in epoch 48: -2.75E+01, average grad loss: 9.04E+00
2025-09-07 02:45:14,034: Average training loss in epoch 49: -2.75E+01, average grad loss: 9.01E+00
2025-09-07 02:46:39,040: Average training loss in epoch 50: -2.75E+01, average grad loss: 8.97E+00
2025-09-07 02:59:24,610: [Epoch 50] PSNR: 32.46
2025-09-07 03:00:49,742: Average training loss in epoch 51: -2.75E+01, average grad loss: 9.00E+00
2025-09-07 03:02:14,880: Average training loss in epoch 52: -2.76E+01, average grad loss: 8.98E+00
2025-09-07 03:03:40,072: Average training loss in epoch 53: -2.76E+01, average grad loss: 9.00E+00
2025-09-07 03:05:05,232: Average training loss in epoch 54: -2.77E+01, average grad loss: 9.03E+00
2025-09-07 03:06:30,254: Average training loss in epoch 55: -2.77E+01, average grad loss: 9.09E+00
2025-09-07 03:07:55,374: Average training loss in epoch 56: -2.76E+01, average grad loss: 9.05E+00
2025-09-07 03:09:20,488: Average training loss in epoch 57: -2.77E+01, average grad loss: 9.05E+00
2025-09-07 03:10:45,600: Average training loss in epoch 58: -2.77E+01, average grad loss: 9.01E+00
2025-09-07 03:12:10,687: Average training loss in epoch 59: -2.77E+01, average grad loss: 9.09E+00
2025-09-07 03:13:35,687: Average training loss in epoch 60: -2.78E+01, average grad loss: 9.09E+00
2025-09-07 03:26:10,219: [Epoch 60] PSNR: 32.48
2025-09-07 03:27:35,396: Average training loss in epoch 61: -2.78E+01, average grad loss: 9.07E+00
2025-09-07 03:29:00,558: Average training loss in epoch 62: -2.78E+01, average grad loss: 9.08E+00
2025-09-07 03:30:25,731: Average training loss in epoch 63: -2.78E+01, average grad loss: 9.10E+00
2025-09-07 03:31:50,822: Average training loss in epoch 64: -2.78E+01, average grad loss: 9.05E+00
2025-09-07 03:33:16,048: Average training loss in epoch 65: -2.79E+01, average grad loss: 9.07E+00
2025-09-07 03:34:41,256: Average training loss in epoch 66: -2.79E+01, average grad loss: 9.11E+00
2025-09-07 03:36:06,375: Average training loss in epoch 67: -2.79E+01, average grad loss: 9.17E+00
2025-09-07 03:37:31,647: Average training loss in epoch 68: -2.79E+01, average grad loss: 9.13E+00
2025-09-07 03:38:56,859: Average training loss in epoch 69: -2.79E+01, average grad loss: 9.11E+00
2025-09-07 03:40:22,077: Average training loss in epoch 70: -2.79E+01, average grad loss: 9.10E+00
2025-09-07 03:52:54,288: [Epoch 70] PSNR: 32.54
2025-09-07 03:54:19,520: Average training loss in epoch 71: -2.79E+01, average grad loss: 9.07E+00
2025-09-07 03:55:44,691: Average training loss in epoch 72: -2.80E+01, average grad loss: 9.15E+00
2025-09-07 03:57:09,914: Average training loss in epoch 73: -2.79E+01, average grad loss: 9.09E+00
2025-09-07 03:58:35,080: Average training loss in epoch 74: -2.80E+01, average grad loss: 9.12E+00
2025-09-07 04:00:00,269: Average training loss in epoch 75: -2.79E+01, average grad loss: 9.12E+00
2025-09-07 04:01:25,316: Average training loss in epoch 76: -2.79E+01, average grad loss: 9.10E+00
2025-09-07 04:02:50,529: Average training loss in epoch 77: -2.80E+01, average grad loss: 9.18E+00
2025-09-07 04:04:15,821: Average training loss in epoch 78: -2.79E+01, average grad loss: 9.08E+00
2025-09-07 04:05:41,006: Average training loss in epoch 79: -2.79E+01, average grad loss: 9.10E+00
2025-09-07 04:07:06,370: Average training loss in epoch 80: -2.80E+01, average grad loss: 9.14E+00
2025-09-07 04:19:38,501: [Epoch 80] PSNR: 32.52
2025-09-07 04:21:03,706: Average training loss in epoch 81: -2.80E+01, average grad loss: 9.13E+00
2025-09-07 04:22:28,899: Average training loss in epoch 82: -2.80E+01, average grad loss: 9.15E+00
2025-09-07 04:23:54,111: Average training loss in epoch 83: -2.81E+01, average grad loss: 9.23E+00
2025-09-07 04:25:19,292: Average training loss in epoch 84: -2.80E+01, average grad loss: 9.14E+00
2025-09-07 04:26:44,501: Average training loss in epoch 85: -2.81E+01, average grad loss: 9.17E+00
2025-09-07 04:28:09,703: Average training loss in epoch 86: -2.80E+01, average grad loss: 9.16E+00
2025-09-07 04:29:34,972: Average training loss in epoch 87: -2.80E+01, average grad loss: 9.15E+00
2025-09-07 04:31:00,232: Average training loss in epoch 88: -2.80E+01, average grad loss: 9.15E+00
2025-09-07 04:32:25,494: Average training loss in epoch 89: -2.80E+01, average grad loss: 9.10E+00
2025-09-07 04:33:50,743: Average training loss in epoch 90: -2.80E+01, average grad loss: 9.13E+00
2025-09-07 04:46:21,847: [Epoch 90] PSNR: 32.61
2025-09-07 04:47:47,093: Average training loss in epoch 91: -2.81E+01, average grad loss: 9.15E+00
2025-09-07 04:49:12,314: Average training loss in epoch 92: -2.81E+01, average grad loss: 9.17E+00
2025-09-07 04:50:37,532: Average training loss in epoch 93: -2.81E+01, average grad loss: 9.15E+00
2025-09-07 04:52:02,765: Average training loss in epoch 94: -2.80E+01, average grad loss: 9.07E+00
2025-09-07 04:53:27,956: Average training loss in epoch 95: -2.81E+01, average grad loss: 9.15E+00
2025-09-07 04:54:53,206: Average training loss in epoch 96: -2.81E+01, average grad loss: 9.17E+00
2025-09-07 04:56:18,421: Average training loss in epoch 97: -2.81E+01, average grad loss: 9.14E+00
2025-09-07 04:57:43,645: Average training loss in epoch 98: -2.80E+01, average grad loss: 9.16E+00
2025-09-07 04:59:08,911: Average training loss in epoch 99: -2.80E+01, average grad loss: 9.14E+00
2025-09-07 05:00:34,196: Average training loss in epoch 100: -2.80E+01, average grad loss: 9.13E+00
2025-09-07 05:12:56,329: [Epoch 100] PSNR: 32.64
2025-09-07 05:14:21,568: Average training loss in epoch 101: -2.81E+01, average grad loss: 9.15E+00
2025-09-07 05:15:46,807: Average training loss in epoch 102: -2.81E+01, average grad loss: 9.15E+00
2025-09-07 05:17:11,959: Average training loss in epoch 103: -2.81E+01, average grad loss: 9.15E+00
2025-09-07 05:18:37,183: Average training loss in epoch 104: -2.81E+01, average grad loss: 9.14E+00
2025-09-07 05:20:02,198: Average training loss in epoch 105: -2.80E+01, average grad loss: 9.11E+00
2025-09-07 05:21:27,373: Average training loss in epoch 106: -2.81E+01, average grad loss: 9.13E+00
2025-09-07 05:22:52,599: Average training loss in epoch 107: -2.80E+01, average grad loss: 9.12E+00
2025-09-07 05:24:17,774: Average training loss in epoch 108: -2.80E+01, average grad loss: 9.11E+00
2025-09-07 05:25:42,957: Average training loss in epoch 109: -2.81E+01, average grad loss: 9.20E+00
2025-09-07 05:27:08,124: Average training loss in epoch 110: -2.81E+01, average grad loss: 9.14E+00
2025-09-07 05:39:35,884: [Epoch 110] PSNR: 32.59
2025-09-07 05:41:01,031: Average training loss in epoch 111: -2.81E+01, average grad loss: 9.20E+00
2025-09-07 05:42:26,186: Average training loss in epoch 112: -2.81E+01, average grad loss: 9.19E+00
2025-09-07 05:43:51,346: Average training loss in epoch 113: -2.80E+01, average grad loss: 9.13E+00
2025-09-07 05:45:16,559: Average training loss in epoch 114: -2.80E+01, average grad loss: 9.09E+00
2025-09-07 05:46:41,771: Average training loss in epoch 115: -2.81E+01, average grad loss: 9.17E+00
2025-09-07 05:48:06,955: Average training loss in epoch 116: -2.81E+01, average grad loss: 9.14E+00
2025-09-07 05:49:32,002: Average training loss in epoch 117: -2.81E+01, average grad loss: 9.17E+00
2025-09-07 05:50:57,073: Average training loss in epoch 118: -2.81E+01, average grad loss: 9.16E+00
2025-09-07 05:52:22,272: Average training loss in epoch 119: -2.81E+01, average grad loss: 9.14E+00
2025-09-07 05:53:47,370: Average training loss in epoch 120: -2.81E+01, average grad loss: 9.14E+00
2025-09-07 06:06:11,708: [Epoch 120] PSNR: 32.62
2025-09-07 06:07:36,883: Average training loss in epoch 121: -2.81E+01, average grad loss: 9.13E+00
2025-09-07 06:09:02,065: Average training loss in epoch 122: -2.81E+01, average grad loss: 9.17E+00
2025-09-07 06:10:27,250: Average training loss in epoch 123: -2.80E+01, average grad loss: 9.14E+00
2025-09-07 06:11:52,489: Average training loss in epoch 124: -2.80E+01, average grad loss: 9.12E+00
2025-09-07 06:13:17,690: Average training loss in epoch 125: -2.81E+01, average grad loss: 9.12E+00
2025-09-07 06:14:42,933: Average training loss in epoch 126: -2.80E+01, average grad loss: 9.12E+00
2025-09-07 06:16:08,210: Average training loss in epoch 127: -2.81E+01, average grad loss: 9.13E+00
2025-09-07 06:17:33,456: Average training loss in epoch 128: -2.81E+01, average grad loss: 9.18E+00
2025-09-07 06:18:58,699: Average training loss in epoch 129: -2.81E+01, average grad loss: 9.14E+00
2025-09-07 06:20:23,869: Average training loss in epoch 130: -2.81E+01, average grad loss: 9.12E+00
2025-09-07 06:32:43,393: [Epoch 130] PSNR: 32.65
2025-09-07 06:34:08,551: Average training loss in epoch 131: -2.81E+01, average grad loss: 9.15E+00
2025-09-07 06:35:33,719: Average training loss in epoch 132: -2.81E+01, average grad loss: 9.13E+00
2025-09-07 06:36:58,738: Average training loss in epoch 133: -2.80E+01, average grad loss: 9.10E+00
2025-09-07 06:38:23,885: Average training loss in epoch 134: -2.80E+01, average grad loss: 9.11E+00
2025-09-07 06:39:49,036: Average training loss in epoch 135: -2.82E+01, average grad loss: 9.23E+00
2025-09-07 06:41:14,207: Average training loss in epoch 136: -2.81E+01, average grad loss: 9.12E+00
2025-09-07 06:42:39,414: Average training loss in epoch 137: -2.82E+01, average grad loss: 9.20E+00
2025-09-07 06:44:04,443: Average training loss in epoch 138: -2.80E+01, average grad loss: 9.13E+00
2025-09-07 06:45:29,643: Average training loss in epoch 139: -2.81E+01, average grad loss: 9.12E+00
2025-09-07 06:46:54,860: Average training loss in epoch 140: -2.81E+01, average grad loss: 9.13E+00
2025-09-07 06:59:19,229: [Epoch 140] PSNR: 32.63
2025-09-07 07:00:44,395: Average training loss in epoch 141: -2.80E+01, average grad loss: 9.09E+00
2025-09-07 07:02:09,547: Average training loss in epoch 142: -2.80E+01, average grad loss: 9.11E+00
2025-09-07 07:03:34,705: Average training loss in epoch 143: -2.80E+01, average grad loss: 9.11E+00
2025-09-07 07:04:59,889: Average training loss in epoch 144: -2.80E+01, average grad loss: 9.12E+00
2025-09-07 07:06:24,919: Average training loss in epoch 145: -2.81E+01, average grad loss: 9.15E+00
2025-09-07 07:07:50,077: Average training loss in epoch 146: -2.81E+01, average grad loss: 9.15E+00
2025-09-07 07:09:15,265: Average training loss in epoch 147: -2.81E+01, average grad loss: 9.15E+00
2025-09-07 07:10:40,484: Average training loss in epoch 148: -2.81E+01, average grad loss: 9.13E+00
2025-09-07 07:12:05,698: Average training loss in epoch 149: -2.80E+01, average grad loss: 9.12E+00
2025-09-07 07:13:30,869: Average training loss in epoch 150: -2.82E+01, average grad loss: 9.18E+00
2025-09-07 07:25:56,329: [Epoch 150] PSNR: 32.62
2025-09-07 07:25:56,331: Best Training PSNR: 32.65375381708145
2025-09-07 07:26:14,717: [Epoch 1] Train Loss: 1.80E+01, PSNR: 35.50
2025-09-07 07:26:27,106: [Epoch 2] Train Loss: 1.73E+01, PSNR: 35.71
2025-09-07 07:26:39,219: [Epoch 3] Train Loss: 1.72E+01, PSNR: 35.72
2025-09-07 07:26:51,219: [Epoch 4] Train Loss: 1.71E+01, PSNR: 35.77
2025-09-07 07:27:04,586: [Epoch 5] Train Loss: 1.70E+01, PSNR: 35.76
2025-09-07 07:27:18,546: [Epoch 6] Train Loss: 1.70E+01, PSNR: 35.78
2025-09-07 07:27:31,791: [Epoch 7] Train Loss: 1.68E+01, PSNR: 35.83
2025-09-07 07:27:44,251: [Epoch 8] Train Loss: 1.69E+01, PSNR: 35.80
2025-09-07 07:27:57,416: [Epoch 9] Train Loss: 1.68E+01, PSNR: 35.83
2025-09-07 07:28:10,798: [Epoch 10] Train Loss: 1.69E+01, PSNR: 35.80
2025-09-07 07:38:50,119: [Epoch 10] Val Loss: 3.31E+01, PSNR: 32.80
2025-09-07 07:39:03,042: [Epoch 11] Train Loss: 1.67E+01, PSNR: 35.85
2025-09-07 07:39:16,388: [Epoch 12] Train Loss: 1.68E+01, PSNR: 35.83
2025-09-07 07:39:29,667: [Epoch 13] Train Loss: 1.66E+01, PSNR: 35.89
2025-09-07 07:39:43,681: [Epoch 14] Train Loss: 1.66E+01, PSNR: 35.89
2025-09-07 07:39:57,589: [Epoch 15] Train Loss: 1.67E+01, PSNR: 35.85
2025-09-07 07:40:11,313: [Epoch 16] Train Loss: 1.66E+01, PSNR: 35.89
2025-09-07 07:40:24,875: [Epoch 17] Train Loss: 1.66E+01, PSNR: 35.87
2025-09-07 07:40:39,056: [Epoch 18] Train Loss: 1.67E+01, PSNR: 35.86
2025-09-07 07:40:51,994: [Epoch 19] Train Loss: 1.67E+01, PSNR: 35.86
2025-09-07 07:41:06,313: [Epoch 20] Train Loss: 1.65E+01, PSNR: 35.92
2025-09-07 07:52:06,673: [Epoch 20] Val Loss: 3.28E+01, PSNR: 32.87
2025-09-07 07:52:20,754: [Epoch 21] Train Loss: 1.64E+01, PSNR: 35.93
2025-09-07 07:52:35,284: [Epoch 22] Train Loss: 1.64E+01, PSNR: 35.95
2025-09-07 07:52:50,070: [Epoch 23] Train Loss: 1.65E+01, PSNR: 35.90
2025-09-07 07:53:04,627: [Epoch 24] Train Loss: 1.63E+01, PSNR: 35.96
2025-09-07 07:53:19,458: [Epoch 25] Train Loss: 1.64E+01, PSNR: 35.95
2025-09-07 07:53:34,847: [Epoch 26] Train Loss: 1.64E+01, PSNR: 35.93
2025-09-07 07:53:50,096: [Epoch 27] Train Loss: 1.65E+01, PSNR: 35.93
2025-09-07 07:54:05,564: [Epoch 28] Train Loss: 1.65E+01, PSNR: 35.92
2025-09-07 07:54:20,519: [Epoch 29] Train Loss: 1.64E+01, PSNR: 35.93
2025-09-07 07:54:36,046: [Epoch 30] Train Loss: 1.64E+01, PSNR: 35.95
2025-09-07 08:05:52,253: [Epoch 30] Val Loss: 3.27E+01, PSNR: 32.90
2025-09-07 08:06:07,859: [Epoch 31] Train Loss: 1.62E+01, PSNR: 36.01
2025-09-07 08:06:23,384: [Epoch 32] Train Loss: 1.63E+01, PSNR: 35.97
2025-09-07 08:06:38,850: [Epoch 33] Train Loss: 1.63E+01, PSNR: 35.97
2025-09-07 08:06:54,858: [Epoch 34] Train Loss: 1.64E+01, PSNR: 35.93
2025-09-07 08:07:10,268: [Epoch 35] Train Loss: 1.62E+01, PSNR: 35.99
2025-09-07 08:07:26,206: [Epoch 36] Train Loss: 1.63E+01, PSNR: 35.97
2025-09-07 08:07:42,573: [Epoch 37] Train Loss: 1.64E+01, PSNR: 35.95
2025-09-07 08:07:59,030: [Epoch 38] Train Loss: 1.63E+01, PSNR: 35.96
2025-09-07 08:08:15,225: [Epoch 39] Train Loss: 1.62E+01, PSNR: 35.99
2025-09-07 08:08:31,788: [Epoch 40] Train Loss: 1.62E+01, PSNR: 35.99
2025-09-07 08:20:01,164: [Epoch 40] Val Loss: 3.26E+01, PSNR: 32.92
2025-09-07 08:20:17,300: [Epoch 41] Train Loss: 1.63E+01, PSNR: 35.98
2025-09-07 08:20:33,867: [Epoch 42] Train Loss: 1.62E+01, PSNR: 36.01
2025-09-07 08:20:50,060: [Epoch 43] Train Loss: 1.61E+01, PSNR: 36.01
2025-09-07 08:21:06,636: [Epoch 44] Train Loss: 1.62E+01, PSNR: 35.99
2025-09-07 08:21:22,496: [Epoch 45] Train Loss: 1.61E+01, PSNR: 36.04
2025-09-07 08:21:38,673: [Epoch 46] Train Loss: 1.63E+01, PSNR: 35.97
2025-09-07 08:21:55,570: [Epoch 47] Train Loss: 1.61E+01, PSNR: 36.03
2025-09-07 08:22:12,155: [Epoch 48] Train Loss: 1.63E+01, PSNR: 35.97
2025-09-07 08:22:28,592: [Epoch 49] Train Loss: 1.62E+01, PSNR: 35.99
2025-09-07 08:22:45,313: [Epoch 50] Train Loss: 1.62E+01, PSNR: 36.01
2025-09-07 08:34:18,152: [Epoch 50] Val Loss: 3.26E+01, PSNR: 32.93
2025-09-07 08:34:34,912: [Epoch 51] Train Loss: 1.64E+01, PSNR: 35.95
2025-09-07 08:34:51,497: [Epoch 52] Train Loss: 1.62E+01, PSNR: 36.01
2025-09-07 08:35:07,722: [Epoch 53] Train Loss: 1.63E+01, PSNR: 35.98
2025-09-07 08:35:24,406: [Epoch 54] Train Loss: 1.61E+01, PSNR: 36.01
2025-09-07 08:35:41,734: [Epoch 55] Train Loss: 1.61E+01, PSNR: 36.03
2025-09-07 08:35:59,352: [Epoch 56] Train Loss: 1.61E+01, PSNR: 36.03
2025-09-07 08:36:16,259: [Epoch 57] Train Loss: 1.59E+01, PSNR: 36.07
2025-09-07 08:36:33,154: [Epoch 58] Train Loss: 1.61E+01, PSNR: 36.02
2025-09-07 08:36:50,045: [Epoch 59] Train Loss: 1.61E+01, PSNR: 36.02
2025-09-07 08:37:07,169: [Epoch 60] Train Loss: 1.62E+01, PSNR: 36.00
2025-09-07 08:48:32,636: [Epoch 60] Val Loss: 3.25E+01, PSNR: 32.94
2025-09-07 08:48:49,515: [Epoch 61] Train Loss: 1.63E+01, PSNR: 35.98
2025-09-07 08:49:06,274: [Epoch 62] Train Loss: 1.61E+01, PSNR: 36.02
2025-09-07 08:49:23,095: [Epoch 63] Train Loss: 1.61E+01, PSNR: 36.03
2025-09-07 08:49:39,772: [Epoch 64] Train Loss: 1.59E+01, PSNR: 36.07
2025-09-07 08:49:57,155: [Epoch 65] Train Loss: 1.62E+01, PSNR: 36.00
2025-09-07 08:50:15,324: [Epoch 66] Train Loss: 1.61E+01, PSNR: 36.00
2025-09-07 08:50:32,870: [Epoch 67] Train Loss: 1.62E+01, PSNR: 36.00
2025-09-07 08:50:50,356: [Epoch 68] Train Loss: 1.61E+01, PSNR: 36.05
2025-09-07 08:51:07,915: [Epoch 69] Train Loss: 1.61E+01, PSNR: 36.03
2025-09-07 08:51:24,986: [Epoch 70] Train Loss: 1.61E+01, PSNR: 36.04
2025-09-07 09:02:50,110: [Epoch 70] Val Loss: 3.25E+01, PSNR: 32.94
2025-09-07 09:03:08,031: [Epoch 71] Train Loss: 1.62E+01, PSNR: 36.01
2025-09-07 09:03:25,588: [Epoch 72] Train Loss: 1.61E+01, PSNR: 36.02
2025-09-07 09:03:43,439: [Epoch 73] Train Loss: 1.62E+01, PSNR: 36.01
2025-09-07 09:04:00,668: [Epoch 74] Train Loss: 1.59E+01, PSNR: 36.07
2025-09-07 09:04:18,460: [Epoch 75] Train Loss: 1.61E+01, PSNR: 36.04
2025-09-07 09:04:35,674: [Epoch 76] Train Loss: 1.60E+01, PSNR: 36.05
2025-09-07 09:04:53,069: [Epoch 77] Train Loss: 1.61E+01, PSNR: 36.02
2025-09-07 09:05:11,575: [Epoch 78] Train Loss: 1.60E+01, PSNR: 36.06
2025-09-07 09:05:29,090: [Epoch 79] Train Loss: 1.61E+01, PSNR: 36.01
2025-09-07 09:05:46,346: [Epoch 80] Train Loss: 1.63E+01, PSNR: 35.96
2025-09-07 09:17:02,360: [Epoch 80] Val Loss: 3.26E+01, PSNR: 32.94
2025-09-07 09:17:20,559: [Epoch 81] Train Loss: 1.61E+01, PSNR: 36.03
2025-09-07 09:17:38,558: [Epoch 82] Train Loss: 1.61E+01, PSNR: 36.03
2025-09-07 09:17:55,853: [Epoch 83] Train Loss: 1.61E+01, PSNR: 36.00
2025-09-07 09:18:13,532: [Epoch 84] Train Loss: 1.61E+01, PSNR: 36.03
2025-09-07 09:18:31,328: [Epoch 85] Train Loss: 1.61E+01, PSNR: 36.02
2025-09-07 09:18:49,074: [Epoch 86] Train Loss: 1.60E+01, PSNR: 36.06
2025-09-07 09:19:07,526: [Epoch 87] Train Loss: 1.60E+01, PSNR: 36.04
2025-09-07 09:19:24,983: [Epoch 88] Train Loss: 1.60E+01, PSNR: 36.04
2025-09-07 09:19:42,518: [Epoch 89] Train Loss: 1.61E+01, PSNR: 36.02
2025-09-07 09:20:00,094: [Epoch 90] Train Loss: 1.61E+01, PSNR: 36.03
2025-09-07 09:31:07,647: [Epoch 90] Val Loss: 3.26E+01, PSNR: 32.95
2025-09-07 09:31:25,404: [Epoch 91] Train Loss: 1.59E+01, PSNR: 36.06
2025-09-07 09:31:43,282: [Epoch 92] Train Loss: 1.60E+01, PSNR: 36.05
2025-09-07 09:32:01,580: [Epoch 93] Train Loss: 1.62E+01, PSNR: 35.98
2025-09-07 09:32:19,421: [Epoch 94] Train Loss: 1.60E+01, PSNR: 36.04
2025-09-07 09:32:37,418: [Epoch 95] Train Loss: 1.61E+01, PSNR: 36.04
2025-09-07 09:32:55,536: [Epoch 96] Train Loss: 1.61E+01, PSNR: 36.01
2025-09-07 09:33:13,346: [Epoch 97] Train Loss: 1.61E+01, PSNR: 36.02
2025-09-07 09:33:30,790: [Epoch 98] Train Loss: 1.60E+01, PSNR: 36.05
2025-09-07 09:33:49,355: [Epoch 99] Train Loss: 1.62E+01, PSNR: 36.01
2025-09-07 09:34:07,430: [Epoch 100] Train Loss: 1.61E+01, PSNR: 36.03
2025-09-07 09:45:26,169: [Epoch 100] Val Loss: 3.26E+01, PSNR: 32.95
