2025-09-02 13:32:42,826: ------------------------------
2025-09-02 13:32:42,827: Running for patch size 6 and 300 components
2025-09-02 13:49:04,231: Fitting GMM done
2025-09-02 14:04:24,764: Mean PSNR for patch size 6 and 300 components: 27.31
2025-09-02 14:04:24,764: 	 New best GMM found!
2025-09-02 14:04:24,764: ------------------------------
2025-09-02 14:04:24,764: Running for patch size 6 and 400 components
2025-09-02 14:20:00,164: Fitting GMM done
2025-09-02 14:40:07,840: Mean PSNR for patch size 6 and 400 components: 27.24
2025-09-02 14:40:07,840: Best GMM: Patch Size: 6, Components: 300, Mean PSNR: 27.31
2025-09-02 14:57:59,328: Mean PSNR for lambda 11.200000000000001: 26.72
2025-09-02 15:15:10,873: Mean PSNR for lambda 11.822222222222223: 27.03
2025-09-02 15:31:32,401: Mean PSNR for lambda 12.444444444444446: 27.17
2025-09-02 15:47:32,828: Mean PSNR for lambda 13.066666666666668: 27.27
2025-09-02 16:03:06,171: Mean PSNR for lambda 13.68888888888889: 27.29
2025-09-02 16:18:36,281: Mean PSNR for lambda 14.311111111111114: 27.27
2025-09-02 16:33:31,853: Mean PSNR for lambda 14.933333333333334: 27.23
2025-09-02 16:48:28,972: Mean PSNR for lambda 15.555555555555557: 27.14
2025-09-02 17:02:51,189: Mean PSNR for lambda 16.177777777777777: 27.07
2025-09-02 17:17:50,968: Mean PSNR for lambda 16.8: 26.94
2025-09-02 17:17:50,968: Best lambda: 14.0
