2025-09-02 00:00:03,717: Train CRR with JFB on CT
2025-09-02 00:00:03,717: The model has 13767 parameters
2025-09-02 00:00:03,717: Parameters:
2025-09-02 00:00:03,717: load_pretrain: False, load_parameter_fitting: False, score_sigma: 0.015
2025-09-02 00:00:03,717: pretrain_epochs: 40, pretrain_lr: 0.01, epochs: 4
2025-09-02 00:00:03,717: adabelief: True, fitting_lr: 0.1, lr: 0.001
2025-09-02 00:00:03,717: jacobian_regularization: False, jacobian_regularization_parameter: 1e-08, lmbd: 1.0
2025-09-02 00:00:24,871: [Epoch 1] Train Loss: 1.36E+02, PSNR: 32.22
2025-09-02 00:00:38,114: [Epoch 2] Train Loss: 1.69E+01, PSNR: 35.48
2025-09-02 00:00:51,282: [Epoch 3] Train Loss: 1.61E+01, PSNR: 35.77
2025-09-02 00:01:04,553: [Epoch 4] Train Loss: 1.56E+01, PSNR: 35.92
2025-09-02 00:01:17,823: [Epoch 5] Train Loss: 1.55E+01, PSNR: 35.87
2025-09-02 00:01:30,922: [Epoch 6] Train Loss: 1.53E+01, PSNR: 35.97
2025-09-02 00:01:44,080: [Epoch 7] Train Loss: 1.54E+01, PSNR: 35.99
2025-09-02 00:01:57,267: [Epoch 8] Train Loss: 1.53E+01, PSNR: 36.00
2025-09-02 00:02:10,516: [Epoch 9] Train Loss: 1.52E+01, PSNR: 36.01
2025-09-02 00:02:23,625: [Epoch 10] Train Loss: 1.52E+01, PSNR: 35.99
2025-09-02 00:02:36,860: [Epoch 11] Train Loss: 1.52E+01, PSNR: 36.07
2025-09-02 00:02:50,098: [Epoch 12] Train Loss: 1.52E+01, PSNR: 36.12
2025-09-02 00:03:03,367: [Epoch 13] Train Loss: 1.52E+01, PSNR: 36.09
2025-09-02 00:03:16,452: [Epoch 14] Train Loss: 1.52E+01, PSNR: 36.06
2025-09-02 00:03:29,553: [Epoch 15] Train Loss: 1.51E+01, PSNR: 36.13
2025-09-02 00:03:42,726: [Epoch 16] Train Loss: 1.50E+01, PSNR: 36.04
2025-09-02 00:03:55,866: [Epoch 17] Train Loss: 1.51E+01, PSNR: 36.08
2025-09-02 00:04:09,098: [Epoch 18] Train Loss: 1.51E+01, PSNR: 36.05
2025-09-02 00:04:22,293: [Epoch 19] Train Loss: 1.51E+01, PSNR: 36.09
2025-09-02 00:04:35,515: [Epoch 20] Train Loss: 1.51E+01, PSNR: 36.11
2025-09-02 00:04:38,621: [Epoch 20] Val Loss: 7.40E+00, PSNR: 38.83
2025-09-02 00:04:52,269: [Epoch 21] Train Loss: 1.51E+01, PSNR: 36.12
2025-09-02 00:05:06,291: [Epoch 22] Train Loss: 1.50E+01, PSNR: 36.07
2025-09-02 00:05:19,809: [Epoch 23] Train Loss: 1.51E+01, PSNR: 36.11
2025-09-02 00:05:33,230: [Epoch 24] Train Loss: 1.51E+01, PSNR: 36.14
2025-09-02 00:05:46,721: [Epoch 25] Train Loss: 1.50E+01, PSNR: 36.09
2025-09-02 00:06:00,191: [Epoch 26] Train Loss: 1.51E+01, PSNR: 36.10
2025-09-02 00:06:13,491: [Epoch 27] Train Loss: 1.51E+01, PSNR: 36.08
2025-09-02 00:06:26,803: [Epoch 28] Train Loss: 1.50E+01, PSNR: 36.13
2025-09-02 00:06:40,207: [Epoch 29] Train Loss: 1.50E+01, PSNR: 36.12
2025-09-02 00:06:53,602: [Epoch 30] Train Loss: 1.51E+01, PSNR: 36.17
2025-09-02 00:07:06,964: [Epoch 31] Train Loss: 1.50E+01, PSNR: 36.12
2025-09-02 00:07:20,292: [Epoch 32] Train Loss: 1.50E+01, PSNR: 36.14
2025-09-02 00:07:33,738: [Epoch 33] Train Loss: 1.50E+01, PSNR: 36.16
2025-09-02 00:07:47,050: [Epoch 34] Train Loss: 1.49E+01, PSNR: 36.12
2025-09-02 00:08:00,502: [Epoch 35] Train Loss: 1.50E+01, PSNR: 36.15
2025-09-02 00:08:13,939: [Epoch 36] Train Loss: 1.51E+01, PSNR: 36.14
2025-09-02 00:08:27,294: [Epoch 37] Train Loss: 1.50E+01, PSNR: 36.15
2025-09-02 00:08:40,754: [Epoch 38] Train Loss: 1.50E+01, PSNR: 36.15
2025-09-02 00:08:54,061: [Epoch 39] Train Loss: 1.50E+01, PSNR: 36.14
2025-09-02 00:09:07,523: [Epoch 40] Train Loss: 1.50E+01, PSNR: 36.12
2025-09-02 00:09:10,613: [Epoch 40] Val Loss: 7.31E+00, PSNR: 38.99
2025-09-02 00:09:19,447: [Epoch 1] Train Loss: 1.79E+01, PSNR: 35.61
2025-09-02 00:09:27,981: [Epoch 2] Train Loss: 1.69E+01, PSNR: 35.83
2025-09-02 00:09:36,812: [Epoch 3] Train Loss: 1.66E+01, PSNR: 35.91
2025-09-02 00:09:44,492: [Epoch 4] Train Loss: 1.66E+01, PSNR: 35.92
2025-09-02 00:09:52,052: [Epoch 5] Train Loss: 1.66E+01, PSNR: 35.91
2025-09-02 00:09:59,704: [Epoch 6] Train Loss: 1.67E+01, PSNR: 35.88
2025-09-02 00:10:06,471: [Epoch 7] Train Loss: 1.66E+01, PSNR: 35.90
2025-09-02 00:10:14,757: [Epoch 8] Train Loss: 1.66E+01, PSNR: 35.92
2025-09-02 00:10:22,002: [Epoch 9] Train Loss: 1.63E+01, PSNR: 36.00
2025-09-02 00:10:29,002: [Epoch 10] Train Loss: 1.64E+01, PSNR: 35.96
2025-09-02 00:10:36,758: [Epoch 11] Train Loss: 1.64E+01, PSNR: 35.96
2025-09-02 00:10:43,562: [Epoch 12] Train Loss: 1.65E+01, PSNR: 35.95
2025-09-02 00:10:50,551: [Epoch 13] Train Loss: 1.63E+01, PSNR: 35.98
2025-09-02 00:10:58,137: [Epoch 14] Train Loss: 1.66E+01, PSNR: 35.93
2025-09-02 00:11:05,439: [Epoch 15] Train Loss: 1.63E+01, PSNR: 35.99
2025-09-02 00:11:13,105: [Epoch 16] Train Loss: 1.63E+01, PSNR: 36.00
2025-09-02 00:11:20,393: [Epoch 17] Train Loss: 1.63E+01, PSNR: 35.98
2025-09-02 00:11:28,164: [Epoch 18] Train Loss: 1.62E+01, PSNR: 36.02
2025-09-02 00:11:35,307: [Epoch 19] Train Loss: 1.62E+01, PSNR: 36.03
2025-09-02 00:11:42,024: [Epoch 20] Train Loss: 1.62E+01, PSNR: 36.02
2025-09-02 00:11:48,546: [Epoch 21] Train Loss: 1.62E+01, PSNR: 36.02
2025-09-02 00:11:55,324: [Epoch 22] Train Loss: 1.61E+01, PSNR: 36.05
2025-09-02 00:12:02,549: [Epoch 23] Train Loss: 1.63E+01, PSNR: 36.00
2025-09-02 00:12:10,050: [Epoch 24] Train Loss: 1.62E+01, PSNR: 36.01
2025-09-02 00:12:16,987: [Epoch 25] Train Loss: 1.63E+01, PSNR: 36.00
2025-09-02 00:20:44,353: [Epoch 25] Val Loss: 3.39E+01, PSNR: 32.80
2025-09-02 00:20:50,844: [Epoch 26] Train Loss: 1.61E+01, PSNR: 36.04
2025-09-02 00:20:57,024: [Epoch 27] Train Loss: 1.61E+01, PSNR: 36.06
2025-09-02 00:21:03,589: [Epoch 28] Train Loss: 1.61E+01, PSNR: 36.04
2025-09-02 00:21:10,207: [Epoch 29] Train Loss: 1.64E+01, PSNR: 35.97
2025-09-02 00:21:16,320: [Epoch 30] Train Loss: 1.61E+01, PSNR: 36.06
2025-09-02 00:21:22,757: [Epoch 31] Train Loss: 1.60E+01, PSNR: 36.06
2025-09-02 00:21:29,963: [Epoch 32] Train Loss: 1.62E+01, PSNR: 36.03
2025-09-02 00:21:36,967: [Epoch 33] Train Loss: 1.60E+01, PSNR: 36.09
2025-09-02 00:21:44,208: [Epoch 34] Train Loss: 1.62E+01, PSNR: 36.01
2025-09-02 00:21:50,910: [Epoch 35] Train Loss: 1.63E+01, PSNR: 35.98
2025-09-02 00:21:58,146: [Epoch 36] Train Loss: 1.60E+01, PSNR: 36.08
2025-09-02 00:22:05,059: [Epoch 37] Train Loss: 1.61E+01, PSNR: 36.03
2025-09-02 00:22:12,592: [Epoch 38] Train Loss: 1.60E+01, PSNR: 36.08
2025-09-02 00:22:20,161: [Epoch 39] Train Loss: 1.61E+01, PSNR: 36.04
2025-09-02 00:22:28,220: [Epoch 40] Train Loss: 1.61E+01, PSNR: 36.04
2025-09-02 00:22:34,813: [Epoch 41] Train Loss: 1.62E+01, PSNR: 36.03
2025-09-02 00:22:42,366: [Epoch 42] Train Loss: 1.60E+01, PSNR: 36.08
2025-09-02 00:22:48,881: [Epoch 43] Train Loss: 1.60E+01, PSNR: 36.07
2025-09-02 00:22:55,875: [Epoch 44] Train Loss: 1.61E+01, PSNR: 36.03
2025-09-02 00:23:02,872: [Epoch 45] Train Loss: 1.61E+01, PSNR: 36.04
2025-09-02 00:23:10,195: [Epoch 46] Train Loss: 1.60E+01, PSNR: 36.08
2025-09-02 00:23:17,827: [Epoch 47] Train Loss: 1.61E+01, PSNR: 36.04
2025-09-02 00:23:24,917: [Epoch 48] Train Loss: 1.61E+01, PSNR: 36.03
2025-09-02 00:23:31,813: [Epoch 49] Train Loss: 1.60E+01, PSNR: 36.07
2025-09-02 00:23:39,205: [Epoch 50] Train Loss: 1.61E+01, PSNR: 36.04
2025-09-02 00:32:33,476: [Epoch 50] Val Loss: 3.36E+01, PSNR: 32.83
2025-09-02 00:32:40,339: [Epoch 51] Train Loss: 1.60E+01, PSNR: 36.08
2025-09-02 00:32:47,196: [Epoch 52] Train Loss: 1.60E+01, PSNR: 36.09
2025-09-02 00:32:54,123: [Epoch 53] Train Loss: 1.60E+01, PSNR: 36.07
2025-09-02 00:33:01,260: [Epoch 54] Train Loss: 1.59E+01, PSNR: 36.09
2025-09-02 00:33:08,388: [Epoch 55] Train Loss: 1.60E+01, PSNR: 36.08
2025-09-02 00:33:15,499: [Epoch 56] Train Loss: 1.60E+01, PSNR: 36.07
2025-09-02 00:33:22,252: [Epoch 57] Train Loss: 1.60E+01, PSNR: 36.09
2025-09-02 00:33:29,873: [Epoch 58] Train Loss: 1.61E+01, PSNR: 36.03
2025-09-02 00:33:37,420: [Epoch 59] Train Loss: 1.63E+01, PSNR: 36.00
2025-09-02 00:33:44,534: [Epoch 60] Train Loss: 1.59E+01, PSNR: 36.10
2025-09-02 00:33:51,757: [Epoch 61] Train Loss: 1.61E+01, PSNR: 36.06
2025-09-02 00:33:59,146: [Epoch 62] Train Loss: 1.61E+01, PSNR: 36.06
2025-09-02 00:34:06,373: [Epoch 63] Train Loss: 1.61E+01, PSNR: 36.04
2025-09-02 00:34:13,343: [Epoch 64] Train Loss: 1.60E+01, PSNR: 36.08
2025-09-02 00:34:20,725: [Epoch 65] Train Loss: 1.61E+01, PSNR: 36.04
2025-09-02 00:34:28,524: [Epoch 66] Train Loss: 1.62E+01, PSNR: 36.04
2025-09-02 00:34:36,164: [Epoch 67] Train Loss: 1.59E+01, PSNR: 36.11
2025-09-02 00:34:43,010: [Epoch 68] Train Loss: 1.60E+01, PSNR: 36.07
2025-09-02 00:34:50,397: [Epoch 69] Train Loss: 1.61E+01, PSNR: 36.04
2025-09-02 00:34:57,371: [Epoch 70] Train Loss: 1.59E+01, PSNR: 36.10
2025-09-02 00:35:04,914: [Epoch 71] Train Loss: 1.61E+01, PSNR: 36.05
2025-09-02 00:35:11,603: [Epoch 72] Train Loss: 1.60E+01, PSNR: 36.07
2025-09-02 00:35:19,223: [Epoch 73] Train Loss: 1.60E+01, PSNR: 36.06
2025-09-02 00:35:26,267: [Epoch 74] Train Loss: 1.60E+01, PSNR: 36.07
2025-09-02 00:35:34,151: [Epoch 75] Train Loss: 1.59E+01, PSNR: 36.12
2025-09-02 00:44:55,666: [Epoch 75] Val Loss: 3.36E+01, PSNR: 32.84
2025-09-02 00:45:03,134: [Epoch 76] Train Loss: 1.61E+01, PSNR: 36.04
2025-09-02 00:45:10,974: [Epoch 77] Train Loss: 1.60E+01, PSNR: 36.06
2025-09-02 00:45:18,727: [Epoch 78] Train Loss: 1.60E+01, PSNR: 36.08
2025-09-02 00:45:26,479: [Epoch 79] Train Loss: 1.62E+01, PSNR: 36.03
2025-09-02 00:45:33,545: [Epoch 80] Train Loss: 1.62E+01, PSNR: 36.04
2025-09-02 00:45:41,169: [Epoch 81] Train Loss: 1.61E+01, PSNR: 36.06
2025-09-02 00:45:48,854: [Epoch 82] Train Loss: 1.60E+01, PSNR: 36.06
2025-09-02 00:45:56,559: [Epoch 83] Train Loss: 1.61E+01, PSNR: 36.06
2025-09-02 00:46:04,675: [Epoch 84] Train Loss: 1.58E+01, PSNR: 36.13
2025-09-02 00:46:12,251: [Epoch 85] Train Loss: 1.61E+01, PSNR: 36.06
2025-09-02 00:46:20,478: [Epoch 86] Train Loss: 1.60E+01, PSNR: 36.07
2025-09-02 00:46:27,619: [Epoch 87] Train Loss: 1.61E+01, PSNR: 36.04
2025-09-02 00:46:34,844: [Epoch 88] Train Loss: 1.59E+01, PSNR: 36.09
2025-09-02 00:46:43,252: [Epoch 89] Train Loss: 1.59E+01, PSNR: 36.11
2025-09-02 00:46:51,283: [Epoch 90] Train Loss: 1.59E+01, PSNR: 36.12
2025-09-02 00:46:58,662: [Epoch 91] Train Loss: 1.60E+01, PSNR: 36.08
2025-09-02 00:47:06,678: [Epoch 92] Train Loss: 1.60E+01, PSNR: 36.07
2025-09-02 00:47:14,347: [Epoch 93] Train Loss: 1.59E+01, PSNR: 36.07
2025-09-02 00:47:21,608: [Epoch 94] Train Loss: 1.60E+01, PSNR: 36.08
2025-09-02 00:47:29,142: [Epoch 95] Train Loss: 1.60E+01, PSNR: 36.07
2025-09-02 00:47:36,763: [Epoch 96] Train Loss: 1.60E+01, PSNR: 36.08
2025-09-02 00:47:44,469: [Epoch 97] Train Loss: 1.61E+01, PSNR: 36.05
2025-09-02 00:47:51,987: [Epoch 98] Train Loss: 1.60E+01, PSNR: 36.07
2025-09-02 00:47:59,734: [Epoch 99] Train Loss: 1.60E+01, PSNR: 36.08
2025-09-02 00:48:07,295: [Epoch 100] Train Loss: 1.60E+01, PSNR: 36.05
2025-09-02 00:57:41,805: [Epoch 100] Val Loss: 3.36E+01, PSNR: 32.84
2025-09-02 00:59:33,221: Step 10, Train PSNR 33.461490631103516
2025-09-02 01:01:20,480: Step 20, Train PSNR 33.379784202575685
2025-09-02 01:03:07,844: Step 30, Train PSNR 33.441848818461104
2025-09-02 01:05:00,093: Step 40, Train PSNR 33.390091276168825
2025-09-02 01:06:49,008: Step 50, Train PSNR 33.40244937896728
2025-09-02 01:08:39,002: Step 60, Train PSNR 33.3488210995992
2025-09-02 01:10:26,241: Step 70, Train PSNR 33.39926733289446
2025-09-02 01:12:21,917: Step 80, Train PSNR 33.43390581607819
2025-09-02 01:14:15,630: Step 90, Train PSNR 33.440720833672415
2025-09-02 01:16:07,322: Step 100, Train PSNR 33.47263683319092
2025-09-02 01:17:57,853: Step 110, Train PSNR 33.48744212063876
2025-09-02 01:19:55,357: Step 120, Train PSNR 33.47722004254659
2025-09-02 01:21:53,950: Step 130, Train PSNR 33.457985467177174
2025-09-02 01:23:49,153: Step 140, Train PSNR 33.4388427053179
2025-09-02 01:25:55,461: Step 150, Train PSNR 33.41930358886719
2025-09-02 01:27:48,121: Step 160, Train PSNR 33.44501316547394
2025-09-02 01:29:51,912: Step 170, Train PSNR 33.44529187819537
2025-09-02 01:32:00,325: Step 180, Train PSNR 33.46644618776109
2025-09-02 01:34:11,413: Step 190, Train PSNR 33.47133165660657
2025-09-02 01:36:24,540: Step 200, Train PSNR 33.47783537864685
2025-09-02 01:38:36,533: Step 210, Train PSNR 33.477270644051686
2025-09-02 01:40:52,743: Step 220, Train PSNR 33.495149465040726
2025-09-02 01:43:04,671: Step 230, Train PSNR 33.47592087621274
2025-09-02 01:45:19,246: Step 240, Train PSNR 33.4692656437556
2025-09-02 01:47:31,483: Step 250, Train PSNR 33.46692015838623
2025-09-02 01:49:48,848: Step 260, Train PSNR 33.462522220611575
2025-09-02 01:52:07,400: Step 270, Train PSNR 33.44232988004331
2025-09-02 01:54:15,763: Step 280, Train PSNR 33.44441417285374
2025-09-02 01:56:32,313: Step 290, Train PSNR 33.43580337392873
2025-09-02 01:58:47,829: Step 300, Train PSNR 33.4246595954895
2025-09-02 02:01:07,081: Step 310, Train PSNR 33.42191544194375
2025-09-02 02:03:21,020: Step 320, Train PSNR 33.42453647255898
2025-09-02 02:05:37,364: Step 330, Train PSNR 33.416981974515046
2025-09-02 02:07:59,542: Step 340, Train PSNR 33.39921398162842
2025-09-02 02:10:25,964: Step 350, Train PSNR 33.3903222983224
2025-09-02 02:12:40,575: Step 360, Train PSNR 33.405729643503825
2025-09-02 02:15:02,834: Step 370, Train PSNR 33.39161909979743
2025-09-02 02:17:19,195: Step 380, Train PSNR 33.3936345250983
2025-09-02 02:19:31,431: Step 390, Train PSNR 33.407165889250926
2025-09-02 02:20:54,197: [Epoch 1] Train Loss: 2.84E+01, PSNR: 33.41
2025-09-02 02:32:33,075: [Epoch 1] Val Loss: 3.15E+01, PSNR: 33.07
2025-09-02 02:34:50,835: Step 10, Train PSNR 33.54104156494141
2025-09-02 02:37:07,098: Step 20, Train PSNR 33.38272476196289
2025-09-02 02:39:28,174: Step 30, Train PSNR 33.29623133341472
2025-09-02 02:41:51,032: Step 40, Train PSNR 33.36487512588501
2025-09-02 02:44:08,016: Step 50, Train PSNR 33.40919708251953
2025-09-02 02:46:20,657: Step 60, Train PSNR 33.44702415466308
2025-09-02 02:48:34,955: Step 70, Train PSNR 33.42845676967076
2025-09-02 02:50:51,025: Step 80, Train PSNR 33.4882688999176
2025-09-02 02:53:09,651: Step 90, Train PSNR 33.502037556966144
2025-09-02 02:55:28,863: Step 100, Train PSNR 33.48841869354248
2025-09-02 02:57:47,387: Step 110, Train PSNR 33.454907382618295
2025-09-02 03:00:03,999: Step 120, Train PSNR 33.44790727297465
2025-09-02 03:02:20,927: Step 130, Train PSNR 33.44562913454496
2025-09-02 03:04:44,016: Step 140, Train PSNR 33.42583728517805
2025-09-02 03:07:08,759: Step 150, Train PSNR 33.422737210591634
2025-09-02 03:09:29,235: Step 160, Train PSNR 33.383920919895175
2025-09-02 03:11:48,792: Step 170, Train PSNR 33.39953488742604
2025-09-02 03:14:10,289: Step 180, Train PSNR 33.41107541190253
2025-09-02 03:16:33,544: Step 190, Train PSNR 33.403950651068435
2025-09-02 03:18:58,262: Step 200, Train PSNR 33.41166405677795
2025-09-02 03:21:16,249: Step 210, Train PSNR 33.40089531853086
2025-09-02 03:23:42,288: Step 220, Train PSNR 33.396696134047076
2025-09-02 03:26:06,324: Step 230, Train PSNR 33.382784752223806
2025-09-02 03:28:27,041: Step 240, Train PSNR 33.385880613327025
2025-09-02 03:30:48,778: Step 250, Train PSNR 33.39564176940918
2025-09-02 03:33:11,090: Step 260, Train PSNR 33.395675864586465
2025-09-02 03:35:35,113: Step 270, Train PSNR 33.4087188438133
2025-09-02 03:37:58,127: Step 280, Train PSNR 33.393382733208796
2025-09-02 03:40:19,361: Step 290, Train PSNR 33.40253635932659
2025-09-02 03:42:46,643: Step 300, Train PSNR 33.39479898452759
2025-09-02 03:45:06,890: Step 310, Train PSNR 33.40054528636317
2025-09-02 03:47:27,732: Step 320, Train PSNR 33.412081223726275
2025-09-02 03:49:52,384: Step 330, Train PSNR 33.39775253642689
2025-09-02 03:52:14,395: Step 340, Train PSNR 33.413853404101204
2025-09-02 03:54:32,327: Step 350, Train PSNR 33.42140314919608
2025-09-02 03:56:53,467: Step 360, Train PSNR 33.42744072278341
2025-09-02 03:59:22,111: Step 370, Train PSNR 33.42425874761633
2025-09-02 04:01:43,469: Step 380, Train PSNR 33.43458111913581
2025-09-02 04:04:03,700: Step 390, Train PSNR 33.44916553497315
2025-09-02 04:05:28,944: [Epoch 2] Train Loss: 2.81E+01, PSNR: 33.45
2025-09-02 04:17:43,506: [Epoch 2] Val Loss: 3.13E+01, PSNR: 33.10
2025-09-02 04:20:06,671: Step 10, Train PSNR 33.14514312744141
2025-09-02 04:22:29,059: Step 20, Train PSNR 33.067966556549074
2025-09-02 04:24:51,763: Step 30, Train PSNR 33.2360611597697
2025-09-02 04:27:16,916: Step 40, Train PSNR 33.33219132423401
2025-09-02 04:29:44,777: Step 50, Train PSNR 33.35814960479736
2025-09-02 04:32:09,416: Step 60, Train PSNR 33.427405834198
2025-09-02 04:34:35,155: Step 70, Train PSNR 33.37773892538888
2025-09-02 04:36:55,385: Step 80, Train PSNR 33.406833386421205
2025-09-02 04:39:17,390: Step 90, Train PSNR 33.47290833791097
2025-09-02 04:41:39,714: Step 100, Train PSNR 33.48572973251343
2025-09-02 04:43:58,869: Step 110, Train PSNR 33.48026058890603
2025-09-02 04:46:15,110: Step 120, Train PSNR 33.49105064074198
2025-09-02 04:48:36,679: Step 130, Train PSNR 33.46640296349159
2025-09-02 04:51:02,564: Step 140, Train PSNR 33.445129816872736
2025-09-02 04:53:27,485: Step 150, Train PSNR 33.46038609822591
2025-09-02 04:55:49,558: Step 160, Train PSNR 33.451306867599484
2025-09-02 04:58:13,090: Step 170, Train PSNR 33.466122571159815
2025-09-02 05:00:38,370: Step 180, Train PSNR 33.452743932935924
2025-09-02 05:03:02,344: Step 190, Train PSNR 33.4399932058234
2025-09-02 05:05:21,619: Step 200, Train PSNR 33.439187889099124
2025-09-02 05:07:44,924: Step 210, Train PSNR 33.42481309799921
2025-09-02 05:10:12,263: Step 220, Train PSNR 33.417429629239166
2025-09-02 05:12:35,844: Step 230, Train PSNR 33.42275846730108
2025-09-02 05:15:01,732: Step 240, Train PSNR 33.44031818707784
2025-09-02 05:17:29,315: Step 250, Train PSNR 33.446503059387204
2025-09-02 05:19:55,938: Step 260, Train PSNR 33.45593124536367
2025-09-02 05:22:21,866: Step 270, Train PSNR 33.46027191303394
2025-09-02 05:24:48,126: Step 280, Train PSNR 33.45349798883711
2025-09-02 05:27:10,945: Step 290, Train PSNR 33.45235731190649
2025-09-02 05:29:40,144: Step 300, Train PSNR 33.44954521814982
2025-09-02 05:31:59,180: Step 310, Train PSNR 33.47174150405392
2025-09-02 05:34:24,071: Step 320, Train PSNR 33.45670905709267
2025-09-02 05:36:43,811: Step 330, Train PSNR 33.45494513656154
2025-09-02 05:39:04,939: Step 340, Train PSNR 33.449667756697714
2025-09-02 05:41:26,204: Step 350, Train PSNR 33.46667101723807
2025-09-02 05:43:50,851: Step 360, Train PSNR 33.46586431397332
2025-09-02 05:46:14,003: Step 370, Train PSNR 33.45254457319105
2025-09-02 05:48:37,730: Step 380, Train PSNR 33.45452946612709
2025-09-02 05:50:54,151: Step 390, Train PSNR 33.458043284293936
2025-09-02 05:52:19,920: [Epoch 3] Train Loss: 2.80E+01, PSNR: 33.46
2025-09-02 06:04:20,316: [Epoch 3] Val Loss: 3.13E+01, PSNR: 33.11
2025-09-02 06:06:42,467: Step 10, Train PSNR 33.2962345123291
2025-09-02 06:09:08,254: Step 20, Train PSNR 33.4945671081543
2025-09-02 06:11:37,091: Step 30, Train PSNR 33.37325871785482
2025-09-02 06:14:00,893: Step 40, Train PSNR 33.41176834106445
2025-09-02 06:16:28,072: Step 50, Train PSNR 33.441404037475586
2025-09-02 06:18:46,422: Step 60, Train PSNR 33.55283126831055
2025-09-02 06:21:14,307: Step 70, Train PSNR 33.4027008329119
2025-09-02 06:23:39,886: Step 80, Train PSNR 33.40501320362091
2025-09-02 06:26:03,707: Step 90, Train PSNR 33.45439836714003
2025-09-02 06:28:25,477: Step 100, Train PSNR 33.40994384765625
2025-09-02 06:30:49,987: Step 110, Train PSNR 33.4082611430775
2025-09-02 06:33:11,351: Step 120, Train PSNR 33.41521294911703
2025-09-02 06:35:32,820: Step 130, Train PSNR 33.390608171316295
2025-09-02 06:37:51,869: Step 140, Train PSNR 33.397572013310025
2025-09-02 06:40:18,275: Step 150, Train PSNR 33.39633744557698
2025-09-02 06:42:32,891: Step 160, Train PSNR 33.40157972574234
2025-09-02 06:44:56,864: Step 170, Train PSNR 33.41963935178869
2025-09-02 06:47:16,868: Step 180, Train PSNR 33.41956788169013
2025-09-02 06:49:42,477: Step 190, Train PSNR 33.430472735354776
2025-09-02 06:52:06,752: Step 200, Train PSNR 33.435328788757325
2025-09-02 06:54:35,075: Step 210, Train PSNR 33.42858421688988
2025-09-02 06:57:00,335: Step 220, Train PSNR 33.44097553599965
2025-09-02 06:59:24,919: Step 230, Train PSNR 33.43527664516283
2025-09-02 07:01:45,979: Step 240, Train PSNR 33.44762823581696
2025-09-02 07:04:05,192: Step 250, Train PSNR 33.46194149017334
2025-09-02 07:06:29,699: Step 260, Train PSNR 33.468418979644774
2025-09-02 07:08:51,726: Step 270, Train PSNR 33.49732528262668
2025-09-02 07:11:20,570: Step 280, Train PSNR 33.505239193780085
2025-09-02 07:13:39,580: Step 290, Train PSNR 33.51101102500126
2025-09-02 07:16:06,339: Step 300, Train PSNR 33.512710386912026
2025-09-02 07:18:28,295: Step 310, Train PSNR 33.51649921171127
2025-09-02 07:20:54,148: Step 320, Train PSNR 33.50876705050469
2025-09-02 07:23:17,224: Step 330, Train PSNR 33.48580647670862
2025-09-02 07:25:45,561: Step 340, Train PSNR 33.46997124728035
2025-09-02 07:28:09,181: Step 350, Train PSNR 33.46876443590437
2025-09-02 07:30:33,164: Step 360, Train PSNR 33.47054838074578
2025-09-02 07:32:58,285: Step 370, Train PSNR 33.471005264488426
2025-09-02 07:35:23,776: Step 380, Train PSNR 33.47058021143863
2025-09-02 07:37:47,604: Step 390, Train PSNR 33.471254162910654
2025-09-02 07:39:18,374: [Epoch 4] Train Loss: 2.79E+01, PSNR: 33.47
2025-09-02 07:51:39,775: [Epoch 4] Val Loss: 3.12E+01, PSNR: 33.11
