2025-09-02 09:47:06,094: Train CRR with IFT on Denoising
2025-09-02 09:47:06,094: The model has 13767 parameters
2025-09-02 09:47:06,094: Parameters:
2025-09-02 09:47:06,094: load_pretrain: True, load_parameter_fitting: False, score_sigma: 0.03
2025-09-02 09:47:06,094: pretrain_epochs: 300, pretrain_lr: 0.01, epochs: 100
2025-09-02 09:47:06,094: adabelief: True, fitting_lr: 0.1, lr: 0.001
2025-09-02 09:47:06,094: jacobian_regularization: True, jacobian_regularization_parameter: 1e-06, lmbd: 1.0
2025-09-02 09:47:07,958: Step 10, Train PSNR 25.27781982421875
2025-09-02 09:47:10,256: Step 20, Train PSNR 26.318087577819824
2025-09-02 09:47:12,512: Step 30, Train PSNR 26.651316960652668
2025-09-02 09:47:14,921: Step 40, Train PSNR 26.981406450271606
2025-09-02 09:47:16,150: [Epoch 1] Train Loss: 3.84E+01, PSNR: 27.02
2025-09-02 09:47:18,625: Step 10, Train PSNR 27.1487247467041
2025-09-02 09:47:21,091: Step 20, Train PSNR 27.265217781066895
2025-09-02 09:47:23,603: Step 30, Train PSNR 27.405249786376952
2025-09-02 09:47:26,283: Step 40, Train PSNR 27.536432123184206
2025-09-02 09:47:27,750: [Epoch 2] Train Loss: 3.30E+01, PSNR: 27.56
2025-09-02 09:47:30,610: Step 10, Train PSNR 28.352330207824707
2025-09-02 09:47:33,373: Step 20, Train PSNR 28.064219570159914
2025-09-02 09:47:36,192: Step 30, Train PSNR 27.94764658610026
2025-09-02 09:47:39,063: Step 40, Train PSNR 27.959123039245604
2025-09-02 09:47:40,470: [Epoch 3] Train Loss: 3.11E+01, PSNR: 27.87
2025-09-02 09:47:43,564: Step 10, Train PSNR 28.152834701538087
2025-09-02 09:47:46,374: Step 20, Train PSNR 27.7551628112793
2025-09-02 09:47:49,318: Step 30, Train PSNR 27.760225613911945
2025-09-02 09:47:52,362: Step 40, Train PSNR 27.835329580307008
2025-09-02 09:47:53,915: [Epoch 4] Train Loss: 3.12E+01, PSNR: 27.84
2025-09-02 09:47:56,980: Step 10, Train PSNR 27.455849838256835
2025-09-02 09:48:00,114: Step 20, Train PSNR 27.719946575164794
2025-09-02 09:48:03,265: Step 30, Train PSNR 27.820839246114094
2025-09-02 09:48:06,404: Step 40, Train PSNR 27.859004402160643
2025-09-02 09:48:08,057: [Epoch 5] Train Loss: 3.10E+01, PSNR: 27.87
2025-09-02 09:48:14,261: [Epoch 5] Val Loss: 1.90E+02, PSNR: 27.83
2025-09-02 09:48:17,534: Step 10, Train PSNR 27.98221378326416
2025-09-02 09:48:20,750: Step 20, Train PSNR 28.08759984970093
2025-09-02 09:48:23,841: Step 30, Train PSNR 27.948944664001466
2025-09-02 09:48:27,154: Step 40, Train PSNR 27.89511818885803
2025-09-02 09:48:28,733: [Epoch 6] Train Loss: 3.11E+01, PSNR: 27.85
2025-09-02 09:48:32,217: Step 10, Train PSNR 27.975869560241698
2025-09-02 09:48:35,349: Step 20, Train PSNR 27.769559955596925
2025-09-02 09:48:38,598: Step 30, Train PSNR 27.847161865234376
2025-09-02 09:48:41,734: Step 40, Train PSNR 27.73583788871765
2025-09-02 09:48:43,501: [Epoch 7] Train Loss: 3.13E+01, PSNR: 27.88
2025-09-02 09:48:46,975: Step 10, Train PSNR 27.719426345825195
2025-09-02 09:48:50,190: Step 20, Train PSNR 27.63675527572632
2025-09-02 09:48:53,497: Step 30, Train PSNR 27.72311642964681
2025-09-02 09:48:56,954: Step 40, Train PSNR 27.81515336036682
2025-09-02 09:48:58,802: [Epoch 8] Train Loss: 3.12E+01, PSNR: 27.88
2025-09-02 09:49:02,419: Step 10, Train PSNR 28.337144660949708
2025-09-02 09:49:05,807: Step 20, Train PSNR 27.970519733428954
2025-09-02 09:49:09,098: Step 30, Train PSNR 27.93330497741699
2025-09-02 09:49:12,494: Step 40, Train PSNR 27.983915710449217
2025-09-02 09:49:14,223: [Epoch 9] Train Loss: 3.07E+01, PSNR: 27.98
2025-09-02 09:49:17,822: Step 10, Train PSNR 27.93399715423584
2025-09-02 09:49:21,349: Step 20, Train PSNR 28.030395603179933
2025-09-02 09:49:24,960: Step 30, Train PSNR 28.04415162404378
2025-09-02 09:49:28,450: Step 40, Train PSNR 27.953636646270752
2025-09-02 09:49:30,226: [Epoch 10] Train Loss: 3.04E+01, PSNR: 27.97
2025-09-02 09:49:36,734: [Epoch 10] Val Loss: 1.87E+02, PSNR: 27.87
2025-09-02 09:49:40,457: Step 10, Train PSNR 28.254768562316894
2025-09-02 09:49:43,963: Step 20, Train PSNR 27.95153694152832
2025-09-02 09:49:47,273: Step 30, Train PSNR 27.807199923197427
2025-09-02 09:49:50,771: Step 40, Train PSNR 27.837404012680054
2025-09-02 09:49:52,581: [Epoch 11] Train Loss: 3.14E+01, PSNR: 27.80
2025-09-02 09:49:56,194: Step 10, Train PSNR 28.065463829040528
2025-09-02 09:49:59,664: Step 20, Train PSNR 27.9206636428833
2025-09-02 09:50:03,296: Step 30, Train PSNR 27.930376688639324
2025-09-02 09:50:06,704: Step 40, Train PSNR 27.857248067855835
2025-09-02 09:50:08,548: [Epoch 12] Train Loss: 3.08E+01, PSNR: 27.88
2025-09-02 09:50:12,147: Step 10, Train PSNR 27.835200119018555
2025-09-02 09:50:15,750: Step 20, Train PSNR 27.950800609588622
2025-09-02 09:50:19,374: Step 30, Train PSNR 28.063178952534994
2025-09-02 09:50:22,842: Step 40, Train PSNR 28.02445330619812
2025-09-02 09:50:24,689: [Epoch 13] Train Loss: 3.00E+01, PSNR: 28.04
2025-09-02 09:50:28,528: Step 10, Train PSNR 27.892621994018555
2025-09-02 09:50:32,246: Step 20, Train PSNR 27.88751163482666
2025-09-02 09:50:35,865: Step 30, Train PSNR 27.987575848897297
2025-09-02 09:50:39,647: Step 40, Train PSNR 28.164403867721557
2025-09-02 09:50:41,521: [Epoch 14] Train Loss: 2.98E+01, PSNR: 28.13
2025-09-02 09:50:45,263: Step 10, Train PSNR 28.034763145446778
2025-09-02 09:50:48,963: Step 20, Train PSNR 28.117412948608397
2025-09-02 09:50:52,791: Step 30, Train PSNR 28.18044179280599
2025-09-02 09:50:56,291: Step 40, Train PSNR 27.978620481491088
2025-09-02 09:50:58,156: [Epoch 15] Train Loss: 3.05E+01, PSNR: 27.95
2025-09-02 09:51:04,804: [Epoch 15] Val Loss: 1.87E+02, PSNR: 27.85
2025-09-02 09:51:08,480: Step 10, Train PSNR 27.86914348602295
2025-09-02 09:51:12,447: Step 20, Train PSNR 28.112490463256837
2025-09-02 09:51:16,110: Step 30, Train PSNR 28.08538023630778
2025-09-02 09:51:19,614: Step 40, Train PSNR 28.023950624465943
2025-09-02 09:51:21,548: [Epoch 16] Train Loss: 2.99E+01, PSNR: 28.08
2025-09-02 09:51:25,474: Step 10, Train PSNR 28.556073951721192
2025-09-02 09:51:29,355: Step 20, Train PSNR 28.634793949127197
2025-09-02 09:51:33,082: Step 30, Train PSNR 28.421768633524575
2025-09-02 09:51:36,724: Step 40, Train PSNR 28.263908195495606
2025-09-02 09:51:38,523: [Epoch 17] Train Loss: 2.93E+01, PSNR: 28.17
2025-09-02 09:51:42,439: Step 10, Train PSNR 28.24605941772461
2025-09-02 09:51:46,060: Step 20, Train PSNR 28.088794422149657
2025-09-02 09:51:49,734: Step 30, Train PSNR 28.014003944396972
2025-09-02 09:51:53,449: Step 40, Train PSNR 28.01825079917908
2025-09-02 09:51:55,325: [Epoch 18] Train Loss: 3.06E+01, PSNR: 28.00
2025-09-02 09:51:59,181: Step 10, Train PSNR 28.010083770751955
2025-09-02 09:52:02,886: Step 20, Train PSNR 28.125180149078368
2025-09-02 09:52:06,670: Step 30, Train PSNR 28.05503584543864
2025-09-02 09:52:10,525: Step 40, Train PSNR 28.082281017303465
2025-09-02 09:52:12,385: [Epoch 19] Train Loss: 3.00E+01, PSNR: 28.07
2025-09-02 09:52:16,306: Step 10, Train PSNR 28.159523010253906
2025-09-02 09:52:20,009: Step 20, Train PSNR 28.135569190979005
2025-09-02 09:52:23,619: Step 30, Train PSNR 28.03556906382243
2025-09-02 09:52:27,195: Step 40, Train PSNR 27.93482666015625
2025-09-02 09:52:29,140: [Epoch 20] Train Loss: 3.08E+01, PSNR: 27.96
2025-09-02 09:52:36,290: [Epoch 20] Val Loss: 1.87E+02, PSNR: 27.91
2025-09-02 09:52:36,784: Jac Loss 2833.69384765625
2025-09-02 09:52:39,227: Jac Loss 3855.01318359375
2025-09-02 09:52:41,091: Step 10, Train PSNR 28.21182289123535
2025-09-02 09:52:41,475: Jac Loss 1736.6409912109375
2025-09-02 09:52:43,649: Jac Loss 2883.25927734375
2025-09-02 09:52:45,501: Step 20, Train PSNR 28.080534553527833
2025-09-02 09:52:45,890: Jac Loss 3084.680908203125
2025-09-02 09:52:48,216: Jac Loss 3808.0908203125
2025-09-02 09:52:50,249: Step 30, Train PSNR 28.255853017171223
2025-09-02 09:52:50,655: Jac Loss 4820.00341796875
2025-09-02 09:52:52,985: Jac Loss 3840.807861328125
2025-09-02 09:52:54,811: Step 40, Train PSNR 28.174058294296266
2025-09-02 09:52:55,183: Jac Loss 3219.145751953125
2025-09-02 09:52:57,096: [Epoch 1] Train Loss: 2.99E+01, PSNR: 28.09
2025-09-02 09:52:57,537: Jac Loss 2923.63671875
2025-09-02 09:52:59,779: Jac Loss 3309.4208984375
2025-09-02 09:53:01,772: Step 10, Train PSNR 28.15826549530029
2025-09-02 09:53:02,158: Jac Loss 3947.68017578125
2025-09-02 09:53:04,442: Jac Loss 4707.734375
2025-09-02 09:53:06,344: Step 20, Train PSNR 28.061987018585206
2025-09-02 09:53:06,746: Jac Loss 3863.911865234375
2025-09-02 09:53:09,153: Jac Loss 4977.73046875
2025-09-02 09:53:11,131: Step 30, Train PSNR 28.204450352986655
2025-09-02 09:53:11,490: Jac Loss 4282.5380859375
2025-09-02 09:53:13,806: Jac Loss 5447.009765625
2025-09-02 09:53:15,964: Step 40, Train PSNR 28.279925966262816
2025-09-02 09:53:16,288: Jac Loss 4727.5419921875
2025-09-02 09:53:18,344: [Epoch 2] Train Loss: 2.97E+01, PSNR: 28.19
2025-09-02 09:53:18,818: Jac Loss 3821.96240234375
2025-09-02 09:53:21,180: Jac Loss 5148.814453125
2025-09-02 09:53:23,177: Step 10, Train PSNR 27.88037109375
2025-09-02 09:53:23,509: Jac Loss 5183.5087890625
2025-09-02 09:53:26,167: Jac Loss 6006.96630859375
2025-09-02 09:53:28,173: Step 20, Train PSNR 28.30263442993164
2025-09-02 09:53:28,519: Jac Loss 6081.99365234375
2025-09-02 09:53:31,022: Jac Loss 5548.671875
2025-09-02 09:53:33,118: Step 30, Train PSNR 28.230182520548503
2025-09-02 09:53:33,528: Jac Loss 5208.3271484375
2025-09-02 09:53:35,940: Jac Loss 6458.865234375
2025-09-02 09:53:38,101: Step 40, Train PSNR 28.18060851097107
2025-09-02 09:53:38,502: Jac Loss 5038.0107421875
2025-09-02 09:53:40,571: [Epoch 3] Train Loss: 3.03E+01, PSNR: 28.10
2025-09-02 09:53:41,011: Jac Loss 3130.100830078125
2025-09-02 09:53:43,481: Jac Loss 6157.912109375
2025-09-02 09:53:45,602: Step 10, Train PSNR 27.91698303222656
2025-09-02 09:53:45,967: Jac Loss 4296.98291015625
2025-09-02 09:53:48,509: Jac Loss 8306.685546875
2025-09-02 09:53:50,601: Step 20, Train PSNR 27.89442367553711
2025-09-02 09:53:50,981: Jac Loss 5381.13037109375
2025-09-02 09:53:53,563: Jac Loss 8361.8525390625
2025-09-02 09:53:55,735: Step 30, Train PSNR 27.970996220906574
2025-09-02 09:53:56,076: Jac Loss 3569.03955078125
2025-09-02 09:53:58,470: Jac Loss 8146.27587890625
2025-09-02 09:54:00,865: Step 40, Train PSNR 28.05667724609375
2025-09-02 09:54:01,256: Jac Loss 9428.283203125
2025-09-02 09:54:03,484: [Epoch 4] Train Loss: 2.98E+01, PSNR: 28.08
2025-09-02 09:54:03,926: Jac Loss 7704.7548828125
2025-09-02 09:54:06,519: Jac Loss 7140.77099609375
2025-09-02 09:54:08,964: Step 10, Train PSNR 28.33437309265137
2025-09-02 09:54:09,318: Jac Loss 7797.2216796875
2025-09-02 09:54:11,864: Jac Loss 7370.87109375
2025-09-02 09:54:13,996: Step 20, Train PSNR 27.963578987121583
2025-09-02 09:54:14,350: Jac Loss 6226.619140625
2025-09-02 09:54:16,982: Jac Loss 8072.58837890625
2025-09-02 09:54:19,203: Step 30, Train PSNR 28.263061841328938
2025-09-02 09:54:19,739: Jac Loss 16332.1328125
2025-09-02 09:54:22,474: Jac Loss 5582.73828125
2025-09-02 09:54:24,672: Step 40, Train PSNR 28.195442628860473
2025-09-02 09:54:25,068: Jac Loss 10574.9580078125
2025-09-02 09:54:27,457: [Epoch 5] Train Loss: 2.88E+01, PSNR: 28.22
2025-09-02 09:54:27,951: Jac Loss 11979.18359375
2025-09-02 09:54:30,631: Jac Loss 10172.173828125
2025-09-02 09:54:32,962: Step 10, Train PSNR 28.48405017852783
2025-09-02 09:54:33,335: Jac Loss 11124.5048828125
2025-09-02 09:54:36,108: Jac Loss 8472.2978515625
2025-09-02 09:54:38,275: Step 20, Train PSNR 28.21135358810425
2025-09-02 09:54:38,748: Jac Loss 4986.1416015625
2025-09-02 09:54:41,500: Jac Loss 9968.72265625
2025-09-02 09:54:43,796: Step 30, Train PSNR 28.16250991821289
2025-09-02 09:54:44,191: Jac Loss 10874.359375
2025-09-02 09:54:46,789: Jac Loss 10230.423828125
2025-09-02 09:54:49,065: Step 40, Train PSNR 28.075523233413698
2025-09-02 09:54:49,439: Jac Loss 12176.4716796875
2025-09-02 09:54:51,691: [Epoch 6] Train Loss: 3.03E+01, PSNR: 28.03
2025-09-02 09:54:52,182: Jac Loss 7620.54736328125
2025-09-02 09:54:54,821: Jac Loss 13103.794921875
2025-09-02 09:54:57,159: Step 10, Train PSNR 27.92132110595703
2025-09-02 09:54:57,542: Jac Loss 13933.4091796875
2025-09-02 09:55:00,356: Jac Loss 12705.4052734375
2025-09-02 09:55:02,593: Step 20, Train PSNR 28.060050296783448
2025-09-02 09:55:02,969: Jac Loss 12902.12109375
2025-09-02 09:55:05,818: Jac Loss 12122.201171875
2025-09-02 09:55:08,086: Step 30, Train PSNR 27.962495613098145
2025-09-02 09:55:08,457: Jac Loss 8984.1943359375
2025-09-02 09:55:11,210: Jac Loss 12014.705078125
2025-09-02 09:55:13,543: Step 40, Train PSNR 27.99089107513428
2025-09-02 09:55:13,978: Jac Loss 16355.384765625
2025-09-02 09:55:16,409: [Epoch 7] Train Loss: 2.98E+01, PSNR: 28.07
2025-09-02 09:55:16,929: Jac Loss 19796.25390625
2025-09-02 09:55:19,977: Jac Loss 11676.20703125
2025-09-02 09:55:22,325: Step 10, Train PSNR 28.59390354156494
2025-09-02 09:55:22,692: Jac Loss 12763.2421875
2025-09-02 09:55:25,444: Jac Loss 12308.2587890625
2025-09-02 09:55:27,960: Step 20, Train PSNR 28.483417415618895
2025-09-02 09:55:28,372: Jac Loss 14358.2734375
2025-09-02 09:55:31,164: Jac Loss 7809.607421875
2025-09-02 09:55:33,284: Step 30, Train PSNR 28.23553949991862
2025-09-02 09:55:33,696: Jac Loss 14988.787109375
2025-09-02 09:55:36,521: Jac Loss 14717.482421875
2025-09-02 09:55:38,893: Step 40, Train PSNR 28.118392658233642
2025-09-02 09:55:39,275: Jac Loss 11947.9658203125
2025-09-02 09:55:41,743: [Epoch 8] Train Loss: 2.97E+01, PSNR: 28.14
2025-09-02 09:55:42,280: Jac Loss 15298.42578125
2025-09-02 09:55:45,008: Jac Loss 12108.0126953125
2025-09-02 09:55:47,566: Step 10, Train PSNR 27.899823951721192
2025-09-02 09:55:47,993: Jac Loss 14616.693359375
2025-09-02 09:55:51,009: Jac Loss 21203.984375
2025-09-02 09:55:53,500: Step 20, Train PSNR 28.158811378479005
2025-09-02 09:55:53,927: Jac Loss 20788.482421875
2025-09-02 09:55:56,802: Jac Loss 18763.1015625
2025-09-02 09:55:59,164: Step 30, Train PSNR 28.02671235402425
2025-09-02 09:55:59,614: Jac Loss 13534.2041015625
2025-09-02 09:56:02,529: Jac Loss 12461.6796875
2025-09-02 09:56:04,896: Step 40, Train PSNR 28.03724784851074
2025-09-02 09:56:05,304: Jac Loss 16282.5712890625
2025-09-02 09:56:07,674: [Epoch 9] Train Loss: 3.07E+01, PSNR: 27.96
2025-09-02 09:56:08,145: Jac Loss 12087.083984375
2025-09-02 09:56:10,942: Jac Loss 16922.3671875
2025-09-02 09:56:13,431: Step 10, Train PSNR 28.01600513458252
2025-09-02 09:56:13,845: Jac Loss 15281.787109375
2025-09-02 09:56:16,608: Jac Loss 20106.267578125
2025-09-02 09:56:19,022: Step 20, Train PSNR 28.005559349060057
2025-09-02 09:56:19,548: Jac Loss 17673.21875
2025-09-02 09:56:22,419: Jac Loss 24162.83203125
2025-09-02 09:56:24,869: Step 30, Train PSNR 28.045976448059083
2025-09-02 09:56:25,252: Jac Loss 15223.2265625
2025-09-02 09:56:28,052: Jac Loss 18286.94921875
2025-09-02 09:56:30,415: Step 40, Train PSNR 27.971915674209594
2025-09-02 09:56:30,823: Jac Loss 14667.005859375
2025-09-02 09:56:33,474: [Epoch 10] Train Loss: 3.02E+01, PSNR: 28.00
2025-09-02 09:56:34,012: Jac Loss 22459.640625
2025-09-02 09:56:37,060: Jac Loss 19172.27734375
2025-09-02 09:56:39,500: Step 10, Train PSNR 28.245277214050294
2025-09-02 09:56:39,958: Jac Loss 23928.228515625
2025-09-02 09:56:42,739: Jac Loss 13730.259765625
2025-09-02 09:56:45,099: Step 20, Train PSNR 28.135713291168212
2025-09-02 09:56:45,502: Jac Loss 23830.517578125
2025-09-02 09:56:48,545: Jac Loss 22520.44140625
2025-09-02 09:56:51,129: Step 30, Train PSNR 28.139770189921062
2025-09-02 09:56:51,561: Jac Loss 26316.419921875
2025-09-02 09:56:54,660: Jac Loss 33818.84375
2025-09-02 09:56:57,246: Step 40, Train PSNR 28.242560195922852
2025-09-02 09:56:57,669: Jac Loss 28143.125
2025-09-02 09:57:00,288: [Epoch 11] Train Loss: 2.96E+01, PSNR: 28.20
2025-09-02 09:57:00,822: Jac Loss 16615.078125
2025-09-02 09:57:03,712: Jac Loss 27007.1484375
2025-09-02 09:57:06,392: Step 10, Train PSNR 28.348813247680663
2025-09-02 09:57:06,827: Jac Loss 39120.97265625
2025-09-02 09:57:09,772: Jac Loss 21143.26171875
2025-09-02 09:57:12,351: Step 20, Train PSNR 28.302373695373536
2025-09-02 09:57:12,737: Jac Loss 32550.794921875
2025-09-02 09:57:15,796: Jac Loss 24659.58984375
2025-09-02 09:57:18,456: Step 30, Train PSNR 28.338442866007487
2025-09-02 09:57:18,990: Jac Loss 30264.708984375
2025-09-02 09:57:21,970: Jac Loss 23679.92578125
2025-09-02 09:57:24,654: Step 40, Train PSNR 28.27976837158203
2025-09-02 09:57:25,118: Jac Loss 25757.12890625
2025-09-02 09:57:27,600: [Epoch 12] Train Loss: 2.87E+01, PSNR: 28.22
2025-09-02 09:57:28,232: Jac Loss 18173.48046875
2025-09-02 09:57:31,134: Jac Loss 19908.908203125
2025-09-02 09:57:33,635: Step 10, Train PSNR 28.262056159973145
2025-09-02 09:57:34,047: Jac Loss 26277.234375
2025-09-02 09:57:37,013: Jac Loss 23351.650390625
2025-09-02 09:57:39,526: Step 20, Train PSNR 28.22765302658081
2025-09-02 09:57:39,976: Jac Loss 22726.53125
2025-09-02 09:57:42,886: Jac Loss 21409.50390625
2025-09-02 09:57:45,424: Step 30, Train PSNR 28.10909455617269
2025-09-02 09:57:45,841: Jac Loss 24470.59375
2025-09-02 09:57:48,798: Jac Loss 19693.490234375
2025-09-02 09:57:51,220: Step 40, Train PSNR 28.022183465957642
2025-09-02 09:57:51,603: Jac Loss 18264.76171875
2025-09-02 09:57:54,259: [Epoch 13] Train Loss: 2.96E+01, PSNR: 28.10
2025-09-02 09:57:54,796: Jac Loss 26192.79296875
2025-09-02 09:57:57,910: Jac Loss 19958.798828125
2025-09-02 09:58:00,247: Step 10, Train PSNR 27.550053977966307
2025-09-02 09:58:00,657: Jac Loss 20974.673828125
2025-09-02 09:58:03,648: Jac Loss 33526.78125
2025-09-02 09:58:06,395: Step 20, Train PSNR 27.946726417541505
2025-09-02 09:58:06,796: Jac Loss 33593.6953125
2025-09-02 09:58:09,725: Jac Loss 19535.298828125
2025-09-02 09:58:12,331: Step 30, Train PSNR 27.9153538386027
2025-09-02 09:58:12,742: Jac Loss 21209.18359375
2025-09-02 09:58:15,815: Jac Loss 28562.046875
2025-09-02 09:58:18,399: Step 40, Train PSNR 27.976826190948486
2025-09-02 09:58:18,837: Jac Loss 29443.30078125
2025-09-02 09:58:21,542: [Epoch 14] Train Loss: 3.05E+01, PSNR: 28.04
2025-09-02 09:58:22,099: Jac Loss 33947.1953125
2025-09-02 09:58:25,066: Jac Loss 21695.966796875
2025-09-02 09:58:27,633: Step 10, Train PSNR 28.13631401062012
2025-09-02 09:58:28,034: Jac Loss 28188.46484375
2025-09-02 09:58:31,219: Jac Loss 34024.2421875
2025-09-02 09:58:34,100: Step 20, Train PSNR 28.399912357330322
2025-09-02 09:58:34,534: Jac Loss 42576.3125
2025-09-02 09:58:37,478: Jac Loss 17280.3671875
2025-09-02 09:58:39,987: Step 30, Train PSNR 28.249164708455403
2025-09-02 09:58:40,410: Jac Loss 33779.75390625
2025-09-02 09:58:43,656: Jac Loss 37969.6953125
2025-09-02 09:58:46,172: Step 40, Train PSNR 28.109929704666136
2025-09-02 09:58:46,568: Jac Loss 19021.625
2025-09-02 09:58:49,054: [Epoch 15] Train Loss: 3.02E+01, PSNR: 28.04
2025-09-02 09:58:49,528: Jac Loss 19319.703125
2025-09-02 09:58:52,552: Jac Loss 27492.37109375
2025-09-02 09:58:55,365: Step 10, Train PSNR 27.84935188293457
2025-09-02 09:58:55,797: Jac Loss 25741.06640625
2025-09-02 09:58:58,588: Jac Loss 20228.98828125
2025-09-02 09:59:01,242: Step 20, Train PSNR 27.889244174957277
2025-09-02 09:59:01,713: Jac Loss 25506.9921875
2025-09-02 09:59:04,854: Jac Loss 29938.78125
2025-09-02 09:59:07,526: Step 30, Train PSNR 28.04430758158366
2025-09-02 09:59:07,919: Jac Loss 26459.279296875
2025-09-02 09:59:10,993: Jac Loss 35825.46875
2025-09-02 09:59:13,698: Step 40, Train PSNR 28.134657001495363
2025-09-02 09:59:14,114: Jac Loss 28809.166015625
2025-09-02 09:59:16,829: [Epoch 16] Train Loss: 2.99E+01, PSNR: 28.14
2025-09-02 09:59:17,295: Jac Loss 28027.91015625
2025-09-02 09:59:20,359: Jac Loss 23957.494140625
2025-09-02 09:59:22,997: Step 10, Train PSNR 28.15954647064209
2025-09-02 09:59:23,425: Jac Loss 38939.10546875
2025-09-02 09:59:26,602: Jac Loss 30400.59765625
2025-09-02 09:59:29,250: Step 20, Train PSNR 28.290770626068117
2025-09-02 09:59:29,716: Jac Loss 28978.6640625
2025-09-02 09:59:32,708: Jac Loss 30141.859375
2025-09-02 09:59:35,483: Step 30, Train PSNR 28.317036183675132
2025-09-02 09:59:35,936: Jac Loss 33627.1484375
2025-09-02 09:59:38,991: Jac Loss 33342.1796875
2025-09-02 09:59:41,724: Step 40, Train PSNR 28.222484827041626
2025-09-02 09:59:42,113: Jac Loss 28616.11328125
2025-09-02 09:59:44,900: [Epoch 17] Train Loss: 2.93E+01, PSNR: 28.21
2025-09-02 09:59:45,382: Jac Loss 24186.1875
2025-09-02 09:59:48,361: Jac Loss 29698.609375
2025-09-02 09:59:51,001: Step 10, Train PSNR 27.801757621765137
2025-09-02 09:59:51,427: Jac Loss 24631.13671875
2025-09-02 09:59:54,380: Jac Loss 27070.8671875
2025-09-02 09:59:57,195: Step 20, Train PSNR 27.893390369415282
2025-09-02 09:59:57,704: Jac Loss 37700.296875
2025-09-02 10:00:00,753: Jac Loss 31547.94140625
2025-09-02 10:00:03,486: Step 30, Train PSNR 28.07968692779541
2025-09-02 10:00:03,925: Jac Loss 27587.822265625
2025-09-02 10:00:06,880: Jac Loss 27955.5390625
2025-09-02 10:00:09,437: Step 40, Train PSNR 28.01361756324768
2025-09-02 10:00:09,852: Jac Loss 36292.28515625
2025-09-02 10:00:12,610: [Epoch 18] Train Loss: 2.99E+01, PSNR: 28.09
2025-09-02 10:00:13,146: Jac Loss 28136.1015625
2025-09-02 10:00:16,415: Jac Loss 27565.78125
2025-09-02 10:00:19,140: Step 10, Train PSNR 28.08442268371582
2025-09-02 10:00:19,501: Jac Loss 25978.279296875
2025-09-02 10:00:22,555: Jac Loss 26339.5859375
2025-09-02 10:00:25,068: Step 20, Train PSNR 27.873380947113038
2025-09-02 10:00:25,432: Jac Loss 17578.29296875
2025-09-02 10:00:28,442: Jac Loss 27254.3984375
2025-09-02 10:00:31,098: Step 30, Train PSNR 27.81804676055908
2025-09-02 10:00:31,496: Jac Loss 24614.609375
2025-09-02 10:00:34,586: Jac Loss 43672.80859375
2025-09-02 10:00:37,343: Step 40, Train PSNR 27.965826892852782
2025-09-02 10:00:37,733: Jac Loss 26326.349609375
2025-09-02 10:00:40,461: [Epoch 19] Train Loss: 3.03E+01, PSNR: 28.02
2025-09-02 10:00:41,015: Jac Loss 28086.11328125
2025-09-02 10:00:44,139: Jac Loss 27661.9140625
2025-09-02 10:00:46,742: Step 10, Train PSNR 27.876172256469726
2025-09-02 10:00:47,172: Jac Loss 29374.75
2025-09-02 10:00:50,334: Jac Loss 38661.1015625
2025-09-02 10:00:53,107: Step 20, Train PSNR 28.120283126831055
2025-09-02 10:00:53,484: Jac Loss 32476.73828125
2025-09-02 10:00:56,608: Jac Loss 39982.93359375
2025-09-02 10:00:59,427: Step 30, Train PSNR 28.212506675720213
2025-09-02 10:00:59,816: Jac Loss 37274.3046875
2025-09-02 10:01:02,948: Jac Loss 29731.171875
2025-09-02 10:01:05,712: Step 40, Train PSNR 28.244185352325438
2025-09-02 10:01:06,143: Jac Loss 36744.15625
2025-09-02 10:01:08,898: [Epoch 20] Train Loss: 2.94E+01, PSNR: 28.17
2025-09-02 10:01:18,374: [Epoch 20] Val Loss: 1.83E+02, PSNR: 27.96
2025-09-02 10:01:18,916: Jac Loss 28462.96484375
2025-09-02 10:01:21,951: Jac Loss 27187.9921875
2025-09-02 10:01:24,528: Step 10, Train PSNR 27.993593597412108
2025-09-02 10:01:24,978: Jac Loss 41693.234375
2025-09-02 10:01:28,139: Jac Loss 32214.787109375
2025-09-02 10:01:30,980: Step 20, Train PSNR 28.039966773986816
2025-09-02 10:01:31,368: Jac Loss 32615.712890625
2025-09-02 10:01:34,429: Jac Loss 26717.333984375
2025-09-02 10:01:37,090: Step 30, Train PSNR 28.171606508890786
2025-09-02 10:01:37,573: Jac Loss 48390.4765625
2025-09-02 10:01:40,693: Jac Loss 37384.4921875
2025-09-02 10:01:43,420: Step 40, Train PSNR 28.090160655975343
2025-09-02 10:01:43,865: Jac Loss 33284.23828125
2025-09-02 10:01:46,611: [Epoch 21] Train Loss: 2.96E+01, PSNR: 28.10
2025-09-02 10:01:47,180: Jac Loss 30207.73828125
2025-09-02 10:01:50,304: Jac Loss 26264.275390625
2025-09-02 10:01:52,956: Step 10, Train PSNR 28.325749015808107
2025-09-02 10:01:53,406: Jac Loss 56053.046875
2025-09-02 10:01:56,628: Jac Loss 27825.166015625
2025-09-02 10:01:59,298: Step 20, Train PSNR 28.367872047424317
2025-09-02 10:01:59,727: Jac Loss 32723.66796875
2025-09-02 10:02:02,731: Jac Loss 25669.134765625
2025-09-02 10:02:05,307: Step 30, Train PSNR 28.19428908030192
2025-09-02 10:02:05,739: Jac Loss 28277.83203125
2025-09-02 10:02:08,908: Jac Loss 27723.966796875
2025-09-02 10:02:11,528: Step 40, Train PSNR 28.07715210914612
2025-09-02 10:02:11,978: Jac Loss 31928.39453125
2025-09-02 10:02:14,647: [Epoch 22] Train Loss: 3.05E+01, PSNR: 28.06
2025-09-02 10:02:15,180: Jac Loss 35006.375
2025-09-02 10:02:18,343: Jac Loss 22252.78515625
2025-09-02 10:02:21,021: Step 10, Train PSNR 28.173944091796876
2025-09-02 10:02:21,430: Jac Loss 31884.859375
2025-09-02 10:02:24,556: Jac Loss 33961.3125
2025-09-02 10:02:27,227: Step 20, Train PSNR 27.90767631530762
2025-09-02 10:02:27,591: Jac Loss 20526.3828125
2025-09-02 10:02:30,709: Jac Loss 41797.66796875
2025-09-02 10:02:33,496: Step 30, Train PSNR 28.037684949239097
2025-09-02 10:02:33,939: Jac Loss 49784.703125
2025-09-02 10:02:37,184: Jac Loss 40250.34765625
2025-09-02 10:02:39,800: Step 40, Train PSNR 28.10132007598877
2025-09-02 10:02:40,203: Jac Loss 34475.0390625
2025-09-02 10:02:42,896: [Epoch 23] Train Loss: 2.96E+01, PSNR: 28.08
2025-09-02 10:02:43,419: Jac Loss 35105.66796875
2025-09-02 10:02:46,493: Jac Loss 27892.814453125
2025-09-02 10:02:49,129: Step 10, Train PSNR 28.025422668457033
2025-09-02 10:02:49,553: Jac Loss 35378.61328125
2025-09-02 10:02:52,665: Jac Loss 33139.546875
2025-09-02 10:02:55,297: Step 20, Train PSNR 27.998414611816408
2025-09-02 10:02:55,721: Jac Loss 34026.51171875
2025-09-02 10:02:59,150: Jac Loss 53602.4921875
2025-09-02 10:03:02,160: Step 30, Train PSNR 28.26241798400879
2025-09-02 10:03:02,541: Jac Loss 42318.0234375
2025-09-02 10:03:05,834: Jac Loss 51616.1171875
2025-09-02 10:03:08,653: Step 40, Train PSNR 28.325749921798707
2025-09-02 10:03:09,080: Jac Loss 39306.9765625
2025-09-02 10:03:11,889: [Epoch 24] Train Loss: 2.85E+01, PSNR: 28.30
2025-09-02 10:03:12,386: Jac Loss 42833.2109375
2025-09-02 10:03:15,452: Jac Loss 36795.78515625
2025-09-02 10:03:18,227: Step 10, Train PSNR 27.86300449371338
2025-09-02 10:03:18,627: Jac Loss 27366.71875
2025-09-02 10:03:21,650: Jac Loss 34162.28515625
2025-09-02 10:03:24,273: Step 20, Train PSNR 27.890997791290282
2025-09-02 10:03:24,735: Jac Loss 30555.025390625
2025-09-02 10:03:27,842: Jac Loss 43470.4375
2025-09-02 10:03:30,615: Step 30, Train PSNR 27.99994436899821
2025-09-02 10:03:31,064: Jac Loss 30964.24609375
2025-09-02 10:03:34,378: Jac Loss 48285.640625
2025-09-02 10:03:37,159: Step 40, Train PSNR 28.12731852531433
2025-09-02 10:03:37,645: Jac Loss 50101.98046875
2025-09-02 10:03:40,522: [Epoch 25] Train Loss: 2.94E+01, PSNR: 28.16
2025-09-02 10:03:41,018: Jac Loss 34331.6015625
2025-09-02 10:03:44,287: Jac Loss 40547.703125
2025-09-02 10:03:47,127: Step 10, Train PSNR 28.156698799133302
2025-09-02 10:03:47,524: Jac Loss 33763.671875
2025-09-02 10:03:50,642: Jac Loss 23375.4140625
2025-09-02 10:03:53,300: Step 20, Train PSNR 27.99653148651123
2025-09-02 10:03:53,716: Jac Loss 36101.484375
2025-09-02 10:03:56,696: Jac Loss 23208.140625
2025-09-02 10:03:59,337: Step 30, Train PSNR 27.934779548645018
2025-09-02 10:03:59,758: Jac Loss 34045.1953125
2025-09-02 10:04:02,780: Jac Loss 34423.296875
2025-09-02 10:04:05,487: Step 40, Train PSNR 27.935546493530275
2025-09-02 10:04:05,907: Jac Loss 37856.77734375
2025-09-02 10:04:08,667: [Epoch 26] Train Loss: 3.06E+01, PSNR: 27.93
2025-09-02 10:04:09,331: Jac Loss 35085.0703125
2025-09-02 10:04:12,394: Jac Loss 42400.26953125
2025-09-02 10:04:15,101: Step 10, Train PSNR 28.052527618408202
2025-09-02 10:04:15,552: Jac Loss 33888.44921875
2025-09-02 10:04:18,672: Jac Loss 32889.2578125
2025-09-02 10:04:21,404: Step 20, Train PSNR 27.905061340332033
2025-09-02 10:04:21,849: Jac Loss 38469.57421875
2025-09-02 10:04:24,933: Jac Loss 34293.2734375
2025-09-02 10:04:27,658: Step 30, Train PSNR 28.069227155049642
2025-09-02 10:04:28,083: Jac Loss 39676.33203125
2025-09-02 10:04:31,339: Jac Loss 37794.015625
2025-09-02 10:04:34,041: Step 40, Train PSNR 28.02925796508789
2025-09-02 10:04:34,457: Jac Loss 34709.55859375
2025-09-02 10:04:37,263: [Epoch 27] Train Loss: 2.97E+01, PSNR: 28.08
2025-09-02 10:04:37,805: Jac Loss 39368.77734375
2025-09-02 10:04:41,225: Jac Loss 44633.50390625
2025-09-02 10:04:43,982: Step 10, Train PSNR 28.357885932922365
2025-09-02 10:04:44,386: Jac Loss 33726.76171875
2025-09-02 10:04:47,520: Jac Loss 43512.7265625
2025-09-02 10:04:50,258: Step 20, Train PSNR 28.128130531311037
2025-09-02 10:04:50,692: Jac Loss 35891.96875
2025-09-02 10:04:53,830: Jac Loss 35026.88671875
2025-09-02 10:04:56,497: Step 30, Train PSNR 28.22513548533122
2025-09-02 10:04:56,933: Jac Loss 36959.25
2025-09-02 10:05:00,274: Jac Loss 41106.10546875
2025-09-02 10:05:02,997: Step 40, Train PSNR 28.148727416992188
2025-09-02 10:05:03,411: Jac Loss 28419.984375
2025-09-02 10:05:06,027: [Epoch 28] Train Loss: 3.00E+01, PSNR: 28.11
2025-09-02 10:05:06,528: Jac Loss 28019.15234375
2025-09-02 10:05:09,580: Jac Loss 38686.0859375
2025-09-02 10:05:12,254: Step 10, Train PSNR 28.074798774719238
2025-09-02 10:05:12,723: Jac Loss 35294.6171875
2025-09-02 10:05:15,949: Jac Loss 40767.91015625
2025-09-02 10:05:18,691: Step 20, Train PSNR 28.1910382270813
2025-09-02 10:05:19,148: Jac Loss 31159.58984375
2025-09-02 10:05:22,241: Jac Loss 34471.25
2025-09-02 10:05:24,965: Step 30, Train PSNR 28.07218837738037
2025-09-02 10:05:25,386: Jac Loss 42973.109375
2025-09-02 10:05:28,644: Jac Loss 49504.1953125
2025-09-02 10:05:31,455: Step 40, Train PSNR 28.118756532669067
2025-09-02 10:05:31,863: Jac Loss 33366.3125
2025-09-02 10:05:34,641: [Epoch 29] Train Loss: 3.02E+01, PSNR: 28.07
2025-09-02 10:05:35,192: Jac Loss 37802.0078125
2025-09-02 10:05:38,226: Jac Loss 31232.25
2025-09-02 10:05:40,868: Step 10, Train PSNR 27.546640968322755
2025-09-02 10:05:41,270: Jac Loss 27090.04296875
2025-09-02 10:05:44,357: Jac Loss 30803.78515625
2025-09-02 10:05:47,027: Step 20, Train PSNR 27.64438819885254
2025-09-02 10:05:47,518: Jac Loss 35416.6328125
2025-09-02 10:05:50,792: Jac Loss 46497.2734375
2025-09-02 10:05:53,587: Step 30, Train PSNR 27.932252883911133
2025-09-02 10:05:54,008: Jac Loss 33218.58203125
2025-09-02 10:05:57,368: Jac Loss 56988.5546875
2025-09-02 10:06:00,280: Step 40, Train PSNR 28.10373387336731
2025-09-02 10:06:00,679: Jac Loss 51053.6953125
2025-09-02 10:06:03,375: [Epoch 30] Train Loss: 3.04E+01, PSNR: 27.98
2025-09-02 10:06:03,929: Jac Loss 24208.78125
2025-09-02 10:06:06,994: Jac Loss 29078.3984375
2025-09-02 10:06:09,740: Step 10, Train PSNR 27.89240894317627
2025-09-02 10:06:10,194: Jac Loss 36601.984375
2025-09-02 10:06:13,434: Jac Loss 38495.2265625
2025-09-02 10:06:16,121: Step 20, Train PSNR 27.89166679382324
2025-09-02 10:06:16,516: Jac Loss 32834.6015625
2025-09-02 10:06:19,588: Jac Loss 43123.1484375
2025-09-02 10:06:22,483: Step 30, Train PSNR 28.0227752049764
2025-09-02 10:06:22,910: Jac Loss 44312.53515625
2025-09-02 10:06:26,043: Jac Loss 38962.23046875
2025-09-02 10:06:28,743: Step 40, Train PSNR 28.003607511520386
2025-09-02 10:06:29,169: Jac Loss 34718.234375
2025-09-02 10:06:31,880: [Epoch 31] Train Loss: 3.04E+01, PSNR: 27.96
2025-09-02 10:06:32,443: Jac Loss 29891.697265625
2025-09-02 10:06:35,509: Jac Loss 32929.08984375
2025-09-02 10:06:38,170: Step 10, Train PSNR 27.958310508728026
2025-09-02 10:06:38,608: Jac Loss 35495.2890625
2025-09-02 10:06:41,803: Jac Loss 33240.234375
2025-09-02 10:06:44,548: Step 20, Train PSNR 28.03833818435669
2025-09-02 10:06:44,977: Jac Loss 34562.85546875
2025-09-02 10:06:48,170: Jac Loss 30703.0234375
2025-09-02 10:06:50,921: Step 30, Train PSNR 27.96879088083903
2025-09-02 10:06:51,326: Jac Loss 39115.296875
2025-09-02 10:06:54,417: Jac Loss 37355.74609375
2025-09-02 10:06:57,044: Step 40, Train PSNR 27.930252408981325
2025-09-02 10:06:57,482: Jac Loss 28611.44140625
2025-09-02 10:07:00,190: [Epoch 32] Train Loss: 3.07E+01, PSNR: 27.92
2025-09-02 10:07:00,697: Jac Loss 31715.775390625
2025-09-02 10:07:03,823: Jac Loss 36306.4375
2025-09-02 10:07:06,578: Step 10, Train PSNR 28.239762115478516
2025-09-02 10:07:06,984: Jac Loss 36402.734375
2025-09-02 10:07:10,200: Jac Loss 38953.1953125
2025-09-02 10:07:12,971: Step 20, Train PSNR 28.018303012847902
2025-09-02 10:07:13,432: Jac Loss 32960.328125
2025-09-02 10:07:16,667: Jac Loss 43258.03125
2025-09-02 10:07:19,359: Step 30, Train PSNR 27.994771639506023
2025-09-02 10:07:19,812: Jac Loss 39476.4921875
2025-09-02 10:07:22,932: Jac Loss 31519.47265625
2025-09-02 10:07:25,693: Step 40, Train PSNR 28.04755916595459
2025-09-02 10:07:26,112: Jac Loss 34912.4765625
2025-09-02 10:07:28,901: [Epoch 33] Train Loss: 3.03E+01, PSNR: 28.03
2025-09-02 10:07:29,411: Jac Loss 37256.9921875
2025-09-02 10:07:32,496: Jac Loss 37211.19140625
2025-09-02 10:07:35,305: Step 10, Train PSNR 28.213871574401857
2025-09-02 10:07:35,755: Jac Loss 45386.4453125
2025-09-02 10:07:38,907: Jac Loss 29771.439453125
2025-09-02 10:07:41,588: Step 20, Train PSNR 28.130748748779297
2025-09-02 10:07:42,032: Jac Loss 49365.59375
2025-09-02 10:07:45,187: Jac Loss 34087.875
2025-09-02 10:07:47,982: Step 30, Train PSNR 28.085386912027996
2025-09-02 10:07:48,370: Jac Loss 37291.046875
2025-09-02 10:07:51,693: Jac Loss 36511.4375
2025-09-02 10:07:54,348: Step 40, Train PSNR 28.08607859611511
2025-09-02 10:07:54,757: Jac Loss 32634.814453125
2025-09-02 10:07:57,559: [Epoch 34] Train Loss: 3.02E+01, PSNR: 28.08
2025-09-02 10:07:58,104: Jac Loss 27127.265625
2025-09-02 10:08:01,307: Jac Loss 45131.328125
2025-09-02 10:08:04,028: Step 10, Train PSNR 27.789221572875977
2025-09-02 10:08:04,499: Jac Loss 34814.328125
2025-09-02 10:08:07,585: Jac Loss 33139.453125
2025-09-02 10:08:10,287: Step 20, Train PSNR 27.986466026306154
2025-09-02 10:08:10,740: Jac Loss 42001.0546875
2025-09-02 10:08:13,987: Jac Loss 54526.7890625
2025-09-02 10:08:16,898: Step 30, Train PSNR 28.14010213216146
2025-09-02 10:08:17,369: Jac Loss 42812.0390625
2025-09-02 10:08:20,665: Jac Loss 50449.015625
2025-09-02 10:08:23,466: Step 40, Train PSNR 28.144036293029785
2025-09-02 10:08:23,860: Jac Loss 30690.60546875
2025-09-02 10:08:26,601: [Epoch 35] Train Loss: 2.98E+01, PSNR: 28.11
2025-09-02 10:08:27,106: Jac Loss 27143.70703125
2025-09-02 10:08:30,379: Jac Loss 32955.61328125
2025-09-02 10:08:33,028: Step 10, Train PSNR 27.85976219177246
2025-09-02 10:08:33,402: Jac Loss 31047.23828125
2025-09-02 10:08:36,551: Jac Loss 35498.8359375
2025-09-02 10:08:39,299: Step 20, Train PSNR 27.980967235565185
2025-09-02 10:08:39,695: Jac Loss 37324.9921875
2025-09-02 10:08:42,958: Jac Loss 42487.5
2025-09-02 10:08:45,737: Step 30, Train PSNR 28.072521781921388
2025-09-02 10:08:46,110: Jac Loss 41457.875
2025-09-02 10:08:49,349: Jac Loss 44408.17578125
2025-09-02 10:08:52,064: Step 40, Train PSNR 28.075073337554933
2025-09-02 10:08:52,518: Jac Loss 37197.32421875
2025-09-02 10:08:55,288: [Epoch 36] Train Loss: 3.03E+01, PSNR: 28.07
2025-09-02 10:08:55,874: Jac Loss 41123.21875
2025-09-02 10:08:58,999: Jac Loss 32932.3359375
2025-09-02 10:09:01,677: Step 10, Train PSNR 27.652850532531737
2025-09-02 10:09:02,115: Jac Loss 35870.578125
2025-09-02 10:09:05,351: Jac Loss 53363.83984375
2025-09-02 10:09:08,125: Step 20, Train PSNR 27.97096405029297
2025-09-02 10:09:08,570: Jac Loss 38493.140625
2025-09-02 10:09:11,688: Jac Loss 35359.8671875
2025-09-02 10:09:14,484: Step 30, Train PSNR 27.932791010538736
2025-09-02 10:09:14,838: Jac Loss 34975.42578125
2025-09-02 10:09:18,194: Jac Loss 44693.421875
2025-09-02 10:09:21,023: Step 40, Train PSNR 28.030955171585084
2025-09-02 10:09:21,434: Jac Loss 32197.2578125
2025-09-02 10:09:24,135: [Epoch 37] Train Loss: 3.03E+01, PSNR: 28.01
2025-09-02 10:09:24,711: Jac Loss 32687.1953125
2025-09-02 10:09:27,942: Jac Loss 42245.6328125
2025-09-02 10:09:30,755: Step 10, Train PSNR 28.144122314453124
2025-09-02 10:09:31,158: Jac Loss 32682.314453125
2025-09-02 10:09:34,410: Jac Loss 41681.3671875
2025-09-02 10:09:37,239: Step 20, Train PSNR 28.157923412322997
2025-09-02 10:09:37,656: Jac Loss 39535.78125
2025-09-02 10:09:40,900: Jac Loss 34208.3359375
2025-09-02 10:09:43,652: Step 30, Train PSNR 28.06642920176188
2025-09-02 10:09:44,047: Jac Loss 27596.765625
2025-09-02 10:09:47,188: Jac Loss 32675.841796875
2025-09-02 10:09:49,936: Step 40, Train PSNR 28.057232999801634
2025-09-02 10:09:50,342: Jac Loss 35217.484375
2025-09-02 10:09:53,311: [Epoch 38] Train Loss: 2.91E+01, PSNR: 28.15
2025-09-02 10:09:53,862: Jac Loss 43880.484375
2025-09-02 10:09:57,021: Jac Loss 36868.2734375
2025-09-02 10:09:59,758: Step 10, Train PSNR 27.944011688232422
2025-09-02 10:10:00,170: Jac Loss 44589.62890625
2025-09-02 10:10:03,499: Jac Loss 43344.7265625
2025-09-02 10:10:06,346: Step 20, Train PSNR 28.062846183776855
2025-09-02 10:10:06,786: Jac Loss 33644.5859375
2025-09-02 10:10:09,931: Jac Loss 39593.4375
2025-09-02 10:10:12,707: Step 30, Train PSNR 28.115034675598146
2025-09-02 10:10:13,208: Jac Loss 57571.734375
2025-09-02 10:10:16,391: Jac Loss 35052.171875
2025-09-02 10:10:19,146: Step 40, Train PSNR 28.06141209602356
2025-09-02 10:10:19,542: Jac Loss 34531.12890625
2025-09-02 10:10:22,325: [Epoch 39] Train Loss: 3.03E+01, PSNR: 28.05
2025-09-02 10:10:22,879: Jac Loss 40242.3125
2025-09-02 10:10:26,068: Jac Loss 42066.6875
2025-09-02 10:10:28,813: Step 10, Train PSNR 28.3369873046875
2025-09-02 10:10:29,218: Jac Loss 34485.67578125
2025-09-02 10:10:32,364: Jac Loss 39067.4765625
2025-09-02 10:10:35,158: Step 20, Train PSNR 28.169637298583986
2025-09-02 10:10:35,566: Jac Loss 40858.0
2025-09-02 10:10:38,798: Jac Loss 40315.4375
2025-09-02 10:10:41,646: Step 30, Train PSNR 28.278267860412598
2025-09-02 10:10:42,075: Jac Loss 37100.4453125
2025-09-02 10:10:45,300: Jac Loss 53538.03515625
2025-09-02 10:10:48,161: Step 40, Train PSNR 28.288581991195677
2025-09-02 10:10:48,562: Jac Loss 38475.2421875
2025-09-02 10:10:51,361: [Epoch 40] Train Loss: 2.89E+01, PSNR: 28.21
2025-09-02 10:11:01,121: [Epoch 40] Val Loss: 1.82E+02, PSNR: 27.97
2025-09-02 10:11:01,701: Jac Loss 41256.234375
2025-09-02 10:11:04,949: Jac Loss 58480.59375
2025-09-02 10:11:07,784: Step 10, Train PSNR 28.716989517211914
2025-09-02 10:11:08,190: Jac Loss 45339.73046875
2025-09-02 10:11:11,492: Jac Loss 35314.9609375
2025-09-02 10:11:14,180: Step 20, Train PSNR 28.371205711364745
2025-09-02 10:11:14,668: Jac Loss 41938.87890625
2025-09-02 10:11:17,920: Jac Loss 53255.3515625
2025-09-02 10:11:20,655: Step 30, Train PSNR 28.19271971384684
2025-09-02 10:11:21,092: Jac Loss 31042.421875
2025-09-02 10:11:24,274: Jac Loss 32660.482421875
2025-09-02 10:11:26,944: Step 40, Train PSNR 28.140619373321535
2025-09-02 10:11:27,338: Jac Loss 40994.7421875
2025-09-02 10:11:30,264: [Epoch 41] Train Loss: 2.95E+01, PSNR: 28.12
2025-09-02 10:11:30,775: Jac Loss 53388.6875
2025-09-02 10:11:34,202: Jac Loss 57288.796875
2025-09-02 10:11:36,988: Step 10, Train PSNR 28.434714317321777
2025-09-02 10:11:37,411: Jac Loss 35416.2421875
2025-09-02 10:11:40,611: Jac Loss 42242.6875
2025-09-02 10:11:43,391: Step 20, Train PSNR 28.24110679626465
2025-09-02 10:11:43,841: Jac Loss 35590.25390625
2025-09-02 10:11:47,004: Jac Loss 38465.40625
2025-09-02 10:11:49,963: Step 30, Train PSNR 28.134041913350423
2025-09-02 10:11:50,373: Jac Loss 41866.35546875
2025-09-02 10:11:53,685: Jac Loss 39908.60546875
2025-09-02 10:11:56,418: Step 40, Train PSNR 28.122002840042114
2025-09-02 10:11:56,885: Jac Loss 51439.98828125
2025-09-02 10:11:59,620: [Epoch 42] Train Loss: 3.00E+01, PSNR: 28.11
2025-09-02 10:12:00,080: Jac Loss 34255.81640625
2025-09-02 10:12:03,145: Jac Loss 34095.8046875
2025-09-02 10:12:05,818: Step 10, Train PSNR 27.431892013549806
2025-09-02 10:12:06,335: Jac Loss 32222.724609375
2025-09-02 10:12:09,500: Jac Loss 40749.015625
2025-09-02 10:12:12,494: Step 20, Train PSNR 27.876611709594727
2025-09-02 10:12:12,900: Jac Loss 50450.9453125
2025-09-02 10:12:16,174: Jac Loss 50987.9296875
2025-09-02 10:12:19,272: Step 30, Train PSNR 28.195008913675945
2025-09-02 10:12:19,715: Jac Loss 55938.73828125
2025-09-02 10:12:22,981: Jac Loss 50167.2265625
2025-09-02 10:12:25,874: Step 40, Train PSNR 28.128777551651
2025-09-02 10:12:26,320: Jac Loss 37354.859375
2025-09-02 10:12:29,163: [Epoch 43] Train Loss: 2.96E+01, PSNR: 28.18
2025-09-02 10:12:29,663: Jac Loss 37922.78125
2025-09-02 10:12:32,895: Jac Loss 55703.6484375
2025-09-02 10:12:35,766: Step 10, Train PSNR 28.166730308532713
2025-09-02 10:12:36,168: Jac Loss 41946.32421875
2025-09-02 10:12:39,419: Jac Loss 55009.171875
2025-09-02 10:12:42,220: Step 20, Train PSNR 28.09694633483887
2025-09-02 10:12:42,612: Jac Loss 38360.90234375
2025-09-02 10:12:45,907: Jac Loss 38699.9921875
2025-09-02 10:12:48,585: Step 30, Train PSNR 28.029032897949218
2025-09-02 10:12:49,091: Jac Loss 40879.875
2025-09-02 10:12:52,320: Jac Loss 32170.3359375
2025-09-02 10:12:55,058: Step 40, Train PSNR 28.0357337474823
2025-09-02 10:12:55,450: Jac Loss 35557.05859375
2025-09-02 10:12:58,165: [Epoch 44] Train Loss: 3.02E+01, PSNR: 28.07
2025-09-02 10:12:58,674: Jac Loss 31909.47265625
2025-09-02 10:13:01,766: Jac Loss 38690.90625
2025-09-02 10:13:04,519: Step 10, Train PSNR 28.108674240112304
2025-09-02 10:13:04,986: Jac Loss 47297.8046875
2025-09-02 10:13:08,350: Jac Loss 44838.3984375
2025-09-02 10:13:11,263: Step 20, Train PSNR 28.34444408416748
2025-09-02 10:13:11,783: Jac Loss 37933.5625
2025-09-02 10:13:15,110: Jac Loss 35842.57421875
2025-09-02 10:13:17,969: Step 30, Train PSNR 28.248550160725912
2025-09-02 10:13:18,359: Jac Loss 30344.4765625
2025-09-02 10:13:21,505: Jac Loss 36343.390625
2025-09-02 10:13:24,227: Step 40, Train PSNR 28.214727926254273
2025-09-02 10:13:24,646: Jac Loss 37943.70703125
2025-09-02 10:13:27,486: [Epoch 45] Train Loss: 2.93E+01, PSNR: 28.23
2025-09-02 10:13:28,022: Jac Loss 39503.1953125
2025-09-02 10:13:31,361: Jac Loss 58045.72265625
2025-09-02 10:13:34,157: Step 10, Train PSNR 28.35680809020996
2025-09-02 10:13:34,582: Jac Loss 59253.1953125
2025-09-02 10:13:37,812: Jac Loss 41253.91796875
2025-09-02 10:13:40,557: Step 20, Train PSNR 28.271238994598388
2025-09-02 10:13:40,951: Jac Loss 36928.984375
2025-09-02 10:13:44,210: Jac Loss 42517.5
2025-09-02 10:13:46,952: Step 30, Train PSNR 28.305257670084636
2025-09-02 10:13:47,353: Jac Loss 42196.83984375
2025-09-02 10:13:50,497: Jac Loss 36774.02734375
2025-09-02 10:13:53,217: Step 40, Train PSNR 28.22448992729187
2025-09-02 10:13:53,665: Jac Loss 36093.6328125
2025-09-02 10:13:56,389: [Epoch 46] Train Loss: 2.96E+01, PSNR: 28.17
2025-09-02 10:13:57,030: Jac Loss 38542.75390625
2025-09-02 10:14:00,344: Jac Loss 72303.5625
2025-09-02 10:14:03,248: Step 10, Train PSNR 28.54231491088867
2025-09-02 10:14:03,626: Jac Loss 31632.95703125
2025-09-02 10:14:06,974: Jac Loss 50378.234375
2025-09-02 10:14:09,772: Step 20, Train PSNR 28.48167486190796
2025-09-02 10:14:10,280: Jac Loss 51282.6484375
2025-09-02 10:14:13,492: Jac Loss 28562.15625
2025-09-02 10:14:16,139: Step 30, Train PSNR 28.178467496236166
2025-09-02 10:14:16,603: Jac Loss 35660.7265625
2025-09-02 10:14:19,729: Jac Loss 43139.72265625
2025-09-02 10:14:22,604: Step 40, Train PSNR 28.243509817123414
2025-09-02 10:14:23,048: Jac Loss 52716.73046875
2025-09-02 10:14:25,948: [Epoch 47] Train Loss: 2.97E+01, PSNR: 28.17
2025-09-02 10:14:26,510: Jac Loss 45894.01953125
2025-09-02 10:14:29,575: Jac Loss 37792.703125
2025-09-02 10:14:32,429: Step 10, Train PSNR 27.99470634460449
2025-09-02 10:14:32,880: Jac Loss 47212.4296875
2025-09-02 10:14:36,126: Jac Loss 51250.1875
2025-09-02 10:14:39,012: Step 20, Train PSNR 28.275730323791503
2025-09-02 10:14:39,435: Jac Loss 45398.61328125
2025-09-02 10:14:42,722: Jac Loss 48769.06640625
2025-09-02 10:14:45,476: Step 30, Train PSNR 28.21584307352702
2025-09-02 10:14:45,886: Jac Loss 33428.6953125
2025-09-02 10:14:49,091: Jac Loss 38571.2734375
2025-09-02 10:14:51,954: Step 40, Train PSNR 28.143342781066895
2025-09-02 10:14:52,342: Jac Loss 34852.4140625
2025-09-02 10:14:55,301: [Epoch 48] Train Loss: 3.01E+01, PSNR: 28.09
2025-09-02 10:14:55,860: Jac Loss 33517.9609375
2025-09-02 10:14:59,049: Jac Loss 55802.54296875
2025-09-02 10:15:01,841: Step 10, Train PSNR 28.109283638000488
2025-09-02 10:15:02,294: Jac Loss 52261.09765625
2025-09-02 10:15:05,513: Jac Loss 38346.48046875
2025-09-02 10:15:08,187: Step 20, Train PSNR 27.99985542297363
2025-09-02 10:15:08,629: Jac Loss 41598.203125
2025-09-02 10:15:11,766: Jac Loss 43181.63671875
2025-09-02 10:15:14,607: Step 30, Train PSNR 28.13845666249593
2025-09-02 10:15:14,997: Jac Loss 41831.359375
2025-09-02 10:15:18,292: Jac Loss 36349.5703125
2025-09-02 10:15:21,059: Step 40, Train PSNR 28.109420347213746
2025-09-02 10:15:21,550: Jac Loss 42706.75
2025-09-02 10:15:24,355: [Epoch 49] Train Loss: 3.01E+01, PSNR: 28.12
2025-09-02 10:15:24,881: Jac Loss 48446.1484375
2025-09-02 10:15:28,049: Jac Loss 40098.2578125
2025-09-02 10:15:30,868: Step 10, Train PSNR 28.206050872802734
2025-09-02 10:15:31,261: Jac Loss 35026.53515625
2025-09-02 10:15:34,414: Jac Loss 38812.109375
2025-09-02 10:15:37,158: Step 20, Train PSNR 27.925840663909913
2025-09-02 10:15:37,557: Jac Loss 33589.8125
2025-09-02 10:15:40,790: Jac Loss 44604.46484375
2025-09-02 10:15:43,555: Step 30, Train PSNR 28.050092506408692
2025-09-02 10:15:43,976: Jac Loss 52967.6953125
2025-09-02 10:15:47,244: Jac Loss 44562.125
2025-09-02 10:15:50,056: Step 40, Train PSNR 28.048714351654052
2025-09-02 10:15:50,518: Jac Loss 36849.16015625
2025-09-02 10:15:53,293: [Epoch 50] Train Loss: 3.00E+01, PSNR: 28.05
2025-09-02 10:15:53,916: Jac Loss 36789.2578125
2025-09-02 10:15:57,236: Jac Loss 52400.4453125
2025-09-02 10:16:00,102: Step 10, Train PSNR 28.33125877380371
2025-09-02 10:16:00,498: Jac Loss 43857.90625
2025-09-02 10:16:03,739: Jac Loss 35085.3515625
2025-09-02 10:16:06,575: Step 20, Train PSNR 28.210415363311768
2025-09-02 10:16:06,993: Jac Loss 48245.44140625
2025-09-02 10:16:10,256: Jac Loss 43183.3125
2025-09-02 10:16:13,205: Step 30, Train PSNR 28.31859442392985
2025-09-02 10:16:13,629: Jac Loss 44448.54296875
2025-09-02 10:16:16,851: Jac Loss 44981.4140625
2025-09-02 10:16:19,600: Step 40, Train PSNR 28.301277208328248
2025-09-02 10:16:20,140: Jac Loss 47906.2734375
2025-09-02 10:16:23,078: [Epoch 51] Train Loss: 2.87E+01, PSNR: 28.25
2025-09-02 10:16:23,641: Jac Loss 39529.0
2025-09-02 10:16:26,877: Jac Loss 44703.2578125
2025-09-02 10:16:29,782: Step 10, Train PSNR 28.720942497253418
2025-09-02 10:16:30,218: Jac Loss 45150.32421875
2025-09-02 10:16:33,447: Jac Loss 34431.19140625
2025-09-02 10:16:36,141: Step 20, Train PSNR 28.25176649093628
2025-09-02 10:16:36,623: Jac Loss 41375.6015625
2025-09-02 10:16:39,817: Jac Loss 28107.171875
2025-09-02 10:16:42,507: Step 30, Train PSNR 28.068768819173176
2025-09-02 10:16:42,981: Jac Loss 39629.17578125
2025-09-02 10:16:46,141: Jac Loss 46124.5625
2025-09-02 10:16:48,945: Step 40, Train PSNR 28.001209354400636
2025-09-02 10:16:49,375: Jac Loss 36565.8515625
2025-09-02 10:16:52,209: [Epoch 52] Train Loss: 3.05E+01, PSNR: 28.04
2025-09-02 10:16:52,728: Jac Loss 32277.291015625
2025-09-02 10:16:55,881: Jac Loss 43328.70703125
2025-09-02 10:16:58,653: Step 10, Train PSNR 27.999955940246583
2025-09-02 10:16:59,073: Jac Loss 41013.8359375
2025-09-02 10:17:02,248: Jac Loss 37495.01171875
2025-09-02 10:17:04,988: Step 20, Train PSNR 27.885171604156493
2025-09-02 10:17:05,428: Jac Loss 45277.703125
2025-09-02 10:17:08,570: Jac Loss 31876.31640625
2025-09-02 10:17:11,191: Step 30, Train PSNR 27.77744630177816
2025-09-02 10:17:11,613: Jac Loss 33098.4921875
2025-09-02 10:17:14,779: Jac Loss 43046.8125
2025-09-02 10:17:17,540: Step 40, Train PSNR 27.84474754333496
2025-09-02 10:17:17,994: Jac Loss 43134.7265625
2025-09-02 10:17:21,033: [Epoch 53] Train Loss: 3.06E+01, PSNR: 27.94
2025-09-02 10:17:21,619: Jac Loss 54928.453125
2025-09-02 10:17:24,861: Jac Loss 41934.47265625
2025-09-02 10:17:27,570: Step 10, Train PSNR 27.541302299499513
2025-09-02 10:17:27,924: Jac Loss 28080.640625
2025-09-02 10:17:31,019: Jac Loss 36875.53125
2025-09-02 10:17:33,850: Step 20, Train PSNR 27.9713604927063
2025-09-02 10:17:34,273: Jac Loss 56752.6171875
2025-09-02 10:17:37,700: Jac Loss 49654.921875
2025-09-02 10:17:40,628: Step 30, Train PSNR 28.20347722371419
2025-09-02 10:17:41,067: Jac Loss 42624.4140625
2025-09-02 10:17:44,305: Jac Loss 37736.03125
2025-09-02 10:17:47,094: Step 40, Train PSNR 28.175645685195924
2025-09-02 10:17:47,522: Jac Loss 54640.2109375
2025-09-02 10:17:50,469: [Epoch 54] Train Loss: 2.94E+01, PSNR: 28.20
2025-09-02 10:17:51,072: Jac Loss 46074.8125
2025-09-02 10:17:54,379: Jac Loss 64216.10546875
2025-09-02 10:17:57,168: Step 10, Train PSNR 28.22104148864746
2025-09-02 10:17:57,595: Jac Loss 38528.609375
2025-09-02 10:18:00,800: Jac Loss 47243.1953125
2025-09-02 10:18:03,591: Step 20, Train PSNR 28.201172637939454
2025-09-02 10:18:04,041: Jac Loss 39818.0703125
2025-09-02 10:18:07,278: Jac Loss 61578.7109375
2025-09-02 10:18:10,098: Step 30, Train PSNR 28.197240765889486
2025-09-02 10:18:10,564: Jac Loss 43156.796875
2025-09-02 10:18:13,764: Jac Loss 41843.5390625
2025-09-02 10:18:16,595: Step 40, Train PSNR 28.229830074310303
2025-09-02 10:18:17,043: Jac Loss 50336.484375
2025-09-02 10:18:19,915: [Epoch 55] Train Loss: 2.87E+01, PSNR: 28.27
2025-09-02 10:18:20,524: Jac Loss 46710.12109375
2025-09-02 10:18:23,722: Jac Loss 32517.689453125
2025-09-02 10:18:26,429: Step 10, Train PSNR 27.892142677307127
2025-09-02 10:18:26,827: Jac Loss 38792.75
2025-09-02 10:18:29,935: Jac Loss 39592.4140625
2025-09-02 10:18:32,766: Step 20, Train PSNR 28.048811054229738
2025-09-02 10:18:33,170: Jac Loss 50372.2109375
2025-09-02 10:18:36,449: Jac Loss 51749.046875
2025-09-02 10:18:39,462: Step 30, Train PSNR 28.13237953186035
2025-09-02 10:18:39,870: Jac Loss 47352.6484375
2025-09-02 10:18:43,075: Jac Loss 36905.57421875
2025-09-02 10:18:45,929: Step 40, Train PSNR 28.114723873138427
2025-09-02 10:18:46,370: Jac Loss 38842.6484375
2025-09-02 10:18:49,180: [Epoch 56] Train Loss: 3.02E+01, PSNR: 28.08
2025-09-02 10:18:49,733: Jac Loss 35980.46875
2025-09-02 10:18:52,998: Jac Loss 37812.9375
2025-09-02 10:18:55,706: Step 10, Train PSNR 28.088710594177247
2025-09-02 10:18:56,160: Jac Loss 51694.703125
2025-09-02 10:18:59,480: Jac Loss 50371.4375
2025-09-02 10:19:02,344: Step 20, Train PSNR 28.38948154449463
2025-09-02 10:19:02,746: Jac Loss 40083.0234375
2025-09-02 10:19:06,145: Jac Loss 47664.15234375
2025-09-02 10:19:08,950: Step 30, Train PSNR 28.329102325439454
2025-09-02 10:19:09,444: Jac Loss 41947.0078125
2025-09-02 10:19:12,723: Jac Loss 58368.0546875
2025-09-02 10:19:15,510: Step 40, Train PSNR 28.21222629547119
2025-09-02 10:19:15,902: Jac Loss 30707.720703125
2025-09-02 10:19:18,631: [Epoch 57] Train Loss: 2.93E+01, PSNR: 28.18
2025-09-02 10:19:19,189: Jac Loss 34729.921875
2025-09-02 10:19:22,382: Jac Loss 45159.078125
2025-09-02 10:19:25,177: Step 10, Train PSNR 28.537162017822265
2025-09-02 10:19:25,694: Jac Loss 52890.9453125
2025-09-02 10:19:28,957: Jac Loss 40608.50390625
2025-09-02 10:19:31,733: Step 20, Train PSNR 28.311888122558592
2025-09-02 10:19:32,140: Jac Loss 40291.4921875
2025-09-02 10:19:35,389: Jac Loss 35654.8359375
2025-09-02 10:19:38,188: Step 30, Train PSNR 28.297910753885905
2025-09-02 10:19:38,631: Jac Loss 45090.4140625
2025-09-02 10:19:41,796: Jac Loss 37366.625
2025-09-02 10:19:44,585: Step 40, Train PSNR 28.228751277923585
2025-09-02 10:19:45,021: Jac Loss 37300.94921875
2025-09-02 10:19:47,834: [Epoch 58] Train Loss: 2.94E+01, PSNR: 28.20
2025-09-02 10:19:48,343: Jac Loss 36940.2265625
2025-09-02 10:19:51,547: Jac Loss 42826.015625
2025-09-02 10:19:54,381: Step 10, Train PSNR 27.975903129577638
2025-09-02 10:19:54,748: Jac Loss 37963.328125
2025-09-02 10:19:57,942: Jac Loss 45709.3984375
2025-09-02 10:20:00,811: Step 20, Train PSNR 28.010262107849123
2025-09-02 10:20:01,205: Jac Loss 45626.875
2025-09-02 10:20:04,522: Jac Loss 54464.8046875
2025-09-02 10:20:07,484: Step 30, Train PSNR 28.242332458496094
2025-09-02 10:20:07,880: Jac Loss 36043.44921875
2025-09-02 10:20:11,088: Jac Loss 39708.27734375
2025-09-02 10:20:13,882: Step 40, Train PSNR 28.156968545913696
2025-09-02 10:20:14,380: Jac Loss 45857.7734375
2025-09-02 10:20:17,399: [Epoch 59] Train Loss: 2.94E+01, PSNR: 28.15
2025-09-02 10:20:17,940: Jac Loss 46328.43359375
2025-09-02 10:20:21,170: Jac Loss 31006.92578125
2025-09-02 10:20:23,964: Step 10, Train PSNR 28.20355682373047
2025-09-02 10:20:24,404: Jac Loss 42436.15625
2025-09-02 10:20:27,736: Jac Loss 36943.203125
2025-09-02 10:20:30,429: Step 20, Train PSNR 28.40157470703125
2025-09-02 10:20:30,911: Jac Loss 50506.91796875
2025-09-02 10:20:34,168: Jac Loss 47540.375
2025-09-02 10:20:37,091: Step 30, Train PSNR 28.385823249816895
2025-09-02 10:20:37,496: Jac Loss 42002.1171875
2025-09-02 10:20:40,763: Jac Loss 40033.36328125
2025-09-02 10:20:43,634: Step 40, Train PSNR 28.338939237594605
2025-09-02 10:20:44,012: Jac Loss 43489.0078125
2025-09-02 10:20:46,787: [Epoch 60] Train Loss: 2.86E+01, PSNR: 28.35
2025-09-02 10:20:56,557: [Epoch 60] Val Loss: 1.82E+02, PSNR: 27.99
2025-09-02 10:20:57,072: Jac Loss 42388.6796875
2025-09-02 10:21:00,129: Jac Loss 30601.0859375
2025-09-02 10:21:02,849: Step 10, Train PSNR 27.759471321105956
2025-09-02 10:21:03,325: Jac Loss 45632.203125
2025-09-02 10:21:06,595: Jac Loss 44376.0859375
2025-09-02 10:21:09,472: Step 20, Train PSNR 27.87397575378418
2025-09-02 10:21:09,961: Jac Loss 41684.734375
2025-09-02 10:21:13,170: Jac Loss 48017.61328125
2025-09-02 10:21:15,981: Step 30, Train PSNR 27.936871655782063
2025-09-02 10:21:16,393: Jac Loss 34160.59375
2025-09-02 10:21:19,626: Jac Loss 32520.890625
2025-09-02 10:21:22,357: Step 40, Train PSNR 27.981326961517333
2025-09-02 10:21:22,771: Jac Loss 36631.609375
2025-09-02 10:21:25,692: [Epoch 61] Train Loss: 3.11E+01, PSNR: 27.98
2025-09-02 10:21:26,200: Jac Loss 34278.0078125
2025-09-02 10:21:29,446: Jac Loss 51964.734375
2025-09-02 10:21:32,334: Step 10, Train PSNR 28.57387638092041
2025-09-02 10:21:32,748: Jac Loss 40306.03125
2025-09-02 10:21:35,941: Jac Loss 30972.53515625
2025-09-02 10:21:38,865: Step 20, Train PSNR 28.265703868865966
2025-09-02 10:21:39,314: Jac Loss 44684.6484375
2025-09-02 10:21:42,668: Jac Loss 45875.984375
2025-09-02 10:21:45,575: Step 30, Train PSNR 28.23044090270996
2025-09-02 10:21:46,013: Jac Loss 43217.6796875
2025-09-02 10:21:49,331: Jac Loss 50277.25
2025-09-02 10:21:52,179: Step 40, Train PSNR 28.23506894111633
2025-09-02 10:21:52,579: Jac Loss 41357.46875
2025-09-02 10:21:55,449: [Epoch 62] Train Loss: 2.89E+01, PSNR: 28.25
2025-09-02 10:21:55,951: Jac Loss 35032.6015625
2025-09-02 10:21:59,114: Jac Loss 40540.4453125
2025-09-02 10:22:01,910: Step 10, Train PSNR 28.027730560302736
2025-09-02 10:22:02,326: Jac Loss 47255.6328125
2025-09-02 10:22:05,771: Jac Loss 58211.6796875
2025-09-02 10:22:08,681: Step 20, Train PSNR 28.36772060394287
2025-09-02 10:22:09,075: Jac Loss 43243.5703125
2025-09-02 10:22:12,490: Jac Loss 44329.4921875
2025-09-02 10:22:15,267: Step 30, Train PSNR 28.184491856892905
2025-09-02 10:22:15,719: Jac Loss 39327.5546875
2025-09-02 10:22:18,952: Jac Loss 37491.1328125
2025-09-02 10:22:21,655: Step 40, Train PSNR 28.036272764205933
2025-09-02 10:22:22,077: Jac Loss 34963.41015625
2025-09-02 10:22:24,809: [Epoch 63] Train Loss: 3.06E+01, PSNR: 28.00
2025-09-02 10:22:25,349: Jac Loss 35532.15234375
2025-09-02 10:22:28,559: Jac Loss 40978.203125
2025-09-02 10:22:31,419: Step 10, Train PSNR 28.652772903442383
2025-09-02 10:22:31,863: Jac Loss 40209.265625
2025-09-02 10:22:35,200: Jac Loss 46734.265625
2025-09-02 10:22:37,991: Step 20, Train PSNR 28.520130729675294
2025-09-02 10:22:38,392: Jac Loss 33547.48828125
2025-09-02 10:22:41,514: Jac Loss 34809.2734375
2025-09-02 10:22:44,170: Step 30, Train PSNR 28.140086936950684
2025-09-02 10:22:44,635: Jac Loss 45212.546875
2025-09-02 10:22:47,780: Jac Loss 40816.859375
2025-09-02 10:22:50,669: Step 40, Train PSNR 28.069007015228273
2025-09-02 10:22:51,058: Jac Loss 38918.5
2025-09-02 10:22:53,906: [Epoch 64] Train Loss: 2.99E+01, PSNR: 28.08
2025-09-02 10:22:54,407: Jac Loss 36305.171875
2025-09-02 10:22:57,590: Jac Loss 37005.4765625
2025-09-02 10:23:00,355: Step 10, Train PSNR 27.750150680541992
2025-09-02 10:23:00,746: Jac Loss 28850.578125
2025-09-02 10:23:03,946: Jac Loss 49068.203125
2025-09-02 10:23:06,760: Step 20, Train PSNR 28.002386474609374
2025-09-02 10:23:07,189: Jac Loss 51798.0234375
2025-09-02 10:23:10,438: Jac Loss 48440.1953125
2025-09-02 10:23:13,190: Step 30, Train PSNR 27.982654317220053
2025-09-02 10:23:13,610: Jac Loss 44277.1875
2025-09-02 10:23:16,884: Jac Loss 43880.203125
2025-09-02 10:23:19,731: Step 40, Train PSNR 27.99380660057068
2025-09-02 10:23:20,181: Jac Loss 42817.8125
2025-09-02 10:23:22,963: [Epoch 65] Train Loss: 3.05E+01, PSNR: 27.97
2025-09-02 10:23:23,541: Jac Loss 39699.41015625
2025-09-02 10:23:26,647: Jac Loss 49335.26171875
2025-09-02 10:23:29,360: Step 10, Train PSNR 27.955913734436034
2025-09-02 10:23:29,778: Jac Loss 33559.453125
2025-09-02 10:23:32,921: Jac Loss 49478.2109375
2025-09-02 10:23:35,742: Step 20, Train PSNR 27.893565273284914
2025-09-02 10:23:36,207: Jac Loss 42570.80859375
2025-09-02 10:23:39,577: Jac Loss 39322.546875
2025-09-02 10:23:42,327: Step 30, Train PSNR 27.86761252085368
2025-09-02 10:23:42,703: Jac Loss 31061.57421875
2025-09-02 10:23:45,839: Jac Loss 45308.1953125
2025-09-02 10:23:48,576: Step 40, Train PSNR 27.954733180999757
2025-09-02 10:23:49,029: Jac Loss 49533.2109375
2025-09-02 10:23:51,926: [Epoch 66] Train Loss: 2.97E+01, PSNR: 28.05
2025-09-02 10:23:52,432: Jac Loss 46065.6953125
2025-09-02 10:23:55,868: Jac Loss 54127.33203125
2025-09-02 10:23:58,906: Step 10, Train PSNR 28.477469062805177
2025-09-02 10:23:59,287: Jac Loss 39606.9296875
2025-09-02 10:24:02,599: Jac Loss 48238.515625
2025-09-02 10:24:05,479: Step 20, Train PSNR 28.24372215270996
2025-09-02 10:24:05,859: Jac Loss 37474.83203125
2025-09-02 10:24:09,055: Jac Loss 40070.80078125
2025-09-02 10:24:11,854: Step 30, Train PSNR 28.17561206817627
2025-09-02 10:24:12,321: Jac Loss 39265.42578125
2025-09-02 10:24:15,499: Jac Loss 38087.3671875
2025-09-02 10:24:18,297: Step 40, Train PSNR 28.081843090057372
2025-09-02 10:24:18,767: Jac Loss 39173.3515625
2025-09-02 10:24:21,680: [Epoch 67] Train Loss: 2.91E+01, PSNR: 28.12
2025-09-02 10:24:22,239: Jac Loss 58663.265625
2025-09-02 10:24:25,567: Jac Loss 43408.75390625
2025-09-02 10:24:28,359: Step 10, Train PSNR 27.866423416137696
2025-09-02 10:24:28,846: Jac Loss 45285.53125
2025-09-02 10:24:32,065: Jac Loss 62748.75390625
2025-09-02 10:24:34,790: Step 20, Train PSNR 28.142401790618898
2025-09-02 10:24:35,234: Jac Loss 44340.09375
2025-09-02 10:24:38,530: Jac Loss 47185.28125
2025-09-02 10:24:41,332: Step 30, Train PSNR 28.0801726659139
2025-09-02 10:24:41,733: Jac Loss 45186.7890625
2025-09-02 10:24:44,958: Jac Loss 49698.74609375
2025-09-02 10:24:47,762: Step 40, Train PSNR 28.246703958511354
2025-09-02 10:24:48,193: Jac Loss 51140.3203125
2025-09-02 10:24:50,985: [Epoch 68] Train Loss: 2.96E+01, PSNR: 28.14
2025-09-02 10:24:51,583: Jac Loss 48600.3671875
2025-09-02 10:24:54,738: Jac Loss 39996.3828125
2025-09-02 10:24:57,492: Step 10, Train PSNR 27.91218967437744
2025-09-02 10:24:57,916: Jac Loss 42417.59375
2025-09-02 10:25:01,168: Jac Loss 34858.9296875
2025-09-02 10:25:03,994: Step 20, Train PSNR 27.976941299438476
2025-09-02 10:25:04,416: Jac Loss 39151.75390625
2025-09-02 10:25:07,586: Jac Loss 41045.015625
2025-09-02 10:25:10,445: Step 30, Train PSNR 28.072285588582357
2025-09-02 10:25:10,914: Jac Loss 59912.03515625
2025-09-02 10:25:14,244: Jac Loss 61490.1640625
2025-09-02 10:25:17,023: Step 40, Train PSNR 28.170856952667236
2025-09-02 10:25:17,445: Jac Loss 42732.05078125
2025-09-02 10:25:20,182: [Epoch 69] Train Loss: 3.01E+01, PSNR: 28.10
2025-09-02 10:25:20,757: Jac Loss 38364.6640625
2025-09-02 10:25:23,938: Jac Loss 42312.3125
2025-09-02 10:25:26,641: Step 10, Train PSNR 28.121545600891114
2025-09-02 10:25:27,089: Jac Loss 43000.40234375
2025-09-02 10:25:30,359: Jac Loss 48897.06640625
2025-09-02 10:25:33,067: Step 20, Train PSNR 28.037833595275877
2025-09-02 10:25:33,424: Jac Loss 45107.7265625
2025-09-02 10:25:36,544: Jac Loss 32353.51171875
2025-09-02 10:25:39,333: Step 30, Train PSNR 27.98147684733073
2025-09-02 10:25:39,832: Jac Loss 40760.81640625
2025-09-02 10:25:43,150: Jac Loss 48614.28515625
2025-09-02 10:25:45,958: Step 40, Train PSNR 28.075032424926757
2025-09-02 10:25:46,412: Jac Loss 51388.9375
2025-09-02 10:25:49,455: [Epoch 70] Train Loss: 2.93E+01, PSNR: 28.22
2025-09-02 10:25:50,055: Jac Loss 50408.84375
2025-09-02 10:25:53,361: Jac Loss 45873.21875
2025-09-02 10:25:56,151: Step 10, Train PSNR 28.18398380279541
2025-09-02 10:25:56,590: Jac Loss 48473.6875
2025-09-02 10:25:59,730: Jac Loss 36615.3046875
2025-09-02 10:26:02,527: Step 20, Train PSNR 27.996110057830812
2025-09-02 10:26:02,965: Jac Loss 41549.78125
2025-09-02 10:26:06,408: Jac Loss 43544.1640625
2025-09-02 10:26:09,218: Step 30, Train PSNR 27.957749621073404
2025-09-02 10:26:09,660: Jac Loss 38685.39453125
2025-09-02 10:26:12,721: Jac Loss 29722.962890625
2025-09-02 10:26:15,510: Step 40, Train PSNR 28.06749758720398
2025-09-02 10:26:15,973: Jac Loss 56871.46875
2025-09-02 10:26:18,866: [Epoch 71] Train Loss: 2.96E+01, PSNR: 28.17
2025-09-02 10:26:19,439: Jac Loss 53963.921875
2025-09-02 10:26:22,742: Jac Loss 49419.4296875
2025-09-02 10:26:25,539: Step 10, Train PSNR 28.048634719848632
2025-09-02 10:26:26,000: Jac Loss 43418.875
2025-09-02 10:26:29,162: Jac Loss 36487.734375
2025-09-02 10:26:31,867: Step 20, Train PSNR 28.15622797012329
2025-09-02 10:26:32,332: Jac Loss 36635.5
2025-09-02 10:26:35,563: Jac Loss 47918.4453125
2025-09-02 10:26:38,348: Step 30, Train PSNR 28.135454750061037
2025-09-02 10:26:38,731: Jac Loss 38463.140625
2025-09-02 10:26:41,763: Jac Loss 31433.82421875
2025-09-02 10:26:44,414: Step 40, Train PSNR 28.017929315567017
2025-09-02 10:26:44,841: Jac Loss 42273.296875
2025-09-02 10:26:47,585: [Epoch 72] Train Loss: 3.05E+01, PSNR: 28.05
2025-09-02 10:26:48,055: Jac Loss 37827.296875
2025-09-02 10:26:51,225: Jac Loss 30326.24609375
2025-09-02 10:26:54,014: Step 10, Train PSNR 28.119236564636232
2025-09-02 10:26:54,435: Jac Loss 45526.3203125
2025-09-02 10:26:57,910: Jac Loss 39143.40625
2025-09-02 10:27:00,723: Step 20, Train PSNR 28.22850170135498
2025-09-02 10:27:01,158: Jac Loss 44163.90625
2025-09-02 10:27:04,386: Jac Loss 54103.67578125
2025-09-02 10:27:07,286: Step 30, Train PSNR 28.322010803222657
2025-09-02 10:27:07,712: Jac Loss 38567.8125
2025-09-02 10:27:11,062: Jac Loss 34365.8828125
2025-09-02 10:27:13,830: Step 40, Train PSNR 28.21803026199341
2025-09-02 10:27:14,282: Jac Loss 47428.67578125
2025-09-02 10:27:17,102: [Epoch 73] Train Loss: 2.93E+01, PSNR: 28.22
2025-09-02 10:27:17,648: Jac Loss 39509.18359375
2025-09-02 10:27:20,891: Jac Loss 51742.03125
2025-09-02 10:27:23,806: Step 10, Train PSNR 28.172784996032714
2025-09-02 10:27:24,198: Jac Loss 41027.0390625
2025-09-02 10:27:27,499: Jac Loss 46817.3984375
2025-09-02 10:27:30,388: Step 20, Train PSNR 28.22919092178345
2025-09-02 10:27:30,846: Jac Loss 51651.6640625
2025-09-02 10:27:34,067: Jac Loss 50802.78125
2025-09-02 10:27:36,977: Step 30, Train PSNR 28.144155820210774
2025-09-02 10:27:37,421: Jac Loss 44491.4921875
2025-09-02 10:27:40,694: Jac Loss 46605.9609375
2025-09-02 10:27:43,512: Step 40, Train PSNR 28.06177520751953
2025-09-02 10:27:43,912: Jac Loss 37498.578125
2025-09-02 10:27:46,615: [Epoch 74] Train Loss: 3.03E+01, PSNR: 28.01
2025-09-02 10:27:47,171: Jac Loss 39028.84375
2025-09-02 10:27:50,295: Jac Loss 40348.44921875
2025-09-02 10:27:53,116: Step 10, Train PSNR 28.085080528259276
2025-09-02 10:27:53,560: Jac Loss 37909.3359375
2025-09-02 10:27:56,815: Jac Loss 39177.91015625
2025-09-02 10:27:59,540: Step 20, Train PSNR 27.958580875396727
2025-09-02 10:27:59,997: Jac Loss 35563.4921875
2025-09-02 10:28:03,247: Jac Loss 48124.4609375
2025-09-02 10:28:06,105: Step 30, Train PSNR 28.059471130371094
2025-09-02 10:28:06,587: Jac Loss 41258.24609375
2025-09-02 10:28:09,832: Jac Loss 47061.984375
2025-09-02 10:28:12,597: Step 40, Train PSNR 28.055251693725587
2025-09-02 10:28:13,057: Jac Loss 40738.21484375
2025-09-02 10:28:15,925: [Epoch 75] Train Loss: 3.00E+01, PSNR: 28.05
2025-09-02 10:28:16,440: Jac Loss 42283.27734375
2025-09-02 10:28:19,715: Jac Loss 41297.15625
2025-09-02 10:28:22,623: Step 10, Train PSNR 28.343682861328126
2025-09-02 10:28:23,008: Jac Loss 49341.2109375
2025-09-02 10:28:26,449: Jac Loss 44435.1484375
2025-09-02 10:28:29,149: Step 20, Train PSNR 28.076162147521973
2025-09-02 10:28:29,593: Jac Loss 51961.75390625
2025-09-02 10:28:32,935: Jac Loss 42795.16015625
2025-09-02 10:28:35,705: Step 30, Train PSNR 28.09965089162191
2025-09-02 10:28:36,132: Jac Loss 45089.140625
2025-09-02 10:28:39,448: Jac Loss 49104.265625
2025-09-02 10:28:42,314: Step 40, Train PSNR 28.175741052627565
2025-09-02 10:28:42,749: Jac Loss 40740.30859375
2025-09-02 10:28:45,644: [Epoch 76] Train Loss: 2.93E+01, PSNR: 28.22
2025-09-02 10:28:46,130: Jac Loss 46825.4296875
2025-09-02 10:28:49,372: Jac Loss 43496.6015625
2025-09-02 10:28:52,075: Step 10, Train PSNR 27.82622184753418
2025-09-02 10:28:52,450: Jac Loss 35296.8359375
2025-09-02 10:28:55,701: Jac Loss 45080.4921875
2025-09-02 10:28:58,601: Step 20, Train PSNR 28.011107444763184
2025-09-02 10:28:59,023: Jac Loss 44408.09375
2025-09-02 10:29:02,226: Jac Loss 44817.1484375
2025-09-02 10:29:05,045: Step 30, Train PSNR 28.03870989481608
2025-09-02 10:29:05,491: Jac Loss 41078.08984375
2025-09-02 10:29:08,777: Jac Loss 43847.53125
2025-09-02 10:29:11,607: Step 40, Train PSNR 28.094551658630373
2025-09-02 10:29:12,070: Jac Loss 44952.8984375
2025-09-02 10:29:14,938: [Epoch 77] Train Loss: 2.97E+01, PSNR: 28.06
2025-09-02 10:29:15,514: Jac Loss 47986.56640625
2025-09-02 10:29:18,791: Jac Loss 33177.20703125
2025-09-02 10:29:21,633: Step 10, Train PSNR 28.232908248901367
2025-09-02 10:29:22,082: Jac Loss 37547.609375
2025-09-02 10:29:25,329: Jac Loss 42191.75
2025-09-02 10:29:28,198: Step 20, Train PSNR 28.312026691436767
2025-09-02 10:29:28,565: Jac Loss 39057.9140625
2025-09-02 10:29:31,769: Jac Loss 46037.6484375
2025-09-02 10:29:34,543: Step 30, Train PSNR 28.290709177652996
2025-09-02 10:29:34,922: Jac Loss 40416.19140625
2025-09-02 10:29:38,167: Jac Loss 40005.3046875
2025-09-02 10:29:41,018: Step 40, Train PSNR 28.232143306732176
2025-09-02 10:29:41,471: Jac Loss 43587.55078125
2025-09-02 10:29:44,297: [Epoch 78] Train Loss: 2.95E+01, PSNR: 28.20
2025-09-02 10:29:44,780: Jac Loss 35315.234375
2025-09-02 10:29:48,008: Jac Loss 55988.515625
2025-09-02 10:29:50,807: Step 10, Train PSNR 28.08500442504883
2025-09-02 10:29:51,177: Jac Loss 34192.6015625
2025-09-02 10:29:54,392: Jac Loss 43297.5390625
2025-09-02 10:29:57,167: Step 20, Train PSNR 27.987674713134766
2025-09-02 10:29:57,580: Jac Loss 45841.01953125
2025-09-02 10:30:00,801: Jac Loss 39232.5625
2025-09-02 10:30:03,591: Step 30, Train PSNR 28.110390345255535
2025-09-02 10:30:04,070: Jac Loss 50740.59375
2025-09-02 10:30:07,358: Jac Loss 48117.6875
2025-09-02 10:30:10,229: Step 40, Train PSNR 28.177801847457886
2025-09-02 10:30:10,684: Jac Loss 46884.9296875
2025-09-02 10:30:13,571: [Epoch 79] Train Loss: 3.00E+01, PSNR: 28.07
2025-09-02 10:30:14,154: Jac Loss 55747.40625
2025-09-02 10:30:17,476: Jac Loss 50829.0546875
2025-09-02 10:30:20,370: Step 10, Train PSNR 28.38796730041504
2025-09-02 10:30:20,828: Jac Loss 46028.21875
2025-09-02 10:30:24,058: Jac Loss 44186.953125
2025-09-02 10:30:26,977: Step 20, Train PSNR 28.317502117156984
2025-09-02 10:30:27,417: Jac Loss 48607.0390625
2025-09-02 10:30:30,703: Jac Loss 60367.9375
2025-09-02 10:30:33,590: Step 30, Train PSNR 28.228570620218914
2025-09-02 10:30:33,977: Jac Loss 32308.06640625
2025-09-02 10:30:37,246: Jac Loss 39976.640625
2025-09-02 10:30:40,166: Step 40, Train PSNR 28.187132835388184
2025-09-02 10:30:40,598: Jac Loss 30847.1484375
2025-09-02 10:30:43,408: [Epoch 80] Train Loss: 3.01E+01, PSNR: 28.11
2025-09-02 10:30:53,170: [Epoch 80] Val Loss: 1.83E+02, PSNR: 27.96
2025-09-02 10:30:53,697: Jac Loss 36735.59765625
2025-09-02 10:30:56,890: Jac Loss 35199.3359375
2025-09-02 10:30:59,589: Step 10, Train PSNR 27.778422355651855
2025-09-02 10:31:00,043: Jac Loss 44581.03125
2025-09-02 10:31:03,257: Jac Loss 37283.2109375
2025-09-02 10:31:06,092: Step 20, Train PSNR 27.930804824829103
2025-09-02 10:31:06,481: Jac Loss 44195.3359375
2025-09-02 10:31:09,654: Jac Loss 39345.484375
2025-09-02 10:31:12,301: Step 30, Train PSNR 27.868242327372233
2025-09-02 10:31:12,731: Jac Loss 42972.39453125
2025-09-02 10:31:15,951: Jac Loss 35189.32421875
2025-09-02 10:31:18,751: Step 40, Train PSNR 27.925985050201415
2025-09-02 10:31:19,170: Jac Loss 34170.16796875
2025-09-02 10:31:22,000: [Epoch 81] Train Loss: 3.12E+01, PSNR: 27.91
2025-09-02 10:31:22,525: Jac Loss 42597.796875
2025-09-02 10:31:25,682: Jac Loss 43355.50390625
2025-09-02 10:31:28,535: Step 10, Train PSNR 28.26733856201172
2025-09-02 10:31:29,001: Jac Loss 45757.39453125
2025-09-02 10:31:32,171: Jac Loss 37127.640625
2025-09-02 10:31:34,947: Step 20, Train PSNR 28.37761344909668
2025-09-02 10:31:35,335: Jac Loss 41464.48828125
2025-09-02 10:31:38,480: Jac Loss 38558.078125
2025-09-02 10:31:41,376: Step 30, Train PSNR 28.302389971415202
2025-09-02 10:31:41,782: Jac Loss 54313.484375
2025-09-02 10:31:45,044: Jac Loss 42120.5703125
2025-09-02 10:31:47,780: Step 40, Train PSNR 28.113606452941895
2025-09-02 10:31:48,191: Jac Loss 36622.953125
2025-09-02 10:31:50,981: [Epoch 82] Train Loss: 2.95E+01, PSNR: 28.12
2025-09-02 10:31:51,496: Jac Loss 37853.171875
2025-09-02 10:31:54,714: Jac Loss 39954.74609375
2025-09-02 10:31:57,474: Step 10, Train PSNR 28.172593307495116
2025-09-02 10:31:57,909: Jac Loss 43525.87109375
2025-09-02 10:32:01,150: Jac Loss 40403.140625
2025-09-02 10:32:03,956: Step 20, Train PSNR 28.168419551849365
2025-09-02 10:32:04,366: Jac Loss 43967.1171875
2025-09-02 10:32:07,569: Jac Loss 42820.0
2025-09-02 10:32:10,413: Step 30, Train PSNR 28.107242647806803
2025-09-02 10:32:10,837: Jac Loss 41790.9921875
2025-09-02 10:32:14,122: Jac Loss 42847.4609375
2025-09-02 10:32:16,999: Step 40, Train PSNR 28.136386728286745
2025-09-02 10:32:17,400: Jac Loss 43226.26953125
2025-09-02 10:32:20,201: [Epoch 83] Train Loss: 3.02E+01, PSNR: 28.06
2025-09-02 10:32:20,761: Jac Loss 37964.10546875
2025-09-02 10:32:24,026: Jac Loss 43840.1171875
2025-09-02 10:32:26,786: Step 10, Train PSNR 28.1499116897583
2025-09-02 10:32:27,286: Jac Loss 58146.625
2025-09-02 10:32:30,600: Jac Loss 40588.7734375
2025-09-02 10:32:33,420: Step 20, Train PSNR 28.006161308288576
2025-09-02 10:32:33,824: Jac Loss 35143.96875
2025-09-02 10:32:36,978: Jac Loss 35424.6015625
2025-09-02 10:32:39,863: Step 30, Train PSNR 28.063073476155598
2025-09-02 10:32:40,244: Jac Loss 45298.03125
2025-09-02 10:32:43,457: Jac Loss 52545.53125
2025-09-02 10:32:46,290: Step 40, Train PSNR 28.09980764389038
2025-09-02 10:32:46,744: Jac Loss 45652.90625
2025-09-02 10:32:49,649: [Epoch 84] Train Loss: 2.93E+01, PSNR: 28.11
2025-09-02 10:32:50,155: Jac Loss 44789.16796875
2025-09-02 10:32:53,354: Jac Loss 43722.0
2025-09-02 10:32:56,098: Step 10, Train PSNR 27.504760551452637
2025-09-02 10:32:56,592: Jac Loss 42678.7265625
2025-09-02 10:32:59,807: Jac Loss 32598.76953125
2025-09-02 10:33:02,527: Step 20, Train PSNR 27.57693862915039
2025-09-02 10:33:02,913: Jac Loss 36560.984375
2025-09-02 10:33:06,161: Jac Loss 43180.65625
2025-09-02 10:33:09,011: Step 30, Train PSNR 27.796671930948893
2025-09-02 10:33:09,451: Jac Loss 45409.9609375
2025-09-02 10:33:12,721: Jac Loss 53820.0859375
2025-09-02 10:33:15,368: Step 40, Train PSNR 27.907862997055055
2025-09-02 10:33:15,754: Jac Loss 29909.5234375
2025-09-02 10:33:18,613: [Epoch 85] Train Loss: 3.15E+01, PSNR: 27.88
2025-09-02 10:33:19,167: Jac Loss 35446.32421875
2025-09-02 10:33:22,343: Jac Loss 42006.59765625
2025-09-02 10:33:25,126: Step 10, Train PSNR 28.05928840637207
2025-09-02 10:33:25,580: Jac Loss 44783.78125
2025-09-02 10:33:28,728: Jac Loss 37482.5
2025-09-02 10:33:31,481: Step 20, Train PSNR 27.91222095489502
2025-09-02 10:33:31,933: Jac Loss 43417.1484375
2025-09-02 10:33:35,055: Jac Loss 39519.55078125
2025-09-02 10:33:37,790: Step 30, Train PSNR 28.100071779886882
2025-09-02 10:33:38,237: Jac Loss 56909.8984375
2025-09-02 10:33:41,526: Jac Loss 53344.0859375
2025-09-02 10:33:44,507: Step 40, Train PSNR 28.16902050971985
2025-09-02 10:33:44,893: Jac Loss 37237.671875
2025-09-02 10:33:47,774: [Epoch 86] Train Loss: 2.97E+01, PSNR: 28.10
2025-09-02 10:33:48,327: Jac Loss 41233.73046875
2025-09-02 10:33:51,610: Jac Loss 44578.58203125
2025-09-02 10:33:54,541: Step 10, Train PSNR 28.600064849853517
2025-09-02 10:33:54,971: Jac Loss 45319.93359375
2025-09-02 10:33:58,199: Jac Loss 45061.796875
2025-09-02 10:34:01,078: Step 20, Train PSNR 28.543547058105467
2025-09-02 10:34:01,506: Jac Loss 42506.28125
2025-09-02 10:34:04,664: Jac Loss 52278.5703125
2025-09-02 10:34:07,521: Step 30, Train PSNR 28.353225008646646
2025-09-02 10:34:08,005: Jac Loss 35991.6484375
2025-09-02 10:34:11,256: Jac Loss 44284.1796875
2025-09-02 10:34:14,041: Step 40, Train PSNR 28.258090114593507
2025-09-02 10:34:14,465: Jac Loss 42375.609375
2025-09-02 10:34:17,298: [Epoch 87] Train Loss: 2.89E+01, PSNR: 28.24
2025-09-02 10:34:17,853: Jac Loss 34219.7265625
2025-09-02 10:34:21,041: Jac Loss 41066.421875
2025-09-02 10:34:23,945: Step 10, Train PSNR 27.905102348327638
2025-09-02 10:34:24,412: Jac Loss 46083.87890625
2025-09-02 10:34:27,731: Jac Loss 42136.9765625
2025-09-02 10:34:30,513: Step 20, Train PSNR 28.314009189605713
2025-09-02 10:34:30,948: Jac Loss 42893.734375
2025-09-02 10:34:34,302: Jac Loss 52341.74609375
2025-09-02 10:34:37,157: Step 30, Train PSNR 28.271418635050455
2025-09-02 10:34:37,703: Jac Loss 46376.72265625
2025-09-02 10:34:41,002: Jac Loss 44229.546875
2025-09-02 10:34:43,884: Step 40, Train PSNR 28.357989501953124
2025-09-02 10:34:44,315: Jac Loss 52564.578125
2025-09-02 10:34:47,216: [Epoch 88] Train Loss: 2.88E+01, PSNR: 28.27
2025-09-02 10:34:47,770: Jac Loss 49433.96875
2025-09-02 10:34:50,961: Jac Loss 57142.2890625
2025-09-02 10:34:53,781: Step 10, Train PSNR 28.02776966094971
2025-09-02 10:34:54,179: Jac Loss 46009.3046875
2025-09-02 10:34:57,448: Jac Loss 48957.5703125
2025-09-02 10:35:00,235: Step 20, Train PSNR 28.074229049682618
2025-09-02 10:35:00,639: Jac Loss 51981.46875
2025-09-02 10:35:03,868: Jac Loss 46783.9609375
2025-09-02 10:35:06,713: Step 30, Train PSNR 28.1318785349528
2025-09-02 10:35:07,108: Jac Loss 40304.57421875
2025-09-02 10:35:10,311: Jac Loss 36923.484375
2025-09-02 10:35:13,211: Step 40, Train PSNR 28.23770065307617
2025-09-02 10:35:13,647: Jac Loss 47171.1171875
2025-09-02 10:35:16,598: [Epoch 89] Train Loss: 2.89E+01, PSNR: 28.22
2025-09-02 10:35:17,143: Jac Loss 39374.96875
2025-09-02 10:35:20,482: Jac Loss 48193.5
2025-09-02 10:35:23,241: Step 10, Train PSNR 28.015086364746093
2025-09-02 10:35:23,680: Jac Loss 32738.1875
2025-09-02 10:35:26,932: Jac Loss 39107.90625
2025-09-02 10:35:29,724: Step 20, Train PSNR 28.028746318817138
2025-09-02 10:35:30,143: Jac Loss 43143.39453125
2025-09-02 10:35:33,415: Jac Loss 60557.2734375
2025-09-02 10:35:36,231: Step 30, Train PSNR 28.044708824157716
2025-09-02 10:35:36,672: Jac Loss 45254.96875
2025-09-02 10:35:39,913: Jac Loss 41464.5859375
2025-09-02 10:35:42,754: Step 40, Train PSNR 28.126305866241456
2025-09-02 10:35:43,193: Jac Loss 42108.6484375
2025-09-02 10:35:46,096: [Epoch 90] Train Loss: 2.96E+01, PSNR: 28.17
2025-09-02 10:35:46,589: Jac Loss 43925.44140625
2025-09-02 10:35:49,939: Jac Loss 39429.6328125
2025-09-02 10:35:52,732: Step 10, Train PSNR 27.820764541625977
2025-09-02 10:35:53,149: Jac Loss 48748.74609375
2025-09-02 10:35:56,364: Jac Loss 52302.0
2025-09-02 10:35:59,238: Step 20, Train PSNR 27.978003692626952
2025-09-02 10:35:59,711: Jac Loss 44268.39453125
2025-09-02 10:36:02,864: Jac Loss 28989.2578125
2025-09-02 10:36:05,724: Step 30, Train PSNR 28.064450391133626
2025-09-02 10:36:06,250: Jac Loss 37214.75
2025-09-02 10:36:09,523: Jac Loss 38663.94140625
2025-09-02 10:36:12,405: Step 40, Train PSNR 28.149736881256104
2025-09-02 10:36:12,813: Jac Loss 39802.37890625
2025-09-02 10:36:15,726: [Epoch 91] Train Loss: 2.93E+01, PSNR: 28.17
2025-09-02 10:36:16,263: Jac Loss 54030.8125
2025-09-02 10:36:19,542: Jac Loss 37476.7578125
2025-09-02 10:36:22,306: Step 10, Train PSNR 27.985377693176268
2025-09-02 10:36:22,741: Jac Loss 40985.2421875
2025-09-02 10:36:25,985: Jac Loss 41264.46484375
2025-09-02 10:36:28,679: Step 20, Train PSNR 27.95978307723999
2025-09-02 10:36:29,104: Jac Loss 32416.23828125
2025-09-02 10:36:32,343: Jac Loss 44957.18359375
2025-09-02 10:36:35,035: Step 30, Train PSNR 27.907718467712403
2025-09-02 10:36:35,469: Jac Loss 40382.59375
2025-09-02 10:36:38,597: Jac Loss 44737.3671875
2025-09-02 10:36:41,465: Step 40, Train PSNR 28.050160598754882
2025-09-02 10:36:41,920: Jac Loss 46223.66015625
2025-09-02 10:36:44,877: [Epoch 92] Train Loss: 3.08E+01, PSNR: 27.96
2025-09-02 10:36:45,361: Jac Loss 36116.87109375
2025-09-02 10:36:48,492: Jac Loss 33776.45703125
2025-09-02 10:36:51,264: Step 10, Train PSNR 28.079899406433107
2025-09-02 10:36:51,713: Jac Loss 32731.794921875
2025-09-02 10:36:54,881: Jac Loss 37965.546875
2025-09-02 10:36:57,622: Step 20, Train PSNR 27.986125659942626
2025-09-02 10:36:58,074: Jac Loss 38210.42578125
2025-09-02 10:37:01,337: Jac Loss 36557.9609375
2025-09-02 10:37:04,068: Step 30, Train PSNR 28.036332448323567
2025-09-02 10:37:04,456: Jac Loss 43420.48828125
2025-09-02 10:37:07,604: Jac Loss 43631.03125
2025-09-02 10:37:10,367: Step 40, Train PSNR 28.041540098190307
2025-09-02 10:37:10,778: Jac Loss 47093.1640625
2025-09-02 10:37:13,661: [Epoch 93] Train Loss: 3.01E+01, PSNR: 27.97
2025-09-02 10:37:14,153: Jac Loss 29633.82421875
2025-09-02 10:37:17,268: Jac Loss 45975.58203125
2025-09-02 10:37:19,994: Step 10, Train PSNR 27.82477855682373
2025-09-02 10:37:20,450: Jac Loss 39860.6875
2025-09-02 10:37:23,627: Jac Loss 38303.87109375
2025-09-02 10:37:26,442: Step 20, Train PSNR 28.01962890625
2025-09-02 10:37:26,866: Jac Loss 43666.671875
2025-09-02 10:37:30,086: Jac Loss 39237.20703125
2025-09-02 10:37:32,883: Step 30, Train PSNR 27.99516595204671
2025-09-02 10:37:33,264: Jac Loss 38082.31640625
2025-09-02 10:37:36,570: Jac Loss 43247.25
2025-09-02 10:37:39,442: Step 40, Train PSNR 27.99903836250305
2025-09-02 10:37:39,884: Jac Loss 41640.015625
2025-09-02 10:37:42,697: [Epoch 94] Train Loss: 3.04E+01, PSNR: 28.00
2025-09-02 10:37:43,238: Jac Loss 39581.11328125
2025-09-02 10:37:46,442: Jac Loss 45439.68359375
2025-09-02 10:37:49,159: Step 10, Train PSNR 27.595042037963868
2025-09-02 10:37:49,585: Jac Loss 37631.359375
2025-09-02 10:37:52,776: Jac Loss 31494.4921875
2025-09-02 10:37:55,587: Step 20, Train PSNR 28.075992774963378
2025-09-02 10:37:56,060: Jac Loss 38613.203125
2025-09-02 10:37:59,280: Jac Loss 52792.77734375
2025-09-02 10:38:02,093: Step 30, Train PSNR 28.05083484649658
2025-09-02 10:38:02,518: Jac Loss 40289.828125
2025-09-02 10:38:05,757: Jac Loss 43616.484375
2025-09-02 10:38:08,632: Step 40, Train PSNR 28.174266815185547
2025-09-02 10:38:09,058: Jac Loss 44283.4921875
2025-09-02 10:38:11,990: [Epoch 95] Train Loss: 2.93E+01, PSNR: 28.21
2025-09-02 10:38:12,529: Jac Loss 39833.41796875
2025-09-02 10:38:15,735: Jac Loss 44766.8984375
2025-09-02 10:38:18,487: Step 10, Train PSNR 27.816938209533692
2025-09-02 10:38:18,940: Jac Loss 53487.171875
2025-09-02 10:38:22,247: Jac Loss 49307.47265625
2025-09-02 10:38:25,166: Step 20, Train PSNR 28.11019058227539
2025-09-02 10:38:25,667: Jac Loss 34102.32421875
2025-09-02 10:38:28,947: Jac Loss 44881.4140625
2025-09-02 10:38:31,787: Step 30, Train PSNR 28.169651095072428
2025-09-02 10:38:32,169: Jac Loss 48631.09375
2025-09-02 10:38:35,419: Jac Loss 44166.5234375
2025-09-02 10:38:38,171: Step 40, Train PSNR 28.061496257781982
2025-09-02 10:38:38,595: Jac Loss 40543.890625
2025-09-02 10:38:41,353: [Epoch 96] Train Loss: 3.05E+01, PSNR: 28.02
2025-09-02 10:38:41,887: Jac Loss 42841.71875
2025-09-02 10:38:45,046: Jac Loss 39642.52734375
2025-09-02 10:38:47,751: Step 10, Train PSNR 27.58718662261963
2025-09-02 10:38:48,149: Jac Loss 36273.3828125
2025-09-02 10:38:51,207: Jac Loss 33239.1171875
2025-09-02 10:38:54,005: Step 20, Train PSNR 27.8754638671875
2025-09-02 10:38:54,461: Jac Loss 31022.109375
2025-09-02 10:38:57,580: Jac Loss 32770.921875
2025-09-02 10:39:00,458: Step 30, Train PSNR 27.899200630187988
2025-09-02 10:39:00,845: Jac Loss 46842.859375
2025-09-02 10:39:04,036: Jac Loss 39907.59765625
2025-09-02 10:39:06,849: Step 40, Train PSNR 27.932275342941285
2025-09-02 10:39:07,334: Jac Loss 50027.1171875
2025-09-02 10:39:10,253: [Epoch 97] Train Loss: 3.00E+01, PSNR: 28.02
2025-09-02 10:39:10,785: Jac Loss 33915.921875
2025-09-02 10:39:13,940: Jac Loss 55630.03125
2025-09-02 10:39:16,783: Step 10, Train PSNR 27.576977348327638
2025-09-02 10:39:17,229: Jac Loss 47818.1015625
2025-09-02 10:39:20,599: Jac Loss 40540.859375
2025-09-02 10:39:23,436: Step 20, Train PSNR 27.992169284820555
2025-09-02 10:39:23,867: Jac Loss 38101.6875
2025-09-02 10:39:27,148: Jac Loss 46794.6015625
2025-09-02 10:39:30,002: Step 30, Train PSNR 28.057527542114258
2025-09-02 10:39:30,492: Jac Loss 62697.83203125
2025-09-02 10:39:33,939: Jac Loss 52428.0859375
2025-09-02 10:39:36,760: Step 40, Train PSNR 28.12959227561951
2025-09-02 10:39:37,189: Jac Loss 45495.97265625
2025-09-02 10:39:40,042: [Epoch 98] Train Loss: 2.96E+01, PSNR: 28.10
2025-09-02 10:39:40,660: Jac Loss 48200.1328125
2025-09-02 10:39:43,919: Jac Loss 39543.015625
2025-09-02 10:39:46,660: Step 10, Train PSNR 27.662205314636232
2025-09-02 10:39:47,085: Jac Loss 36005.3671875
2025-09-02 10:39:50,381: Jac Loss 47770.8984375
2025-09-02 10:39:53,219: Step 20, Train PSNR 27.848860263824463
2025-09-02 10:39:53,696: Jac Loss 42798.546875
2025-09-02 10:39:57,022: Jac Loss 39996.703125
2025-09-02 10:39:59,775: Step 30, Train PSNR 27.967363357543945
2025-09-02 10:40:00,220: Jac Loss 68310.078125
2025-09-02 10:40:03,394: Jac Loss 42068.6328125
2025-09-02 10:40:06,318: Step 40, Train PSNR 27.919344854354858
2025-09-02 10:40:06,742: Jac Loss 49949.6640625
2025-09-02 10:40:09,571: [Epoch 99] Train Loss: 3.03E+01, PSNR: 27.93
2025-09-02 10:40:10,192: Jac Loss 45147.8125
2025-09-02 10:40:13,472: Jac Loss 48766.6015625
2025-09-02 10:40:16,228: Step 10, Train PSNR 28.32716293334961
2025-09-02 10:40:16,632: Jac Loss 41956.18359375
2025-09-02 10:40:19,852: Jac Loss 40737.2109375
2025-09-02 10:40:22,632: Step 20, Train PSNR 28.125912284851076
2025-09-02 10:40:23,012: Jac Loss 34673.9765625
2025-09-02 10:40:26,143: Jac Loss 36605.55078125
2025-09-02 10:40:28,979: Step 30, Train PSNR 28.094717597961427
2025-09-02 10:40:29,423: Jac Loss 46835.03125
2025-09-02 10:40:32,714: Jac Loss 38825.8671875
2025-09-02 10:40:35,509: Step 40, Train PSNR 28.03448543548584
2025-09-02 10:40:35,925: Jac Loss 35612.6640625
2025-09-02 10:40:38,705: [Epoch 100] Train Loss: 3.10E+01, PSNR: 27.94
2025-09-02 10:40:48,516: [Epoch 100] Val Loss: 1.82E+02, PSNR: 27.98
