2025-09-03 00:12:12,643: Train IDCNN with JFB on CT
2025-09-03 00:12:12,643: The model has 52996 parameters
2025-09-03 00:12:12,643: Parameters:
2025-09-03 00:12:12,643: load_pretrain: False, load_parameter_fitting: False, score_sigma: 0.015
2025-09-03 00:12:12,643: pretrain_epochs: 40, pretrain_lr: 0.001, epochs: 10
2025-09-03 00:12:12,643: adabelief: True, fitting_lr: 0.1, lr: 0.0001
2025-09-03 00:12:12,643: jacobian_regularization: True, jacobian_regularization_parameter: 1e-08, lmbd: 1.0
2025-09-03 00:12:23,297: [Epoch 1] Train Loss: 1.93E+01, PSNR: 34.95
2025-09-03 00:12:33,568: [Epoch 2] Train Loss: 1.72E+01, PSNR: 35.49
2025-09-03 00:12:43,778: [Epoch 3] Train Loss: 1.72E+01, PSNR: 35.44
2025-09-03 00:12:54,004: [Epoch 4] Train Loss: 1.71E+01, PSNR: 35.66
2025-09-03 00:13:04,208: [Epoch 5] Train Loss: 1.71E+01, PSNR: 35.55
2025-09-03 00:13:14,452: [Epoch 6] Train Loss: 1.70E+01, PSNR: 35.56
2025-09-03 00:13:24,681: [Epoch 7] Train Loss: 1.70E+01, PSNR: 35.56
2025-09-03 00:13:34,915: [Epoch 8] Train Loss: 1.70E+01, PSNR: 35.50
2025-09-03 00:13:45,129: [Epoch 9] Train Loss: 1.70E+01, PSNR: 35.55
2025-09-03 00:13:55,341: [Epoch 10] Train Loss: 1.69E+01, PSNR: 35.54
2025-09-03 00:14:05,551: [Epoch 11] Train Loss: 1.69E+01, PSNR: 35.55
2025-09-03 00:14:15,765: [Epoch 12] Train Loss: 1.69E+01, PSNR: 35.61
2025-09-03 00:14:26,013: [Epoch 13] Train Loss: 1.69E+01, PSNR: 35.62
2025-09-03 00:14:36,265: [Epoch 14] Train Loss: 1.69E+01, PSNR: 35.55
2025-09-03 00:14:46,487: [Epoch 15] Train Loss: 1.70E+01, PSNR: 35.63
2025-09-03 00:14:56,698: [Epoch 16] Train Loss: 1.68E+01, PSNR: 35.60
2025-09-03 00:15:06,926: [Epoch 17] Train Loss: 1.69E+01, PSNR: 35.65
2025-09-03 00:15:17,140: [Epoch 18] Train Loss: 1.69E+01, PSNR: 35.61
2025-09-03 00:15:27,341: [Epoch 19] Train Loss: 1.68E+01, PSNR: 35.61
2025-09-03 00:15:37,556: [Epoch 20] Train Loss: 1.68E+01, PSNR: 35.60
2025-09-03 00:15:38,773: [Epoch 20] Val Loss: 8.25E+00, PSNR: 38.46
2025-09-03 00:15:49,006: [Epoch 21] Train Loss: 1.67E+01, PSNR: 35.61
2025-09-03 00:15:59,231: [Epoch 22] Train Loss: 1.69E+01, PSNR: 35.62
2025-09-03 00:16:09,470: [Epoch 23] Train Loss: 1.68E+01, PSNR: 35.59
2025-09-03 00:16:19,702: [Epoch 24] Train Loss: 1.68E+01, PSNR: 35.63
2025-09-03 00:16:29,926: [Epoch 25] Train Loss: 1.69E+01, PSNR: 35.63
2025-09-03 00:16:40,166: [Epoch 26] Train Loss: 1.68E+01, PSNR: 35.63
2025-09-03 00:16:50,384: [Epoch 27] Train Loss: 1.68E+01, PSNR: 35.65
2025-09-03 00:17:00,586: [Epoch 28] Train Loss: 1.68E+01, PSNR: 35.59
2025-09-03 00:17:10,793: [Epoch 29] Train Loss: 1.68E+01, PSNR: 35.67
2025-09-03 00:17:21,022: [Epoch 30] Train Loss: 1.68E+01, PSNR: 35.67
2025-09-03 00:17:31,261: [Epoch 31] Train Loss: 1.68E+01, PSNR: 35.65
2025-09-03 00:17:41,475: [Epoch 32] Train Loss: 1.67E+01, PSNR: 35.63
2025-09-03 00:17:51,693: [Epoch 33] Train Loss: 1.68E+01, PSNR: 35.64
2025-09-03 00:18:01,939: [Epoch 34] Train Loss: 1.68E+01, PSNR: 35.68
2025-09-03 00:18:12,167: [Epoch 35] Train Loss: 1.67E+01, PSNR: 35.70
2025-09-03 00:18:22,415: [Epoch 36] Train Loss: 1.68E+01, PSNR: 35.67
2025-09-03 00:18:32,626: [Epoch 37] Train Loss: 1.68E+01, PSNR: 35.61
2025-09-03 00:18:42,882: [Epoch 38] Train Loss: 1.67E+01, PSNR: 35.61
2025-09-03 00:18:53,114: [Epoch 39] Train Loss: 1.69E+01, PSNR: 35.64
2025-09-03 00:19:03,353: [Epoch 40] Train Loss: 1.69E+01, PSNR: 35.62
2025-09-03 00:19:04,597: [Epoch 40] Val Loss: 8.26E+00, PSNR: 38.42
2025-09-03 00:19:16,654: [Epoch 1] Train Loss: 1.96E+01, PSNR: 35.17
2025-09-03 00:19:27,194: [Epoch 2] Train Loss: 1.96E+01, PSNR: 35.18
2025-09-03 00:19:37,406: [Epoch 3] Train Loss: 1.94E+01, PSNR: 35.22
2025-09-03 00:19:48,927: [Epoch 4] Train Loss: 1.93E+01, PSNR: 35.23
2025-09-03 00:19:59,283: [Epoch 5] Train Loss: 1.92E+01, PSNR: 35.27
2025-09-03 00:20:08,752: [Epoch 6] Train Loss: 1.90E+01, PSNR: 35.31
2025-09-03 00:20:17,787: [Epoch 7] Train Loss: 1.90E+01, PSNR: 35.29
2025-09-03 00:20:26,929: [Epoch 8] Train Loss: 1.88E+01, PSNR: 35.35
2025-09-03 00:20:34,759: [Epoch 9] Train Loss: 1.90E+01, PSNR: 35.31
2025-09-03 00:20:42,743: [Epoch 10] Train Loss: 1.87E+01, PSNR: 35.37
2025-09-03 00:20:52,057: [Epoch 11] Train Loss: 1.88E+01, PSNR: 35.36
2025-09-03 00:20:59,959: [Epoch 12] Train Loss: 1.88E+01, PSNR: 35.37
2025-09-03 00:21:07,266: [Epoch 13] Train Loss: 1.88E+01, PSNR: 35.35
2025-09-03 00:21:15,120: [Epoch 14] Train Loss: 1.88E+01, PSNR: 35.35
2025-09-03 00:21:23,401: [Epoch 15] Train Loss: 1.88E+01, PSNR: 35.35
2025-09-03 00:21:31,721: [Epoch 16] Train Loss: 1.87E+01, PSNR: 35.39
2025-09-03 00:21:39,904: [Epoch 17] Train Loss: 1.87E+01, PSNR: 35.37
2025-09-03 00:21:47,784: [Epoch 18] Train Loss: 1.87E+01, PSNR: 35.38
2025-09-03 00:21:54,439: [Epoch 19] Train Loss: 1.88E+01, PSNR: 35.35
2025-09-03 00:22:02,826: [Epoch 20] Train Loss: 1.87E+01, PSNR: 35.40
2025-09-03 00:22:10,570: [Epoch 21] Train Loss: 1.86E+01, PSNR: 35.40
2025-09-03 00:22:18,997: [Epoch 22] Train Loss: 1.88E+01, PSNR: 35.36
2025-09-03 00:22:26,792: [Epoch 23] Train Loss: 1.88E+01, PSNR: 35.34
2025-09-03 00:22:34,423: [Epoch 24] Train Loss: 1.86E+01, PSNR: 35.41
2025-09-03 00:22:42,452: [Epoch 25] Train Loss: 1.88E+01, PSNR: 35.37
2025-09-03 00:26:20,977: [Epoch 25] Val Loss: 3.89E+01, PSNR: 32.14
2025-09-03 00:26:29,148: [Epoch 26] Train Loss: 1.88E+01, PSNR: 35.35
2025-09-03 00:26:35,661: [Epoch 27] Train Loss: 1.90E+01, PSNR: 35.31
2025-09-03 00:26:43,479: [Epoch 28] Train Loss: 1.87E+01, PSNR: 35.37
2025-09-03 00:26:51,179: [Epoch 29] Train Loss: 1.88E+01, PSNR: 35.35
2025-09-03 00:26:58,811: [Epoch 30] Train Loss: 1.88E+01, PSNR: 35.37
2025-09-03 00:27:06,408: [Epoch 31] Train Loss: 1.86E+01, PSNR: 35.42
2025-09-03 00:27:14,025: [Epoch 32] Train Loss: 1.90E+01, PSNR: 35.32
2025-09-03 00:27:21,584: [Epoch 33] Train Loss: 1.89E+01, PSNR: 35.35
2025-09-03 00:27:28,249: [Epoch 34] Train Loss: 1.86E+01, PSNR: 35.42
2025-09-03 00:27:36,802: [Epoch 35] Train Loss: 1.86E+01, PSNR: 35.41
2025-09-03 00:27:45,235: [Epoch 36] Train Loss: 1.86E+01, PSNR: 35.42
2025-09-03 00:27:53,372: [Epoch 37] Train Loss: 1.87E+01, PSNR: 35.38
2025-09-03 00:28:00,279: [Epoch 38] Train Loss: 1.87E+01, PSNR: 35.37
2025-09-03 00:28:07,531: [Epoch 39] Train Loss: 1.88E+01, PSNR: 35.35
2025-09-03 00:28:15,742: [Epoch 40] Train Loss: 1.88E+01, PSNR: 35.35
2025-09-03 00:28:23,438: [Epoch 41] Train Loss: 1.89E+01, PSNR: 35.33
2025-09-03 00:28:31,554: [Epoch 42] Train Loss: 1.89E+01, PSNR: 35.35
2025-09-03 00:28:39,465: [Epoch 43] Train Loss: 1.87E+01, PSNR: 35.38
2025-09-03 00:28:46,732: [Epoch 44] Train Loss: 1.89E+01, PSNR: 35.34
2025-09-03 00:28:53,598: [Epoch 45] Train Loss: 1.88E+01, PSNR: 35.37
2025-09-03 00:29:01,185: [Epoch 46] Train Loss: 1.89E+01, PSNR: 35.34
2025-09-03 00:29:08,228: [Epoch 47] Train Loss: 1.87E+01, PSNR: 35.37
2025-09-03 00:29:15,758: [Epoch 48] Train Loss: 1.88E+01, PSNR: 35.35
2025-09-03 00:29:23,230: [Epoch 49] Train Loss: 1.88E+01, PSNR: 35.36
2025-09-03 00:29:31,606: [Epoch 50] Train Loss: 1.88E+01, PSNR: 35.35
2025-09-03 00:33:15,581: [Epoch 50] Val Loss: 3.86E+01, PSNR: 32.17
2025-09-03 00:33:22,740: [Epoch 51] Train Loss: 1.88E+01, PSNR: 35.37
2025-09-03 00:33:30,812: [Epoch 52] Train Loss: 1.87E+01, PSNR: 35.38
2025-09-03 00:33:39,570: [Epoch 53] Train Loss: 1.88E+01, PSNR: 35.36
2025-09-03 00:33:47,374: [Epoch 54] Train Loss: 1.87E+01, PSNR: 35.37
2025-09-03 00:33:55,832: [Epoch 55] Train Loss: 1.87E+01, PSNR: 35.38
2025-09-03 00:34:03,517: [Epoch 56] Train Loss: 1.88E+01, PSNR: 35.36
2025-09-03 00:34:11,066: [Epoch 57] Train Loss: 1.89E+01, PSNR: 35.32
2025-09-03 00:34:18,739: [Epoch 58] Train Loss: 1.89E+01, PSNR: 35.33
2025-09-03 00:34:25,960: [Epoch 59] Train Loss: 1.88E+01, PSNR: 35.37
2025-09-03 00:34:33,833: [Epoch 60] Train Loss: 1.87E+01, PSNR: 35.37
2025-09-03 00:34:41,398: [Epoch 61] Train Loss: 1.88E+01, PSNR: 35.35
2025-09-03 00:34:49,865: [Epoch 62] Train Loss: 1.86E+01, PSNR: 35.41
2025-09-03 00:34:57,895: [Epoch 63] Train Loss: 1.88E+01, PSNR: 35.36
2025-09-03 00:35:06,077: [Epoch 64] Train Loss: 1.86E+01, PSNR: 35.39
2025-09-03 00:35:12,505: [Epoch 65] Train Loss: 1.87E+01, PSNR: 35.37
2025-09-03 00:35:20,282: [Epoch 66] Train Loss: 1.88E+01, PSNR: 35.37
2025-09-03 00:35:27,549: [Epoch 67] Train Loss: 1.89E+01, PSNR: 35.33
2025-09-03 00:35:34,924: [Epoch 68] Train Loss: 1.87E+01, PSNR: 35.38
2025-09-03 00:35:42,992: [Epoch 69] Train Loss: 1.87E+01, PSNR: 35.38
2025-09-03 00:35:50,834: [Epoch 70] Train Loss: 1.88E+01, PSNR: 35.36
2025-09-03 00:35:58,221: [Epoch 71] Train Loss: 1.88E+01, PSNR: 35.35
2025-09-03 00:36:06,015: [Epoch 72] Train Loss: 1.88E+01, PSNR: 35.37
2025-09-03 00:36:13,947: [Epoch 73] Train Loss: 1.86E+01, PSNR: 35.41
2025-09-03 00:36:22,477: [Epoch 74] Train Loss: 1.87E+01, PSNR: 35.38
2025-09-03 00:36:29,637: [Epoch 75] Train Loss: 1.87E+01, PSNR: 35.38
2025-09-03 00:40:12,740: [Epoch 75] Val Loss: 3.85E+01, PSNR: 32.17
2025-09-03 00:40:20,648: [Epoch 76] Train Loss: 1.85E+01, PSNR: 35.42
2025-09-03 00:40:27,992: [Epoch 77] Train Loss: 1.87E+01, PSNR: 35.38
2025-09-03 00:40:35,564: [Epoch 78] Train Loss: 1.86E+01, PSNR: 35.40
2025-09-03 00:40:42,880: [Epoch 79] Train Loss: 1.89E+01, PSNR: 35.34
2025-09-03 00:40:51,304: [Epoch 80] Train Loss: 1.87E+01, PSNR: 35.37
2025-09-03 00:40:58,539: [Epoch 81] Train Loss: 1.88E+01, PSNR: 35.37
2025-09-03 00:41:05,382: [Epoch 82] Train Loss: 1.88E+01, PSNR: 35.36
2025-09-03 00:41:14,114: [Epoch 83] Train Loss: 1.88E+01, PSNR: 35.37
2025-09-03 00:41:22,633: [Epoch 84] Train Loss: 1.89E+01, PSNR: 35.33
2025-09-03 00:41:30,409: [Epoch 85] Train Loss: 1.89E+01, PSNR: 35.34
2025-09-03 00:41:38,266: [Epoch 86] Train Loss: 1.88E+01, PSNR: 35.36
2025-09-03 00:41:46,308: [Epoch 87] Train Loss: 1.88E+01, PSNR: 35.35
2025-09-03 00:41:54,060: [Epoch 88] Train Loss: 1.88E+01, PSNR: 35.35
2025-09-03 00:42:01,600: [Epoch 89] Train Loss: 1.88E+01, PSNR: 35.36
2025-09-03 00:42:09,605: [Epoch 90] Train Loss: 1.88E+01, PSNR: 35.36
2025-09-03 00:42:17,379: [Epoch 91] Train Loss: 1.86E+01, PSNR: 35.41
2025-09-03 00:42:25,121: [Epoch 92] Train Loss: 1.86E+01, PSNR: 35.40
2025-09-03 00:42:33,071: [Epoch 93] Train Loss: 1.87E+01, PSNR: 35.39
2025-09-03 00:42:40,380: [Epoch 94] Train Loss: 1.87E+01, PSNR: 35.37
2025-09-03 00:42:48,744: [Epoch 95] Train Loss: 1.87E+01, PSNR: 35.37
2025-09-03 00:42:56,729: [Epoch 96] Train Loss: 1.88E+01, PSNR: 35.36
2025-09-03 00:43:05,232: [Epoch 97] Train Loss: 1.86E+01, PSNR: 35.40
2025-09-03 00:43:13,613: [Epoch 98] Train Loss: 1.86E+01, PSNR: 35.41
2025-09-03 00:43:19,721: [Epoch 99] Train Loss: 1.88E+01, PSNR: 35.35
2025-09-03 00:43:27,621: [Epoch 100] Train Loss: 1.89E+01, PSNR: 35.34
2025-09-03 00:47:13,374: [Epoch 100] Val Loss: 3.86E+01, PSNR: 32.16
2025-09-03 00:47:40,308: Jac Loss 14596680.0
2025-09-03 00:49:07,328: Jac Loss 11983367.0
2025-09-03 00:50:10,369: Step 10, Train PSNR 32.790653991699216
2025-09-03 00:50:38,346: Jac Loss 12167118.0
2025-09-03 00:52:03,647: Jac Loss 11370749.0
2025-09-03 00:53:09,749: Step 20, Train PSNR 33.041846466064456
2025-09-03 00:53:36,150: Jac Loss 10901926.0
2025-09-03 00:55:06,141: Jac Loss 10842978.0
2025-09-03 00:56:08,346: Step 30, Train PSNR 33.117605463663736
2025-09-03 00:56:36,074: Jac Loss 11104564.0
2025-09-03 00:58:08,918: Jac Loss 10795644.0
2025-09-03 00:59:20,329: maxiter hit in iteration 40
2025-09-03 00:59:20,332: Step 40, Train PSNR 33.074107837677005
2025-09-03 00:59:45,957: Jac Loss 10130441.0
2025-09-03 01:01:17,606: Jac Loss 10818720.0
2025-09-03 01:02:15,470: Step 50, Train PSNR 33.094631576538085
2025-09-03 01:02:41,548: Jac Loss 11219230.0
2025-09-03 01:04:02,455: Jac Loss 10207052.0
2025-09-03 01:05:01,249: Step 60, Train PSNR 33.15822957356771
2025-09-03 01:05:29,102: Jac Loss 9891255.0
2025-09-03 01:06:57,398: Jac Loss 10245922.0
2025-09-03 01:07:56,610: Step 70, Train PSNR 33.20731964111328
2025-09-03 01:08:20,856: Jac Loss 8796299.0
2025-09-03 01:09:51,623: Jac Loss 10285432.0
2025-09-03 01:10:51,332: Step 80, Train PSNR 33.2101496219635
2025-09-03 01:11:20,407: Jac Loss 9435075.0
2025-09-03 01:12:57,462: Jac Loss 9218878.0
2025-09-03 01:14:11,426: Step 90, Train PSNR 33.23491465250651
2025-09-03 01:14:32,305: Jac Loss 8950858.0
2025-09-03 01:16:08,401: Jac Loss 9814740.0
2025-09-03 01:17:03,381: Step 100, Train PSNR 33.29860488891602
2025-09-03 01:17:30,756: Jac Loss 9427508.0
2025-09-03 01:18:58,519: Jac Loss 8808350.0
2025-09-03 01:20:01,462: Step 110, Train PSNR 33.334012950550424
2025-09-03 01:20:29,183: Jac Loss 9081494.0
2025-09-03 01:21:54,789: Jac Loss 9504722.0
2025-09-03 01:23:04,106: Step 120, Train PSNR 33.33476521174113
2025-09-03 01:23:30,613: Jac Loss 8972478.0
2025-09-03 01:25:03,324: Jac Loss 8996974.0
2025-09-03 01:26:11,802: Step 130, Train PSNR 33.33970061082106
2025-09-03 01:26:36,141: Jac Loss 9138370.0
2025-09-03 01:28:15,987: Jac Loss 8734203.0
2025-09-03 01:29:25,320: Step 140, Train PSNR 33.35388660430908
2025-09-03 01:29:51,588: Jac Loss 8753075.0
2025-09-03 01:31:18,968: Jac Loss 7927641.5
2025-09-03 01:32:19,542: Step 150, Train PSNR 33.3464306640625
2025-09-03 01:32:49,401: Jac Loss 9196010.0
2025-09-03 01:34:12,399: Jac Loss 8377572.0
2025-09-03 01:35:27,212: Step 160, Train PSNR 33.320011258125305
2025-09-03 01:35:55,706: Jac Loss 8257411.0
2025-09-03 01:37:24,946: Jac Loss 8268098.0
2025-09-03 01:38:28,874: Step 170, Train PSNR 33.325928946102366
2025-09-03 01:39:00,084: Jac Loss 8598064.0
2025-09-03 01:40:36,184: Jac Loss 8820086.0
2025-09-03 01:41:38,607: Step 180, Train PSNR 33.33301493326823
2025-09-03 01:42:05,623: Jac Loss 8376644.5
2025-09-03 01:43:33,444: Jac Loss 8500172.0
2025-09-03 01:44:42,904: Step 190, Train PSNR 33.3459975794742
2025-09-03 01:45:12,522: Jac Loss 8876426.0
2025-09-03 01:46:43,256: Jac Loss 8706914.0
2025-09-03 01:47:43,933: Step 200, Train PSNR 33.34247453689575
2025-09-03 01:48:08,813: Jac Loss 8216257.0
2025-09-03 01:49:38,688: Jac Loss 8770653.0
2025-09-03 01:50:46,826: Step 210, Train PSNR 33.34283113025484
2025-09-03 01:51:12,794: Jac Loss 8218918.0
2025-09-03 01:52:50,356: Jac Loss 8498370.0
2025-09-03 01:53:48,603: Step 220, Train PSNR 33.37154787236994
2025-09-03 01:54:19,221: Jac Loss 8784828.0
2025-09-03 01:55:38,156: Jac Loss 8286989.0
2025-09-03 01:56:40,366: Step 230, Train PSNR 33.38070304704749
2025-09-03 01:57:05,817: Jac Loss 8492478.0
2025-09-03 01:58:32,039: Jac Loss 8573593.0
2025-09-03 01:59:37,377: Step 240, Train PSNR 33.3956325451533
2025-09-03 02:00:01,320: Jac Loss 8817498.0
2025-09-03 02:01:36,083: Jac Loss 8481988.0
2025-09-03 02:02:42,018: Step 250, Train PSNR 33.399046745300296
2025-09-03 02:03:07,285: Jac Loss 8920777.0
2025-09-03 02:04:34,225: Jac Loss 8192054.0
2025-09-03 02:05:39,859: Step 260, Train PSNR 33.40679446733915
2025-09-03 02:06:06,859: Jac Loss 8765064.0
2025-09-03 02:07:38,538: Jac Loss 8848914.0
2025-09-03 02:08:40,142: Step 270, Train PSNR 33.437289506417734
2025-09-03 02:09:02,999: Jac Loss 8440480.0
2025-09-03 02:10:43,560: Jac Loss 8280354.0
2025-09-03 02:11:38,775: Step 280, Train PSNR 33.427454124178205
2025-09-03 02:12:03,375: Jac Loss 9042016.0
2025-09-03 02:12:27,412: maxiter hit in iteration 282
2025-09-03 02:13:35,627: Jac Loss 9842908.0
2025-09-03 02:14:46,300: Step 290, Train PSNR 33.41974016386887
2025-09-03 02:15:13,653: Jac Loss 9400142.0
2025-09-03 02:16:39,257: Jac Loss 9352059.0
2025-09-03 02:17:48,066: Step 300, Train PSNR 33.42400058746338
2025-09-03 02:18:11,973: Jac Loss 8743136.0
2025-09-03 02:19:44,695: Jac Loss 9017248.0
2025-09-03 02:20:44,673: Step 310, Train PSNR 33.42744252604823
2025-09-03 02:21:10,040: Jac Loss 8596372.0
2025-09-03 02:22:35,632: Jac Loss 8098987.0
2025-09-03 02:23:36,555: Step 320, Train PSNR 33.430763685703276
2025-09-03 02:24:07,069: Jac Loss 8326228.0
2025-09-03 02:25:48,368: Jac Loss 8929447.0
2025-09-03 02:26:45,892: Step 330, Train PSNR 33.444057048450816
2025-09-03 02:27:12,898: Jac Loss 8603740.0
2025-09-03 02:28:43,760: Jac Loss 8264865.0
2025-09-03 02:29:47,596: Step 340, Train PSNR 33.448930740356445
2025-09-03 02:30:15,786: Jac Loss 8882262.0
2025-09-03 02:31:43,494: Jac Loss 8122368.0
2025-09-03 02:32:43,353: Step 350, Train PSNR 33.43700592041016
2025-09-03 02:33:10,080: Jac Loss 9225480.0
2025-09-03 02:34:38,140: Jac Loss 8588920.0
2025-09-03 02:35:45,116: Step 360, Train PSNR 33.440881220499676
2025-09-03 02:36:10,376: Jac Loss 8680128.0
2025-09-03 02:37:43,580: Jac Loss 8564501.0
2025-09-03 02:38:53,316: Step 370, Train PSNR 33.442863871600174
2025-09-03 02:39:20,346: Jac Loss 8507028.0
2025-09-03 02:40:54,592: Jac Loss 8431364.0
2025-09-03 02:42:07,299: Step 380, Train PSNR 33.44566001390156
2025-09-03 02:42:32,529: Jac Loss 8602285.0
2025-09-03 02:44:05,030: Jac Loss 8768090.0
2025-09-03 02:45:06,151: Step 390, Train PSNR 33.453786297333544
2025-09-03 02:45:30,403: Jac Loss 8486657.0
2025-09-03 02:46:59,550: Jac Loss 8276189.0
2025-09-03 02:46:59,715: [Epoch 1] Train Loss: 3.99E+01, PSNR: 33.45
2025-09-03 02:51:41,202: [Epoch 1] Val Loss: 3.00E+01, PSNR: 33.25
2025-09-03 02:52:06,683: Jac Loss 8645504.0
2025-09-03 02:53:40,669: Jac Loss 8635400.0
2025-09-03 02:54:51,220: Step 10, Train PSNR 33.642447280883786
2025-09-03 02:55:17,418: Jac Loss 7942333.0
2025-09-03 02:56:56,323: Jac Loss 8513015.0
2025-09-03 02:57:51,912: Step 20, Train PSNR 33.559939575195315
2025-09-03 02:58:15,433: Jac Loss 8049069.5
2025-09-03 02:59:41,769: Jac Loss 8271556.0
2025-09-03 03:00:49,983: Step 30, Train PSNR 33.57469584147135
2025-09-03 03:01:20,517: Jac Loss 8536937.0
2025-09-03 03:02:51,560: Jac Loss 8208404.0
2025-09-03 03:04:01,075: Step 40, Train PSNR 33.68604116439819
2025-09-03 03:04:24,138: Jac Loss 8144523.0
2025-09-03 03:06:01,937: Jac Loss 8653635.0
2025-09-03 03:07:05,066: Step 50, Train PSNR 33.62377861022949
2025-09-03 03:07:37,946: Jac Loss 8716640.0
2025-09-03 03:09:10,026: Jac Loss 8172457.0
2025-09-03 03:10:14,781: Step 60, Train PSNR 33.661311340332034
2025-09-03 03:10:47,084: Jac Loss 8806576.0
2025-09-03 03:12:12,626: Jac Loss 8463136.0
2025-09-03 03:13:17,901: Step 70, Train PSNR 33.63674201965332
2025-09-03 03:13:42,242: Jac Loss 8092635.5
2025-09-03 03:15:24,929: Jac Loss 8977904.0
2025-09-03 03:16:22,895: Step 80, Train PSNR 33.66981768608093
2025-09-03 03:16:47,215: Jac Loss 8275243.0
2025-09-03 03:18:22,517: Jac Loss 8245975.5
2025-09-03 03:19:26,730: Step 90, Train PSNR 33.657167519463435
2025-09-03 03:19:51,981: Jac Loss 9206657.0
2025-09-03 03:21:27,081: Jac Loss 8156370.0
2025-09-03 03:22:33,317: Step 100, Train PSNR 33.68964557647705
2025-09-03 03:22:57,154: Jac Loss 8136347.5
2025-09-03 03:24:22,163: Jac Loss 8837120.0
2025-09-03 03:25:34,377: Step 110, Train PSNR 33.72289397499778
2025-09-03 03:26:05,570: Jac Loss 8936006.0
2025-09-03 03:27:45,622: Jac Loss 8185136.5
2025-09-03 03:28:48,577: Step 120, Train PSNR 33.7078616142273
2025-09-03 03:29:16,652: Jac Loss 8574294.0
2025-09-03 03:30:40,386: Jac Loss 8221253.0
2025-09-03 03:31:45,782: Step 130, Train PSNR 33.69409076984112
2025-09-03 03:32:12,007: Jac Loss 8528889.0
2025-09-03 03:33:57,563: Jac Loss 9023252.0
2025-09-03 03:35:01,300: Step 140, Train PSNR 33.68162321363177
2025-09-03 03:35:26,679: Jac Loss 8067941.5
2025-09-03 03:37:03,685: Jac Loss 8369782.0
2025-09-03 03:38:20,196: Step 150, Train PSNR 33.664172973632816
2025-09-03 03:38:45,890: Jac Loss 8142060.0
2025-09-03 03:40:17,728: Jac Loss 8025374.5
2025-09-03 03:41:31,398: Step 160, Train PSNR 33.68231766223907
2025-09-03 03:41:56,262: Jac Loss 8505846.0
2025-09-03 03:43:35,438: Jac Loss 8662346.0
2025-09-03 03:44:39,882: Step 170, Train PSNR 33.69385609346278
2025-09-03 03:45:09,960: Jac Loss 8771195.0
2025-09-03 03:46:42,566: Jac Loss 8141117.0
2025-09-03 03:47:46,047: Step 180, Train PSNR 33.6875510957506
2025-09-03 03:48:13,108: Jac Loss 9101680.0
2025-09-03 03:49:52,108: Jac Loss 8388456.0
2025-09-03 03:50:57,754: Step 190, Train PSNR 33.70236489145379
2025-09-03 03:51:22,019: Jac Loss 8334596.0
2025-09-03 03:52:57,179: Jac Loss 8698647.0
2025-09-03 03:54:03,940: Step 200, Train PSNR 33.697300157547
2025-09-03 03:54:32,034: Jac Loss 8596720.0
2025-09-03 03:56:03,160: Jac Loss 8553289.0
2025-09-03 03:57:00,691: Step 210, Train PSNR 33.68458606175014
2025-09-03 03:57:28,553: Jac Loss 8011450.0
2025-09-03 03:58:55,370: Jac Loss 9198821.0
2025-09-03 04:00:03,608: Step 220, Train PSNR 33.66608807823875
2025-09-03 04:00:30,033: Jac Loss 8129162.0
2025-09-03 04:01:59,632: Jac Loss 8472890.0
2025-09-03 04:03:12,550: Step 230, Train PSNR 33.66466353872548
2025-09-03 04:03:43,051: Jac Loss 8372201.0
2025-09-03 04:05:16,399: Jac Loss 8356383.0
2025-09-03 04:06:17,677: Step 240, Train PSNR 33.664803608258566
2025-09-03 04:06:47,092: Jac Loss 8457808.0
2025-09-03 04:08:21,330: Jac Loss 8776703.0
2025-09-03 04:09:36,221: Step 250, Train PSNR 33.657066940307615
2025-09-03 04:10:01,046: Jac Loss 8200786.0
2025-09-03 04:11:29,046: Jac Loss 8442200.0
2025-09-03 04:12:33,015: Step 260, Train PSNR 33.64661898979774
2025-09-03 04:13:00,767: Jac Loss 7996690.0
2025-09-03 04:14:42,262: Jac Loss 8533298.0
2025-09-03 04:15:46,851: Step 270, Train PSNR 33.650196386266636
2025-09-03 04:16:14,675: Jac Loss 7940272.0
2025-09-03 04:17:49,789: Jac Loss 8353061.5
2025-09-03 04:18:54,526: Step 280, Train PSNR 33.63210644721985
2025-09-03 04:19:26,249: Jac Loss 8334174.0
2025-09-03 04:21:00,564: Jac Loss 8342636.5
2025-09-03 04:22:13,230: Step 290, Train PSNR 33.629729961526806
2025-09-03 04:22:38,481: Jac Loss 7757842.5
2025-09-03 04:24:23,488: Jac Loss 8263854.0
2025-09-03 04:25:36,744: Step 300, Train PSNR 33.63260714213053
2025-09-03 04:26:04,534: Jac Loss 7835495.0
2025-09-03 04:27:44,215: Jac Loss 8391689.0
2025-09-03 04:28:50,624: Step 310, Train PSNR 33.63766964327905
2025-09-03 04:29:13,603: Jac Loss 7673665.0
2025-09-03 04:30:46,937: Jac Loss 8270284.5
2025-09-03 04:31:49,629: Step 320, Train PSNR 33.63395377397537
2025-09-03 04:32:14,965: Jac Loss 7881638.0
2025-09-03 04:34:00,337: Jac Loss 8593346.0
2025-09-03 04:34:57,105: Step 330, Train PSNR 33.62057883522727
2025-09-03 04:35:27,372: Jac Loss 8179695.0
2025-09-03 04:37:04,177: Jac Loss 8446808.0
2025-09-03 04:38:16,699: Step 340, Train PSNR 33.607882567013014
2025-09-03 04:38:47,703: Jac Loss 8143450.0
2025-09-03 04:40:26,395: Jac Loss 8251852.0
2025-09-03 04:41:31,331: Step 350, Train PSNR 33.5997609601702
2025-09-03 04:41:58,472: Jac Loss 7933145.5
2025-09-03 04:43:33,579: Jac Loss 8109780.5
2025-09-03 04:44:38,536: Step 360, Train PSNR 33.60353692902459
2025-09-03 04:45:12,114: Jac Loss 8320440.5
2025-09-03 04:46:44,144: Jac Loss 7981845.0
2025-09-03 04:47:50,504: Step 370, Train PSNR 33.60965865367168
2025-09-03 04:48:20,554: Jac Loss 8446950.0
2025-09-03 04:49:54,149: Jac Loss 8076248.0
2025-09-03 04:51:00,873: Step 380, Train PSNR 33.61587219740215
2025-09-03 04:51:27,545: Jac Loss 7965483.5
2025-09-03 04:52:53,034: Jac Loss 8037405.5
2025-09-03 04:53:58,419: Step 390, Train PSNR 33.62248632479937
2025-09-03 04:54:28,732: Jac Loss 8330960.0
2025-09-03 04:56:02,695: Jac Loss 8649552.0
2025-09-03 04:56:02,855: [Epoch 2] Train Loss: 2.68E+01, PSNR: 33.63
2025-09-03 05:00:40,782: [Epoch 2] Val Loss: 2.97E+01, PSNR: 33.32
2025-09-03 05:01:09,715: Jac Loss 8453425.0
2025-09-03 05:02:40,504: Jac Loss 7836966.0
2025-09-03 05:03:58,076: Step 10, Train PSNR 33.95511474609375
2025-09-03 05:04:25,005: Jac Loss 7808493.0
2025-09-03 05:06:05,771: Jac Loss 7836921.0
2025-09-03 05:07:09,768: Step 20, Train PSNR 33.836350440979004
2025-09-03 05:07:41,198: Jac Loss 8363005.0
2025-09-03 05:09:18,773: Jac Loss 8759235.0
2025-09-03 05:10:21,990: Step 30, Train PSNR 33.677139345804854
2025-09-03 05:10:53,734: Jac Loss 8298036.0
2025-09-03 05:12:32,482: Jac Loss 8224446.0
2025-09-03 05:13:48,022: Step 40, Train PSNR 33.542679357528684
2025-09-03 05:14:19,073: Jac Loss 8206897.0
2025-09-03 05:15:47,960: Jac Loss 7948726.0
2025-09-03 05:17:00,362: Step 50, Train PSNR 33.57139354705811
2025-09-03 05:17:27,174: Jac Loss 8355251.0
2025-09-03 05:18:56,126: Jac Loss 7807056.0
2025-09-03 05:20:00,944: Step 60, Train PSNR 33.63848695755005
2025-09-03 05:20:28,870: Jac Loss 8100371.5
2025-09-03 05:21:58,251: Jac Loss 8037160.0
2025-09-03 05:23:08,310: Step 70, Train PSNR 33.63888961247036
2025-09-03 05:23:34,399: Jac Loss 7894160.0
2025-09-03 05:25:06,652: Jac Loss 7961862.0
2025-09-03 05:26:13,345: Step 80, Train PSNR 33.702367949485776
2025-09-03 05:26:36,994: Jac Loss 7692913.5
2025-09-03 05:28:13,192: Jac Loss 8133291.0
2025-09-03 05:29:11,663: Step 90, Train PSNR 33.71741831037733
2025-09-03 05:29:37,305: Jac Loss 7739098.5
2025-09-03 05:31:10,368: Jac Loss 7946196.0
2025-09-03 05:32:13,312: Step 100, Train PSNR 33.73982946395874
2025-09-03 05:32:38,646: Jac Loss 8167510.5
2025-09-03 05:34:31,856: Jac Loss 8109529.5
2025-09-03 05:35:45,153: Step 110, Train PSNR 33.768182425065476
2025-09-03 05:36:15,256: Jac Loss 8300640.0
2025-09-03 05:37:49,882: Jac Loss 8457716.0
2025-09-03 05:38:54,668: Step 120, Train PSNR 33.753239742914836
2025-09-03 05:39:21,967: Jac Loss 8249431.0
2025-09-03 05:40:46,606: Jac Loss 7959848.0
2025-09-03 05:41:56,641: Step 130, Train PSNR 33.754811668395995
2025-09-03 05:42:18,121: Jac Loss 7895819.0
2025-09-03 05:43:48,165: Jac Loss 8130289.5
2025-09-03 05:44:50,227: Step 140, Train PSNR 33.72748877661569
2025-09-03 05:45:22,986: Jac Loss 8328061.5
2025-09-03 05:46:58,417: Jac Loss 8667824.0
2025-09-03 05:48:05,050: Step 150, Train PSNR 33.710693728129066
2025-09-03 05:48:28,190: Jac Loss 7825661.5
2025-09-03 05:50:05,857: Jac Loss 7658197.0
2025-09-03 05:51:16,345: Step 160, Train PSNR 33.691036236286166
2025-09-03 05:51:51,561: Jac Loss 8032899.5
2025-09-03 05:53:26,608: Jac Loss 7616923.0
2025-09-03 05:54:26,783: Step 170, Train PSNR 33.678989578695855
2025-09-03 05:54:57,724: Jac Loss 8253406.0
2025-09-03 05:56:34,516: Jac Loss 8087368.0
2025-09-03 05:57:39,854: Step 180, Train PSNR 33.66197097566393
2025-09-03 05:58:03,014: Jac Loss 7847771.5
2025-09-03 05:59:33,818: Jac Loss 7872233.5
2025-09-03 06:00:46,943: Step 190, Train PSNR 33.66261828573126
2025-09-03 06:01:11,284: Jac Loss 7646031.5
2025-09-03 06:02:50,529: Jac Loss 8038690.5
2025-09-03 06:03:56,245: Step 200, Train PSNR 33.66630301475525
2025-09-03 06:04:26,441: Jac Loss 8033175.0
2025-09-03 06:05:56,201: Jac Loss 8452281.0
2025-09-03 06:07:03,220: Step 210, Train PSNR 33.65176945640927
2025-09-03 06:07:29,018: Jac Loss 7531427.0
2025-09-03 06:09:06,512: Jac Loss 8012059.0
2025-09-03 06:10:20,415: Step 220, Train PSNR 33.657856143604626
2025-09-03 06:10:47,349: Jac Loss 8329210.0
2025-09-03 06:12:24,959: Jac Loss 7943391.0
2025-09-03 06:13:35,247: Step 230, Train PSNR 33.67067203521729
2025-09-03 06:14:03,369: Jac Loss 8203560.0
2025-09-03 06:15:35,591: Jac Loss 8053319.0
2025-09-03 06:16:36,389: Step 240, Train PSNR 33.67575565179189
2025-09-03 06:17:02,178: Jac Loss 8175159.0
2025-09-03 06:18:34,185: Jac Loss 7835177.0
2025-09-03 06:19:47,051: Step 250, Train PSNR 33.65464309692383
2025-09-03 06:20:12,718: Jac Loss 7935376.5
2025-09-03 06:21:40,369: Jac Loss 7586152.0
2025-09-03 06:22:49,691: Step 260, Train PSNR 33.656380961491514
2025-09-03 06:23:14,826: Jac Loss 8027993.5
2025-09-03 06:24:56,402: Jac Loss 7697755.0
2025-09-03 06:26:02,727: Step 270, Train PSNR 33.65740781713415
2025-09-03 06:26:32,340: Jac Loss 8130457.0
2025-09-03 06:28:08,774: Jac Loss 7890503.0
2025-09-03 06:29:11,637: Step 280, Train PSNR 33.66576867784772
2025-09-03 06:29:36,456: Jac Loss 7921135.0
2025-09-03 06:30:58,336: Jac Loss 8049080.5
2025-09-03 06:32:02,512: Step 290, Train PSNR 33.65785033127357
2025-09-03 06:32:26,490: Jac Loss 7830545.0
2025-09-03 06:34:05,272: Jac Loss 7810955.5
2025-09-03 06:35:15,771: Step 300, Train PSNR 33.66045178731282
2025-09-03 06:35:39,433: Jac Loss 8186774.5
2025-09-03 06:37:10,769: Jac Loss 7842387.0
2025-09-03 06:38:17,170: Step 310, Train PSNR 33.65579622330204
2025-09-03 06:38:45,200: Jac Loss 8287876.5
2025-09-03 06:40:18,337: Jac Loss 8346227.5
2025-09-03 06:41:21,366: Step 320, Train PSNR 33.67454174757004
2025-09-03 06:41:48,589: Jac Loss 7924426.5
2025-09-03 06:43:28,925: Jac Loss 8122698.0
2025-09-03 06:44:41,023: Step 330, Train PSNR 33.67115733984745
2025-09-03 06:45:07,442: maxiter hit in iteration 331
2025-09-03 06:45:16,228: Jac Loss 7594869.0
2025-09-03 06:46:53,178: Jac Loss 9025054.0
2025-09-03 06:47:49,731: Step 340, Train PSNR 33.66700238620534
2025-09-03 06:48:21,276: Jac Loss 8485074.0
2025-09-03 06:49:57,643: Jac Loss 8242165.0
2025-09-03 06:51:07,700: Step 350, Train PSNR 33.66077056884765
2025-09-03 06:51:38,175: Jac Loss 8230200.0
2025-09-03 06:53:20,892: Jac Loss 8001581.0
2025-09-03 06:54:34,039: Step 360, Train PSNR 33.65260107252333
2025-09-03 06:55:00,834: Jac Loss 8576028.0
2025-09-03 06:56:27,013: Jac Loss 7903338.0
2025-09-03 06:57:24,630: Step 370, Train PSNR 33.658482134020005
2025-09-03 06:57:53,303: Jac Loss 8229624.5
2025-09-03 06:59:23,233: Jac Loss 8507973.0
2025-09-03 07:00:27,963: Step 380, Train PSNR 33.66346128363358
2025-09-03 07:00:54,116: Jac Loss 8058037.0
2025-09-03 07:02:31,530: Jac Loss 8066461.5
2025-09-03 07:03:42,817: Step 390, Train PSNR 33.6758065248147
2025-09-03 07:04:17,408: Jac Loss 8303215.0
2025-09-03 07:05:59,626: Jac Loss 8146588.0
2025-09-03 07:05:59,840: [Epoch 3] Train Loss: 3.88E+01, PSNR: 33.68
2025-09-03 07:10:42,311: [Epoch 3] Val Loss: 2.93E+01, PSNR: 33.37
2025-09-03 07:11:14,356: Jac Loss 8370772.0
2025-09-03 07:12:48,762: Jac Loss 7844865.0
2025-09-03 07:13:47,854: Step 10, Train PSNR 33.92871780395508
2025-09-03 07:14:13,131: Jac Loss 8063687.0
2025-09-03 07:15:40,464: Jac Loss 8234271.0
2025-09-03 07:16:49,541: Step 20, Train PSNR 33.96608600616455
2025-09-03 07:17:14,205: Jac Loss 8016375.0
2025-09-03 07:18:49,775: Jac Loss 7538788.0
2025-09-03 07:19:52,695: Step 30, Train PSNR 33.95958582560221
2025-09-03 07:20:16,715: Jac Loss 7846953.5
2025-09-03 07:21:48,527: Jac Loss 8230926.0
2025-09-03 07:22:54,116: Step 40, Train PSNR 33.89567470550537
2025-09-03 07:23:21,067: Jac Loss 7794855.5
2025-09-03 07:24:52,836: Jac Loss 8195940.0
2025-09-03 07:25:59,286: Step 50, Train PSNR 33.91032180786133
2025-09-03 07:26:30,312: Jac Loss 8294748.0
2025-09-03 07:27:59,498: Jac Loss 7914326.0
2025-09-03 07:29:02,927: Step 60, Train PSNR 33.89774252573649
2025-09-03 07:29:33,773: Jac Loss 7854130.0
2025-09-03 07:31:11,088: Jac Loss 7705698.5
2025-09-03 07:32:23,535: Step 70, Train PSNR 33.87082443237305
2025-09-03 07:32:50,423: Jac Loss 8103028.0
2025-09-03 07:34:18,433: Jac Loss 7624138.0
2025-09-03 07:35:28,754: Step 80, Train PSNR 33.850520038604735
2025-09-03 07:35:54,534: Jac Loss 7918895.5
2025-09-03 07:37:38,047: Jac Loss 8019414.0
2025-09-03 07:38:47,621: Step 90, Train PSNR 33.83059815300835
2025-09-03 07:39:14,658: Jac Loss 7772237.0
2025-09-03 07:40:59,017: Jac Loss 8096782.0
2025-09-03 07:42:09,121: Step 100, Train PSNR 33.822813987731934
2025-09-03 07:42:35,027: Jac Loss 7812037.0
2025-09-03 07:44:19,256: Jac Loss 8338256.0
2025-09-03 07:45:24,756: Step 110, Train PSNR 33.79177773215554
2025-09-03 07:45:50,139: Jac Loss 7857235.0
2025-09-03 07:47:28,379: Jac Loss 8379484.0
2025-09-03 07:48:44,039: Step 120, Train PSNR 33.780195808410646
2025-09-03 07:49:18,133: Jac Loss 8309051.0
2025-09-03 07:50:49,290: Jac Loss 7839252.5
2025-09-03 07:51:50,311: Step 130, Train PSNR 33.752065541194035
2025-09-03 07:52:14,750: Jac Loss 7875724.0
2025-09-03 07:53:44,888: Jac Loss 8078080.0
2025-09-03 07:54:50,114: Step 140, Train PSNR 33.782011822291786
2025-09-03 07:55:20,888: Jac Loss 7862364.5
2025-09-03 07:56:51,548: Jac Loss 7810313.0
2025-09-03 07:57:51,945: Step 150, Train PSNR 33.761799596150716
2025-09-03 07:58:18,775: Jac Loss 7938437.0
2025-09-03 07:59:51,022: Jac Loss 7410382.5
2025-09-03 08:00:58,355: Step 160, Train PSNR 33.762631511688234
2025-09-03 08:01:26,988: Jac Loss 8005374.0
2025-09-03 08:03:03,393: Jac Loss 7463417.0
2025-09-03 08:04:06,776: Step 170, Train PSNR 33.7448927711038
2025-09-03 08:04:36,334: Jac Loss 7424350.0
2025-09-03 08:06:03,629: Jac Loss 7680874.0
2025-09-03 08:07:09,453: Step 180, Train PSNR 33.74820090399848
2025-09-03 08:07:34,232: Jac Loss 7680228.0
2025-09-03 08:09:14,791: Jac Loss 7975790.5
2025-09-03 08:10:14,148: Step 190, Train PSNR 33.72828389217979
2025-09-03 08:10:40,499: Jac Loss 7609155.5
2025-09-03 08:12:15,653: Jac Loss 7879330.0
2025-09-03 08:13:20,029: Step 200, Train PSNR 33.71895298004151
2025-09-03 08:13:50,978: Jac Loss 7934137.5
2025-09-03 08:15:29,417: Jac Loss 7537346.0
2025-09-03 08:16:34,304: Step 210, Train PSNR 33.69797537667411
2025-09-03 08:17:03,242: Jac Loss 7497008.0
2025-09-03 08:18:36,270: Jac Loss 7705491.0
2025-09-03 08:19:44,130: Step 220, Train PSNR 33.69099387255582
2025-09-03 08:20:10,577: Jac Loss 8036935.0
2025-09-03 08:21:39,293: Jac Loss 7329728.5
2025-09-03 08:22:51,770: Step 230, Train PSNR 33.68974331565525
2025-09-03 08:23:18,960: Jac Loss 7581544.0
2025-09-03 08:24:56,587: Jac Loss 7753218.0
2025-09-03 08:26:01,497: Step 240, Train PSNR 33.713478446006775
2025-09-03 08:26:30,483: Jac Loss 8022175.0
2025-09-03 08:28:06,626: Jac Loss 8135594.5
2025-09-03 08:29:09,237: Step 250, Train PSNR 33.73151973724365
2025-09-03 08:29:40,382: Jac Loss 8543647.0
2025-09-03 08:31:11,942: Jac Loss 7844466.0
2025-09-03 08:32:24,444: Step 260, Train PSNR 33.720861735710734
2025-09-03 08:32:52,979: Jac Loss 7698272.0
2025-09-03 08:34:38,818: Jac Loss 8105370.0
2025-09-03 08:35:51,056: Step 270, Train PSNR 33.71077976226807
2025-09-03 08:36:18,188: Jac Loss 7659205.0
2025-09-03 08:37:46,744: Jac Loss 7626550.0
2025-09-03 08:39:04,246: Step 280, Train PSNR 33.72545578139169
2025-09-03 08:39:30,255: Jac Loss 8181089.0
2025-09-03 08:41:01,276: Jac Loss 7469615.0
2025-09-03 08:42:10,879: Step 290, Train PSNR 33.718213673295644
2025-09-03 08:42:35,171: Jac Loss 7563312.0
2025-09-03 08:44:01,401: Jac Loss 7672402.0
2025-09-03 08:45:04,839: Step 300, Train PSNR 33.717405745188394
2025-09-03 08:45:35,224: Jac Loss 8908144.0
2025-09-03 08:47:09,427: Jac Loss 7945919.5
2025-09-03 08:48:18,157: Step 310, Train PSNR 33.7250036239624
2025-09-03 08:48:46,706: Jac Loss 8155868.0
2025-09-03 08:50:16,160: Jac Loss 8044542.0
2025-09-03 08:51:26,947: Step 320, Train PSNR 33.73774694800377
2025-09-03 08:51:51,219: Jac Loss 8133860.0
2025-09-03 08:53:33,850: Jac Loss 8220295.5
2025-09-03 08:54:43,455: Step 330, Train PSNR 33.74514351469098
2025-09-03 08:55:08,065: Jac Loss 8348448.0
2025-09-03 08:56:36,304: Jac Loss 8020484.0
2025-09-03 08:57:46,069: Step 340, Train PSNR 33.744562962475946
2025-09-03 08:58:13,775: Jac Loss 8275882.5
2025-09-03 08:59:59,778: Jac Loss 8450880.0
2025-09-03 09:01:10,924: Step 350, Train PSNR 33.729528378077916
2025-09-03 09:01:41,452: Jac Loss 7766144.0
2025-09-03 09:03:24,973: Jac Loss 7977098.0
2025-09-03 09:04:37,001: Step 360, Train PSNR 33.71221523814731
2025-09-03 09:05:08,072: Jac Loss 7639482.0
2025-09-03 09:06:39,627: Jac Loss 7691957.0
2025-09-03 09:07:46,293: Step 370, Train PSNR 33.71594354268667
2025-09-03 09:08:11,022: Jac Loss 7671707.0
2025-09-03 09:10:02,282: Jac Loss 8145432.0
2025-09-03 09:11:15,197: Step 380, Train PSNR 33.71398026817723
2025-09-03 09:11:46,857: Jac Loss 8057392.5
2025-09-03 09:13:28,046: Jac Loss 8050295.5
2025-09-03 09:14:38,101: maxiter hit in iteration 389
2025-09-03 09:14:56,647: Step 390, Train PSNR 33.7017275590163
2025-09-03 09:15:26,382: Jac Loss 7871718.0
2025-09-03 09:16:59,263: Jac Loss 7841361.0
2025-09-03 09:16:59,430: [Epoch 4] Train Loss: 2.89E+01, PSNR: 33.71
2025-09-03 09:21:28,870: [Epoch 4] Val Loss: 2.97E+01, PSNR: 33.33
2025-09-03 09:21:57,062: Jac Loss 8332892.0
2025-09-03 09:23:33,693: Jac Loss 8212998.0
2025-09-03 09:24:51,902: Step 10, Train PSNR 33.62206954956055
2025-09-03 09:25:20,995: Jac Loss 8202233.0
2025-09-03 09:26:55,993: Jac Loss 8112377.5
2025-09-03 09:28:00,545: Step 20, Train PSNR 33.60833387374878
2025-09-03 09:28:27,557: Jac Loss 8236660.0
2025-09-03 09:29:53,870: Jac Loss 7890619.0
2025-09-03 09:30:57,021: Step 30, Train PSNR 33.61436862945557
2025-09-03 09:31:30,938: Jac Loss 8306917.0
2025-09-03 09:33:10,972: Jac Loss 7813908.5
2025-09-03 09:34:27,273: Step 40, Train PSNR 33.6903217792511
2025-09-03 09:34:57,008: Jac Loss 7622324.0
2025-09-03 09:36:34,905: Jac Loss 7785156.0
2025-09-03 09:37:47,839: Step 50, Train PSNR 33.66687534332275
2025-09-03 09:38:14,525: Jac Loss 8123376.0
2025-09-03 09:39:51,562: Jac Loss 8199196.0
2025-09-03 09:41:02,661: Step 60, Train PSNR 33.68369359970093
2025-09-03 09:41:27,518: Jac Loss 8180371.0
2025-09-03 09:42:54,449: Jac Loss 7678998.5
2025-09-03 09:43:55,629: Step 70, Train PSNR 33.720372036525184
2025-09-03 09:44:19,750: Jac Loss 7857781.5
2025-09-03 09:45:45,825: Jac Loss 7546788.5
2025-09-03 09:46:59,473: Step 80, Train PSNR 33.71767666339874
2025-09-03 09:47:30,323: Jac Loss 8271396.0
2025-09-03 09:49:07,991: Jac Loss 7610552.5
2025-09-03 09:50:11,206: Step 90, Train PSNR 33.705526712205675
2025-09-03 09:50:39,663: Jac Loss 8174329.5
2025-09-03 09:52:12,470: Jac Loss 7934058.0
2025-09-03 09:53:26,365: Step 100, Train PSNR 33.710569095611575
2025-09-03 09:53:55,910: Jac Loss 7895711.5
2025-09-03 09:55:30,630: Jac Loss 7829232.0
2025-09-03 09:56:38,579: Step 110, Train PSNR 33.711440953341395
2025-09-03 09:57:11,039: Jac Loss 7938524.5
2025-09-03 09:58:33,708: Jac Loss 8017255.0
2025-09-03 09:59:36,653: Step 120, Train PSNR 33.76682864824931
2025-09-03 09:59:59,219: Jac Loss 7705716.5
2025-09-03 10:01:34,053: Jac Loss 8522570.0
2025-09-03 10:02:45,549: Step 130, Train PSNR 33.81478713108943
2025-09-03 10:03:16,254: Jac Loss 8181798.0
2025-09-03 10:04:42,701: Jac Loss 7946731.0
2025-09-03 10:05:49,015: Step 140, Train PSNR 33.823533752986364
2025-09-03 10:06:21,152: Jac Loss 8426297.0
2025-09-03 10:07:52,517: Jac Loss 7885221.0
2025-09-03 10:08:57,688: Step 150, Train PSNR 33.80378470102946
2025-09-03 10:09:23,218: Jac Loss 8024728.0
2025-09-03 10:10:57,482: Jac Loss 8124749.0
2025-09-03 10:12:12,867: Step 160, Train PSNR 33.80713728666306
2025-09-03 10:12:46,538: Jac Loss 8433708.0
2025-09-03 10:14:12,551: Jac Loss 7738825.5
2025-09-03 10:15:22,533: Step 170, Train PSNR 33.776601937237906
2025-09-03 10:15:52,587: Jac Loss 7905187.0
2025-09-03 10:17:25,125: Jac Loss 7846581.0
2025-09-03 10:18:30,640: Step 180, Train PSNR 33.78130968941583
2025-09-03 10:18:58,853: Jac Loss 8451440.0
2025-09-03 10:20:34,373: Jac Loss 7717490.5
2025-09-03 10:21:34,818: Step 190, Train PSNR 33.761930495814276
2025-09-03 10:22:00,628: Jac Loss 7912474.0
2025-09-03 10:23:37,174: Jac Loss 7896713.0
2025-09-03 10:24:47,310: Step 200, Train PSNR 33.75530667304993
2025-09-03 10:25:16,100: Jac Loss 8094934.0
2025-09-03 10:26:54,616: Jac Loss 7908460.5
2025-09-03 10:28:05,921: Step 210, Train PSNR 33.76890975407192
2025-09-03 10:28:35,768: Jac Loss 7768698.0
2025-09-03 10:30:04,927: Jac Loss 8369049.0
2025-09-03 10:31:16,296: Step 220, Train PSNR 33.76663683977994
2025-09-03 10:31:47,693: Jac Loss 7805413.0
2025-09-03 10:33:27,933: Jac Loss 8105150.5
2025-09-03 10:34:37,657: Step 230, Train PSNR 33.75287001236625
2025-09-03 10:35:05,397: Jac Loss 7647667.0
2025-09-03 10:36:46,762: Jac Loss 8348458.5
2025-09-03 10:37:54,729: Step 240, Train PSNR 33.721196794509886
2025-09-03 10:38:24,519: Jac Loss 8114140.0
2025-09-03 10:39:56,713: Jac Loss 7930914.0
2025-09-03 10:41:05,112: Step 250, Train PSNR 33.72102905273437
2025-09-03 10:41:32,223: Jac Loss 8161698.0
2025-09-03 10:43:01,596: Jac Loss 7610695.0
2025-09-03 10:44:01,640: Step 260, Train PSNR 33.71334227048434
2025-09-03 10:44:29,291: Jac Loss 7534477.5
2025-09-03 10:46:01,500: Jac Loss 7879791.0
2025-09-03 10:47:05,787: Step 270, Train PSNR 33.69031687842475
2025-09-03 10:47:30,264: Jac Loss 7365335.0
2025-09-03 10:49:12,091: Jac Loss 7512764.5
2025-09-03 10:50:14,600: Step 280, Train PSNR 33.69297362055097
2025-09-03 10:50:45,661: Jac Loss 8243304.0
2025-09-03 10:52:24,322: Jac Loss 7559525.5
2025-09-03 10:53:27,923: Step 290, Train PSNR 33.68754221159836
2025-09-03 10:53:50,535: Jac Loss 7653306.5
2025-09-03 10:55:23,137: Jac Loss 7877183.0
2025-09-03 10:56:33,206: Step 300, Train PSNR 33.69405047098795
2025-09-03 10:57:02,704: Jac Loss 7857498.0
2025-09-03 10:58:38,637: Jac Loss 7706531.0
2025-09-03 10:59:50,994: Step 310, Train PSNR 33.69764369841545
2025-09-03 11:00:21,857: Jac Loss 7934623.0
2025-09-03 11:01:48,900: Jac Loss 7466936.0
2025-09-03 11:03:01,841: Step 320, Train PSNR 33.70557019710541
2025-09-03 11:03:26,462: Jac Loss 7531891.0
2025-09-03 11:05:03,235: Jac Loss 7524813.0
2025-09-03 11:06:07,301: Step 330, Train PSNR 33.697863561456856
2025-09-03 11:06:32,731: Jac Loss 7656168.0
2025-09-03 11:08:00,308: Jac Loss 7494768.0
2025-09-03 11:09:03,775: Step 340, Train PSNR 33.71190840777229
2025-09-03 11:09:31,427: Jac Loss 7921393.0
2025-09-03 11:11:04,667: Jac Loss 8094990.5
2025-09-03 11:12:10,683: Step 350, Train PSNR 33.70939635140555
2025-09-03 11:12:39,949: Jac Loss 7706526.0
2025-09-03 11:14:22,988: Jac Loss 7504242.5
2025-09-03 11:15:22,077: Step 360, Train PSNR 33.721199152204726
2025-09-03 11:15:51,751: Jac Loss 7817211.5
2025-09-03 11:17:25,831: Jac Loss 7570207.5
2025-09-03 11:18:26,713: Step 370, Train PSNR 33.72791981052708
2025-09-03 11:18:52,108: Jac Loss 7543932.0
2025-09-03 11:20:30,202: Jac Loss 7946727.5
2025-09-03 11:21:37,429: Step 380, Train PSNR 33.73068224254408
2025-09-03 11:22:06,086: Jac Loss 8115727.5
2025-09-03 11:23:37,088: Jac Loss 7505086.0
2025-09-03 11:24:43,462: Step 390, Train PSNR 33.73672913771409
2025-09-03 11:25:11,596: Jac Loss 8133087.0
2025-09-03 11:26:52,703: Jac Loss 8045236.5
2025-09-03 11:26:52,871: [Epoch 5] Train Loss: 2.63E+01, PSNR: 33.73
2025-09-03 11:31:30,464: [Epoch 5] Val Loss: 2.92E+01, PSNR: 33.39
2025-09-03 11:32:02,869: Jac Loss 7807088.5
2025-09-03 11:33:35,547: Jac Loss 7807303.0
2025-09-03 11:34:39,929: Step 10, Train PSNR 33.757181549072264
2025-09-03 11:35:03,270: Jac Loss 7316191.5
2025-09-03 11:36:40,986: Jac Loss 7700753.0
2025-09-03 11:37:49,619: Step 20, Train PSNR 33.6641149520874
2025-09-03 11:38:23,097: Jac Loss 7711010.0
2025-09-03 11:40:08,658: Jac Loss 7686033.0
2025-09-03 11:41:10,875: Step 30, Train PSNR 33.825256220499675
2025-09-03 11:41:42,579: Jac Loss 7903623.0
2025-09-03 11:43:19,135: Jac Loss 7643517.0
2025-09-03 11:44:24,092: Step 40, Train PSNR 33.81485137939453
2025-09-03 11:44:52,111: Jac Loss 7804708.0
2025-09-03 11:46:23,646: Jac Loss 7736373.0
2025-09-03 11:47:34,429: Step 50, Train PSNR 33.88794364929199
2025-09-03 11:47:58,876: Jac Loss 7536944.0
2025-09-03 11:49:30,286: Jac Loss 7477409.0
2025-09-03 11:50:30,841: Step 60, Train PSNR 33.91750316619873
2025-09-03 11:51:03,049: Jac Loss 8788483.0
2025-09-03 11:52:39,948: Jac Loss 7674626.0
2025-09-03 11:53:45,394: Step 70, Train PSNR 33.8851800101144
2025-09-03 11:54:11,898: Jac Loss 7653268.5
2025-09-03 11:55:45,028: Jac Loss 7484290.0
2025-09-03 11:56:48,863: Step 80, Train PSNR 33.87156577110291
2025-09-03 11:57:18,541: Jac Loss 7797327.0
2025-09-03 11:59:01,463: Jac Loss 7722716.5
2025-09-03 12:00:04,716: Step 90, Train PSNR 33.84187418619792
2025-09-03 12:00:32,814: Jac Loss 8146328.0
2025-09-03 12:02:10,054: Jac Loss 8085107.0
2025-09-03 12:03:12,059: Step 100, Train PSNR 33.879121742248536
2025-09-03 12:03:38,683: Jac Loss 7645000.5
2025-09-03 12:05:13,163: Jac Loss 7658893.5
2025-09-03 12:06:20,924: Step 110, Train PSNR 33.83584424799139
2025-09-03 12:06:52,184: Jac Loss 7853270.0
2025-09-03 12:08:35,117: Jac Loss 8349644.0
2025-09-03 12:09:53,449: Step 120, Train PSNR 33.85719362894694
2025-09-03 12:10:21,172: Jac Loss 7708068.0
2025-09-03 12:11:56,787: Jac Loss 7591245.5
2025-09-03 12:13:07,649: Step 130, Train PSNR 33.83304173396184
2025-09-03 12:13:38,246: Jac Loss 7770930.5
2025-09-03 12:15:12,966: Jac Loss 7566617.5
2025-09-03 12:16:18,152: Step 140, Train PSNR 33.85710137231009
2025-09-03 12:16:41,617: Jac Loss 7537449.0
2025-09-03 12:18:12,334: Jac Loss 7884687.0
2025-09-03 12:19:28,079: Step 150, Train PSNR 33.89283753712972
2025-09-03 12:19:58,972: Jac Loss 8201158.0
2025-09-03 12:21:25,369: Jac Loss 7557311.0
2025-09-03 12:22:38,737: Step 160, Train PSNR 33.874718844890594
2025-09-03 12:23:09,370: Jac Loss 8142306.0
2025-09-03 12:24:44,433: Jac Loss 8023712.0
2025-09-03 12:25:49,694: Step 170, Train PSNR 33.854166042103486
2025-09-03 12:26:13,073: Jac Loss 7666607.0
2025-09-03 12:27:42,767: Jac Loss 7437977.5
2025-09-03 12:28:50,866: Step 180, Train PSNR 33.838157908121744
2025-09-03 12:29:15,471: Jac Loss 7578612.0
2025-09-03 12:31:00,913: Jac Loss 7833742.0
2025-09-03 12:32:09,583: Step 190, Train PSNR 33.83142770466051
2025-09-03 12:32:40,216: Jac Loss 7576753.0
2025-09-03 12:34:16,720: Jac Loss 7538280.0
2025-09-03 12:35:25,913: Step 200, Train PSNR 33.81979391098022
2025-09-03 12:35:53,690: Jac Loss 7742141.0
2025-09-03 12:37:25,009: Jac Loss 8540093.0
2025-09-03 12:38:29,485: Step 210, Train PSNR 33.82908198038737
2025-09-03 12:39:01,807: Jac Loss 7959670.0
2025-09-03 12:40:44,274: Jac Loss 7562379.5
2025-09-03 12:41:48,997: Step 220, Train PSNR 33.83401119925759
2025-09-03 12:42:18,587: Jac Loss 8060822.5
2025-09-03 12:43:48,626: Jac Loss 7521319.0
2025-09-03 12:44:57,193: Step 230, Train PSNR 33.848357092815895
2025-09-03 12:45:23,393: Jac Loss 7824197.0
2025-09-03 12:46:53,463: Jac Loss 7698162.0
2025-09-03 12:48:05,003: Step 240, Train PSNR 33.846452776590986
2025-09-03 12:48:39,140: Jac Loss 8134814.0
2025-09-03 12:50:13,615: Jac Loss 7741727.0
2025-09-03 12:51:18,879: Step 250, Train PSNR 33.83255894470215
2025-09-03 12:51:45,654: Jac Loss 7786201.0
2025-09-03 12:53:23,604: Jac Loss 7676010.0
2025-09-03 12:54:30,283: Step 260, Train PSNR 33.804956267430235
2025-09-03 12:54:54,026: Jac Loss 7504521.5
2025-09-03 12:56:30,459: Jac Loss 7728867.0
2025-09-03 12:57:36,168: Step 270, Train PSNR 33.78876511609113
2025-09-03 12:58:04,421: Jac Loss 7563721.0
2025-09-03 12:59:43,751: Jac Loss 7947771.0
2025-09-03 13:00:53,071: Step 280, Train PSNR 33.777647910799296
2025-09-03 13:01:21,168: Jac Loss 7710257.0
2025-09-03 13:02:59,598: Jac Loss 7991790.0
2025-09-03 13:04:04,786: Step 290, Train PSNR 33.768807700584674
2025-09-03 13:04:33,873: Jac Loss 7719635.5
2025-09-03 13:06:11,381: Jac Loss 7460361.0
2025-09-03 13:07:24,952: Step 300, Train PSNR 33.76996815999349
2025-09-03 13:07:51,213: Jac Loss 7718015.0
2025-09-03 13:09:32,976: Jac Loss 7518690.0
2025-09-03 13:10:48,383: Step 310, Train PSNR 33.75694759122787
2025-09-03 13:11:17,252: Jac Loss 7922119.0
2025-09-03 13:12:55,017: Jac Loss 7526066.0
2025-09-03 13:13:57,389: Step 320, Train PSNR 33.760942190885544
2025-09-03 13:14:30,845: Jac Loss 7749131.0
2025-09-03 13:16:06,573: Jac Loss 7599851.0
2025-09-03 13:17:10,255: Step 330, Train PSNR 33.75573795780991
2025-09-03 13:17:36,708: Jac Loss 7389473.5
2025-09-03 13:19:11,529: Jac Loss 7538110.0
2025-09-03 13:20:14,666: Step 340, Train PSNR 33.75110291312723
2025-09-03 13:20:47,237: Jac Loss 8080256.0
2025-09-03 13:22:27,893: Jac Loss 7572958.0
2025-09-03 13:23:34,187: Step 350, Train PSNR 33.75796550750732
2025-09-03 13:24:05,386: Jac Loss 7404723.0
2025-09-03 13:25:47,060: Jac Loss 7746950.5
2025-09-03 13:26:50,531: Step 360, Train PSNR 33.75523776478238
2025-09-03 13:27:16,998: Jac Loss 7871002.0
2025-09-03 13:28:46,561: Jac Loss 7659741.0
2025-09-03 13:30:00,051: Step 370, Train PSNR 33.746161110336715
2025-09-03 13:30:29,882: Jac Loss 7854806.5
2025-09-03 13:32:08,413: Jac Loss 7316407.0
2025-09-03 13:33:17,484: Step 380, Train PSNR 33.743891209050226
2025-09-03 13:33:49,676: Jac Loss 8117078.0
2025-09-03 13:35:26,640: Jac Loss 7525643.0
2025-09-03 13:36:27,371: Step 390, Train PSNR 33.73905634268736
2025-09-03 13:36:50,116: Jac Loss 7520253.0
2025-09-03 13:38:31,989: Jac Loss 7376324.0
2025-09-03 13:38:32,141: [Epoch 6] Train Loss: 2.62E+01, PSNR: 33.74
2025-09-03 13:43:11,082: [Epoch 6] Val Loss: 2.92E+01, PSNR: 33.40
2025-09-03 13:43:36,217: Jac Loss 7655820.5
2025-09-03 13:45:19,764: Jac Loss 7854438.0
2025-09-03 13:46:23,642: Step 10, Train PSNR 34.10589256286621
2025-09-03 13:46:56,235: Jac Loss 7768669.0
2025-09-03 13:48:39,433: Jac Loss 7816685.0
2025-09-03 13:49:49,727: Step 20, Train PSNR 33.71794128417969
2025-09-03 13:50:17,011: Jac Loss 7780854.5
2025-09-03 13:51:44,384: Jac Loss 7339678.0
2025-09-03 13:52:52,979: Step 30, Train PSNR 33.79088045756022
2025-09-03 13:53:22,439: Jac Loss 7507548.0
2025-09-03 13:55:01,451: Jac Loss 7302620.0
2025-09-03 13:56:17,310: Step 40, Train PSNR 33.79533462524414
2025-09-03 13:56:45,509: Jac Loss 7575107.0
2025-09-03 13:58:15,957: Jac Loss 7254188.0
2025-09-03 13:59:26,718: Step 50, Train PSNR 33.732765197753906
2025-09-03 13:59:52,783: Jac Loss 7308831.5
2025-09-03 14:01:35,559: Jac Loss 7645895.0
2025-09-03 14:02:39,131: Step 60, Train PSNR 33.69404888153076
2025-09-03 14:03:07,474: Jac Loss 7190902.0
2025-09-03 14:04:43,665: Jac Loss 7790966.0
2025-09-03 14:05:59,071: Step 70, Train PSNR 33.793128749302454
2025-09-03 14:06:31,966: Jac Loss 8094951.0
2025-09-03 14:08:08,852: Jac Loss 7723119.0
2025-09-03 14:09:09,987: Step 80, Train PSNR 33.725783586502075
2025-09-03 14:09:35,359: Jac Loss 7304420.5
2025-09-03 14:11:15,490: Jac Loss 7590950.0
2025-09-03 14:12:26,044: Step 90, Train PSNR 33.72546649509006
2025-09-03 14:12:53,250: Jac Loss 7758223.0
2025-09-03 14:14:24,039: Jac Loss 7605844.0
2025-09-03 14:15:33,750: Step 100, Train PSNR 33.72319873809815
2025-09-03 14:16:05,674: Jac Loss 7615372.5
2025-09-03 14:17:40,326: Jac Loss 7674702.0
2025-09-03 14:18:53,427: Step 110, Train PSNR 33.734491868452594
2025-09-03 14:19:22,447: Jac Loss 8049330.0
2025-09-03 14:20:58,381: Jac Loss 7984383.0
2025-09-03 14:22:06,816: Step 120, Train PSNR 33.73237676620484
2025-09-03 14:22:28,036: Jac Loss 7474777.5
2025-09-03 14:23:57,951: Jac Loss 7633910.5
2025-09-03 14:25:04,435: Step 130, Train PSNR 33.76238573514498
2025-09-03 14:25:34,635: Jac Loss 7783688.0
2025-09-03 14:27:11,174: Jac Loss 7749339.0
2025-09-03 14:28:16,457: Step 140, Train PSNR 33.77261453356061
2025-09-03 14:28:47,001: Jac Loss 7801673.0
2025-09-03 14:30:26,879: Jac Loss 7364175.0
2025-09-03 14:31:26,696: Step 150, Train PSNR 33.77282958984375
2025-09-03 14:31:58,278: Jac Loss 7762744.0
2025-09-03 14:33:36,206: Jac Loss 7931578.0
2025-09-03 14:34:45,734: Step 160, Train PSNR 33.77458312511444
2025-09-03 14:35:10,407: Jac Loss 7406214.5
2025-09-03 14:36:52,744: Jac Loss 7428178.0
2025-09-03 14:37:58,675: Step 170, Train PSNR 33.776422276216394
2025-09-03 14:38:25,471: Jac Loss 7420813.0
2025-09-03 14:39:51,886: Jac Loss 7699676.0
2025-09-03 14:40:55,615: Step 180, Train PSNR 33.78481684790717
2025-09-03 14:41:20,496: Jac Loss 7657536.0
2025-09-03 14:42:50,134: Jac Loss 7681185.0
2025-09-03 14:44:00,092: Step 190, Train PSNR 33.775437184383996
2025-09-03 14:44:25,508: Jac Loss 7691681.5
2025-09-03 14:46:02,715: Jac Loss 7369876.0
2025-09-03 14:47:15,937: Step 200, Train PSNR 33.773680200576784
2025-09-03 14:47:40,999: Jac Loss 7576783.0
2025-09-03 14:49:24,198: Jac Loss 7758543.0
2025-09-03 14:50:31,864: Step 210, Train PSNR 33.769429860796244
2025-09-03 14:50:59,017: Jac Loss 7728272.0
2025-09-03 14:52:29,375: Jac Loss 7293395.0
2025-09-03 14:53:38,818: Step 220, Train PSNR 33.780876757881856
2025-09-03 14:54:08,448: Jac Loss 7851385.0
2025-09-03 14:55:41,177: Jac Loss 7399262.0
2025-09-03 14:56:44,046: Step 230, Train PSNR 33.782393190135124
2025-09-03 14:57:17,209: Jac Loss 8234668.0
2025-09-03 14:58:59,629: Jac Loss 7713799.5
2025-09-03 15:00:09,122: Step 240, Train PSNR 33.76112047036489
2025-09-03 15:00:39,560: Jac Loss 7485200.5
2025-09-03 15:02:21,621: Jac Loss 7308222.0
2025-09-03 15:03:36,708: Step 250, Train PSNR 33.76104485321045
2025-09-03 15:04:10,094: Jac Loss 7502882.5
2025-09-03 15:05:58,711: Jac Loss 7857614.0
2025-09-03 15:06:59,128: Step 260, Train PSNR 33.76941931064312
2025-09-03 15:07:28,127: Jac Loss 7902446.5
2025-09-03 15:09:04,004: Jac Loss 7544532.0
2025-09-03 15:10:08,720: Step 270, Train PSNR 33.766716137638795
2025-09-03 15:10:37,625: Jac Loss 7778255.5
2025-09-03 15:12:09,023: Jac Loss 7351699.0
2025-09-03 15:13:21,511: Step 280, Train PSNR 33.76319926806858
2025-09-03 15:13:45,141: Jac Loss 7417712.0
2025-09-03 15:15:18,412: Jac Loss 7526734.0
2025-09-03 15:16:26,739: Step 290, Train PSNR 33.76118014105435
2025-09-03 15:16:53,922: Jac Loss 7847947.0
2025-09-03 15:18:28,724: Jac Loss 7506019.5
2025-09-03 15:19:32,101: Step 300, Train PSNR 33.76481105804444
2025-09-03 15:19:57,091: Jac Loss 7463204.5
2025-09-03 15:21:29,595: Jac Loss 7437294.0
2025-09-03 15:22:44,112: Step 310, Train PSNR 33.75632158094837
2025-09-03 15:23:13,376: Jac Loss 7533740.5
2025-09-03 15:24:51,548: Jac Loss 7663284.0
2025-09-03 15:25:58,296: Step 320, Train PSNR 33.74111460447311
2025-09-03 15:26:27,717: Jac Loss 7367110.0
2025-09-03 15:28:00,064: Jac Loss 7905208.5
2025-09-03 15:29:10,824: Step 330, Train PSNR 33.747984903508964
2025-09-03 15:29:40,462: Jac Loss 7419102.0
2025-09-03 15:31:12,250: Jac Loss 7345966.0
2025-09-03 15:32:18,492: Step 340, Train PSNR 33.754978269689225
2025-09-03 15:32:44,967: Jac Loss 7521360.5
2025-09-03 15:34:20,573: Jac Loss 7934555.0
2025-09-03 15:35:27,420: Step 350, Train PSNR 33.762443466186525
2025-09-03 15:35:58,507: Jac Loss 7753393.5
2025-09-03 15:37:49,214: Jac Loss 7755047.0
2025-09-03 15:39:06,074: Step 360, Train PSNR 33.75200181537204
2025-09-03 15:39:34,212: Jac Loss 7822244.0
2025-09-03 15:41:18,373: Jac Loss 7707219.0
2025-09-03 15:42:34,611: Step 370, Train PSNR 33.74974007477631
2025-09-03 15:43:01,576: Jac Loss 7670490.5
2025-09-03 15:44:41,988: Jac Loss 7660549.0
2025-09-03 15:45:41,987: Step 380, Train PSNR 33.756227985181305
2025-09-03 15:46:11,030: Jac Loss 7465134.0
2025-09-03 15:48:00,430: Jac Loss 7928867.0
2025-09-03 15:49:13,197: Step 390, Train PSNR 33.75246131114471
2025-09-03 15:49:41,930: Jac Loss 7431988.0
2025-09-03 15:51:25,164: Jac Loss 7812108.0
2025-09-03 15:51:25,321: [Epoch 7] Train Loss: 2.61E+01, PSNR: 33.75
2025-09-03 15:56:03,594: [Epoch 7] Val Loss: 2.91E+01, PSNR: 33.41
2025-09-03 15:56:31,614: Jac Loss 7574857.0
2025-09-03 15:58:04,200: Jac Loss 7289617.0
2025-09-03 15:59:08,756: Step 10, Train PSNR 33.61192646026611
2025-09-03 15:59:38,953: Jac Loss 7762058.0
2025-09-03 16:01:18,358: Jac Loss 7648709.0
2025-09-03 16:02:34,561: Step 20, Train PSNR 33.62439336776733
2025-09-03 16:03:06,145: Jac Loss 7313568.0
2025-09-03 16:04:43,412: Jac Loss 7316386.0
2025-09-03 16:05:47,488: Step 30, Train PSNR 33.68291975657145
2025-09-03 16:06:15,371: Jac Loss 7824875.5
2025-09-03 16:07:50,580: Jac Loss 7461120.0
2025-09-03 16:09:04,763: Step 40, Train PSNR 33.73077712059021
2025-09-03 16:09:35,144: Jac Loss 7440272.0
2025-09-03 16:11:13,592: Jac Loss 8095615.0
2025-09-03 16:12:20,519: Step 50, Train PSNR 33.67109409332275
2025-09-03 16:12:48,718: Jac Loss 7656336.0
2025-09-03 16:14:15,748: Jac Loss 7545611.0
2025-09-03 16:15:24,320: Step 60, Train PSNR 33.714721012115476
2025-09-03 16:15:54,661: Jac Loss 7689716.0
2025-09-03 16:17:33,805: Jac Loss 7533531.0
2025-09-03 16:18:52,266: Step 70, Train PSNR 33.680724252973285
2025-09-03 16:19:20,713: Jac Loss 7387160.0
2025-09-03 16:21:01,300: Jac Loss 7948067.0
2025-09-03 16:22:05,623: Step 80, Train PSNR 33.690193104743955
2025-09-03 16:22:31,847: Jac Loss 7538518.5
2025-09-03 16:24:12,726: Jac Loss 7249648.0
2025-09-03 16:25:21,789: Step 90, Train PSNR 33.67842068142361
2025-09-03 16:25:45,989: Jac Loss 7390328.0
2025-09-03 16:27:23,241: Jac Loss 7537285.0
2025-09-03 16:28:22,045: Step 100, Train PSNR 33.66334684371948
2025-09-03 16:28:52,846: Jac Loss 7271529.5
2025-09-03 16:30:21,004: Jac Loss 7451169.0
2025-09-03 16:31:33,617: Step 110, Train PSNR 33.66769938035445
2025-09-03 16:31:59,685: Jac Loss 7693791.0
2025-09-03 16:33:39,780: Jac Loss 7549302.0
2025-09-03 16:34:46,254: Step 120, Train PSNR 33.67750496864319
2025-09-03 16:35:17,760: Jac Loss 8019462.5
2025-09-03 16:37:00,456: Jac Loss 7772731.0
2025-09-03 16:38:13,902: Step 130, Train PSNR 33.65069666642409
2025-09-03 16:38:40,714: Jac Loss 7482828.5
2025-09-03 16:40:21,873: Jac Loss 7635547.5
2025-09-03 16:41:30,367: Step 140, Train PSNR 33.65183275767735
2025-09-03 16:42:01,982: Jac Loss 7874186.5
2025-09-03 16:43:42,156: Jac Loss 7915248.0
2025-09-03 16:44:56,593: Step 150, Train PSNR 33.67883502960205
2025-09-03 16:45:22,240: Jac Loss 7492917.0
2025-09-03 16:47:06,441: Jac Loss 7701474.5
2025-09-03 16:48:16,489: Step 160, Train PSNR 33.69952656030655
2025-09-03 16:48:43,188: Jac Loss 7470795.0
2025-09-03 16:50:18,002: Jac Loss 7390320.5
2025-09-03 16:51:24,743: Step 170, Train PSNR 33.701974655600154
2025-09-03 16:51:48,657: Jac Loss 7368798.0
2025-09-03 16:53:28,102: Jac Loss 7754029.5
2025-09-03 16:54:42,334: Step 180, Train PSNR 33.717816532982724
2025-09-03 16:55:11,830: Jac Loss 7423758.5
2025-09-03 16:56:54,272: Jac Loss 7611860.0
2025-09-03 16:58:04,510: Step 190, Train PSNR 33.71996701893053
2025-09-03 16:58:32,657: Jac Loss 7366084.0
2025-09-03 17:00:18,595: Jac Loss 7774677.5
2025-09-03 17:01:27,003: Step 200, Train PSNR 33.72513987541199
2025-09-03 17:01:58,178: Jac Loss 7589349.0
2025-09-03 17:03:45,659: Jac Loss 7460712.0
2025-09-03 17:04:54,655: Step 210, Train PSNR 33.74006063370478
2025-09-03 17:05:19,690: Jac Loss 7637558.0
2025-09-03 17:06:57,801: Jac Loss 7839171.0
2025-09-03 17:08:05,554: Step 220, Train PSNR 33.736266526308924
2025-09-03 17:08:32,189: Jac Loss 7315341.0
2025-09-03 17:10:06,180: Jac Loss 7472949.0
2025-09-03 17:11:12,244: Step 230, Train PSNR 33.74879240782364
2025-09-03 17:11:43,799: Jac Loss 7385815.0
2025-09-03 17:13:33,858: Jac Loss 7782331.0
2025-09-03 17:14:45,960: Step 240, Train PSNR 33.743153818448384
2025-09-03 17:15:14,130: Jac Loss 7544781.0
2025-09-03 17:16:53,175: Jac Loss 7473023.0
2025-09-03 17:17:53,180: Step 250, Train PSNR 33.760849891662595
2025-09-03 17:18:21,118: Jac Loss 7563240.0
2025-09-03 17:19:52,750: Jac Loss 7607011.5
2025-09-03 17:21:09,830: Step 260, Train PSNR 33.75882212565495
2025-09-03 17:21:37,598: Jac Loss 8055206.5
2025-09-03 17:23:07,744: Jac Loss 7454118.0
2025-09-03 17:24:26,605: Step 270, Train PSNR 33.75806152202465
2025-09-03 17:24:56,378: Jac Loss 7470237.0
2025-09-03 17:26:34,707: Jac Loss 7904608.0
2025-09-03 17:27:39,516: Step 280, Train PSNR 33.75872785704477
2025-09-03 17:28:11,271: Jac Loss 8082146.5
2025-09-03 17:30:06,591: Jac Loss 7941627.0
2025-09-03 17:31:15,927: Step 290, Train PSNR 33.772814263968634
2025-09-03 17:31:42,201: Jac Loss 7571050.0
2025-09-03 17:33:13,969: Jac Loss 7610540.0
2025-09-03 17:34:27,469: Step 300, Train PSNR 33.766641534169516
2025-09-03 17:34:56,093: Jac Loss 7534650.0
2025-09-03 17:36:44,446: Jac Loss 8095450.0
2025-09-03 17:37:52,309: Step 310, Train PSNR 33.76098714028635
2025-09-03 17:38:17,388: Jac Loss 7470039.0
2025-09-03 17:40:07,120: Jac Loss 7382159.0
2025-09-03 17:41:13,783: Step 320, Train PSNR 33.759607231616975
2025-09-03 17:41:38,022: Jac Loss 7470696.0
2025-09-03 17:43:16,106: Jac Loss 7589254.0
2025-09-03 17:44:25,295: Step 330, Train PSNR 33.768510934078336
2025-09-03 17:44:53,060: Jac Loss 7967995.0
2025-09-03 17:46:24,535: Jac Loss 7662455.0
2025-09-03 17:47:35,282: Step 340, Train PSNR 33.77008200252757
2025-09-03 17:47:58,047: Jac Loss 7385935.0
2025-09-03 17:49:37,844: Jac Loss 7828590.0
2025-09-03 17:50:49,203: Step 350, Train PSNR 33.76994217463902
2025-09-03 17:51:17,966: Jac Loss 8138953.0
2025-09-03 17:52:54,003: Jac Loss 7368797.0
2025-09-03 17:53:53,973: Step 360, Train PSNR 33.77129975954691
2025-09-03 17:54:18,210: Jac Loss 7637808.0
2025-09-03 17:55:55,230: Jac Loss 7697324.5
2025-09-03 17:57:03,361: Step 370, Train PSNR 33.761747870574126
2025-09-03 17:57:37,748: Jac Loss 7708195.5
2025-09-03 17:59:08,540: Jac Loss 7462319.0
2025-09-03 18:00:14,316: Step 380, Train PSNR 33.75945965114393
2025-09-03 18:00:44,828: Jac Loss 7396225.0
2025-09-03 18:02:25,134: Jac Loss 7390823.5
2025-09-03 18:03:38,055: Step 390, Train PSNR 33.751669776134
2025-09-03 18:04:13,237: Jac Loss 7652913.0
2025-09-03 18:05:39,934: Jac Loss 7320705.0
2025-09-03 18:05:40,087: [Epoch 8] Train Loss: 2.61E+01, PSNR: 33.77
2025-09-03 18:10:16,849: [Epoch 8] Val Loss: 2.90E+01, PSNR: 33.42
2025-09-03 18:10:42,880: Jac Loss 7738659.5
2025-09-03 18:12:13,896: Jac Loss 7642298.0
2025-09-03 18:13:22,555: Step 10, Train PSNR 34.25002746582031
2025-09-03 18:13:48,910: Jac Loss 7742571.0
2025-09-03 18:15:25,679: Jac Loss 7460625.0
2025-09-03 18:16:36,420: Step 20, Train PSNR 33.98488941192627
2025-09-03 18:17:07,880: Jac Loss 7514003.0
2025-09-03 18:18:33,282: Jac Loss 7397623.0
2025-09-03 18:19:47,275: Step 30, Train PSNR 33.78797874450684
2025-09-03 18:20:17,141: Jac Loss 7605706.0
2025-09-03 18:22:05,804: Jac Loss 7737115.0
2025-09-03 18:23:11,620: Step 40, Train PSNR 33.7825325012207
2025-09-03 18:23:35,984: Jac Loss 7385706.0
2025-09-03 18:25:06,802: Jac Loss 7486785.0
2025-09-03 18:26:21,981: Step 50, Train PSNR 33.80570655822754
2025-09-03 18:26:50,746: Jac Loss 8064025.0
2025-09-03 18:28:25,444: Jac Loss 7311704.0
2025-09-03 18:29:44,819: Step 60, Train PSNR 33.86560236612956
2025-09-03 18:30:15,906: Jac Loss 7920566.0
2025-09-03 18:31:51,860: Jac Loss 7373837.0
2025-09-03 18:33:07,722: Step 70, Train PSNR 33.831178011213034
2025-09-03 18:33:35,275: Jac Loss 7520238.0
2025-09-03 18:35:15,588: Jac Loss 7751042.0
2025-09-03 18:36:34,651: Step 80, Train PSNR 33.85227036476135
2025-09-03 18:37:04,029: Jac Loss 7268498.0
2025-09-03 18:38:40,974: Jac Loss 7576247.0
2025-09-03 18:39:53,836: Step 90, Train PSNR 33.817084333631726
2025-09-03 18:40:19,101: Jac Loss 7638595.5
2025-09-03 18:42:05,309: Jac Loss 7508500.0
2025-09-03 18:43:13,768: Step 100, Train PSNR 33.82279640197754
2025-09-03 18:43:37,813: Jac Loss 7358703.0
2025-09-03 18:45:16,117: Jac Loss 7552442.5
2025-09-03 18:46:27,281: Step 110, Train PSNR 33.87285336581144
2025-09-03 18:46:52,572: Jac Loss 7767382.0
2025-09-03 18:48:36,306: Jac Loss 7998616.5
2025-09-03 18:49:46,807: Step 120, Train PSNR 33.90513044993083
2025-09-03 18:50:13,327: Jac Loss 7544138.0
2025-09-03 18:51:52,149: Jac Loss 7547846.0
2025-09-03 18:53:09,106: Step 130, Train PSNR 33.911442565917966
2025-09-03 18:53:34,751: Jac Loss 7662355.0
2025-09-03 18:55:14,499: Jac Loss 8025748.5
2025-09-03 18:56:23,979: Step 140, Train PSNR 33.89929000309535
2025-09-03 18:56:50,017: Jac Loss 7486283.0
2025-09-03 18:58:24,520: Jac Loss 7461029.0
2025-09-03 18:59:24,075: Step 150, Train PSNR 33.87618303934733
2025-09-03 18:59:55,130: Jac Loss 7711910.0
2025-09-03 19:01:26,711: Jac Loss 7252479.5
2025-09-03 19:02:35,748: Step 160, Train PSNR 33.856318950653076
2025-09-03 19:03:00,950: Jac Loss 7472251.0
2025-09-03 19:04:37,220: Jac Loss 7909676.5
2025-09-03 19:05:48,581: Step 170, Train PSNR 33.847340707217946
2025-09-03 19:06:16,799: Jac Loss 7700012.5
2025-09-03 19:07:59,530: Jac Loss 7671864.5
2025-09-03 19:09:15,506: Step 180, Train PSNR 33.828743065728084
2025-09-03 19:09:44,900: Jac Loss 7666339.0
2025-09-03 19:11:23,188: Jac Loss 7259987.0
2025-09-03 19:12:32,156: Step 190, Train PSNR 33.822400143272
2025-09-03 19:13:01,127: Jac Loss 7326706.0
2025-09-03 19:14:40,294: Jac Loss 7775482.0
2025-09-03 19:15:41,772: Step 200, Train PSNR 33.79147438049316
2025-09-03 19:16:08,905: Jac Loss 7346584.0
2025-09-03 19:17:44,657: Jac Loss 7476979.0
2025-09-03 19:19:02,044: Step 210, Train PSNR 33.77633857727051
2025-09-03 19:19:30,951: Jac Loss 8013839.5
2025-09-03 19:21:21,303: Jac Loss 7740922.0
2025-09-03 19:22:27,041: Step 220, Train PSNR 33.759617016532204
2025-09-03 19:22:53,390: Jac Loss 7624330.0
2025-09-03 19:24:24,850: Jac Loss 7422036.0
2025-09-03 19:25:35,502: Step 230, Train PSNR 33.75463625866434
2025-09-03 19:26:07,778: Jac Loss 7595227.5
2025-09-03 19:27:45,308: Jac Loss 7160315.5
2025-09-03 19:28:48,237: Step 240, Train PSNR 33.74138232072195
2025-09-03 19:29:15,067: Jac Loss 7536583.0
2025-09-03 19:30:55,812: Jac Loss 7563930.0
2025-09-03 19:31:58,620: Step 250, Train PSNR 33.73985594940186
2025-09-03 19:32:22,801: Jac Loss 7178476.0
2025-09-03 19:33:52,623: Jac Loss 7461362.5
2025-09-03 19:35:03,441: Step 260, Train PSNR 33.7591632769658
2025-09-03 19:35:29,021: Jac Loss 7540049.0
2025-09-03 19:37:04,778: Jac Loss 7498474.5
2025-09-03 19:38:11,081: Step 270, Train PSNR 33.772662727921094
2025-09-03 19:38:39,281: Jac Loss 7632974.5
2025-09-03 19:40:20,313: Jac Loss 7793297.5
2025-09-03 19:41:40,264: Step 280, Train PSNR 33.78520791871207
2025-09-03 19:42:03,600: Jac Loss 7304327.0
2025-09-03 19:43:30,681: Jac Loss 7439857.0
2025-09-03 19:44:34,815: Step 290, Train PSNR 33.77640991868644
2025-09-03 19:45:01,334: Jac Loss 7537502.5
2025-09-03 19:46:48,287: Jac Loss 7411027.0
2025-09-03 19:48:06,561: Step 300, Train PSNR 33.75705776850383
2025-09-03 19:48:32,674: Jac Loss 7608518.0
2025-09-03 19:50:06,643: Jac Loss 7658197.5
2025-09-03 19:51:26,649: Step 310, Train PSNR 33.76691060835315
2025-09-03 19:51:57,171: Jac Loss 7329959.0
2025-09-03 19:53:41,716: Jac Loss 7260624.5
2025-09-03 19:55:01,474: Step 320, Train PSNR 33.76816700100899
2025-09-03 19:55:27,425: Jac Loss 7430318.5
2025-09-03 19:57:05,063: Jac Loss 7385102.5
2025-09-03 19:58:19,860: Step 330, Train PSNR 33.769128770539254
2025-09-03 19:58:54,081: Jac Loss 7732013.0
2025-09-03 20:00:38,802: Jac Loss 7219368.0
2025-09-03 20:01:43,456: Step 340, Train PSNR 33.77817497814403
2025-09-03 20:02:10,269: Jac Loss 7337599.5
2025-09-03 20:03:47,051: Jac Loss 7899002.5
2025-09-03 20:04:56,175: Step 350, Train PSNR 33.775278216770715
2025-09-03 20:05:19,652: Jac Loss 7563097.0
2025-09-03 20:07:06,091: Jac Loss 7834338.0
2025-09-03 20:08:18,762: Step 360, Train PSNR 33.77922067642212
2025-09-03 20:08:46,144: Jac Loss 7456312.0
2025-09-03 20:10:23,600: Jac Loss 7405084.0
2025-09-03 20:11:32,931: Step 370, Train PSNR 33.77535335437672
2025-09-03 20:11:59,870: Jac Loss 7789013.0
2025-09-03 20:13:33,378: Jac Loss 7478023.0
2025-09-03 20:14:42,557: Step 380, Train PSNR 33.771117451316435
2025-09-03 20:15:09,275: Jac Loss 7506097.0
2025-09-03 20:16:45,889: Jac Loss 7731306.0
2025-09-03 20:18:02,690: Step 390, Train PSNR 33.770341599293246
2025-09-03 20:18:29,531: Jac Loss 7320890.0
2025-09-03 20:20:00,792: Jac Loss 7680073.5
2025-09-03 20:20:00,945: [Epoch 9] Train Loss: 2.60E+01, PSNR: 33.77
2025-09-03 20:24:37,165: [Epoch 9] Val Loss: 2.90E+01, PSNR: 33.42
2025-09-03 20:25:04,758: Jac Loss 7602502.5
2025-09-03 20:26:52,511: Jac Loss 7457084.0
2025-09-03 20:27:53,481: Step 10, Train PSNR 33.742619323730466
2025-09-03 20:28:22,742: Jac Loss 7478132.0
2025-09-03 20:29:56,888: Jac Loss 7296815.5
2025-09-03 20:31:02,109: Step 20, Train PSNR 33.89789505004883
2025-09-03 20:31:34,178: Jac Loss 7368978.5
2025-09-03 20:33:17,996: Jac Loss 7674730.0
2025-09-03 20:34:39,652: Step 30, Train PSNR 33.92783864339193
2025-09-03 20:35:03,848: Jac Loss 7346737.0
2025-09-03 20:36:52,677: Jac Loss 7478515.5
2025-09-03 20:38:04,627: Step 40, Train PSNR 33.90347862243652
2025-09-03 20:38:29,736: Jac Loss 7431187.0
2025-09-03 20:40:02,216: Jac Loss 7625509.0
2025-09-03 20:41:05,574: Step 50, Train PSNR 33.809006729125976
2025-09-03 20:41:34,947: Jac Loss 7545996.0
2025-09-03 20:43:06,646: Jac Loss 7380000.0
2025-09-03 20:44:07,955: Step 60, Train PSNR 33.788926442464195
2025-09-03 20:44:39,373: Jac Loss 7619124.0
2025-09-03 20:46:16,420: Jac Loss 7685826.0
2025-09-03 20:47:25,429: Step 70, Train PSNR 33.77686958312988
2025-09-03 20:47:52,841: Jac Loss 7906107.0
2025-09-03 20:49:30,602: Jac Loss 7550663.5
2025-09-03 20:50:40,067: Step 80, Train PSNR 33.78729860782623
2025-09-03 20:51:06,600: Jac Loss 7793912.5
2025-09-03 20:52:53,652: Jac Loss 7885982.0
2025-09-03 20:54:02,691: Step 90, Train PSNR 33.815017763773604
2025-09-03 20:54:35,932: Jac Loss 7813763.0
2025-09-03 20:56:25,738: Jac Loss 7832040.0
2025-09-03 20:57:38,478: Step 100, Train PSNR 33.80804021835327
2025-09-03 20:58:06,883: Jac Loss 7651783.0
2025-09-03 20:59:58,003: Jac Loss 7430421.0
2025-09-03 21:01:03,097: Step 110, Train PSNR 33.80478513891047
2025-09-03 21:01:33,571: Jac Loss 7548182.0
2025-09-03 21:03:21,752: Jac Loss 7387298.0
2025-09-03 21:04:23,173: Step 120, Train PSNR 33.81372373898824
2025-09-03 21:04:51,469: Jac Loss 7960977.5
2025-09-03 21:06:18,354: Jac Loss 7515973.5
2025-09-03 21:07:31,344: Step 130, Train PSNR 33.79918980231652
2025-09-03 21:08:01,334: Jac Loss 7493171.5
2025-09-03 21:09:42,151: Jac Loss 7578391.0
2025-09-03 21:10:57,816: Step 140, Train PSNR 33.77523469924927
2025-09-03 21:11:26,986: Jac Loss 7497568.5
2025-09-03 21:13:03,297: Jac Loss 8017008.5
2025-09-03 21:14:16,088: Step 150, Train PSNR 33.76593079884847
2025-09-03 21:14:40,452: Jac Loss 7351124.5
2025-09-03 21:16:23,222: Jac Loss 7664603.5
2025-09-03 21:17:33,696: Step 160, Train PSNR 33.794688975811006
2025-09-03 21:18:00,127: Jac Loss 7504901.5
2025-09-03 21:19:34,716: Jac Loss 7325916.0
2025-09-03 21:20:49,083: Step 170, Train PSNR 33.79198299856747
2025-09-03 21:21:15,155: Jac Loss 7566735.0
2025-09-03 21:22:51,773: Jac Loss 7863567.0
2025-09-03 21:24:03,292: Step 180, Train PSNR 33.81378939946492
2025-09-03 21:24:25,708: Jac Loss 7305720.0
2025-09-03 21:25:55,232: Jac Loss 7684671.0
2025-09-03 21:27:17,692: Step 190, Train PSNR 33.802348879763954
2025-09-03 21:27:42,377: Jac Loss 7453795.0
2025-09-03 21:29:25,355: Jac Loss 7451419.0
2025-09-03 21:30:32,260: Step 200, Train PSNR 33.79910831451416
2025-09-03 21:31:03,972: Jac Loss 7392618.0
2025-09-03 21:32:46,564: Jac Loss 7878888.5
2025-09-03 21:33:50,956: Step 210, Train PSNR 33.79412914457775
2025-09-03 21:34:22,864: Jac Loss 7360591.5
2025-09-03 21:35:58,966: Jac Loss 7747283.5
2025-09-03 21:37:03,853: Step 220, Train PSNR 33.79629776694558
2025-09-03 21:37:31,143: Jac Loss 7636923.0
2025-09-03 21:39:04,822: Jac Loss 7375813.0
2025-09-03 21:40:12,640: Step 230, Train PSNR 33.78431303604789
2025-09-03 21:40:36,135: Jac Loss 7254560.5
2025-09-03 21:42:14,759: Jac Loss 7490964.0
2025-09-03 21:43:19,319: Step 240, Train PSNR 33.768864456812544
2025-09-03 21:43:44,747: Jac Loss 7472974.0
2025-09-03 21:45:25,355: Jac Loss 7457641.5
2025-09-03 21:46:25,657: Step 250, Train PSNR 33.74534564971924
2025-09-03 21:46:54,854: Jac Loss 7650501.5
2025-09-03 21:48:34,322: Jac Loss 7890508.0
2025-09-03 21:49:46,744: Step 260, Train PSNR 33.7468478349539
2025-09-03 21:50:17,241: Jac Loss 7421812.5
2025-09-03 21:51:46,944: Jac Loss 7623664.0
2025-09-03 21:52:53,615: Step 270, Train PSNR 33.76031647434941
2025-09-03 21:53:18,607: Jac Loss 7351871.0
2025-09-03 21:54:56,659: Jac Loss 7200235.5
2025-09-03 21:56:05,971: Step 280, Train PSNR 33.754320805413386
2025-09-03 21:56:33,915: Jac Loss 7375362.0
2025-09-03 21:58:17,797: Jac Loss 7576242.0
2025-09-03 21:59:23,152: Step 290, Train PSNR 33.75582864037875
2025-09-03 21:59:49,159: Jac Loss 7401145.0
2025-09-03 22:01:33,044: Jac Loss 7730075.0
2025-09-03 22:02:46,695: Step 300, Train PSNR 33.74660529454549
2025-09-03 22:03:18,905: Jac Loss 7661736.0
2025-09-03 22:04:59,572: Jac Loss 7389230.5
2025-09-03 22:06:21,719: Step 310, Train PSNR 33.74056222361903
2025-09-03 22:06:50,643: Jac Loss 7257166.5
2025-09-03 22:08:30,266: Jac Loss 7416177.5
2025-09-03 22:09:34,428: Step 320, Train PSNR 33.75415721535683
2025-09-03 22:10:04,773: Jac Loss 7278041.0
2025-09-03 22:11:46,095: Jac Loss 7434741.0
2025-09-03 22:13:02,254: Step 330, Train PSNR 33.7558283776948
2025-09-03 22:13:34,635: Jac Loss 7722094.5
2025-09-03 22:15:08,914: Jac Loss 7250379.5
2025-09-03 22:16:08,512: Step 340, Train PSNR 33.765815398272345
2025-09-03 22:16:39,722: Jac Loss 7539720.0
2025-09-03 22:18:10,717: Jac Loss 7348065.0
2025-09-03 22:19:13,672: Step 350, Train PSNR 33.76619226728167
2025-09-03 22:19:43,281: Jac Loss 7391019.0
2025-09-03 22:21:11,147: Jac Loss 7354353.0
2025-09-03 22:22:17,925: Step 360, Train PSNR 33.758782111273874
2025-09-03 22:22:44,988: Jac Loss 7585582.0
2025-09-03 22:24:21,316: Jac Loss 7690927.0
2025-09-03 22:25:25,350: Step 370, Train PSNR 33.77287586315258
2025-09-03 22:25:52,272: Jac Loss 7469553.0
2025-09-03 22:27:33,025: Jac Loss 7884162.0
2025-09-03 22:28:46,477: Step 380, Train PSNR 33.779706071552475
2025-09-03 22:29:15,249: Jac Loss 8147264.0
2025-09-03 22:30:51,355: Jac Loss 7742275.0
2025-09-03 22:31:57,105: Step 390, Train PSNR 33.77785588777982
2025-09-03 22:32:21,682: Jac Loss 7451412.0
2025-09-03 22:33:53,435: Jac Loss 7486259.0
2025-09-03 22:33:53,587: [Epoch 10] Train Loss: 2.60E+01, PSNR: 33.78
2025-09-03 22:38:36,898: [Epoch 10] Val Loss: 2.89E+01, PSNR: 33.43
