2025-08-30 17:35:15,539: Average training loss in epoch 1: 1.34E+02, average grad loss: 1.40E+02
2025-08-30 17:35:16,090: Average training loss in epoch 2: 7.36E+00, average grad loss: 1.09E+01
2025-08-30 17:35:16,626: Average training loss in epoch 3: 2.34E-01, average grad loss: 3.64E+00
2025-08-30 17:35:17,178: Average training loss in epoch 4: -1.76E+00, average grad loss: 2.01E+00
2025-08-30 17:35:17,707: Average training loss in epoch 5: -2.63E+00, average grad loss: 1.51E+00
2025-08-30 17:35:18,263: Average training loss in epoch 6: -3.30E+00, average grad loss: 1.25E+00
2025-08-30 17:35:18,828: Average training loss in epoch 7: -3.68E+00, average grad loss: 1.16E+00
2025-08-30 17:35:19,360: Average training loss in epoch 8: -3.88E+00, average grad loss: 1.03E+00
2025-08-30 17:35:19,916: Average training loss in epoch 9: -4.04E+00, average grad loss: 1.04E+00
2025-08-30 17:35:20,463: Average training loss in epoch 10: -4.18E+00, average grad loss: 8.53E-01
2025-08-30 17:35:21,064: Average training loss in epoch 11: -4.24E+00, average grad loss: 8.87E-01
2025-08-30 17:35:21,631: Average training loss in epoch 12: -4.36E+00, average grad loss: 8.62E-01
2025-08-30 17:35:22,189: Average training loss in epoch 13: -4.40E+00, average grad loss: 8.13E-01
2025-08-30 17:35:22,718: Average training loss in epoch 14: -4.42E+00, average grad loss: 7.71E-01
2025-08-30 17:35:23,294: Average training loss in epoch 15: -4.60E+00, average grad loss: 8.00E-01
2025-08-30 17:35:23,838: Average training loss in epoch 16: -4.55E+00, average grad loss: 7.90E-01
2025-08-30 17:35:24,412: Average training loss in epoch 17: -4.60E+00, average grad loss: 7.40E-01
2025-08-30 17:35:24,977: Average training loss in epoch 18: -4.74E+00, average grad loss: 7.45E-01
2025-08-30 17:35:25,524: Average training loss in epoch 19: -4.71E+00, average grad loss: 7.14E-01
2025-08-30 17:35:26,088: Average training loss in epoch 20: -4.76E+00, average grad loss: 7.10E-01
2025-08-30 17:35:26,632: Average training loss in epoch 21: -4.73E+00, average grad loss: 6.84E-01
2025-08-30 17:35:27,186: Average training loss in epoch 22: -4.82E+00, average grad loss: 7.12E-01
2025-08-30 17:35:27,726: Average training loss in epoch 23: -4.85E+00, average grad loss: 6.51E-01
2025-08-30 17:35:28,261: Average training loss in epoch 24: -4.84E+00, average grad loss: 6.77E-01
2025-08-30 17:35:28,791: Average training loss in epoch 25: -4.98E+00, average grad loss: 7.27E-01
2025-08-30 17:35:38,439: [Epoch 25] PSNR: 26.86
2025-08-30 17:35:39,026: Average training loss in epoch 26: -4.91E+00, average grad loss: 6.59E-01
2025-08-30 17:35:39,611: Average training loss in epoch 27: -4.96E+00, average grad loss: 6.74E-01
2025-08-30 17:35:40,189: Average training loss in epoch 28: -5.00E+00, average grad loss: 6.90E-01
2025-08-30 17:35:40,767: Average training loss in epoch 29: -5.06E+00, average grad loss: 6.86E-01
2025-08-30 17:35:41,344: Average training loss in epoch 30: -5.07E+00, average grad loss: 6.72E-01
2025-08-30 17:35:41,960: Average training loss in epoch 31: -5.03E+00, average grad loss: 6.85E-01
2025-08-30 17:35:42,530: Average training loss in epoch 32: -5.03E+00, average grad loss: 6.49E-01
2025-08-30 17:35:43,114: Average training loss in epoch 33: -5.02E+00, average grad loss: 6.78E-01
2025-08-30 17:35:43,689: Average training loss in epoch 34: -5.17E+00, average grad loss: 6.99E-01
2025-08-30 17:35:44,259: Average training loss in epoch 35: -5.15E+00, average grad loss: 6.78E-01
2025-08-30 17:35:44,827: Average training loss in epoch 36: -5.09E+00, average grad loss: 6.52E-01
2025-08-30 17:35:45,405: Average training loss in epoch 37: -5.10E+00, average grad loss: 6.56E-01
2025-08-30 17:35:45,988: Average training loss in epoch 38: -5.08E+00, average grad loss: 6.59E-01
2025-08-30 17:35:46,575: Average training loss in epoch 39: -5.09E+00, average grad loss: 6.56E-01
2025-08-30 17:35:47,176: Average training loss in epoch 40: -5.12E+00, average grad loss: 6.59E-01
2025-08-30 17:35:47,738: Average training loss in epoch 41: -5.20E+00, average grad loss: 6.98E-01
2025-08-30 17:35:48,315: Average training loss in epoch 42: -5.17E+00, average grad loss: 6.51E-01
2025-08-30 17:35:48,917: Average training loss in epoch 43: -5.15E+00, average grad loss: 6.46E-01
2025-08-30 17:35:49,488: Average training loss in epoch 44: -5.24E+00, average grad loss: 6.67E-01
2025-08-30 17:35:50,072: Average training loss in epoch 45: -5.20E+00, average grad loss: 6.51E-01
2025-08-30 17:35:50,640: Average training loss in epoch 46: -5.18E+00, average grad loss: 6.58E-01
2025-08-30 17:35:51,219: Average training loss in epoch 47: -5.18E+00, average grad loss: 6.61E-01
2025-08-30 17:35:51,799: Average training loss in epoch 48: -5.20E+00, average grad loss: 6.61E-01
2025-08-30 17:35:52,417: Average training loss in epoch 49: -5.18E+00, average grad loss: 6.54E-01
2025-08-30 17:35:52,973: Average training loss in epoch 50: -5.28E+00, average grad loss: 6.68E-01
2025-08-30 17:36:00,415: [Epoch 50] PSNR: 27.55
2025-08-30 17:36:00,996: Average training loss in epoch 51: -5.24E+00, average grad loss: 6.44E-01
2025-08-30 17:36:01,570: Average training loss in epoch 52: -5.19E+00, average grad loss: 6.68E-01
2025-08-30 17:36:02,169: Average training loss in epoch 53: -5.27E+00, average grad loss: 6.63E-01
2025-08-30 17:36:02,725: Average training loss in epoch 54: -5.31E+00, average grad loss: 6.62E-01
2025-08-30 17:36:03,333: Average training loss in epoch 55: -5.24E+00, average grad loss: 6.54E-01
2025-08-30 17:36:03,912: Average training loss in epoch 56: -5.27E+00, average grad loss: 6.49E-01
2025-08-30 17:36:04,472: Average training loss in epoch 57: -5.27E+00, average grad loss: 6.61E-01
2025-08-30 17:36:05,058: Average training loss in epoch 58: -5.29E+00, average grad loss: 6.37E-01
2025-08-30 17:36:05,644: Average training loss in epoch 59: -5.26E+00, average grad loss: 6.83E-01
2025-08-30 17:36:06,239: Average training loss in epoch 60: -5.32E+00, average grad loss: 6.53E-01
2025-08-30 17:36:06,799: Average training loss in epoch 61: -5.28E+00, average grad loss: 6.50E-01
2025-08-30 17:36:07,360: Average training loss in epoch 62: -5.26E+00, average grad loss: 6.29E-01
2025-08-30 17:36:07,931: Average training loss in epoch 63: -5.26E+00, average grad loss: 6.45E-01
2025-08-30 17:36:08,491: Average training loss in epoch 64: -5.32E+00, average grad loss: 6.58E-01
2025-08-30 17:36:09,080: Average training loss in epoch 65: -5.31E+00, average grad loss: 6.46E-01
2025-08-30 17:36:09,655: Average training loss in epoch 66: -5.29E+00, average grad loss: 6.67E-01
2025-08-30 17:36:10,228: Average training loss in epoch 67: -5.31E+00, average grad loss: 6.52E-01
2025-08-30 17:36:10,817: Average training loss in epoch 68: -5.27E+00, average grad loss: 6.39E-01
2025-08-30 17:36:11,369: Average training loss in epoch 69: -5.29E+00, average grad loss: 6.44E-01
2025-08-30 17:36:11,969: Average training loss in epoch 70: -5.24E+00, average grad loss: 6.22E-01
2025-08-30 17:36:12,528: Average training loss in epoch 71: -5.32E+00, average grad loss: 6.66E-01
2025-08-30 17:36:13,089: Average training loss in epoch 72: -5.36E+00, average grad loss: 6.44E-01
2025-08-30 17:36:13,649: Average training loss in epoch 73: -5.33E+00, average grad loss: 6.29E-01
2025-08-30 17:36:14,217: Average training loss in epoch 74: -5.34E+00, average grad loss: 6.77E-01
2025-08-30 17:36:14,775: Average training loss in epoch 75: -5.34E+00, average grad loss: 6.48E-01
2025-08-30 17:36:21,750: [Epoch 75] PSNR: 27.85
2025-08-30 17:36:22,328: Average training loss in epoch 76: -5.40E+00, average grad loss: 6.51E-01
2025-08-30 17:36:22,902: Average training loss in epoch 77: -5.31E+00, average grad loss: 6.45E-01
2025-08-30 17:36:23,476: Average training loss in epoch 78: -5.29E+00, average grad loss: 6.35E-01
2025-08-30 17:36:24,065: Average training loss in epoch 79: -5.36E+00, average grad loss: 6.40E-01
2025-08-30 17:36:24,635: Average training loss in epoch 80: -5.39E+00, average grad loss: 6.58E-01
2025-08-30 17:36:25,193: Average training loss in epoch 81: -5.38E+00, average grad loss: 6.61E-01
2025-08-30 17:36:25,796: Average training loss in epoch 82: -5.37E+00, average grad loss: 6.72E-01
2025-08-30 17:36:26,343: Average training loss in epoch 83: -5.39E+00, average grad loss: 6.41E-01
2025-08-30 17:36:26,919: Average training loss in epoch 84: -5.37E+00, average grad loss: 6.60E-01
2025-08-30 17:36:27,478: Average training loss in epoch 85: -5.39E+00, average grad loss: 6.51E-01
2025-08-30 17:36:28,053: Average training loss in epoch 86: -5.36E+00, average grad loss: 6.56E-01
2025-08-30 17:36:28,615: Average training loss in epoch 87: -5.46E+00, average grad loss: 6.64E-01
2025-08-30 17:36:29,210: Average training loss in epoch 88: -5.38E+00, average grad loss: 6.33E-01
2025-08-30 17:36:29,796: Average training loss in epoch 89: -5.38E+00, average grad loss: 6.76E-01
2025-08-30 17:36:30,378: Average training loss in epoch 90: -5.37E+00, average grad loss: 6.35E-01
2025-08-30 17:36:30,948: Average training loss in epoch 91: -5.40E+00, average grad loss: 6.37E-01
2025-08-30 17:36:31,525: Average training loss in epoch 92: -5.42E+00, average grad loss: 6.74E-01
2025-08-30 17:36:32,150: Average training loss in epoch 93: -5.38E+00, average grad loss: 6.52E-01
2025-08-30 17:36:32,739: Average training loss in epoch 94: -5.36E+00, average grad loss: 6.43E-01
2025-08-30 17:36:33,306: Average training loss in epoch 95: -5.44E+00, average grad loss: 6.44E-01
2025-08-30 17:36:33,899: Average training loss in epoch 96: -5.29E+00, average grad loss: 6.33E-01
2025-08-30 17:36:34,462: Average training loss in epoch 97: -5.37E+00, average grad loss: 6.58E-01
2025-08-30 17:36:35,058: Average training loss in epoch 98: -5.32E+00, average grad loss: 6.22E-01
2025-08-30 17:36:35,635: Average training loss in epoch 99: -5.37E+00, average grad loss: 6.31E-01
2025-08-30 17:36:36,221: Average training loss in epoch 100: -5.45E+00, average grad loss: 6.58E-01
2025-08-30 17:36:43,401: [Epoch 100] PSNR: 28.01
2025-08-30 17:36:43,978: Average training loss in epoch 101: -5.38E+00, average grad loss: 6.35E-01
2025-08-30 17:36:44,554: Average training loss in epoch 102: -5.36E+00, average grad loss: 6.51E-01
2025-08-30 17:36:45,135: Average training loss in epoch 103: -5.38E+00, average grad loss: 6.18E-01
2025-08-30 17:36:45,716: Average training loss in epoch 104: -5.33E+00, average grad loss: 6.53E-01
2025-08-30 17:36:46,301: Average training loss in epoch 105: -5.42E+00, average grad loss: 6.41E-01
2025-08-30 17:36:46,887: Average training loss in epoch 106: -5.40E+00, average grad loss: 6.48E-01
2025-08-30 17:36:47,475: Average training loss in epoch 107: -5.40E+00, average grad loss: 6.52E-01
2025-08-30 17:36:48,037: Average training loss in epoch 108: -5.39E+00, average grad loss: 6.46E-01
2025-08-30 17:36:48,628: Average training loss in epoch 109: -5.32E+00, average grad loss: 6.28E-01
2025-08-30 17:36:49,205: Average training loss in epoch 110: -5.42E+00, average grad loss: 6.42E-01
2025-08-30 17:36:49,797: Average training loss in epoch 111: -5.44E+00, average grad loss: 6.38E-01
2025-08-30 17:36:50,382: Average training loss in epoch 112: -5.33E+00, average grad loss: 6.24E-01
2025-08-30 17:36:50,948: Average training loss in epoch 113: -5.34E+00, average grad loss: 6.44E-01
2025-08-30 17:36:51,519: Average training loss in epoch 114: -5.43E+00, average grad loss: 6.76E-01
2025-08-30 17:36:52,113: Average training loss in epoch 115: -5.47E+00, average grad loss: 6.41E-01
2025-08-30 17:36:52,711: Average training loss in epoch 116: -5.39E+00, average grad loss: 6.50E-01
2025-08-30 17:36:53,292: Average training loss in epoch 117: -5.40E+00, average grad loss: 6.26E-01
2025-08-30 17:36:53,879: Average training loss in epoch 118: -5.45E+00, average grad loss: 6.57E-01
2025-08-30 17:36:54,458: Average training loss in epoch 119: -5.41E+00, average grad loss: 6.48E-01
2025-08-30 17:36:55,022: Average training loss in epoch 120: -5.45E+00, average grad loss: 6.49E-01
2025-08-30 17:36:55,604: Average training loss in epoch 121: -5.44E+00, average grad loss: 6.57E-01
2025-08-30 17:36:56,195: Average training loss in epoch 122: -5.41E+00, average grad loss: 6.44E-01
2025-08-30 17:36:56,782: Average training loss in epoch 123: -5.41E+00, average grad loss: 6.49E-01
2025-08-30 17:36:57,348: Average training loss in epoch 124: -5.40E+00, average grad loss: 6.31E-01
2025-08-30 17:36:57,920: Average training loss in epoch 125: -5.40E+00, average grad loss: 6.43E-01
2025-08-30 17:37:05,028: [Epoch 125] PSNR: 28.09
2025-08-30 17:37:05,607: Average training loss in epoch 126: -5.50E+00, average grad loss: 6.53E-01
2025-08-30 17:37:06,179: Average training loss in epoch 127: -5.40E+00, average grad loss: 6.31E-01
2025-08-30 17:37:06,755: Average training loss in epoch 128: -5.39E+00, average grad loss: 6.35E-01
2025-08-30 17:37:07,342: Average training loss in epoch 129: -5.45E+00, average grad loss: 6.69E-01
2025-08-30 17:37:07,924: Average training loss in epoch 130: -5.47E+00, average grad loss: 6.40E-01
2025-08-30 17:37:08,489: Average training loss in epoch 131: -5.43E+00, average grad loss: 6.70E-01
2025-08-30 17:37:09,041: Average training loss in epoch 132: -5.39E+00, average grad loss: 6.52E-01
2025-08-30 17:37:09,613: Average training loss in epoch 133: -5.39E+00, average grad loss: 6.54E-01
2025-08-30 17:37:10,200: Average training loss in epoch 134: -5.41E+00, average grad loss: 6.45E-01
2025-08-30 17:37:10,782: Average training loss in epoch 135: -5.41E+00, average grad loss: 6.33E-01
2025-08-30 17:37:11,352: Average training loss in epoch 136: -5.44E+00, average grad loss: 6.48E-01
2025-08-30 17:37:11,941: Average training loss in epoch 137: -5.39E+00, average grad loss: 6.51E-01
2025-08-30 17:37:12,526: Average training loss in epoch 138: -5.44E+00, average grad loss: 6.44E-01
2025-08-30 17:37:13,098: Average training loss in epoch 139: -5.40E+00, average grad loss: 6.27E-01
2025-08-30 17:37:13,679: Average training loss in epoch 140: -5.41E+00, average grad loss: 6.50E-01
2025-08-30 17:37:14,273: Average training loss in epoch 141: -5.47E+00, average grad loss: 6.47E-01
2025-08-30 17:37:14,850: Average training loss in epoch 142: -5.38E+00, average grad loss: 6.39E-01
2025-08-30 17:37:15,421: Average training loss in epoch 143: -5.48E+00, average grad loss: 6.50E-01
2025-08-30 17:37:16,004: Average training loss in epoch 144: -5.35E+00, average grad loss: 6.28E-01
2025-08-30 17:37:16,569: Average training loss in epoch 145: -5.42E+00, average grad loss: 6.48E-01
2025-08-30 17:37:17,138: Average training loss in epoch 146: -5.46E+00, average grad loss: 6.58E-01
2025-08-30 17:37:17,724: Average training loss in epoch 147: -5.46E+00, average grad loss: 6.65E-01
2025-08-30 17:37:18,334: Average training loss in epoch 148: -5.43E+00, average grad loss: 6.33E-01
2025-08-30 17:37:18,921: Average training loss in epoch 149: -5.43E+00, average grad loss: 6.58E-01
2025-08-30 17:37:19,502: Average training loss in epoch 150: -5.37E+00, average grad loss: 6.22E-01
2025-08-30 17:37:26,448: [Epoch 150] PSNR: 28.06
2025-08-30 17:37:27,034: Average training loss in epoch 151: -5.40E+00, average grad loss: 6.38E-01
2025-08-30 17:37:27,606: Average training loss in epoch 152: -5.45E+00, average grad loss: 6.44E-01
2025-08-30 17:37:28,218: Average training loss in epoch 153: -5.45E+00, average grad loss: 6.46E-01
2025-08-30 17:37:28,843: Average training loss in epoch 154: -5.40E+00, average grad loss: 6.55E-01
2025-08-30 17:37:29,438: Average training loss in epoch 155: -5.45E+00, average grad loss: 6.54E-01
2025-08-30 17:37:30,014: Average training loss in epoch 156: -5.40E+00, average grad loss: 6.26E-01
2025-08-30 17:37:30,596: Average training loss in epoch 157: -5.44E+00, average grad loss: 6.57E-01
2025-08-30 17:37:31,176: Average training loss in epoch 158: -5.45E+00, average grad loss: 6.27E-01
2025-08-30 17:37:31,752: Average training loss in epoch 159: -5.44E+00, average grad loss: 6.47E-01
2025-08-30 17:37:32,389: Average training loss in epoch 160: -5.47E+00, average grad loss: 6.51E-01
2025-08-30 17:37:33,002: Average training loss in epoch 161: -5.42E+00, average grad loss: 6.38E-01
2025-08-30 17:37:33,589: Average training loss in epoch 162: -5.47E+00, average grad loss: 6.66E-01
2025-08-30 17:37:34,151: Average training loss in epoch 163: -5.42E+00, average grad loss: 6.64E-01
2025-08-30 17:37:34,728: Average training loss in epoch 164: -5.38E+00, average grad loss: 6.15E-01
2025-08-30 17:37:35,306: Average training loss in epoch 165: -5.40E+00, average grad loss: 6.40E-01
2025-08-30 17:37:35,889: Average training loss in epoch 166: -5.37E+00, average grad loss: 6.50E-01
2025-08-30 17:37:36,458: Average training loss in epoch 167: -5.47E+00, average grad loss: 6.46E-01
2025-08-30 17:37:37,035: Average training loss in epoch 168: -5.45E+00, average grad loss: 6.30E-01
2025-08-30 17:37:37,615: Average training loss in epoch 169: -5.48E+00, average grad loss: 6.73E-01
2025-08-30 17:37:38,191: Average training loss in epoch 170: -5.37E+00, average grad loss: 6.29E-01
2025-08-30 17:37:38,775: Average training loss in epoch 171: -5.40E+00, average grad loss: 6.36E-01
2025-08-30 17:37:39,362: Average training loss in epoch 172: -5.38E+00, average grad loss: 6.38E-01
2025-08-30 17:37:39,941: Average training loss in epoch 173: -5.41E+00, average grad loss: 6.41E-01
2025-08-30 17:37:40,518: Average training loss in epoch 174: -5.42E+00, average grad loss: 6.33E-01
2025-08-30 17:37:41,119: Average training loss in epoch 175: -5.43E+00, average grad loss: 6.47E-01
2025-08-30 17:37:48,912: [Epoch 175] PSNR: 28.20
2025-08-30 17:37:49,490: Average training loss in epoch 176: -5.44E+00, average grad loss: 6.35E-01
2025-08-30 17:37:50,053: Average training loss in epoch 177: -5.41E+00, average grad loss: 6.38E-01
2025-08-30 17:37:50,621: Average training loss in epoch 178: -5.53E+00, average grad loss: 6.56E-01
2025-08-30 17:37:51,204: Average training loss in epoch 179: -5.43E+00, average grad loss: 6.48E-01
2025-08-30 17:37:51,778: Average training loss in epoch 180: -5.46E+00, average grad loss: 6.41E-01
2025-08-30 17:37:52,383: Average training loss in epoch 181: -5.45E+00, average grad loss: 6.49E-01
2025-08-30 17:37:52,958: Average training loss in epoch 182: -5.45E+00, average grad loss: 6.49E-01
2025-08-30 17:37:53,554: Average training loss in epoch 183: -5.46E+00, average grad loss: 6.43E-01
2025-08-30 17:37:54,144: Average training loss in epoch 184: -5.45E+00, average grad loss: 6.50E-01
2025-08-30 17:37:54,729: Average training loss in epoch 185: -5.48E+00, average grad loss: 6.58E-01
2025-08-30 17:37:55,306: Average training loss in epoch 186: -5.47E+00, average grad loss: 6.44E-01
2025-08-30 17:37:55,870: Average training loss in epoch 187: -5.43E+00, average grad loss: 6.50E-01
2025-08-30 17:37:56,439: Average training loss in epoch 188: -5.47E+00, average grad loss: 6.54E-01
2025-08-30 17:37:57,027: Average training loss in epoch 189: -5.47E+00, average grad loss: 6.58E-01
2025-08-30 17:37:57,594: Average training loss in epoch 190: -5.45E+00, average grad loss: 6.50E-01
2025-08-30 17:37:58,174: Average training loss in epoch 191: -5.45E+00, average grad loss: 6.41E-01
2025-08-30 17:37:58,752: Average training loss in epoch 192: -5.45E+00, average grad loss: 6.42E-01
2025-08-30 17:37:59,327: Average training loss in epoch 193: -5.49E+00, average grad loss: 6.58E-01
2025-08-30 17:37:59,904: Average training loss in epoch 194: -5.37E+00, average grad loss: 6.48E-01
2025-08-30 17:38:00,465: Average training loss in epoch 195: -5.37E+00, average grad loss: 6.49E-01
2025-08-30 17:38:01,033: Average training loss in epoch 196: -5.43E+00, average grad loss: 6.48E-01
2025-08-30 17:38:01,610: Average training loss in epoch 197: -5.45E+00, average grad loss: 6.55E-01
2025-08-30 17:38:02,195: Average training loss in epoch 198: -5.40E+00, average grad loss: 6.43E-01
2025-08-30 17:38:02,782: Average training loss in epoch 199: -5.52E+00, average grad loss: 6.58E-01
2025-08-30 17:38:03,385: Average training loss in epoch 200: -5.40E+00, average grad loss: 6.44E-01
2025-08-30 17:38:10,850: [Epoch 200] PSNR: 28.08
2025-08-30 17:38:11,460: Average training loss in epoch 201: -5.43E+00, average grad loss: 6.43E-01
2025-08-30 17:38:12,055: Average training loss in epoch 202: -5.49E+00, average grad loss: 6.58E-01
2025-08-30 17:38:12,701: Average training loss in epoch 203: -5.43E+00, average grad loss: 6.59E-01
2025-08-30 17:38:13,325: Average training loss in epoch 204: -5.46E+00, average grad loss: 6.43E-01
2025-08-30 17:38:13,902: Average training loss in epoch 205: -5.44E+00, average grad loss: 6.36E-01
2025-08-30 17:38:14,482: Average training loss in epoch 206: -5.45E+00, average grad loss: 6.36E-01
2025-08-30 17:38:15,032: Average training loss in epoch 207: -5.46E+00, average grad loss: 6.38E-01
2025-08-30 17:38:15,595: Average training loss in epoch 208: -5.43E+00, average grad loss: 6.38E-01
2025-08-30 17:38:16,164: Average training loss in epoch 209: -5.42E+00, average grad loss: 6.43E-01
2025-08-30 17:38:16,727: Average training loss in epoch 210: -5.48E+00, average grad loss: 6.60E-01
2025-08-30 17:38:17,292: Average training loss in epoch 211: -5.46E+00, average grad loss: 6.45E-01
2025-08-30 17:38:17,871: Average training loss in epoch 212: -5.46E+00, average grad loss: 6.39E-01
2025-08-30 17:38:18,464: Average training loss in epoch 213: -5.52E+00, average grad loss: 6.64E-01
2025-08-30 17:38:19,061: Average training loss in epoch 214: -5.42E+00, average grad loss: 6.44E-01
2025-08-30 17:38:19,633: Average training loss in epoch 215: -5.45E+00, average grad loss: 6.41E-01
2025-08-30 17:38:20,225: Average training loss in epoch 216: -5.42E+00, average grad loss: 6.38E-01
2025-08-30 17:38:20,837: Average training loss in epoch 217: -5.41E+00, average grad loss: 6.50E-01
2025-08-30 17:38:21,410: Average training loss in epoch 218: -5.37E+00, average grad loss: 6.26E-01
2025-08-30 17:38:22,014: Average training loss in epoch 219: -5.40E+00, average grad loss: 6.33E-01
2025-08-30 17:38:22,578: Average training loss in epoch 220: -5.45E+00, average grad loss: 6.55E-01
2025-08-30 17:38:23,158: Average training loss in epoch 221: -5.51E+00, average grad loss: 6.42E-01
2025-08-30 17:38:23,726: Average training loss in epoch 222: -5.50E+00, average grad loss: 6.49E-01
2025-08-30 17:38:24,293: Average training loss in epoch 223: -5.45E+00, average grad loss: 6.54E-01
2025-08-30 17:38:24,878: Average training loss in epoch 224: -5.42E+00, average grad loss: 6.33E-01
2025-08-30 17:38:25,458: Average training loss in epoch 225: -5.44E+00, average grad loss: 6.38E-01
2025-08-30 17:38:32,854: [Epoch 225] PSNR: 28.14
2025-08-30 17:38:33,462: Average training loss in epoch 226: -5.45E+00, average grad loss: 6.56E-01
2025-08-30 17:38:34,076: Average training loss in epoch 227: -5.45E+00, average grad loss: 6.29E-01
2025-08-30 17:38:34,669: Average training loss in epoch 228: -5.46E+00, average grad loss: 6.52E-01
2025-08-30 17:38:35,266: Average training loss in epoch 229: -5.43E+00, average grad loss: 6.54E-01
2025-08-30 17:38:35,860: Average training loss in epoch 230: -5.49E+00, average grad loss: 6.56E-01
2025-08-30 17:38:36,425: Average training loss in epoch 231: -5.54E+00, average grad loss: 6.54E-01
2025-08-30 17:38:37,025: Average training loss in epoch 232: -5.43E+00, average grad loss: 6.41E-01
2025-08-30 17:38:37,611: Average training loss in epoch 233: -5.45E+00, average grad loss: 6.65E-01
2025-08-30 17:38:38,165: Average training loss in epoch 234: -5.46E+00, average grad loss: 6.48E-01
2025-08-30 17:38:38,721: Average training loss in epoch 235: -5.45E+00, average grad loss: 6.34E-01
2025-08-30 17:38:39,277: Average training loss in epoch 236: -5.43E+00, average grad loss: 6.28E-01
2025-08-30 17:38:39,869: Average training loss in epoch 237: -5.49E+00, average grad loss: 6.47E-01
2025-08-30 17:38:40,442: Average training loss in epoch 238: -5.42E+00, average grad loss: 6.41E-01
2025-08-30 17:38:41,175: Average training loss in epoch 239: -5.42E+00, average grad loss: 6.36E-01
2025-08-30 17:38:41,757: Average training loss in epoch 240: -5.39E+00, average grad loss: 6.28E-01
2025-08-30 17:38:42,333: Average training loss in epoch 241: -5.50E+00, average grad loss: 6.64E-01
2025-08-30 17:38:42,931: Average training loss in epoch 242: -5.50E+00, average grad loss: 6.57E-01
2025-08-30 17:38:43,545: Average training loss in epoch 243: -5.51E+00, average grad loss: 6.58E-01
2025-08-30 17:38:44,147: Average training loss in epoch 244: -5.40E+00, average grad loss: 6.30E-01
2025-08-30 17:38:44,719: Average training loss in epoch 245: -5.47E+00, average grad loss: 6.61E-01
2025-08-30 17:38:45,293: Average training loss in epoch 246: -5.48E+00, average grad loss: 6.53E-01
2025-08-30 17:38:45,902: Average training loss in epoch 247: -5.41E+00, average grad loss: 6.25E-01
2025-08-30 17:38:46,476: Average training loss in epoch 248: -5.48E+00, average grad loss: 6.95E-01
2025-08-30 17:38:47,056: Average training loss in epoch 249: -5.45E+00, average grad loss: 6.54E-01
2025-08-30 17:38:47,634: Average training loss in epoch 250: -5.42E+00, average grad loss: 6.46E-01
2025-08-30 17:38:55,440: [Epoch 250] PSNR: 28.16
2025-08-30 17:38:56,045: Average training loss in epoch 251: -5.48E+00, average grad loss: 6.41E-01
2025-08-30 17:38:56,632: Average training loss in epoch 252: -5.42E+00, average grad loss: 6.23E-01
2025-08-30 17:38:57,200: Average training loss in epoch 253: -5.46E+00, average grad loss: 6.49E-01
2025-08-30 17:38:57,786: Average training loss in epoch 254: -5.46E+00, average grad loss: 6.50E-01
2025-08-30 17:38:58,359: Average training loss in epoch 255: -5.49E+00, average grad loss: 6.51E-01
2025-08-30 17:38:58,934: Average training loss in epoch 256: -5.50E+00, average grad loss: 6.50E-01
2025-08-30 17:38:59,505: Average training loss in epoch 257: -5.42E+00, average grad loss: 6.37E-01
2025-08-30 17:39:00,071: Average training loss in epoch 258: -5.46E+00, average grad loss: 6.27E-01
2025-08-30 17:39:00,627: Average training loss in epoch 259: -5.42E+00, average grad loss: 6.59E-01
2025-08-30 17:39:01,196: Average training loss in epoch 260: -5.47E+00, average grad loss: 6.54E-01
2025-08-30 17:39:01,795: Average training loss in epoch 261: -5.41E+00, average grad loss: 6.30E-01
2025-08-30 17:39:02,356: Average training loss in epoch 262: -5.41E+00, average grad loss: 6.47E-01
2025-08-30 17:39:02,959: Average training loss in epoch 263: -5.50E+00, average grad loss: 6.26E-01
2025-08-30 17:39:03,561: Average training loss in epoch 264: -5.53E+00, average grad loss: 6.51E-01
2025-08-30 17:39:04,125: Average training loss in epoch 265: -5.46E+00, average grad loss: 6.45E-01
2025-08-30 17:39:04,725: Average training loss in epoch 266: -5.53E+00, average grad loss: 6.48E-01
2025-08-30 17:39:05,292: Average training loss in epoch 267: -5.51E+00, average grad loss: 6.37E-01
2025-08-30 17:39:05,861: Average training loss in epoch 268: -5.48E+00, average grad loss: 6.68E-01
2025-08-30 17:39:06,509: Average training loss in epoch 269: -5.47E+00, average grad loss: 6.59E-01
2025-08-30 17:39:07,114: Average training loss in epoch 270: -5.53E+00, average grad loss: 6.60E-01
2025-08-30 17:39:07,708: Average training loss in epoch 271: -5.48E+00, average grad loss: 6.65E-01
2025-08-30 17:39:08,278: Average training loss in epoch 272: -5.49E+00, average grad loss: 6.35E-01
2025-08-30 17:39:08,866: Average training loss in epoch 273: -5.47E+00, average grad loss: 6.51E-01
2025-08-30 17:39:09,447: Average training loss in epoch 274: -5.39E+00, average grad loss: 6.36E-01
2025-08-30 17:39:10,034: Average training loss in epoch 275: -5.40E+00, average grad loss: 6.24E-01
2025-08-30 17:39:17,783: [Epoch 275] PSNR: 28.18
2025-08-30 17:39:18,357: Average training loss in epoch 276: -5.49E+00, average grad loss: 6.49E-01
2025-08-30 17:39:18,928: Average training loss in epoch 277: -5.50E+00, average grad loss: 6.39E-01
2025-08-30 17:39:19,499: Average training loss in epoch 278: -5.51E+00, average grad loss: 6.49E-01
2025-08-30 17:39:20,095: Average training loss in epoch 279: -5.47E+00, average grad loss: 6.46E-01
2025-08-30 17:39:20,667: Average training loss in epoch 280: -5.47E+00, average grad loss: 6.58E-01
2025-08-30 17:39:21,242: Average training loss in epoch 281: -5.47E+00, average grad loss: 6.29E-01
2025-08-30 17:39:21,821: Average training loss in epoch 282: -5.47E+00, average grad loss: 6.57E-01
2025-08-30 17:39:22,421: Average training loss in epoch 283: -5.46E+00, average grad loss: 6.48E-01
2025-08-30 17:39:22,988: Average training loss in epoch 284: -5.44E+00, average grad loss: 6.31E-01
2025-08-30 17:39:23,548: Average training loss in epoch 285: -5.43E+00, average grad loss: 6.38E-01
2025-08-30 17:39:24,132: Average training loss in epoch 286: -5.49E+00, average grad loss: 6.44E-01
2025-08-30 17:39:24,695: Average training loss in epoch 287: -5.43E+00, average grad loss: 6.36E-01
2025-08-30 17:39:25,280: Average training loss in epoch 288: -5.44E+00, average grad loss: 6.49E-01
2025-08-30 17:39:25,893: Average training loss in epoch 289: -5.47E+00, average grad loss: 6.34E-01
2025-08-30 17:39:26,493: Average training loss in epoch 290: -5.53E+00, average grad loss: 6.65E-01
2025-08-30 17:39:27,102: Average training loss in epoch 291: -5.48E+00, average grad loss: 6.71E-01
2025-08-30 17:39:27,685: Average training loss in epoch 292: -5.44E+00, average grad loss: 6.36E-01
2025-08-30 17:39:28,265: Average training loss in epoch 293: -5.49E+00, average grad loss: 6.29E-01
2025-08-30 17:39:28,838: Average training loss in epoch 294: -5.46E+00, average grad loss: 6.63E-01
2025-08-30 17:39:29,417: Average training loss in epoch 295: -5.41E+00, average grad loss: 6.14E-01
2025-08-30 17:39:29,994: Average training loss in epoch 296: -5.40E+00, average grad loss: 6.39E-01
2025-08-30 17:39:30,579: Average training loss in epoch 297: -5.44E+00, average grad loss: 6.53E-01
2025-08-30 17:39:31,168: Average training loss in epoch 298: -5.48E+00, average grad loss: 6.58E-01
2025-08-30 17:39:31,785: Average training loss in epoch 299: -5.47E+00, average grad loss: 6.68E-01
2025-08-30 17:39:32,397: Average training loss in epoch 300: -5.49E+00, average grad loss: 6.54E-01
2025-08-30 17:39:39,855: [Epoch 300] PSNR: 28.17
2025-08-30 17:39:40,423: Average training loss in epoch 301: -5.49E+00, average grad loss: 6.33E-01
2025-08-30 17:39:41,021: Average training loss in epoch 302: -5.42E+00, average grad loss: 6.43E-01
2025-08-30 17:39:41,589: Average training loss in epoch 303: -5.46E+00, average grad loss: 6.37E-01
2025-08-30 17:39:42,172: Average training loss in epoch 304: -5.44E+00, average grad loss: 6.40E-01
2025-08-30 17:39:42,729: Average training loss in epoch 305: -5.42E+00, average grad loss: 6.52E-01
2025-08-30 17:39:43,301: Average training loss in epoch 306: -5.46E+00, average grad loss: 6.44E-01
2025-08-30 17:39:43,858: Average training loss in epoch 307: -5.48E+00, average grad loss: 6.33E-01
2025-08-30 17:39:44,417: Average training loss in epoch 308: -5.50E+00, average grad loss: 6.49E-01
2025-08-30 17:39:45,025: Average training loss in epoch 309: -5.56E+00, average grad loss: 6.62E-01
2025-08-30 17:39:45,591: Average training loss in epoch 310: -5.50E+00, average grad loss: 6.56E-01
2025-08-30 17:39:46,167: Average training loss in epoch 311: -5.51E+00, average grad loss: 6.39E-01
2025-08-30 17:39:46,742: Average training loss in epoch 312: -5.49E+00, average grad loss: 6.52E-01
2025-08-30 17:39:47,303: Average training loss in epoch 313: -5.49E+00, average grad loss: 6.41E-01
2025-08-30 17:39:47,871: Average training loss in epoch 314: -5.46E+00, average grad loss: 6.40E-01
2025-08-30 17:39:48,448: Average training loss in epoch 315: -5.46E+00, average grad loss: 6.45E-01
2025-08-30 17:39:49,019: Average training loss in epoch 316: -5.53E+00, average grad loss: 6.50E-01
2025-08-30 17:39:49,569: Average training loss in epoch 317: -5.48E+00, average grad loss: 6.47E-01
2025-08-30 17:39:50,152: Average training loss in epoch 318: -5.42E+00, average grad loss: 6.34E-01
2025-08-30 17:39:50,722: Average training loss in epoch 319: -5.47E+00, average grad loss: 6.59E-01
2025-08-30 17:39:51,314: Average training loss in epoch 320: -5.48E+00, average grad loss: 6.48E-01
2025-08-30 17:39:51,888: Average training loss in epoch 321: -5.47E+00, average grad loss: 6.38E-01
2025-08-30 17:39:52,466: Average training loss in epoch 322: -5.47E+00, average grad loss: 6.35E-01
2025-08-30 17:39:53,031: Average training loss in epoch 323: -5.46E+00, average grad loss: 6.41E-01
2025-08-30 17:39:53,586: Average training loss in epoch 324: -5.51E+00, average grad loss: 6.51E-01
2025-08-30 17:39:54,169: Average training loss in epoch 325: -5.50E+00, average grad loss: 6.46E-01
2025-08-30 17:40:01,833: [Epoch 325] PSNR: 28.19
2025-08-30 17:40:02,440: Average training loss in epoch 326: -5.50E+00, average grad loss: 6.48E-01
2025-08-30 17:40:03,038: Average training loss in epoch 327: -5.47E+00, average grad loss: 6.37E-01
2025-08-30 17:40:03,608: Average training loss in epoch 328: -5.41E+00, average grad loss: 6.30E-01
2025-08-30 17:40:04,170: Average training loss in epoch 329: -5.46E+00, average grad loss: 6.40E-01
2025-08-30 17:40:04,746: Average training loss in epoch 330: -5.48E+00, average grad loss: 6.43E-01
2025-08-30 17:40:05,309: Average training loss in epoch 331: -5.48E+00, average grad loss: 6.36E-01
2025-08-30 17:40:05,913: Average training loss in epoch 332: -5.47E+00, average grad loss: 6.50E-01
2025-08-30 17:40:06,495: Average training loss in epoch 333: -5.47E+00, average grad loss: 6.33E-01
2025-08-30 17:40:07,078: Average training loss in epoch 334: -5.52E+00, average grad loss: 6.45E-01
2025-08-30 17:40:07,681: Average training loss in epoch 335: -5.52E+00, average grad loss: 6.57E-01
2025-08-30 17:40:08,277: Average training loss in epoch 336: -5.57E+00, average grad loss: 6.71E-01
2025-08-30 17:40:08,837: Average training loss in epoch 337: -5.43E+00, average grad loss: 6.43E-01
2025-08-30 17:40:09,433: Average training loss in epoch 338: -5.49E+00, average grad loss: 6.38E-01
2025-08-30 17:40:10,017: Average training loss in epoch 339: -5.49E+00, average grad loss: 6.31E-01
2025-08-30 17:40:10,589: Average training loss in epoch 340: -5.50E+00, average grad loss: 6.55E-01
2025-08-30 17:40:11,150: Average training loss in epoch 341: -5.44E+00, average grad loss: 6.49E-01
2025-08-30 17:40:11,733: Average training loss in epoch 342: -5.49E+00, average grad loss: 6.37E-01
2025-08-30 17:40:12,338: Average training loss in epoch 343: -5.41E+00, average grad loss: 6.38E-01
2025-08-30 17:40:12,925: Average training loss in epoch 344: -5.45E+00, average grad loss: 6.36E-01
2025-08-30 17:40:13,500: Average training loss in epoch 345: -5.46E+00, average grad loss: 6.52E-01
2025-08-30 17:40:14,061: Average training loss in epoch 346: -5.50E+00, average grad loss: 6.46E-01
2025-08-30 17:40:14,672: Average training loss in epoch 347: -5.49E+00, average grad loss: 6.39E-01
2025-08-30 17:40:15,237: Average training loss in epoch 348: -5.46E+00, average grad loss: 6.39E-01
2025-08-30 17:40:15,794: Average training loss in epoch 349: -5.48E+00, average grad loss: 6.34E-01
2025-08-30 17:40:16,343: Average training loss in epoch 350: -5.47E+00, average grad loss: 6.48E-01
2025-08-30 17:40:23,763: [Epoch 350] PSNR: 28.16
2025-08-30 17:40:24,384: Average training loss in epoch 351: -5.49E+00, average grad loss: 6.41E-01
2025-08-30 17:40:24,967: Average training loss in epoch 352: -5.50E+00, average grad loss: 6.46E-01
2025-08-30 17:40:25,541: Average training loss in epoch 353: -5.50E+00, average grad loss: 6.51E-01
2025-08-30 17:40:26,132: Average training loss in epoch 354: -5.47E+00, average grad loss: 6.46E-01
2025-08-30 17:40:26,709: Average training loss in epoch 355: -5.43E+00, average grad loss: 6.27E-01
2025-08-30 17:40:27,282: Average training loss in epoch 356: -5.47E+00, average grad loss: 6.36E-01
2025-08-30 17:40:27,865: Average training loss in epoch 357: -5.55E+00, average grad loss: 6.52E-01
2025-08-30 17:40:28,424: Average training loss in epoch 358: -5.47E+00, average grad loss: 6.57E-01
2025-08-30 17:40:29,019: Average training loss in epoch 359: -5.48E+00, average grad loss: 6.30E-01
2025-08-30 17:40:29,579: Average training loss in epoch 360: -5.50E+00, average grad loss: 6.34E-01
2025-08-30 17:40:30,155: Average training loss in epoch 361: -5.48E+00, average grad loss: 6.46E-01
2025-08-30 17:40:30,731: Average training loss in epoch 362: -5.50E+00, average grad loss: 6.49E-01
2025-08-30 17:40:31,327: Average training loss in epoch 363: -5.45E+00, average grad loss: 6.29E-01
2025-08-30 17:40:31,935: Average training loss in epoch 364: -5.51E+00, average grad loss: 6.47E-01
2025-08-30 17:40:32,525: Average training loss in epoch 365: -5.53E+00, average grad loss: 6.43E-01
2025-08-30 17:40:33,099: Average training loss in epoch 366: -5.50E+00, average grad loss: 6.53E-01
2025-08-30 17:40:33,656: Average training loss in epoch 367: -5.46E+00, average grad loss: 6.33E-01
2025-08-30 17:40:34,262: Average training loss in epoch 368: -5.45E+00, average grad loss: 6.24E-01
2025-08-30 17:40:34,837: Average training loss in epoch 369: -5.44E+00, average grad loss: 6.30E-01
2025-08-30 17:40:35,425: Average training loss in epoch 370: -5.55E+00, average grad loss: 6.58E-01
2025-08-30 17:40:36,002: Average training loss in epoch 371: -5.48E+00, average grad loss: 6.37E-01
2025-08-30 17:40:36,569: Average training loss in epoch 372: -5.50E+00, average grad loss: 6.61E-01
2025-08-30 17:40:37,140: Average training loss in epoch 373: -5.53E+00, average grad loss: 6.46E-01
2025-08-30 17:40:37,706: Average training loss in epoch 374: -5.50E+00, average grad loss: 6.51E-01
2025-08-30 17:40:38,294: Average training loss in epoch 375: -5.45E+00, average grad loss: 6.24E-01
2025-08-30 17:40:45,969: [Epoch 375] PSNR: 28.20
2025-08-30 17:40:46,529: Average training loss in epoch 376: -5.52E+00, average grad loss: 6.48E-01
2025-08-30 17:40:47,100: Average training loss in epoch 377: -5.48E+00, average grad loss: 6.42E-01
2025-08-30 17:40:47,711: Average training loss in epoch 378: -5.53E+00, average grad loss: 6.47E-01
2025-08-30 17:40:48,287: Average training loss in epoch 379: -5.52E+00, average grad loss: 6.44E-01
2025-08-30 17:40:48,861: Average training loss in epoch 380: -5.46E+00, average grad loss: 6.30E-01
2025-08-30 17:40:49,451: Average training loss in epoch 381: -5.54E+00, average grad loss: 6.43E-01
2025-08-30 17:40:50,043: Average training loss in epoch 382: -5.52E+00, average grad loss: 6.38E-01
2025-08-30 17:40:50,626: Average training loss in epoch 383: -5.43E+00, average grad loss: 6.34E-01
2025-08-30 17:40:51,206: Average training loss in epoch 384: -5.51E+00, average grad loss: 6.48E-01
2025-08-30 17:40:51,798: Average training loss in epoch 385: -5.44E+00, average grad loss: 6.31E-01
2025-08-30 17:40:52,408: Average training loss in epoch 386: -5.49E+00, average grad loss: 6.31E-01
2025-08-30 17:40:52,985: Average training loss in epoch 387: -5.50E+00, average grad loss: 6.58E-01
2025-08-30 17:40:53,568: Average training loss in epoch 388: -5.55E+00, average grad loss: 6.51E-01
2025-08-30 17:40:54,163: Average training loss in epoch 389: -5.46E+00, average grad loss: 6.36E-01
2025-08-30 17:40:54,739: Average training loss in epoch 390: -5.44E+00, average grad loss: 6.23E-01
2025-08-30 17:40:55,304: Average training loss in epoch 391: -5.46E+00, average grad loss: 6.39E-01
2025-08-30 17:40:55,899: Average training loss in epoch 392: -5.45E+00, average grad loss: 6.25E-01
2025-08-30 17:40:56,490: Average training loss in epoch 393: -5.49E+00, average grad loss: 6.41E-01
2025-08-30 17:40:57,059: Average training loss in epoch 394: -5.54E+00, average grad loss: 6.50E-01
2025-08-30 17:40:57,623: Average training loss in epoch 395: -5.48E+00, average grad loss: 6.22E-01
2025-08-30 17:40:58,219: Average training loss in epoch 396: -5.53E+00, average grad loss: 6.75E-01
2025-08-30 17:40:58,819: Average training loss in epoch 397: -5.44E+00, average grad loss: 6.13E-01
2025-08-30 17:40:59,390: Average training loss in epoch 398: -5.46E+00, average grad loss: 6.44E-01
2025-08-30 17:40:59,992: Average training loss in epoch 399: -5.53E+00, average grad loss: 6.43E-01
2025-08-30 17:41:00,603: Average training loss in epoch 400: -5.52E+00, average grad loss: 6.59E-01
2025-08-30 17:41:08,726: [Epoch 400] PSNR: 28.26
2025-08-30 17:41:09,287: Average training loss in epoch 401: -5.45E+00, average grad loss: 6.35E-01
2025-08-30 17:41:09,844: Average training loss in epoch 402: -5.53E+00, average grad loss: 6.41E-01
2025-08-30 17:41:10,426: Average training loss in epoch 403: -5.53E+00, average grad loss: 6.49E-01
2025-08-30 17:41:11,032: Average training loss in epoch 404: -5.52E+00, average grad loss: 6.61E-01
2025-08-30 17:41:11,612: Average training loss in epoch 405: -5.48E+00, average grad loss: 6.37E-01
2025-08-30 17:41:12,218: Average training loss in epoch 406: -5.49E+00, average grad loss: 6.42E-01
2025-08-30 17:41:12,803: Average training loss in epoch 407: -5.53E+00, average grad loss: 6.47E-01
2025-08-30 17:41:13,389: Average training loss in epoch 408: -5.45E+00, average grad loss: 6.28E-01
2025-08-30 17:41:13,971: Average training loss in epoch 409: -5.50E+00, average grad loss: 6.40E-01
2025-08-30 17:41:14,547: Average training loss in epoch 410: -5.53E+00, average grad loss: 6.63E-01
2025-08-30 17:41:15,142: Average training loss in epoch 411: -5.50E+00, average grad loss: 6.53E-01
2025-08-30 17:41:15,724: Average training loss in epoch 412: -5.51E+00, average grad loss: 6.55E-01
2025-08-30 17:41:16,297: Average training loss in epoch 413: -5.40E+00, average grad loss: 6.14E-01
2025-08-30 17:41:16,888: Average training loss in epoch 414: -5.53E+00, average grad loss: 6.46E-01
2025-08-30 17:41:17,470: Average training loss in epoch 415: -5.41E+00, average grad loss: 6.23E-01
2025-08-30 17:41:18,066: Average training loss in epoch 416: -5.52E+00, average grad loss: 6.50E-01
2025-08-30 17:41:18,650: Average training loss in epoch 417: -5.46E+00, average grad loss: 6.35E-01
2025-08-30 17:41:19,221: Average training loss in epoch 418: -5.46E+00, average grad loss: 6.45E-01
2025-08-30 17:41:19,810: Average training loss in epoch 419: -5.53E+00, average grad loss: 6.51E-01
2025-08-30 17:41:20,376: Average training loss in epoch 420: -5.49E+00, average grad loss: 6.37E-01
2025-08-30 17:41:20,980: Average training loss in epoch 421: -5.46E+00, average grad loss: 6.27E-01
2025-08-30 17:41:21,592: Average training loss in epoch 422: -5.57E+00, average grad loss: 6.51E-01
2025-08-30 17:41:22,163: Average training loss in epoch 423: -5.40E+00, average grad loss: 6.37E-01
2025-08-30 17:41:22,729: Average training loss in epoch 424: -5.47E+00, average grad loss: 6.30E-01
2025-08-30 17:41:23,313: Average training loss in epoch 425: -5.51E+00, average grad loss: 6.57E-01
2025-08-30 17:41:31,050: [Epoch 425] PSNR: 28.24
2025-08-30 17:41:31,607: Average training loss in epoch 426: -5.48E+00, average grad loss: 6.49E-01
2025-08-30 17:41:32,223: Average training loss in epoch 427: -5.54E+00, average grad loss: 6.47E-01
2025-08-30 17:41:32,797: Average training loss in epoch 428: -5.52E+00, average grad loss: 6.38E-01
2025-08-30 17:41:33,377: Average training loss in epoch 429: -5.46E+00, average grad loss: 6.30E-01
2025-08-30 17:41:33,952: Average training loss in epoch 430: -5.52E+00, average grad loss: 6.57E-01
2025-08-30 17:41:34,529: Average training loss in epoch 431: -5.47E+00, average grad loss: 6.34E-01
2025-08-30 17:41:35,106: Average training loss in epoch 432: -5.51E+00, average grad loss: 6.34E-01
2025-08-30 17:41:35,681: Average training loss in epoch 433: -5.51E+00, average grad loss: 6.32E-01
2025-08-30 17:41:36,251: Average training loss in epoch 434: -5.57E+00, average grad loss: 6.53E-01
2025-08-30 17:41:36,819: Average training loss in epoch 435: -5.48E+00, average grad loss: 6.42E-01
2025-08-30 17:41:37,394: Average training loss in epoch 436: -5.54E+00, average grad loss: 6.51E-01
2025-08-30 17:41:37,968: Average training loss in epoch 437: -5.50E+00, average grad loss: 6.36E-01
2025-08-30 17:41:38,529: Average training loss in epoch 438: -5.45E+00, average grad loss: 6.39E-01
2025-08-30 17:41:39,097: Average training loss in epoch 439: -5.48E+00, average grad loss: 6.45E-01
2025-08-30 17:41:39,662: Average training loss in epoch 440: -5.53E+00, average grad loss: 6.46E-01
2025-08-30 17:41:40,282: Average training loss in epoch 441: -5.48E+00, average grad loss: 6.48E-01
2025-08-30 17:41:40,836: Average training loss in epoch 442: -5.48E+00, average grad loss: 6.33E-01
2025-08-30 17:41:41,408: Average training loss in epoch 443: -5.54E+00, average grad loss: 6.52E-01
2025-08-30 17:41:41,991: Average training loss in epoch 444: -5.52E+00, average grad loss: 6.34E-01
2025-08-30 17:41:42,573: Average training loss in epoch 445: -5.51E+00, average grad loss: 6.55E-01
2025-08-30 17:41:43,136: Average training loss in epoch 446: -5.51E+00, average grad loss: 6.50E-01
2025-08-30 17:41:43,734: Average training loss in epoch 447: -5.49E+00, average grad loss: 6.38E-01
2025-08-30 17:41:44,351: Average training loss in epoch 448: -5.50E+00, average grad loss: 6.50E-01
2025-08-30 17:41:44,955: Average training loss in epoch 449: -5.43E+00, average grad loss: 6.17E-01
2025-08-30 17:41:45,538: Average training loss in epoch 450: -5.47E+00, average grad loss: 6.34E-01
2025-08-30 17:41:53,516: [Epoch 450] PSNR: 28.25
2025-08-30 17:41:54,083: Average training loss in epoch 451: -5.51E+00, average grad loss: 6.42E-01
2025-08-30 17:41:54,666: Average training loss in epoch 452: -5.54E+00, average grad loss: 6.61E-01
2025-08-30 17:41:55,212: Average training loss in epoch 453: -5.43E+00, average grad loss: 6.13E-01
2025-08-30 17:41:55,797: Average training loss in epoch 454: -5.51E+00, average grad loss: 6.62E-01
2025-08-30 17:41:56,397: Average training loss in epoch 455: -5.46E+00, average grad loss: 6.28E-01
2025-08-30 17:41:56,991: Average training loss in epoch 456: -5.46E+00, average grad loss: 6.41E-01
2025-08-30 17:41:57,557: Average training loss in epoch 457: -5.43E+00, average grad loss: 6.21E-01
2025-08-30 17:41:58,107: Average training loss in epoch 458: -5.48E+00, average grad loss: 6.39E-01
2025-08-30 17:41:58,691: Average training loss in epoch 459: -5.48E+00, average grad loss: 6.60E-01
2025-08-30 17:41:59,278: Average training loss in epoch 460: -5.53E+00, average grad loss: 6.43E-01
2025-08-30 17:41:59,880: Average training loss in epoch 461: -5.47E+00, average grad loss: 6.23E-01
2025-08-30 17:42:00,492: Average training loss in epoch 462: -5.49E+00, average grad loss: 6.47E-01
2025-08-30 17:42:01,100: Average training loss in epoch 463: -5.49E+00, average grad loss: 6.61E-01
2025-08-30 17:42:01,675: Average training loss in epoch 464: -5.48E+00, average grad loss: 6.33E-01
2025-08-30 17:42:02,255: Average training loss in epoch 465: -5.48E+00, average grad loss: 6.37E-01
2025-08-30 17:42:02,833: Average training loss in epoch 466: -5.44E+00, average grad loss: 6.20E-01
2025-08-30 17:42:03,408: Average training loss in epoch 467: -5.47E+00, average grad loss: 6.50E-01
2025-08-30 17:42:03,988: Average training loss in epoch 468: -5.55E+00, average grad loss: 6.36E-01
2025-08-30 17:42:04,556: Average training loss in epoch 469: -5.48E+00, average grad loss: 6.64E-01
2025-08-30 17:42:05,160: Average training loss in epoch 470: -5.49E+00, average grad loss: 6.27E-01
2025-08-30 17:42:05,761: Average training loss in epoch 471: -5.46E+00, average grad loss: 6.51E-01
2025-08-30 17:42:06,340: Average training loss in epoch 472: -5.52E+00, average grad loss: 6.44E-01
2025-08-30 17:42:06,918: Average training loss in epoch 473: -5.42E+00, average grad loss: 6.29E-01
2025-08-30 17:42:07,506: Average training loss in epoch 474: -5.51E+00, average grad loss: 6.44E-01
2025-08-30 17:42:08,089: Average training loss in epoch 475: -5.47E+00, average grad loss: 6.37E-01
2025-08-30 17:42:16,045: [Epoch 475] PSNR: 28.24
2025-08-30 17:42:16,644: Average training loss in epoch 476: -5.46E+00, average grad loss: 6.26E-01
2025-08-30 17:42:17,220: Average training loss in epoch 477: -5.51E+00, average grad loss: 6.40E-01
2025-08-30 17:42:17,823: Average training loss in epoch 478: -5.49E+00, average grad loss: 6.46E-01
2025-08-30 17:42:18,391: Average training loss in epoch 479: -5.52E+00, average grad loss: 6.64E-01
2025-08-30 17:42:18,992: Average training loss in epoch 480: -5.49E+00, average grad loss: 6.40E-01
2025-08-30 17:42:19,562: Average training loss in epoch 481: -5.47E+00, average grad loss: 6.20E-01
2025-08-30 17:42:20,132: Average training loss in epoch 482: -5.48E+00, average grad loss: 6.34E-01
2025-08-30 17:42:20,720: Average training loss in epoch 483: -5.51E+00, average grad loss: 6.46E-01
2025-08-30 17:42:21,302: Average training loss in epoch 484: -5.45E+00, average grad loss: 6.37E-01
2025-08-30 17:42:21,866: Average training loss in epoch 485: -5.56E+00, average grad loss: 6.59E-01
2025-08-30 17:42:22,469: Average training loss in epoch 486: -5.52E+00, average grad loss: 6.38E-01
2025-08-30 17:42:23,053: Average training loss in epoch 487: -5.53E+00, average grad loss: 6.47E-01
2025-08-30 17:42:23,635: Average training loss in epoch 488: -5.53E+00, average grad loss: 6.52E-01
2025-08-30 17:42:24,245: Average training loss in epoch 489: -5.51E+00, average grad loss: 6.48E-01
2025-08-30 17:42:24,818: Average training loss in epoch 490: -5.45E+00, average grad loss: 6.39E-01
2025-08-30 17:42:25,407: Average training loss in epoch 491: -5.46E+00, average grad loss: 6.26E-01
2025-08-30 17:42:26,003: Average training loss in epoch 492: -5.58E+00, average grad loss: 6.71E-01
2025-08-30 17:42:26,581: Average training loss in epoch 493: -5.55E+00, average grad loss: 6.49E-01
2025-08-30 17:42:27,157: Average training loss in epoch 494: -5.51E+00, average grad loss: 6.32E-01
2025-08-30 17:42:27,738: Average training loss in epoch 495: -5.47E+00, average grad loss: 6.57E-01
2025-08-30 17:42:28,342: Average training loss in epoch 496: -5.48E+00, average grad loss: 6.36E-01
2025-08-30 17:42:28,933: Average training loss in epoch 497: -5.47E+00, average grad loss: 6.44E-01
2025-08-30 17:42:29,501: Average training loss in epoch 498: -5.46E+00, average grad loss: 6.23E-01
2025-08-30 17:42:30,091: Average training loss in epoch 499: -5.56E+00, average grad loss: 6.54E-01
2025-08-30 17:42:30,677: Average training loss in epoch 500: -5.47E+00, average grad loss: 6.42E-01
2025-08-30 17:42:38,673: [Epoch 500] PSNR: 28.29
2025-08-30 17:42:38,674: Best Training PSNR: 28.294258260726927
2025-08-30 17:42:40,778: Jac Loss 21200.58984375
2025-08-30 17:42:41,858: [Epoch 1] Train Loss: 1.69E+02, PSNR: 28.76
2025-08-30 17:42:43,112: Jac Loss 3006.931396484375
2025-08-30 17:42:43,969: [Epoch 2] Train Loss: 2.24E+02, PSNR: 26.89
2025-08-30 17:42:45,458: Jac Loss 10363.8388671875
2025-08-30 17:42:46,412: [Epoch 3] Train Loss: 1.65E+02, PSNR: 28.71
2025-08-30 17:42:48,149: Jac Loss 32202.818359375
2025-08-30 17:42:49,274: [Epoch 4] Train Loss: 1.74E+02, PSNR: 28.68
2025-08-30 17:42:50,992: Jac Loss 28188.859375
2025-08-30 17:42:52,093: [Epoch 5] Train Loss: 1.71E+02, PSNR: 28.72
2025-08-30 17:42:53,771: Jac Loss 11628.9716796875
2025-08-30 17:42:54,750: [Epoch 6] Train Loss: 1.64E+02, PSNR: 28.81
2025-08-30 17:42:56,143: Jac Loss 8617.5078125
2025-08-30 17:42:57,098: [Epoch 7] Train Loss: 1.67E+02, PSNR: 28.64
2025-08-30 17:42:58,755: Jac Loss 13009.91015625
2025-08-30 17:42:59,735: [Epoch 8] Train Loss: 1.64E+02, PSNR: 28.78
2025-08-30 17:43:01,472: Jac Loss 17288.98046875
2025-08-30 17:43:02,681: [Epoch 9] Train Loss: 1.63E+02, PSNR: 28.87
2025-08-30 17:43:04,173: Jac Loss 15039.2568359375
2025-08-30 17:43:05,225: [Epoch 10] Train Loss: 1.64E+02, PSNR: 28.83
2025-08-30 17:43:12,898: [Epoch 10] Val Loss: 1.72E+02, PSNR: 28.32
2025-08-30 17:43:14,556: Jac Loss 14324.3779296875
2025-08-30 17:43:15,547: [Epoch 11] Train Loss: 1.64E+02, PSNR: 28.81
2025-08-30 17:43:17,173: Jac Loss 16170.8720703125
2025-08-30 17:43:18,153: [Epoch 12] Train Loss: 1.63E+02, PSNR: 28.83
2025-08-30 17:43:19,586: Jac Loss 12573.7685546875
2025-08-30 17:43:20,601: [Epoch 13] Train Loss: 1.63E+02, PSNR: 28.83
2025-08-30 17:43:22,327: Jac Loss 19501.333984375
2025-08-30 17:43:23,439: [Epoch 14] Train Loss: 1.64E+02, PSNR: 28.83
2025-08-30 17:43:25,151: Jac Loss 15679.6474609375
2025-08-30 17:43:26,178: [Epoch 15] Train Loss: 1.63E+02, PSNR: 28.84
2025-08-30 17:43:27,895: Jac Loss 18089.14453125
2025-08-30 17:43:28,922: [Epoch 16] Train Loss: 1.63E+02, PSNR: 28.83
2025-08-30 17:43:30,653: Jac Loss 13904.5126953125
2025-08-30 17:43:31,693: [Epoch 17] Train Loss: 1.63E+02, PSNR: 28.83
2025-08-30 17:43:33,327: Jac Loss 17650.109375
2025-08-30 17:43:34,354: [Epoch 18] Train Loss: 1.63E+02, PSNR: 28.85
2025-08-30 17:43:36,024: Jac Loss 19604.033203125
2025-08-30 17:43:37,052: [Epoch 19] Train Loss: 1.61E+02, PSNR: 28.90
2025-08-30 17:43:38,789: Jac Loss 16453.841796875
2025-08-30 17:43:39,877: [Epoch 20] Train Loss: 1.62E+02, PSNR: 28.85
2025-08-30 17:43:47,854: [Epoch 20] Val Loss: 1.70E+02, PSNR: 28.40
2025-08-30 17:43:49,394: Jac Loss 18478.638671875
2025-08-30 17:43:50,458: [Epoch 21] Train Loss: 1.62E+02, PSNR: 28.89
2025-08-30 17:43:52,195: Jac Loss 17806.755859375
2025-08-30 17:43:53,258: [Epoch 22] Train Loss: 1.61E+02, PSNR: 28.89
2025-08-30 17:43:55,011: Jac Loss 23700.91015625
2025-08-30 17:43:56,074: [Epoch 23] Train Loss: 1.62E+02, PSNR: 28.88
2025-08-30 17:43:57,837: Jac Loss 22471.537109375
2025-08-30 17:43:58,925: [Epoch 24] Train Loss: 1.62E+02, PSNR: 28.90
2025-08-30 17:44:00,686: Jac Loss 20567.451171875
2025-08-30 17:44:01,774: [Epoch 25] Train Loss: 1.61E+02, PSNR: 28.89
2025-08-30 17:44:03,275: Jac Loss 21038.71875
2025-08-30 17:44:04,448: [Epoch 26] Train Loss: 1.61E+02, PSNR: 28.91
2025-08-30 17:44:06,193: Jac Loss 21138.619140625
2025-08-30 17:44:07,268: [Epoch 27] Train Loss: 1.61E+02, PSNR: 28.89
2025-08-30 17:44:08,797: Jac Loss 28298.697265625
2025-08-30 17:44:10,308: [Epoch 28] Train Loss: 1.63E+02, PSNR: 28.90
2025-08-30 17:44:12,015: Jac Loss 14276.375
2025-08-30 17:44:13,223: [Epoch 29] Train Loss: 1.64E+02, PSNR: 28.74
2025-08-30 17:44:15,000: Jac Loss 52102.70703125
2025-08-30 17:44:16,729: [Epoch 30] Train Loss: 1.65E+02, PSNR: 28.86
2025-08-30 17:44:24,852: [Epoch 30] Val Loss: 1.69E+02, PSNR: 28.41
2025-08-30 17:44:26,450: Jac Loss 16847.689453125
2025-08-30 17:44:27,743: [Epoch 31] Train Loss: 1.61E+02, PSNR: 28.87
2025-08-30 17:44:29,242: Jac Loss 18082.853515625
2025-08-30 17:44:30,402: [Epoch 32] Train Loss: 1.59E+02, PSNR: 28.93
2025-08-30 17:44:32,211: Jac Loss 33314.73046875
2025-08-30 17:44:33,661: [Epoch 33] Train Loss: 1.61E+02, PSNR: 28.96
2025-08-30 17:44:35,106: Jac Loss 21835.083984375
2025-08-30 17:44:36,292: [Epoch 34] Train Loss: 1.59E+02, PSNR: 28.94
2025-08-30 17:44:38,102: Jac Loss 30876.265625
2025-08-30 17:44:39,276: [Epoch 35] Train Loss: 1.60E+02, PSNR: 28.94
2025-08-30 17:44:40,819: Jac Loss 27642.046875
2025-08-30 17:44:42,017: [Epoch 36] Train Loss: 1.59E+02, PSNR: 28.97
2025-08-30 17:44:43,711: Jac Loss 32431.490234375
2025-08-30 17:44:44,859: [Epoch 37] Train Loss: 1.60E+02, PSNR: 28.93
2025-08-30 17:44:46,624: Jac Loss 40653.66015625
2025-08-30 17:44:48,015: [Epoch 38] Train Loss: 1.59E+02, PSNR: 29.00
2025-08-30 17:44:49,804: Jac Loss 23756.1015625
2025-08-30 17:44:50,989: [Epoch 39] Train Loss: 1.60E+02, PSNR: 28.91
2025-08-30 17:44:52,658: Jac Loss 44424.57421875
2025-08-30 17:44:54,183: [Epoch 40] Train Loss: 1.60E+02, PSNR: 28.98
2025-08-30 17:45:02,490: [Epoch 40] Val Loss: 1.68E+02, PSNR: 28.44
2025-08-30 17:45:04,199: Jac Loss 26010.294921875
2025-08-30 17:45:05,626: [Epoch 41] Train Loss: 1.60E+02, PSNR: 28.91
2025-08-30 17:45:07,310: Jac Loss 48995.36328125
2025-08-30 17:45:08,894: [Epoch 42] Train Loss: 1.59E+02, PSNR: 28.96
2025-08-30 17:45:10,733: Jac Loss 35526.98828125
2025-08-30 17:45:11,968: [Epoch 43] Train Loss: 1.59E+02, PSNR: 28.97
2025-08-30 17:45:13,807: Jac Loss 35211.29296875
2025-08-30 17:45:15,042: [Epoch 44] Train Loss: 1.59E+02, PSNR: 28.95
2025-08-30 17:45:16,880: Jac Loss 43382.01953125
2025-08-30 17:45:18,187: [Epoch 45] Train Loss: 1.57E+02, PSNR: 29.00
2025-08-30 17:45:19,876: Jac Loss 39091.6953125
2025-08-30 17:45:21,653: [Epoch 46] Train Loss: 1.58E+02, PSNR: 28.98
2025-08-30 17:45:23,191: Jac Loss 35654.37109375
2025-08-30 17:45:24,485: [Epoch 47] Train Loss: 1.58E+02, PSNR: 29.03
2025-08-30 17:45:26,339: Jac Loss 48440.09375
2025-08-30 17:45:27,742: [Epoch 48] Train Loss: 1.59E+02, PSNR: 28.97
2025-08-30 17:45:29,576: Jac Loss 48859.26953125
2025-08-30 17:45:30,930: [Epoch 49] Train Loss: 1.59E+02, PSNR: 28.97
2025-08-30 17:45:32,796: Jac Loss 51175.109375
2025-08-30 17:45:34,210: [Epoch 50] Train Loss: 1.57E+02, PSNR: 29.01
2025-08-30 17:45:42,847: [Epoch 50] Val Loss: 1.67E+02, PSNR: 28.49
2025-08-30 17:45:44,707: Jac Loss 41074.5390625
2025-08-30 17:45:46,437: [Epoch 51] Train Loss: 1.59E+02, PSNR: 28.97
2025-08-30 17:45:47,990: Jac Loss 58153.3203125
2025-08-30 17:45:50,021: [Epoch 52] Train Loss: 1.58E+02, PSNR: 29.03
2025-08-30 17:45:51,791: Jac Loss 32548.5
2025-08-30 17:45:52,964: [Epoch 53] Train Loss: 1.62E+02, PSNR: 28.82
2025-08-30 17:45:54,747: Jac Loss 103075.953125
2025-08-30 17:45:57,057: [Epoch 54] Train Loss: 1.63E+02, PSNR: 28.93
2025-08-30 17:45:58,863: Jac Loss 45497.984375
2025-08-30 17:46:00,170: [Epoch 55] Train Loss: 1.58E+02, PSNR: 29.00
2025-08-30 17:46:01,742: Jac Loss 32395.45703125
2025-08-30 17:46:02,952: [Epoch 56] Train Loss: 1.59E+02, PSNR: 28.92
2025-08-30 17:46:04,661: Jac Loss 59383.6640625
2025-08-30 17:46:06,356: [Epoch 57] Train Loss: 1.58E+02, PSNR: 29.01
2025-08-30 17:46:08,031: Jac Loss 55349.01171875
2025-08-30 17:46:09,398: [Epoch 58] Train Loss: 1.57E+02, PSNR: 29.02
2025-08-30 17:46:11,282: Jac Loss 44768.2265625
2025-08-30 17:46:13,010: [Epoch 59] Train Loss: 1.57E+02, PSNR: 29.01
2025-08-30 17:46:14,884: Jac Loss 53080.77734375
2025-08-30 17:46:16,276: [Epoch 60] Train Loss: 1.58E+02, PSNR: 29.01
2025-08-30 17:46:25,187: [Epoch 60] Val Loss: 1.66E+02, PSNR: 28.52
2025-08-30 17:46:27,068: Jac Loss 60380.46484375
2025-08-30 17:46:28,677: [Epoch 61] Train Loss: 1.58E+02, PSNR: 29.00
2025-08-30 17:46:30,400: Jac Loss 50710.63671875
2025-08-30 17:46:32,141: [Epoch 62] Train Loss: 1.57E+02, PSNR: 29.02
2025-08-30 17:46:33,768: Jac Loss 60739.9765625
2025-08-30 17:46:35,268: [Epoch 63] Train Loss: 1.57E+02, PSNR: 29.02
2025-08-30 17:46:36,878: Jac Loss 43280.375
2025-08-30 17:46:38,318: [Epoch 64] Train Loss: 1.58E+02, PSNR: 29.03
2025-08-30 17:46:40,099: Jac Loss 71525.7890625
2025-08-30 17:46:41,514: [Epoch 65] Train Loss: 1.58E+02, PSNR: 29.00
2025-08-30 17:46:43,315: Jac Loss 65305.5703125
2025-08-30 17:46:44,900: [Epoch 66] Train Loss: 1.57E+02, PSNR: 29.03
2025-08-30 17:46:46,674: Jac Loss 59711.4375
2025-08-30 17:46:48,887: [Epoch 67] Train Loss: 1.58E+02, PSNR: 28.99
2025-08-30 17:46:50,704: Jac Loss 65223.38671875
2025-08-30 17:46:52,628: [Epoch 68] Train Loss: 1.57E+02, PSNR: 29.03
2025-08-30 17:46:54,398: Jac Loss 61661.95703125
2025-08-30 17:46:56,019: [Epoch 69] Train Loss: 1.57E+02, PSNR: 29.01
2025-08-30 17:46:57,843: Jac Loss 68757.9375
2025-08-30 17:46:59,681: [Epoch 70] Train Loss: 1.57E+02, PSNR: 29.02
2025-08-30 17:47:08,781: [Epoch 70] Val Loss: 1.66E+02, PSNR: 28.52
2025-08-30 17:47:10,468: Jac Loss 69175.1953125
2025-08-30 17:47:12,534: [Epoch 71] Train Loss: 1.57E+02, PSNR: 29.04
2025-08-30 17:47:14,342: Jac Loss 56028.75
2025-08-30 17:47:15,975: [Epoch 72] Train Loss: 1.57E+02, PSNR: 29.04
2025-08-30 17:47:17,867: Jac Loss 48805.11328125
2025-08-30 17:47:19,523: [Epoch 73] Train Loss: 1.57E+02, PSNR: 29.02
2025-08-30 17:47:21,278: Jac Loss 88083.8671875
2025-08-30 17:47:22,789: [Epoch 74] Train Loss: 1.56E+02, PSNR: 29.06
2025-08-30 17:47:24,658: Jac Loss 52893.25
2025-08-30 17:47:26,605: [Epoch 75] Train Loss: 1.57E+02, PSNR: 29.00
2025-08-30 17:47:28,416: Jac Loss 101283.2734375
2025-08-30 17:47:30,220: [Epoch 76] Train Loss: 1.60E+02, PSNR: 29.00
2025-08-30 17:47:31,995: Jac Loss 55519.38671875
2025-08-30 17:47:33,688: [Epoch 77] Train Loss: 1.59E+02, PSNR: 28.98
2025-08-30 17:47:35,489: Jac Loss 69123.3359375
2025-08-30 17:47:38,039: [Epoch 78] Train Loss: 1.57E+02, PSNR: 29.03
2025-08-30 17:47:39,686: Jac Loss 86332.6328125
2025-08-30 17:47:42,115: [Epoch 79] Train Loss: 1.57E+02, PSNR: 29.04
2025-08-30 17:47:43,888: Jac Loss 62082.33984375
2025-08-30 17:47:46,184: [Epoch 80] Train Loss: 1.58E+02, PSNR: 28.99
2025-08-30 17:47:55,340: [Epoch 80] Val Loss: 1.66E+02, PSNR: 28.54
2025-08-30 17:47:57,044: Jac Loss 85201.375
2025-08-30 17:47:58,930: [Epoch 81] Train Loss: 1.57E+02, PSNR: 29.05
2025-08-30 17:48:00,656: Jac Loss 70280.15625
2025-08-30 17:48:02,578: [Epoch 82] Train Loss: 1.58E+02, PSNR: 29.04
2025-08-30 17:48:04,205: Jac Loss 48117.55859375
2025-08-30 17:48:06,104: [Epoch 83] Train Loss: 1.58E+02, PSNR: 29.00
2025-08-30 17:48:07,987: Jac Loss 75436.8203125
2025-08-30 17:48:09,934: [Epoch 84] Train Loss: 1.57E+02, PSNR: 29.04
2025-08-30 17:48:11,770: Jac Loss 85973.9375
2025-08-30 17:48:14,199: [Epoch 85] Train Loss: 1.57E+02, PSNR: 29.01
2025-08-30 17:48:15,966: Jac Loss 64373.9453125
2025-08-30 17:48:17,501: [Epoch 86] Train Loss: 1.57E+02, PSNR: 29.02
2025-08-30 17:48:19,364: Jac Loss 89625.9296875
2025-08-30 17:48:21,274: [Epoch 87] Train Loss: 1.58E+02, PSNR: 29.03
2025-08-30 17:48:23,163: Jac Loss 68090.3046875
2025-08-30 17:48:24,675: [Epoch 88] Train Loss: 1.57E+02, PSNR: 29.03
2025-08-30 17:48:26,513: Jac Loss 86087.6171875
2025-08-30 17:48:29,147: [Epoch 89] Train Loss: 1.58E+02, PSNR: 29.02
2025-08-30 17:48:30,911: Jac Loss 63095.64453125
2025-08-30 17:48:32,943: [Epoch 90] Train Loss: 1.57E+02, PSNR: 29.06
2025-08-30 17:48:42,141: [Epoch 90] Val Loss: 1.65E+02, PSNR: 28.54
2025-08-30 17:48:44,036: Jac Loss 73225.0234375
2025-08-30 17:48:46,514: [Epoch 91] Train Loss: 1.56E+02, PSNR: 29.06
2025-08-30 17:48:48,407: Jac Loss 88040.6640625
2025-08-30 17:48:50,100: [Epoch 92] Train Loss: 1.57E+02, PSNR: 29.04
2025-08-30 17:48:51,929: Jac Loss 72533.5546875
2025-08-30 17:48:54,188: [Epoch 93] Train Loss: 1.57E+02, PSNR: 29.03
2025-08-30 17:48:55,811: Jac Loss 83682.625
2025-08-30 17:48:57,854: [Epoch 94] Train Loss: 1.58E+02, PSNR: 29.03
2025-08-30 17:48:59,743: Jac Loss 81065.6796875
2025-08-30 17:49:01,908: [Epoch 95] Train Loss: 1.56E+02, PSNR: 29.08
2025-08-30 17:49:03,773: Jac Loss 91788.5859375
2025-08-30 17:49:06,612: [Epoch 96] Train Loss: 1.57E+02, PSNR: 29.02
2025-08-30 17:49:08,467: Jac Loss 127979.8671875
2025-08-30 17:49:11,140: [Epoch 97] Train Loss: 1.59E+02, PSNR: 29.01
2025-08-30 17:49:12,937: Jac Loss 67382.9765625
2025-08-30 17:49:15,136: [Epoch 98] Train Loss: 1.58E+02, PSNR: 28.99
2025-08-30 17:49:16,956: Jac Loss 103598.0
2025-08-30 17:49:19,758: [Epoch 99] Train Loss: 1.56E+02, PSNR: 29.07
2025-08-30 17:49:21,653: Jac Loss 79571.828125
2025-08-30 17:49:23,912: [Epoch 100] Train Loss: 1.57E+02, PSNR: 29.04
2025-08-30 17:49:33,174: [Epoch 100] Val Loss: 1.66E+02, PSNR: 28.54
