2025-09-02 23:56:31,982: Train ICNN with JFB on CT
2025-09-02 23:56:31,982: The model has 26499 parameters
2025-09-02 23:56:31,983: Parameters:
2025-09-02 23:56:31,983: load_pretrain: False, load_parameter_fitting: False, score_sigma: 0.015
2025-09-02 23:56:31,983: pretrain_epochs: 0, pretrain_lr: 0.001, epochs: 4
2025-09-02 23:56:31,983: adabelief: True, fitting_lr: 0.1, lr: 0.005
2025-09-02 23:56:31,983: jacobian_regularization: False, jacobian_regularization_parameter: 1e-09, lmbd: 1.0
2025-09-02 23:58:30,389: maxiter hit in iteration 1
2025-09-03 00:00:22,499: maxiter hit in iteration 2
2025-09-03 00:05:36,550: Step 10, Train PSNR 23.425801467895507
2025-09-03 00:07:24,497: Step 20, Train PSNR 27.82804126739502
2025-09-03 00:09:02,727: Step 30, Train PSNR 29.47794679005941
2025-09-03 00:10:45,200: Step 40, Train PSNR 30.433944940567017
2025-09-03 00:12:20,576: Step 50, Train PSNR 31.01991725921631
2025-09-03 00:14:03,586: Step 60, Train PSNR 31.381435712178547
2025-09-03 00:15:38,953: Step 70, Train PSNR 31.618947546822685
2025-09-03 00:17:25,172: Step 80, Train PSNR 31.728374743461607
2025-09-03 00:19:08,671: Step 90, Train PSNR 31.89930191040039
2025-09-03 00:20:53,447: Step 100, Train PSNR 32.00646484375
2025-09-03 00:22:37,730: Step 110, Train PSNR 32.10928923866965
2025-09-03 00:24:20,174: Step 120, Train PSNR 32.25959254900614
2025-09-03 00:26:02,971: Step 130, Train PSNR 32.316783024714546
2025-09-03 00:27:49,587: Step 140, Train PSNR 32.362347793579104
2025-09-03 00:29:40,794: Step 150, Train PSNR 32.41029066721598
2025-09-03 00:31:28,582: Step 160, Train PSNR 32.473907148838045
2025-09-03 00:33:12,721: Step 170, Train PSNR 32.50090623743394
2025-09-03 00:35:02,732: Step 180, Train PSNR 32.509110588497585
2025-09-03 00:36:56,066: Step 190, Train PSNR 32.53308501996492
2025-09-03 00:38:46,672: Step 200, Train PSNR 32.56863384246826
2025-09-03 00:40:37,621: Step 210, Train PSNR 32.61174349103655
2025-09-03 00:42:34,713: Step 220, Train PSNR 32.6212930505926
2025-09-03 00:44:21,220: Step 230, Train PSNR 32.63614137069039
2025-09-03 00:46:20,082: Step 240, Train PSNR 32.664986562728885
2025-09-03 00:48:19,021: Step 250, Train PSNR 32.68175817108154
2025-09-03 00:50:13,943: Step 260, Train PSNR 32.69010806450477
2025-09-03 00:52:11,131: Step 270, Train PSNR 32.6976870642768
2025-09-03 00:54:09,082: Step 280, Train PSNR 32.71457365580967
2025-09-03 00:56:07,857: Step 290, Train PSNR 32.73190251712141
2025-09-03 00:58:14,130: Step 300, Train PSNR 32.75434976577759
2025-09-03 01:00:17,509: Step 310, Train PSNR 32.773900708844586
2025-09-03 01:02:14,478: Step 320, Train PSNR 32.80275380015373
2025-09-03 01:04:17,942: Step 330, Train PSNR 32.80823978655266
2025-09-03 01:06:19,157: Step 340, Train PSNR 32.8119722366333
2025-09-03 01:08:24,076: Step 350, Train PSNR 32.81955275399344
2025-09-03 01:10:25,789: Step 360, Train PSNR 32.82632873323229
2025-09-03 01:12:20,766: Step 370, Train PSNR 32.84271842337943
2025-09-03 01:14:25,839: Step 380, Train PSNR 32.84847352379247
2025-09-03 01:16:30,426: Step 390, Train PSNR 32.854732156411195
2025-09-03 01:17:44,844: [Epoch 1] Train Loss: 4.01E+01, PSNR: 32.86
2025-09-03 01:27:02,686: [Epoch 1] Val Loss: 3.29E+01, PSNR: 32.86
2025-09-03 01:29:09,737: Step 10, Train PSNR 33.31438674926758
2025-09-03 01:31:18,845: Step 20, Train PSNR 33.35238876342773
2025-09-03 01:33:29,483: Step 30, Train PSNR 33.29918041229248
2025-09-03 01:35:40,386: Step 40, Train PSNR 33.31792316436768
2025-09-03 01:37:45,525: Step 50, Train PSNR 33.21623767852783
2025-09-03 01:39:48,874: Step 60, Train PSNR 33.18581851323446
2025-09-03 01:41:59,319: Step 70, Train PSNR 33.21239038194929
2025-09-03 01:44:06,415: Step 80, Train PSNR 33.20261137485504
2025-09-03 01:46:17,251: Step 90, Train PSNR 33.17754506005181
2025-09-03 01:48:32,119: Step 100, Train PSNR 33.195662364959716
2025-09-03 01:50:48,888: Step 110, Train PSNR 33.2322773846713
2025-09-03 01:53:02,030: Step 120, Train PSNR 33.233187373479204
2025-09-03 01:55:16,111: Step 130, Train PSNR 33.25614147186279
2025-09-03 01:57:30,158: Step 140, Train PSNR 33.258899675096785
2025-09-03 01:59:43,535: Step 150, Train PSNR 33.25042696634928
2025-09-03 02:02:03,197: Step 160, Train PSNR 33.23950409889221
2025-09-03 02:04:19,980: Step 170, Train PSNR 33.218929795657886
2025-09-03 02:06:33,306: Step 180, Train PSNR 33.20673237906562
2025-09-03 02:08:48,395: Step 190, Train PSNR 33.238780583833396
2025-09-03 02:11:08,746: Step 200, Train PSNR 33.25078185081482
2025-09-03 02:13:25,591: Step 210, Train PSNR 33.23082816714332
2025-09-03 02:15:39,250: Step 220, Train PSNR 33.23455477627841
2025-09-03 02:18:01,481: Step 230, Train PSNR 33.23856103316597
2025-09-03 02:20:23,204: Step 240, Train PSNR 33.24030318260193
2025-09-03 02:22:43,163: Step 250, Train PSNR 33.262184677124026
2025-09-03 02:25:07,728: Step 260, Train PSNR 33.2880950487577
2025-09-03 02:27:31,778: Step 270, Train PSNR 33.292403581407335
2025-09-03 02:29:54,889: Step 280, Train PSNR 33.282800265720915
2025-09-03 02:32:19,704: Step 290, Train PSNR 33.269854677134546
2025-09-03 02:34:43,930: Step 300, Train PSNR 33.262156079610186
2025-09-03 02:37:02,276: Step 310, Train PSNR 33.26879095262097
2025-09-03 02:39:22,421: Step 320, Train PSNR 33.25752757787704
2025-09-03 02:41:48,209: Step 330, Train PSNR 33.248569413387415
2025-09-03 02:44:13,654: Step 340, Train PSNR 33.25594025219188
2025-09-03 02:46:46,963: Step 350, Train PSNR 33.260388058253696
2025-09-03 02:49:09,608: Step 360, Train PSNR 33.27140272458394
2025-09-03 02:51:41,216: Step 370, Train PSNR 33.268959741334655
2025-09-03 02:54:06,973: Step 380, Train PSNR 33.264057636260986
2025-09-03 02:56:36,347: Step 390, Train PSNR 33.26273798331236
2025-09-03 02:58:06,823: [Epoch 2] Train Loss: 2.92E+01, PSNR: 33.27
2025-09-03 03:07:33,641: [Epoch 2] Val Loss: 3.26E+01, PSNR: 32.92
2025-09-03 03:10:03,890: Step 10, Train PSNR 32.940779304504396
2025-09-03 03:12:35,025: Step 20, Train PSNR 33.30637655258179
2025-09-03 03:15:02,479: Step 30, Train PSNR 33.442236773173015
2025-09-03 03:17:35,059: Step 40, Train PSNR 33.409138917922974
2025-09-03 03:20:09,366: Step 50, Train PSNR 33.37703929901123
2025-09-03 03:22:39,803: Step 60, Train PSNR 33.42717065811157
2025-09-03 03:25:03,196: Step 70, Train PSNR 33.357192502702986
2025-09-03 03:27:35,164: Step 80, Train PSNR 33.34548978805542
2025-09-03 03:30:05,010: Step 90, Train PSNR 33.32312253316243
2025-09-03 03:32:34,201: Step 100, Train PSNR 33.303532371520994
2025-09-03 03:35:10,477: Step 110, Train PSNR 33.26896020715887
2025-09-03 03:37:36,506: Step 120, Train PSNR 33.216713746388756
2025-09-03 03:40:01,516: Step 130, Train PSNR 33.21399313119741
2025-09-03 03:42:30,854: Step 140, Train PSNR 33.20563103812081
2025-09-03 03:44:57,972: Step 150, Train PSNR 33.19836298624674
2025-09-03 03:47:25,582: Step 160, Train PSNR 33.2147864818573
2025-09-03 03:49:52,299: Step 170, Train PSNR 33.20240842033835
2025-09-03 03:52:25,111: Step 180, Train PSNR 33.215454483032225
2025-09-03 03:54:55,619: Step 190, Train PSNR 33.22215158562911
2025-09-03 03:57:27,861: Step 200, Train PSNR 33.2194211769104
2025-09-03 03:59:58,731: Step 210, Train PSNR 33.219158336094445
2025-09-03 04:02:31,133: Step 220, Train PSNR 33.224098257585005
2025-09-03 04:05:05,541: Step 230, Train PSNR 33.23772901452106
2025-09-03 04:07:44,994: Step 240, Train PSNR 33.2542815844218
2025-09-03 04:10:24,704: Step 250, Train PSNR 33.244294570922854
2025-09-03 04:13:00,468: Step 260, Train PSNR 33.2417106628418
2025-09-03 04:15:36,924: Step 270, Train PSNR 33.24923621283637
2025-09-03 04:18:15,637: Step 280, Train PSNR 33.26713623319353
2025-09-03 04:20:53,093: Step 290, Train PSNR 33.26281560700515
2025-09-03 04:23:27,655: Step 300, Train PSNR 33.27004440307617
2025-09-03 04:26:03,554: Step 310, Train PSNR 33.262982897604665
2025-09-03 04:28:42,900: Step 320, Train PSNR 33.25628971457481
2025-09-03 04:31:26,529: Step 330, Train PSNR 33.26928775093772
2025-09-03 04:34:01,613: Step 340, Train PSNR 33.267253539141485
2025-09-03 04:36:33,907: Step 350, Train PSNR 33.27478957584926
2025-09-03 04:39:06,115: Step 360, Train PSNR 33.27690415912204
2025-09-03 04:41:42,197: Step 370, Train PSNR 33.27593085830276
2025-09-03 04:44:27,783: Step 380, Train PSNR 33.288289029974685
2025-09-03 04:47:10,231: Step 390, Train PSNR 33.29189167511769
2025-09-03 04:48:45,703: [Epoch 3] Train Loss: 2.90E+01, PSNR: 33.29
2025-09-03 04:58:30,282: [Epoch 3] Val Loss: 3.23E+01, PSNR: 32.95
2025-09-03 05:01:09,112: Step 10, Train PSNR 33.34697437286377
2025-09-03 05:03:44,399: Step 20, Train PSNR 33.37774686813354
2025-09-03 05:06:23,419: Step 30, Train PSNR 33.3821798324585
2025-09-03 05:09:02,676: Step 40, Train PSNR 33.360656929016116
2025-09-03 05:11:42,181: Step 50, Train PSNR 33.35515937805176
2025-09-03 05:14:24,048: Step 60, Train PSNR 33.390797805786136
2025-09-03 05:17:05,431: Step 70, Train PSNR 33.49976768493652
2025-09-03 05:19:51,522: Step 80, Train PSNR 33.50756602287292
2025-09-03 05:22:30,189: Step 90, Train PSNR 33.465918159484865
2025-09-03 05:25:05,563: Step 100, Train PSNR 33.44672567367554
2025-09-03 05:27:48,640: Step 110, Train PSNR 33.45213291861794
2025-09-03 05:30:27,982: Step 120, Train PSNR 33.477898581822714
2025-09-03 05:33:10,414: Step 130, Train PSNR 33.43204191648043
2025-09-03 05:35:51,874: Step 140, Train PSNR 33.41676955904279
2025-09-03 05:38:31,220: Step 150, Train PSNR 33.40315476735433
2025-09-03 05:41:09,938: Step 160, Train PSNR 33.373140037059784
2025-09-03 05:43:47,285: Step 170, Train PSNR 33.36491808049819
2025-09-03 05:46:26,583: Step 180, Train PSNR 33.36230628755357
2025-09-03 05:49:01,389: Step 190, Train PSNR 33.33371826974969
2025-09-03 05:51:38,136: Step 200, Train PSNR 33.34463666915894
2025-09-03 05:54:17,802: Step 210, Train PSNR 33.345236660185314
2025-09-03 05:56:51,573: Step 220, Train PSNR 33.3278039151972
2025-09-03 05:59:25,115: Step 230, Train PSNR 33.30254062984301
2025-09-03 06:02:07,056: Step 240, Train PSNR 33.30160706043243
2025-09-03 06:04:45,234: Step 250, Train PSNR 33.31934366607666
2025-09-03 06:07:26,166: Step 260, Train PSNR 33.306588312295766
2025-09-03 06:10:07,067: Step 270, Train PSNR 33.32638178931342
2025-09-03 06:12:48,222: Step 280, Train PSNR 33.33864986555917
2025-09-03 06:15:31,584: Step 290, Train PSNR 33.333840264945195
2025-09-03 06:18:14,469: Step 300, Train PSNR 33.34074487686157
2025-09-03 06:20:54,405: Step 310, Train PSNR 33.335164722319576
2025-09-03 06:23:28,384: Step 320, Train PSNR 33.3260981798172
2025-09-03 06:26:07,394: Step 330, Train PSNR 33.325293650771634
2025-09-03 06:28:57,626: Step 340, Train PSNR 33.32912997077493
2025-09-03 06:31:41,077: Step 350, Train PSNR 33.32657921927316
2025-09-03 06:34:18,994: Step 360, Train PSNR 33.320391252305775
2025-09-03 06:37:07,553: Step 370, Train PSNR 33.30273249342635
2025-09-03 06:39:51,370: Step 380, Train PSNR 33.311064253355326
2025-09-03 06:42:36,320: Step 390, Train PSNR 33.31020042223808
2025-09-03 06:44:14,926: [Epoch 4] Train Loss: 2.90E+01, PSNR: 33.30
2025-09-03 06:54:02,453: [Epoch 4] Val Loss: 3.22E+01, PSNR: 32.96
