2025-09-02 11:45:50,825: Train ICNN with IFT on Denoising
2025-09-02 11:45:50,825: The model has 26499 parameters
2025-09-02 11:45:50,825: Parameters:
2025-09-02 11:45:50,825: load_pretrain: True, load_parameter_fitting: False, score_sigma: 0.03
2025-09-02 11:45:50,825: pretrain_epochs: 300, pretrain_lr: 0.001, epochs: 200
2025-09-02 11:45:50,825: adabelief: True, fitting_lr: 0.1, lr: 0.001
2025-09-02 11:45:50,825: jacobian_regularization: True, jacobian_regularization_parameter: 1e-06, lmbd: 1.0
2025-09-02 11:45:51,769: Jac Loss 1.025359869003296
2025-09-02 11:45:54,468: Jac Loss 8.799749374389648
2025-09-02 11:45:56,765: Step 10, Train PSNR 24.13760986328125
2025-09-02 11:45:57,648: Jac Loss 59.18455505371094
2025-09-02 11:46:01,619: Jac Loss 116.61759185791016
2025-09-02 11:46:04,750: Step 20, Train PSNR 25.77890100479126
2025-09-02 11:46:05,659: Jac Loss 138.44891357421875
2025-09-02 11:46:09,713: Jac Loss 142.37716674804688
2025-09-02 11:46:12,943: Step 30, Train PSNR 26.36077315012614
2025-09-02 11:46:13,844: Jac Loss 181.00987243652344
2025-09-02 11:46:18,084: Jac Loss 187.88723754882812
2025-09-02 11:46:21,424: Step 40, Train PSNR 26.697281551361083
2025-09-02 11:46:22,174: Jac Loss 199.22830200195312
2025-09-02 11:46:25,619: [Epoch 1] Train Loss: 4.05E+01, PSNR: 26.84
2025-09-02 11:46:26,576: Jac Loss 232.85470581054688
2025-09-02 11:46:30,756: Jac Loss 240.93927001953125
2025-09-02 11:46:34,319: Step 10, Train PSNR 27.428714752197266
2025-09-02 11:46:35,126: Jac Loss 284.6024169921875
2025-09-02 11:46:39,600: Jac Loss 312.9743957519531
2025-09-02 11:46:43,229: Step 20, Train PSNR 27.51653356552124
2025-09-02 11:46:43,944: Jac Loss 269.7105712890625
2025-09-02 11:46:48,290: Jac Loss 315.6551513671875
2025-09-02 11:46:51,975: Step 30, Train PSNR 27.542994499206543
2025-09-02 11:46:52,695: Jac Loss 378.9662170410156
2025-09-02 11:46:57,334: Jac Loss 392.71734619140625
2025-09-02 11:47:01,156: Step 40, Train PSNR 27.620177507400513
2025-09-02 11:47:01,902: Jac Loss 457.945068359375
2025-09-02 11:47:05,836: [Epoch 2] Train Loss: 3.25E+01, PSNR: 27.62
2025-09-02 11:47:06,572: Jac Loss 506.4733581542969
2025-09-02 11:47:11,267: Jac Loss 535.5988159179688
2025-09-02 11:47:15,306: Step 10, Train PSNR 27.54395236968994
2025-09-02 11:47:16,031: Jac Loss 590.1146850585938
2025-09-02 11:47:20,896: Jac Loss 643.697265625
2025-09-02 11:47:25,105: Step 20, Train PSNR 27.427267646789552
2025-09-02 11:47:25,831: Jac Loss 694.02734375
2025-09-02 11:47:30,876: Jac Loss 791.411376953125
2025-09-02 11:47:35,249: Step 30, Train PSNR 27.65259075164795
2025-09-02 11:47:36,026: Jac Loss 840.9005737304688
2025-09-02 11:47:41,178: Jac Loss 894.6143798828125
2025-09-02 11:47:45,775: Step 40, Train PSNR 27.854455184936523
2025-09-02 11:47:46,540: Jac Loss 1023.806884765625
2025-09-02 11:47:51,094: [Epoch 3] Train Loss: 3.08E+01, PSNR: 27.83
2025-09-02 11:47:51,831: Jac Loss 1042.822265625
2025-09-02 11:47:57,185: Jac Loss 1127.9921875
2025-09-02 11:48:01,872: Step 10, Train PSNR 28.222453117370605
2025-09-02 11:48:02,672: Jac Loss 1309.0380859375
2025-09-02 11:48:08,076: Jac Loss 1243.426513671875
2025-09-02 11:48:12,839: Step 20, Train PSNR 27.899959087371826
2025-09-02 11:48:13,585: Jac Loss 1377.25146484375
2025-09-02 11:48:19,130: Jac Loss 1408.992919921875
2025-09-02 11:48:23,951: Step 30, Train PSNR 27.769241778055825
2025-09-02 11:48:24,687: Jac Loss 1463.172119140625
2025-09-02 11:48:30,345: Jac Loss 1527.000732421875
2025-09-02 11:48:35,320: Step 40, Train PSNR 27.71324224472046
2025-09-02 11:48:36,094: Jac Loss 1779.1982421875
2025-09-02 11:48:41,191: [Epoch 4] Train Loss: 3.21E+01, PSNR: 27.67
2025-09-02 11:48:41,991: Jac Loss 1722.8026123046875
2025-09-02 11:48:47,866: Jac Loss 1953.081298828125
2025-09-02 11:48:52,999: Step 10, Train PSNR 27.741428947448732
2025-09-02 11:48:53,808: Jac Loss 1949.195556640625
2025-09-02 11:48:59,652: Jac Loss 1933.924072265625
2025-09-02 11:49:04,831: Step 20, Train PSNR 27.563157272338866
2025-09-02 11:49:05,616: Jac Loss 2047.0556640625
2025-09-02 11:49:11,628: Jac Loss 2204.521484375
2025-09-02 11:49:16,901: Step 30, Train PSNR 27.79079252878825
2025-09-02 11:49:17,641: Jac Loss 2280.47998046875
2025-09-02 11:49:23,647: Jac Loss 2346.690673828125
2025-09-02 11:49:29,003: Step 40, Train PSNR 27.62697582244873
2025-09-02 11:49:29,753: Jac Loss 2505.053955078125
2025-09-02 11:49:35,175: [Epoch 5] Train Loss: 3.28E+01, PSNR: 27.63
2025-09-02 11:49:35,999: Jac Loss 2667.763671875
2025-09-02 11:49:42,336: Jac Loss 2791.08935546875
2025-09-02 11:49:47,844: Step 10, Train PSNR 27.58076229095459
2025-09-02 11:49:48,631: Jac Loss 2992.668212890625
2025-09-02 11:49:54,991: Jac Loss 2890.583984375
2025-09-02 11:50:00,598: Step 20, Train PSNR 27.521376609802246
2025-09-02 11:50:01,475: Jac Loss 3227.408203125
2025-09-02 11:50:07,943: Jac Loss 3358.00537109375
2025-09-02 11:50:13,718: Step 30, Train PSNR 27.61161117553711
2025-09-02 11:50:14,501: Jac Loss 3392.595703125
2025-09-02 11:50:20,984: Jac Loss 3896.6826171875
2025-09-02 11:50:26,737: Step 40, Train PSNR 27.814650344848634
2025-09-02 11:50:27,575: Jac Loss 3667.91943359375
2025-09-02 11:50:33,454: [Epoch 6] Train Loss: 3.17E+01, PSNR: 27.79
2025-09-02 11:50:34,268: Jac Loss 4133.97314453125
2025-09-02 11:50:41,003: Jac Loss 4175.8095703125
2025-09-02 11:50:46,915: Step 10, Train PSNR 27.666997337341307
2025-09-02 11:50:47,720: Jac Loss 4102.9189453125
2025-09-02 11:50:54,497: Jac Loss 4686.4765625
2025-09-02 11:51:00,445: Step 20, Train PSNR 27.63395004272461
2025-09-02 11:51:01,304: Jac Loss 4588.25390625
2025-09-02 11:51:08,122: Jac Loss 4693.2861328125
2025-09-02 11:51:14,203: Step 30, Train PSNR 27.688670031229655
2025-09-02 11:51:15,034: Jac Loss 5135.484375
2025-09-02 11:51:22,073: Jac Loss 5407.6494140625
2025-09-02 11:51:28,402: Step 40, Train PSNR 27.79904112815857
2025-09-02 11:51:29,236: Jac Loss 5901.912109375
2025-09-02 11:51:35,552: [Epoch 7] Train Loss: 3.15E+01, PSNR: 27.78
2025-09-02 11:51:36,421: Jac Loss 5853.20458984375
2025-09-02 11:51:43,507: Jac Loss 5947.8056640625
2025-09-02 11:51:49,874: Step 10, Train PSNR 27.46505947113037
2025-09-02 11:51:50,671: Jac Loss 6123.81640625
2025-09-02 11:51:57,750: Jac Loss 6327.267578125
2025-09-02 11:52:04,257: Step 20, Train PSNR 27.544521522521972
2025-09-02 11:52:05,192: Jac Loss 7131.4716796875
2025-09-02 11:52:12,423: Jac Loss 7049.732421875
2025-09-02 11:52:18,908: Step 30, Train PSNR 27.533968226114908
2025-09-02 11:52:19,734: Jac Loss 7214.3466796875
2025-09-02 11:52:27,156: Jac Loss 7982.705078125
2025-09-02 11:52:33,748: Step 40, Train PSNR 27.615845346450804
2025-09-02 11:52:34,645: Jac Loss 7315.8603515625
2025-09-02 11:52:41,419: [Epoch 8] Train Loss: 3.22E+01, PSNR: 27.71
2025-09-02 11:52:42,347: Jac Loss 8709.078125
2025-09-02 11:52:49,817: Jac Loss 7757.04296875
2025-09-02 11:52:56,479: Step 10, Train PSNR 27.55476016998291
2025-09-02 11:52:57,303: Jac Loss 8128.06884765625
2025-09-02 11:53:04,892: Jac Loss 9810.82421875
2025-09-02 11:53:11,770: Step 20, Train PSNR 27.648094940185548
2025-09-02 11:53:12,551: Jac Loss 8604.44140625
2025-09-02 11:53:20,467: Jac Loss 10084.70703125
2025-09-02 11:53:27,367: Step 30, Train PSNR 27.7400182723999
2025-09-02 11:53:28,153: Jac Loss 10472.42578125
2025-09-02 11:53:36,164: Jac Loss 10261.265625
2025-09-02 11:53:43,178: Step 40, Train PSNR 27.70784854888916
2025-09-02 11:53:44,009: Jac Loss 10720.029296875
2025-09-02 11:53:51,108: [Epoch 9] Train Loss: 3.16E+01, PSNR: 27.73
2025-09-02 11:53:51,998: Jac Loss 10989.0751953125
2025-09-02 11:53:59,915: Jac Loss 11416.2275390625
2025-09-02 11:54:06,906: Step 10, Train PSNR 27.41149272918701
2025-09-02 11:54:07,858: Jac Loss 10864.19140625
2025-09-02 11:54:15,803: Jac Loss 12809.6279296875
2025-09-02 11:54:23,124: Step 20, Train PSNR 27.768745136260986
2025-09-02 11:54:23,964: Jac Loss 12274.8046875
2025-09-02 11:54:32,045: Jac Loss 13210.892578125
2025-09-02 11:54:39,322: Step 30, Train PSNR 27.675799242655437
2025-09-02 11:54:40,194: Jac Loss 11674.515625
2025-09-02 11:54:48,396: Jac Loss 14023.1640625
2025-09-02 11:54:55,864: Step 40, Train PSNR 27.62969560623169
2025-09-02 11:54:56,705: Jac Loss 14571.6474609375
2025-09-02 11:55:04,414: [Epoch 10] Train Loss: 3.20E+01, PSNR: 27.74
2025-09-02 11:55:05,313: Jac Loss 16875.59765625
2025-09-02 11:55:13,877: Jac Loss 16274.2275390625
2025-09-02 11:55:21,684: Step 10, Train PSNR 28.20273666381836
2025-09-02 11:55:22,573: Jac Loss 17652.14453125
2025-09-02 11:55:31,104: Jac Loss 16528.16015625
2025-09-02 11:55:38,892: Step 20, Train PSNR 28.080684757232667
2025-09-02 11:55:39,759: Jac Loss 18313.59765625
2025-09-02 11:55:48,379: Jac Loss 18872.2734375
2025-09-02 11:55:56,414: Step 30, Train PSNR 27.912500381469727
2025-09-02 11:55:57,197: Jac Loss 19113.93359375
2025-09-02 11:56:05,917: Jac Loss 16522.462890625
2025-09-02 11:56:13,965: Step 40, Train PSNR 27.865514183044432
2025-09-02 11:56:14,765: Jac Loss 21447.16796875
2025-09-02 11:56:22,860: [Epoch 11] Train Loss: 3.09E+01, PSNR: 27.86
2025-09-02 11:56:23,747: Jac Loss 22223.048828125
2025-09-02 11:56:32,684: Jac Loss 22670.927734375
2025-09-02 11:56:40,915: Step 10, Train PSNR 27.420254707336426
2025-09-02 11:56:41,986: Jac Loss 22661.6015625
2025-09-02 11:56:50,683: Jac Loss 22434.59375
2025-09-02 11:56:58,806: Step 20, Train PSNR 27.71728734970093
2025-09-02 11:56:59,580: Jac Loss 22125.765625
2025-09-02 11:57:08,599: Jac Loss 22358.0390625
2025-09-02 11:57:16,793: Step 30, Train PSNR 27.786725171407063
2025-09-02 11:57:17,585: Jac Loss 24825.841796875
2025-09-02 11:57:26,602: Jac Loss 24456.49609375
2025-09-02 11:57:34,911: Step 40, Train PSNR 27.761863279342652
2025-09-02 11:57:35,906: Jac Loss 28062.005859375
2025-09-02 11:57:44,328: [Epoch 12] Train Loss: 3.19E+01, PSNR: 27.73
2025-09-02 11:57:45,204: Jac Loss 25243.876953125
2025-09-02 11:57:54,361: Jac Loss 25410.099609375
2025-09-02 11:58:02,774: Step 10, Train PSNR 27.780423736572267
2025-09-02 11:58:03,922: Jac Loss 26556.361328125
2025-09-02 11:58:13,139: Jac Loss 29716.39453125
2025-09-02 11:58:21,617: Step 20, Train PSNR 27.708996200561522
2025-09-02 11:58:22,626: Jac Loss 26103.396484375
2025-09-02 11:58:32,197: Jac Loss 28891.48828125
2025-09-02 11:58:40,726: Step 30, Train PSNR 27.657838439941408
2025-09-02 11:58:41,457: Jac Loss 26489.5703125
2025-09-02 11:58:50,770: Jac Loss 28022.76171875
2025-09-02 11:58:59,515: Step 40, Train PSNR 27.72932367324829
2025-09-02 11:59:00,305: Jac Loss 31048.578125
2025-09-02 11:59:09,042: [Epoch 13] Train Loss: 3.19E+01, PSNR: 27.75
2025-09-02 11:59:10,032: Jac Loss 34256.51171875
2025-09-02 11:59:19,660: Jac Loss 31476.712890625
2025-09-02 11:59:28,324: Step 10, Train PSNR 27.51045322418213
2025-09-02 11:59:29,017: Jac Loss 28982.05859375
2025-09-02 11:59:38,679: Jac Loss 35980.875
2025-09-02 11:59:47,647: Step 20, Train PSNR 27.731915187835693
2025-09-02 11:59:48,396: Jac Loss 30467.609375
2025-09-02 11:59:58,145: Jac Loss 37405.16796875
2025-09-02 12:00:07,354: Step 30, Train PSNR 27.859188334147134
2025-09-02 12:00:08,297: Jac Loss 35034.8359375
2025-09-02 12:00:18,044: Jac Loss 34526.328125
2025-09-02 12:00:27,009: Step 40, Train PSNR 27.895340347290038
2025-09-02 12:00:28,065: Jac Loss 40452.0546875
2025-09-02 12:00:37,287: [Epoch 14] Train Loss: 3.10E+01, PSNR: 27.91
2025-09-02 12:00:38,140: Jac Loss 40267.8125
2025-09-02 12:00:48,318: Jac Loss 42497.0703125
2025-09-02 12:00:57,508: Step 10, Train PSNR 28.234703636169435
2025-09-02 12:00:58,429: Jac Loss 36885.7265625
2025-09-02 12:01:08,352: Jac Loss 38128.3671875
2025-09-02 12:01:17,557: Step 20, Train PSNR 27.99656763076782
2025-09-02 12:01:18,524: Jac Loss 24009.419921875
2025-09-02 12:01:28,331: Jac Loss 38280.97265625
2025-09-02 12:01:37,608: Step 30, Train PSNR 27.879287719726562
2025-09-02 12:01:38,619: Jac Loss 41209.421875
2025-09-02 12:01:48,760: Jac Loss 49893.74609375
2025-09-02 12:01:58,355: Step 40, Train PSNR 27.971053075790405
2025-09-02 12:01:59,116: Jac Loss 50082.2421875
2025-09-02 12:02:08,826: [Epoch 15] Train Loss: 3.07E+01, PSNR: 28.01
2025-09-02 12:02:09,818: Jac Loss 49749.9375
2025-09-02 12:02:20,085: Jac Loss 37356.0390625
2025-09-02 12:02:29,574: Step 10, Train PSNR 27.675353240966796
2025-09-02 12:02:30,425: Jac Loss 48953.9921875
2025-09-02 12:02:40,956: Jac Loss 49174.26953125
2025-09-02 12:02:50,745: Step 20, Train PSNR 27.969495487213134
2025-09-02 12:02:51,742: Jac Loss 50744.15625
2025-09-02 12:03:02,557: Jac Loss 48925.5625
2025-09-02 12:03:12,104: Step 30, Train PSNR 27.91725870768229
2025-09-02 12:03:13,043: Jac Loss 26320.740234375
2025-09-02 12:03:23,245: Jac Loss 44291.6015625
2025-09-02 12:03:32,631: Step 40, Train PSNR 27.822965240478517
2025-09-02 12:03:33,508: Jac Loss 46104.265625
2025-09-02 12:03:43,179: [Epoch 16] Train Loss: 3.12E+01, PSNR: 27.83
2025-09-02 12:03:43,946: Jac Loss 40889.08984375
2025-09-02 12:03:54,453: Jac Loss 52688.6640625
2025-09-02 12:04:03,944: Step 10, Train PSNR 28.07866497039795
2025-09-02 12:04:04,752: Jac Loss 46428.7109375
2025-09-02 12:04:15,141: Jac Loss 51048.06640625
2025-09-02 12:04:24,650: Step 20, Train PSNR 27.656696605682374
2025-09-02 12:04:25,375: Jac Loss 43087.18359375
2025-09-02 12:04:35,664: Jac Loss 56477.89453125
2025-09-02 12:04:45,530: Step 30, Train PSNR 27.7325590133667
2025-09-02 12:04:46,708: Jac Loss 54437.64453125
2025-09-02 12:04:57,485: Jac Loss 55740.2265625
2025-09-02 12:05:07,340: Step 40, Train PSNR 27.772428607940675
2025-09-02 12:05:08,247: Jac Loss 51546.98046875
2025-09-02 12:05:18,167: [Epoch 17] Train Loss: 3.18E+01, PSNR: 27.78
2025-09-02 12:05:18,953: Jac Loss 55536.21484375
2025-09-02 12:05:29,480: Jac Loss 28293.322265625
2025-09-02 12:05:39,301: Step 10, Train PSNR 28.131902122497557
2025-09-02 12:05:40,135: Jac Loss 68436.296875
2025-09-02 12:05:51,330: Jac Loss 70309.6875
2025-09-02 12:06:01,629: Step 20, Train PSNR 28.273229026794432
2025-09-02 12:06:02,690: Jac Loss 59527.65625
2025-09-02 12:06:13,626: Jac Loss 58373.03125
2025-09-02 12:06:23,685: Step 30, Train PSNR 28.135551071166994
2025-09-02 12:06:24,471: Jac Loss 57787.296875
2025-09-02 12:06:34,972: Jac Loss 39110.40625
2025-09-02 12:06:44,577: Step 40, Train PSNR 27.92841796875
2025-09-02 12:06:45,552: Jac Loss 46724.9140625
2025-09-02 12:06:55,474: [Epoch 18] Train Loss: 3.07E+01, PSNR: 27.92
2025-09-02 12:06:56,483: Jac Loss 58400.83984375
2025-09-02 12:07:07,518: Jac Loss 68576.5546875
2025-09-02 12:07:17,301: Step 10, Train PSNR 28.199118232727052
2025-09-02 12:07:18,373: Jac Loss 51647.30859375
2025-09-02 12:07:29,537: Jac Loss 62780.9609375
2025-09-02 12:07:39,403: Step 20, Train PSNR 27.913025283813475
2025-09-02 12:07:40,496: Jac Loss 58064.7734375
2025-09-02 12:07:51,284: Jac Loss 43351.66796875
2025-09-02 12:08:01,073: Step 30, Train PSNR 27.846477953592935
2025-09-02 12:08:02,104: Jac Loss 64447.3125
2025-09-02 12:08:13,131: Jac Loss 71724.453125
2025-09-02 12:08:23,330: Step 40, Train PSNR 28.030034351348878
2025-09-02 12:08:24,472: Jac Loss 62118.671875
2025-09-02 12:08:34,543: [Epoch 19] Train Loss: 3.09E+01, PSNR: 27.98
2025-09-02 12:08:35,291: Jac Loss 54109.3515625
2025-09-02 12:08:46,146: Jac Loss 61955.52734375
2025-09-02 12:08:55,952: Step 10, Train PSNR 27.88797969818115
2025-09-02 12:08:56,781: Jac Loss 36732.9453125
2025-09-02 12:09:07,522: Jac Loss 72291.921875
2025-09-02 12:09:17,915: Step 20, Train PSNR 28.001348781585694
2025-09-02 12:09:18,920: Jac Loss 69153.8046875
2025-09-02 12:09:30,255: Jac Loss 59406.2578125
2025-09-02 12:09:40,252: Step 30, Train PSNR 27.817697461446127
2025-09-02 12:09:41,122: Jac Loss 49948.6875
2025-09-02 12:09:51,272: Jac Loss 76310.3984375
2025-09-02 12:10:01,453: Step 40, Train PSNR 27.798210287094115
2025-09-02 12:10:02,208: Jac Loss 59665.9609375
2025-09-02 12:10:12,408: [Epoch 20] Train Loss: 3.15E+01, PSNR: 27.81
2025-09-02 12:10:19,053: [Epoch 20] Val Loss: 1.88E+02, PSNR: 27.86
2025-09-02 12:10:19,958: Jac Loss 73323.28125
2025-09-02 12:10:31,333: Jac Loss 59954.19140625
2025-09-02 12:10:41,398: Step 10, Train PSNR 28.117845153808595
2025-09-02 12:10:42,246: Jac Loss 68860.90625
2025-09-02 12:10:53,669: Jac Loss 81232.15625
2025-09-02 12:11:03,781: Step 20, Train PSNR 28.190699100494385
2025-09-02 12:11:04,468: Jac Loss 50064.5703125
2025-09-02 12:11:15,572: Jac Loss 52954.8359375
2025-09-02 12:11:25,998: Step 30, Train PSNR 28.07220204671224
2025-09-02 12:11:26,886: Jac Loss 74036.953125
2025-09-02 12:11:38,215: Jac Loss 67741.96875
2025-09-02 12:11:48,534: Step 40, Train PSNR 27.940195560455322
2025-09-02 12:11:49,363: Jac Loss 63923.15625
2025-09-02 12:11:59,653: [Epoch 21] Train Loss: 3.07E+01, PSNR: 27.90
2025-09-02 12:12:00,756: Jac Loss 64761.9140625
2025-09-02 12:12:11,777: Jac Loss 77820.203125
2025-09-02 12:12:22,332: Step 10, Train PSNR 27.845266151428223
2025-09-02 12:12:23,243: Jac Loss 67861.109375
2025-09-02 12:12:34,792: Jac Loss 70542.6171875
2025-09-02 12:12:44,969: Step 20, Train PSNR 27.886334228515626
2025-09-02 12:12:46,032: Jac Loss 59814.0546875
2025-09-02 12:12:57,180: Jac Loss 82298.0625
2025-09-02 12:13:07,635: Step 30, Train PSNR 27.867161369323732
2025-09-02 12:13:08,404: Jac Loss 73137.28125
2025-09-02 12:13:19,786: Jac Loss 56506.63671875
2025-09-02 12:13:29,849: Step 40, Train PSNR 27.88250298500061
2025-09-02 12:13:30,588: Jac Loss 76711.390625
2025-09-02 12:13:40,989: [Epoch 22] Train Loss: 3.09E+01, PSNR: 27.92
2025-09-02 12:13:42,186: Jac Loss 89315.78125
2025-09-02 12:13:53,876: Jac Loss 79990.421875
2025-09-02 12:14:04,283: Step 10, Train PSNR 28.046617698669433
2025-09-02 12:14:05,442: Jac Loss 72580.5
2025-09-02 12:14:17,008: Jac Loss 78809.4140625
2025-09-02 12:14:27,323: Step 20, Train PSNR 27.849043941497804
2025-09-02 12:14:28,267: Jac Loss 71299.8203125
2025-09-02 12:14:39,450: Jac Loss 59003.2265625
2025-09-02 12:14:49,995: Step 30, Train PSNR 27.80475597381592
2025-09-02 12:14:50,681: Jac Loss 65840.359375
2025-09-02 12:15:01,549: Jac Loss 79501.78125
2025-09-02 12:15:12,317: Step 40, Train PSNR 27.878846979141237
2025-09-02 12:15:13,313: Jac Loss 81811.2578125
2025-09-02 12:15:23,979: [Epoch 23] Train Loss: 3.06E+01, PSNR: 27.91
2025-09-02 12:15:24,812: Jac Loss 79392.0390625
2025-09-02 12:15:36,322: Jac Loss 65757.8671875
2025-09-02 12:15:46,552: Step 10, Train PSNR 27.88583106994629
2025-09-02 12:15:47,278: Jac Loss 68474.2421875
2025-09-02 12:15:58,669: Jac Loss 68098.171875
2025-09-02 12:16:08,975: Step 20, Train PSNR 27.709952926635744
2025-09-02 12:16:10,173: Jac Loss 64070.77734375
2025-09-02 12:16:21,323: Jac Loss 79468.1640625
2025-09-02 12:16:31,750: Step 30, Train PSNR 27.698596890767416
2025-09-02 12:16:32,886: Jac Loss 85191.046875
2025-09-02 12:16:44,059: Jac Loss 69927.3984375
2025-09-02 12:16:54,405: Step 40, Train PSNR 27.642859125137328
2025-09-02 12:16:55,365: Jac Loss 73766.453125
2025-09-02 12:17:06,146: [Epoch 24] Train Loss: 3.15E+01, PSNR: 27.72
2025-09-02 12:17:07,175: Jac Loss 85817.5625
2025-09-02 12:17:18,529: Jac Loss 70537.1171875
2025-09-02 12:17:28,915: Step 10, Train PSNR 28.084154319763183
2025-09-02 12:17:29,664: Jac Loss 71624.0859375
2025-09-02 12:17:40,986: Jac Loss 65600.6953125
2025-09-02 12:17:51,416: Step 20, Train PSNR 27.828935813903808
2025-09-02 12:17:52,308: Jac Loss 81691.921875
2025-09-02 12:18:03,715: Jac Loss 60389.68359375
2025-09-02 12:18:14,310: Step 30, Train PSNR 27.818662961324055
2025-09-02 12:18:15,378: Jac Loss 86516.6953125
2025-09-02 12:18:26,909: Jac Loss 71826.7109375
2025-09-02 12:18:37,130: Step 40, Train PSNR 27.841501426696777
2025-09-02 12:18:38,272: Jac Loss 70823.9140625
2025-09-02 12:18:48,774: [Epoch 25] Train Loss: 3.17E+01, PSNR: 27.83
2025-09-02 12:18:49,760: Jac Loss 77925.90625
2025-09-02 12:19:01,041: Jac Loss 71197.1171875
2025-09-02 12:19:10,794: Step 10, Train PSNR 27.76438179016113
2025-09-02 12:19:11,749: Jac Loss 33858.78125
2025-09-02 12:19:22,586: Jac Loss 72503.390625
2025-09-02 12:19:32,708: Step 20, Train PSNR 27.699602317810058
2025-09-02 12:19:33,693: Jac Loss 81415.28125
2025-09-02 12:19:45,117: Jac Loss 88810.421875
2025-09-02 12:19:55,912: Step 30, Train PSNR 27.805742454528808
2025-09-02 12:19:57,009: Jac Loss 79763.078125
2025-09-02 12:20:08,438: Jac Loss 83261.828125
2025-09-02 12:20:19,174: Step 40, Train PSNR 27.894565296173095
2025-09-02 12:20:20,043: Jac Loss 76706.71875
2025-09-02 12:20:30,271: [Epoch 26] Train Loss: 3.12E+01, PSNR: 27.84
2025-09-02 12:20:31,103: Jac Loss 74906.53125
2025-09-02 12:20:42,800: Jac Loss 84700.265625
2025-09-02 12:20:53,507: Step 10, Train PSNR 27.9932954788208
2025-09-02 12:20:54,419: Jac Loss 80172.109375
2025-09-02 12:21:05,831: Jac Loss 60349.8046875
2025-09-02 12:21:16,001: Step 20, Train PSNR 27.800938415527344
2025-09-02 12:21:17,051: Jac Loss 62510.953125
2025-09-02 12:21:28,470: Jac Loss 55429.0546875
2025-09-02 12:21:39,019: Step 30, Train PSNR 27.86329879760742
2025-09-02 12:21:39,783: Jac Loss 73002.546875
2025-09-02 12:21:51,403: Jac Loss 89998.9453125
2025-09-02 12:22:02,315: Step 40, Train PSNR 27.98036551475525
2025-09-02 12:22:03,160: Jac Loss 72263.4375
2025-09-02 12:22:13,490: [Epoch 27] Train Loss: 3.08E+01, PSNR: 27.95
2025-09-02 12:22:14,677: Jac Loss 72121.7109375
2025-09-02 12:22:26,325: Jac Loss 85643.2890625
2025-09-02 12:22:37,040: Step 10, Train PSNR 28.415327072143555
2025-09-02 12:22:37,791: Jac Loss 87179.546875
2025-09-02 12:22:49,199: Jac Loss 68660.765625
2025-09-02 12:22:59,920: Step 20, Train PSNR 28.200811100006103
2025-09-02 12:23:00,744: Jac Loss 42520.3359375
2025-09-02 12:23:11,520: Jac Loss 77140.0546875
2025-09-02 12:23:22,255: Step 30, Train PSNR 27.93327210744222
2025-09-02 12:23:23,063: Jac Loss 69064.03125
2025-09-02 12:23:34,737: Jac Loss 89976.75
2025-09-02 12:23:45,219: Step 40, Train PSNR 27.873143482208253
2025-09-02 12:23:46,383: Jac Loss 72513.515625
2025-09-02 12:23:56,916: [Epoch 28] Train Loss: 3.10E+01, PSNR: 27.92
2025-09-02 12:23:57,868: Jac Loss 68568.53125
2025-09-02 12:24:09,347: Jac Loss 73322.2890625
2025-09-02 12:24:20,022: Step 10, Train PSNR 27.55472812652588
2025-09-02 12:24:21,173: Jac Loss 85541.6875
2025-09-02 12:24:32,887: Jac Loss 82376.03125
2025-09-02 12:24:43,573: Step 20, Train PSNR 27.753142833709717
2025-09-02 12:24:44,350: Jac Loss 85954.09375
2025-09-02 12:24:55,406: Jac Loss 48707.6796875
2025-09-02 12:25:05,876: Step 30, Train PSNR 27.798578834533693
2025-09-02 12:25:06,855: Jac Loss 103633.2578125
2025-09-02 12:25:19,097: Jac Loss 85486.84375
2025-09-02 12:25:29,847: Step 40, Train PSNR 27.898896312713624
2025-09-02 12:25:30,849: Jac Loss 83617.328125
2025-09-02 12:25:41,796: [Epoch 29] Train Loss: 3.08E+01, PSNR: 27.88
2025-09-02 12:25:43,033: Jac Loss 91849.0
2025-09-02 12:25:54,787: Jac Loss 82277.6484375
2025-09-02 12:26:05,305: Step 10, Train PSNR 27.873702621459962
2025-09-02 12:26:06,272: Jac Loss 84591.953125
2025-09-02 12:26:17,957: Jac Loss 81915.1953125
2025-09-02 12:26:28,521: Step 20, Train PSNR 27.995858669281006
2025-09-02 12:26:29,701: Jac Loss 73824.0
2025-09-02 12:26:41,242: Jac Loss 44617.48046875
2025-09-02 12:26:51,416: Step 30, Train PSNR 27.95439847310384
2025-09-02 12:26:52,271: Jac Loss 74048.734375
2025-09-02 12:27:03,623: Jac Loss 69840.09375
2025-09-02 12:27:14,140: Step 40, Train PSNR 27.809876680374146
2025-09-02 12:27:15,155: Jac Loss 84821.78125
2025-09-02 12:27:25,971: [Epoch 30] Train Loss: 3.13E+01, PSNR: 27.89
2025-09-02 12:27:26,973: Jac Loss 85711.78125
2025-09-02 12:27:38,848: Jac Loss 69480.0703125
2025-09-02 12:27:49,259: Step 10, Train PSNR 27.7923225402832
2025-09-02 12:27:50,218: Jac Loss 65933.328125
2025-09-02 12:28:01,685: Jac Loss 75771.859375
2025-09-02 12:28:12,274: Step 20, Train PSNR 27.820031547546385
2025-09-02 12:28:13,247: Jac Loss 79663.578125
2025-09-02 12:28:24,851: Jac Loss 78714.4921875
2025-09-02 12:28:35,730: Step 30, Train PSNR 27.809934616088867
2025-09-02 12:28:36,546: Jac Loss 74424.546875
2025-09-02 12:28:48,158: Jac Loss 72232.609375
2025-09-02 12:28:58,573: Step 40, Train PSNR 27.68249068260193
2025-09-02 12:28:59,287: Jac Loss 69429.6875
2025-09-02 12:29:09,752: [Epoch 31] Train Loss: 3.25E+01, PSNR: 27.69
2025-09-02 12:29:10,644: Jac Loss 74855.0
2025-09-02 12:29:21,864: Jac Loss 64840.328125
2025-09-02 12:29:32,404: Step 10, Train PSNR 27.32814464569092
2025-09-02 12:29:33,087: Jac Loss 78071.296875
2025-09-02 12:29:44,855: Jac Loss 81429.1640625
2025-09-02 12:29:55,439: Step 20, Train PSNR 27.617474365234376
2025-09-02 12:29:56,619: Jac Loss 82225.0
2025-09-02 12:30:08,548: Jac Loss 95959.0
2025-09-02 12:30:19,123: Step 30, Train PSNR 27.753971926371257
2025-09-02 12:30:19,943: Jac Loss 82432.8125
2025-09-02 12:30:32,114: Jac Loss 92191.65625
2025-09-02 12:30:43,083: Step 40, Train PSNR 27.76300754547119
2025-09-02 12:30:44,283: Jac Loss 82515.6953125
2025-09-02 12:30:55,076: [Epoch 32] Train Loss: 3.17E+01, PSNR: 27.75
2025-09-02 12:30:56,119: Jac Loss 63989.390625
2025-09-02 12:31:07,998: Jac Loss 94947.90625
2025-09-02 12:31:18,789: Step 10, Train PSNR 28.113719940185547
2025-09-02 12:31:19,535: Jac Loss 73750.9609375
2025-09-02 12:31:31,199: Jac Loss 82114.3515625
2025-09-02 12:31:41,889: Step 20, Train PSNR 27.858159351348878
2025-09-02 12:31:42,671: Jac Loss 70522.5703125
2025-09-02 12:31:54,160: Jac Loss 85996.9296875
2025-09-02 12:32:04,892: Step 30, Train PSNR 27.76854330698649
2025-09-02 12:32:05,757: Jac Loss 94451.9375
2025-09-02 12:32:17,307: Jac Loss 95287.1640625
2025-09-02 12:32:28,459: Step 40, Train PSNR 27.880817651748657
2025-09-02 12:32:29,277: Jac Loss 90587.5625
2025-09-02 12:32:40,183: [Epoch 33] Train Loss: 3.09E+01, PSNR: 27.92
2025-09-02 12:32:41,008: Jac Loss 79793.1640625
2025-09-02 12:32:52,906: Jac Loss 76328.0390625
2025-09-02 12:33:03,405: Step 10, Train PSNR 27.79935188293457
2025-09-02 12:33:04,336: Jac Loss 85217.03125
2025-09-02 12:33:15,594: Jac Loss 90730.421875
2025-09-02 12:33:26,151: Step 20, Train PSNR 27.888379096984863
2025-09-02 12:33:27,065: Jac Loss 89290.0234375
2025-09-02 12:33:38,862: Jac Loss 84460.1875
2025-09-02 12:33:49,564: Step 30, Train PSNR 27.86751543680827
2025-09-02 12:33:50,577: Jac Loss 82165.1640625
2025-09-02 12:34:02,207: Jac Loss 97931.75
2025-09-02 12:34:13,182: Step 40, Train PSNR 27.8228440284729
2025-09-02 12:34:14,021: Jac Loss 80888.78125
2025-09-02 12:34:24,564: [Epoch 34] Train Loss: 3.23E+01, PSNR: 27.73
2025-09-02 12:34:25,516: Jac Loss 74312.546875
2025-09-02 12:34:36,936: Jac Loss 72993.984375
2025-09-02 12:34:47,612: Step 10, Train PSNR 28.006597900390624
2025-09-02 12:34:48,540: Jac Loss 84055.6875
2025-09-02 12:35:00,536: Jac Loss 77998.390625
2025-09-02 12:35:11,215: Step 20, Train PSNR 28.000588607788085
2025-09-02 12:35:12,143: Jac Loss 107679.796875
2025-09-02 12:35:24,350: Jac Loss 92015.1328125
2025-09-02 12:35:35,330: Step 30, Train PSNR 28.004343287150064
2025-09-02 12:35:36,380: Jac Loss 105385.34375
2025-09-02 12:35:48,483: Jac Loss 95333.8984375
2025-09-02 12:35:59,249: Step 40, Train PSNR 27.940498542785644
2025-09-02 12:36:00,272: Jac Loss 84175.90625
2025-09-02 12:36:10,926: [Epoch 35] Train Loss: 3.12E+01, PSNR: 27.87
2025-09-02 12:36:12,074: Jac Loss 83915.78125
2025-09-02 12:36:23,810: Jac Loss 82082.015625
2025-09-02 12:36:34,449: Step 10, Train PSNR 27.5653657913208
2025-09-02 12:36:35,414: Jac Loss 76001.78125
2025-09-02 12:36:47,138: Jac Loss 70526.953125
2025-09-02 12:36:58,059: Step 20, Train PSNR 27.66194829940796
2025-09-02 12:36:59,122: Jac Loss 87816.9453125
2025-09-02 12:37:11,028: Jac Loss 85137.015625
2025-09-02 12:37:21,644: Step 30, Train PSNR 27.70773760477702
2025-09-02 12:37:22,598: Jac Loss 67858.125
2025-09-02 12:37:34,465: Jac Loss 87687.1171875
2025-09-02 12:37:45,108: Step 40, Train PSNR 27.785909938812257
2025-09-02 12:37:46,220: Jac Loss 77364.7109375
2025-09-02 12:37:57,069: [Epoch 36] Train Loss: 3.21E+01, PSNR: 27.78
2025-09-02 12:37:58,224: Jac Loss 98992.203125
2025-09-02 12:38:10,182: Jac Loss 85936.90625
2025-09-02 12:38:20,989: Step 10, Train PSNR 27.96610050201416
2025-09-02 12:38:22,017: Jac Loss 76852.359375
2025-09-02 12:38:34,159: Jac Loss 83856.078125
2025-09-02 12:38:45,019: Step 20, Train PSNR 27.846623420715332
2025-09-02 12:38:45,796: Jac Loss 74993.3125
2025-09-02 12:38:57,212: Jac Loss 66901.421875
2025-09-02 12:39:07,609: Step 30, Train PSNR 27.949079195658367
2025-09-02 12:39:08,556: Jac Loss 102904.09375
2025-09-02 12:39:20,349: Jac Loss 82985.359375
2025-09-02 12:39:31,061: Step 40, Train PSNR 27.856006813049316
2025-09-02 12:39:31,825: Jac Loss 78835.3515625
2025-09-02 12:39:42,678: [Epoch 37] Train Loss: 3.12E+01, PSNR: 27.87
2025-09-02 12:39:43,752: Jac Loss 86340.8359375
2025-09-02 12:39:55,169: Jac Loss 61499.640625
2025-09-02 12:40:05,739: Step 10, Train PSNR 27.434201431274413
2025-09-02 12:40:06,811: Jac Loss 91719.71875
2025-09-02 12:40:18,614: Jac Loss 90991.5078125
2025-09-02 12:40:29,519: Step 20, Train PSNR 27.927283382415773
2025-09-02 12:40:30,436: Jac Loss 82317.6328125
2025-09-02 12:40:42,518: Jac Loss 99237.765625
2025-09-02 12:40:53,290: Step 30, Train PSNR 27.873213005065917
2025-09-02 12:40:54,270: Jac Loss 93067.25
2025-09-02 12:41:06,175: Jac Loss 96262.921875
2025-09-02 12:41:17,117: Step 40, Train PSNR 28.01913719177246
2025-09-02 12:41:18,148: Jac Loss 93208.421875
2025-09-02 12:41:29,107: [Epoch 38] Train Loss: 3.07E+01, PSNR: 28.00
2025-09-02 12:41:30,060: Jac Loss 84511.0234375
2025-09-02 12:41:42,053: Jac Loss 93435.75
2025-09-02 12:41:52,893: Step 10, Train PSNR 27.938216400146484
2025-09-02 12:41:54,009: Jac Loss 80167.03125
2025-09-02 12:42:05,339: Jac Loss 97087.046875
2025-09-02 12:42:16,589: Step 20, Train PSNR 28.186263942718504
2025-09-02 12:42:17,585: Jac Loss 99103.828125
2025-09-02 12:42:29,746: Jac Loss 97593.65625
2025-09-02 12:42:40,840: Step 30, Train PSNR 28.162486267089843
2025-09-02 12:42:41,781: Jac Loss 91343.1328125
2025-09-02 12:42:53,783: Jac Loss 85313.0625
2025-09-02 12:43:04,781: Step 40, Train PSNR 28.10459408760071
2025-09-02 12:43:05,556: Jac Loss 89171.828125
2025-09-02 12:43:16,328: [Epoch 39] Train Loss: 2.98E+01, PSNR: 28.09
2025-09-02 12:43:17,344: Jac Loss 77604.3828125
2025-09-02 12:43:28,893: Jac Loss 89268.28125
2025-09-02 12:43:39,924: Step 10, Train PSNR 27.825880241394042
2025-09-02 12:43:40,966: Jac Loss 89524.3203125
2025-09-02 12:43:52,547: Jac Loss 74706.6328125
2025-09-02 12:44:03,295: Step 20, Train PSNR 27.901149654388426
2025-09-02 12:44:04,131: Jac Loss 104855.890625
2025-09-02 12:44:16,213: Jac Loss 93925.8125
2025-09-02 12:44:27,049: Step 30, Train PSNR 27.945735677083334
2025-09-02 12:44:28,107: Jac Loss 82836.7109375
2025-09-02 12:44:39,813: Jac Loss 92366.2734375
2025-09-02 12:44:50,686: Step 40, Train PSNR 27.90187249183655
2025-09-02 12:44:51,643: Jac Loss 100456.265625
2025-09-02 12:45:02,800: [Epoch 40] Train Loss: 3.04E+01, PSNR: 28.01
2025-09-02 12:45:09,522: [Epoch 40] Val Loss: 1.88E+02, PSNR: 27.90
2025-09-02 12:45:10,467: Jac Loss 93454.2734375
2025-09-02 12:45:22,612: Jac Loss 95183.5703125
2025-09-02 12:45:33,623: Step 10, Train PSNR 27.912410545349122
2025-09-02 12:45:34,438: Jac Loss 87799.0703125
2025-09-02 12:45:46,355: Jac Loss 92605.453125
2025-09-02 12:45:57,102: Step 20, Train PSNR 27.873070907592773
2025-09-02 12:45:57,852: Jac Loss 77408.5625
2025-09-02 12:46:09,504: Jac Loss 91297.703125
2025-09-02 12:46:20,364: Step 30, Train PSNR 27.917680994669595
2025-09-02 12:46:21,253: Jac Loss 93256.515625
2025-09-02 12:46:33,299: Jac Loss 93733.3671875
2025-09-02 12:46:44,291: Step 40, Train PSNR 27.97838282585144
2025-09-02 12:46:45,218: Jac Loss 80847.5703125
2025-09-02 12:46:56,078: [Epoch 41] Train Loss: 3.06E+01, PSNR: 28.01
2025-09-02 12:46:57,126: Jac Loss 92447.25
2025-09-02 12:47:08,843: Jac Loss 83171.484375
2025-09-02 12:47:19,581: Step 10, Train PSNR 27.96004467010498
2025-09-02 12:47:20,455: Jac Loss 79903.078125
2025-09-02 12:47:32,471: Jac Loss 87446.515625
2025-09-02 12:47:43,175: Step 20, Train PSNR 27.99311571121216
2025-09-02 12:47:44,088: Jac Loss 96432.25
2025-09-02 12:47:55,876: Jac Loss 72321.6484375
2025-09-02 12:48:06,513: Step 30, Train PSNR 27.826359049479166
2025-09-02 12:48:07,354: Jac Loss 74925.328125
2025-09-02 12:48:19,153: Jac Loss 88652.265625
2025-09-02 12:48:29,911: Step 40, Train PSNR 27.80048704147339
2025-09-02 12:48:31,080: Jac Loss 97441.234375
2025-09-02 12:48:41,900: [Epoch 42] Train Loss: 3.25E+01, PSNR: 27.72
2025-09-02 12:48:43,099: Jac Loss 83113.140625
2025-09-02 12:48:54,691: Jac Loss 86089.59375
2025-09-02 12:49:05,489: Step 10, Train PSNR 27.510903930664064
2025-09-02 12:49:06,376: Jac Loss 93087.9609375
2025-09-02 12:49:18,275: Jac Loss 79537.265625
2025-09-02 12:49:28,940: Step 20, Train PSNR 27.679321670532225
2025-09-02 12:49:30,007: Jac Loss 80499.59375
2025-09-02 12:49:41,837: Jac Loss 100394.703125
2025-09-02 12:49:52,992: Step 30, Train PSNR 27.756206893920897
2025-09-02 12:49:53,930: Jac Loss 106641.7890625
2025-09-02 12:50:06,072: Jac Loss 114787.453125
2025-09-02 12:50:17,224: Step 40, Train PSNR 27.947225713729857
2025-09-02 12:50:18,061: Jac Loss 100785.21875
2025-09-02 12:50:29,207: [Epoch 43] Train Loss: 2.99E+01, PSNR: 28.05
2025-09-02 12:50:30,097: Jac Loss 91749.125
2025-09-02 12:50:41,772: Jac Loss 51630.96875
2025-09-02 12:50:52,038: Step 10, Train PSNR 27.496193504333498
2025-09-02 12:50:52,737: Jac Loss 67360.78125
2025-09-02 12:51:04,523: Jac Loss 100221.0625
2025-09-02 12:51:15,503: Step 20, Train PSNR 27.67303886413574
2025-09-02 12:51:16,448: Jac Loss 92454.421875
2025-09-02 12:51:28,048: Jac Loss 73964.671875
2025-09-02 12:51:38,935: Step 30, Train PSNR 27.723011779785157
2025-09-02 12:51:39,623: Jac Loss 81594.265625
2025-09-02 12:51:50,912: Jac Loss 68029.578125
2025-09-02 12:52:01,488: Step 40, Train PSNR 27.70840358734131
2025-09-02 12:52:02,199: Jac Loss 96196.21875
2025-09-02 12:52:13,286: [Epoch 44] Train Loss: 3.21E+01, PSNR: 27.71
2025-09-02 12:52:14,450: Jac Loss 85803.453125
2025-09-02 12:52:26,555: Jac Loss 103387.78125
2025-09-02 12:52:37,485: Step 10, Train PSNR 27.982367324829102
2025-09-02 12:52:38,416: Jac Loss 91601.421875
2025-09-02 12:52:50,349: Jac Loss 95294.890625
2025-09-02 12:53:01,553: Step 20, Train PSNR 28.03327646255493
2025-09-02 12:53:02,595: Jac Loss 92967.6015625
2025-09-02 12:53:14,535: Jac Loss 85538.078125
2025-09-02 12:53:25,359: Step 30, Train PSNR 28.086529858907063
2025-09-02 12:53:26,344: Jac Loss 82400.625
2025-09-02 12:53:38,086: Jac Loss 93166.5390625
2025-09-02 12:53:49,230: Step 40, Train PSNR 28.02492423057556
2025-09-02 12:53:49,983: Jac Loss 85789.671875
2025-09-02 12:54:00,916: [Epoch 45] Train Loss: 3.00E+01, PSNR: 28.00
2025-09-02 12:54:01,657: Jac Loss 77970.21875
2025-09-02 12:54:13,515: Jac Loss 97907.078125
2025-09-02 12:54:24,499: Step 10, Train PSNR 27.78822441101074
2025-09-02 12:54:25,244: Jac Loss 78458.828125
2025-09-02 12:54:36,752: Jac Loss 94746.96875
2025-09-02 12:54:47,628: Step 20, Train PSNR 27.867510986328124
2025-09-02 12:54:48,363: Jac Loss 71778.796875
2025-09-02 12:55:00,046: Jac Loss 100941.953125
2025-09-02 12:55:10,836: Step 30, Train PSNR 27.841079966227213
2025-09-02 12:55:11,601: Jac Loss 71498.7890625
2025-09-02 12:55:23,448: Jac Loss 94373.890625
2025-09-02 12:55:34,654: Step 40, Train PSNR 27.912347936630248
2025-09-02 12:55:35,454: Jac Loss 95629.1875
2025-09-02 12:55:46,514: [Epoch 46] Train Loss: 3.07E+01, PSNR: 27.93
2025-09-02 12:55:47,544: Jac Loss 80800.3671875
2025-09-02 12:55:59,212: Jac Loss 89862.65625
2025-09-02 12:56:09,985: Step 10, Train PSNR 28.15981502532959
2025-09-02 12:56:10,966: Jac Loss 103046.9609375
2025-09-02 12:56:23,199: Jac Loss 91453.7734375
2025-09-02 12:56:33,869: Step 20, Train PSNR 28.121240520477294
2025-09-02 12:56:34,747: Jac Loss 95849.2890625
2025-09-02 12:56:46,669: Jac Loss 97136.9765625
2025-09-02 12:56:57,870: Step 30, Train PSNR 28.152004623413085
2025-09-02 12:56:59,045: Jac Loss 96140.0546875
2025-09-02 12:57:10,599: Jac Loss 63512.05859375
2025-09-02 12:57:20,909: Step 40, Train PSNR 28.024517202377318
2025-09-02 12:57:21,715: Jac Loss 95690.953125
2025-09-02 12:57:32,621: [Epoch 47] Train Loss: 3.12E+01, PSNR: 27.95
2025-09-02 12:57:33,528: Jac Loss 73256.75
2025-09-02 12:57:45,031: Jac Loss 85503.9375
2025-09-02 12:57:56,309: Step 10, Train PSNR 28.01319274902344
2025-09-02 12:57:57,487: Jac Loss 95623.1875
2025-09-02 12:58:09,728: Jac Loss 83207.5078125
2025-09-02 12:58:20,884: Step 20, Train PSNR 27.85431432723999
2025-09-02 12:58:21,684: Jac Loss 91889.578125
2025-09-02 12:58:33,228: Jac Loss 100293.34375
2025-09-02 12:58:44,390: Step 30, Train PSNR 27.93271738688151
2025-09-02 12:58:45,425: Jac Loss 101992.5
2025-09-02 12:58:57,623: Jac Loss 121097.5
2025-09-02 12:59:08,841: Step 40, Train PSNR 28.024920845031737
2025-09-02 12:59:09,927: Jac Loss 100275.640625
2025-09-02 12:59:20,764: [Epoch 48] Train Loss: 3.05E+01, PSNR: 28.00
2025-09-02 12:59:21,514: Jac Loss 82197.5625
2025-09-02 12:59:33,212: Jac Loss 93736.640625
2025-09-02 12:59:44,021: Step 10, Train PSNR 27.88728446960449
2025-09-02 12:59:45,080: Jac Loss 67389.03125
2025-09-02 12:59:57,305: Jac Loss 110144.828125
2025-09-02 13:00:08,424: Step 20, Train PSNR 27.91492805480957
2025-09-02 13:00:09,421: Jac Loss 93295.953125
2025-09-02 13:00:21,348: Jac Loss 94992.8203125
2025-09-02 13:00:32,465: Step 30, Train PSNR 28.1120548248291
2025-09-02 13:00:33,652: Jac Loss 102252.765625
2025-09-02 13:00:45,763: Jac Loss 98161.34375
2025-09-02 13:00:56,833: Step 40, Train PSNR 28.27800555229187
2025-09-02 13:00:57,687: Jac Loss 80997.578125
2025-09-02 13:01:08,540: [Epoch 49] Train Loss: 2.95E+01, PSNR: 28.15
2025-09-02 13:01:09,401: Jac Loss 90811.9453125
2025-09-02 13:01:21,530: Jac Loss 99224.953125
2025-09-02 13:01:32,391: Step 10, Train PSNR 27.49537925720215
2025-09-02 13:01:33,445: Jac Loss 95385.296875
2025-09-02 13:01:44,876: Jac Loss 73702.546875
2025-09-02 13:01:55,813: Step 20, Train PSNR 27.547243213653566
2025-09-02 13:01:56,983: Jac Loss 107569.8828125
2025-09-02 13:02:09,053: Jac Loss 106314.5078125
2025-09-02 13:02:19,941: Step 30, Train PSNR 27.65659548441569
2025-09-02 13:02:20,914: Jac Loss 77154.625
2025-09-02 13:02:32,793: Jac Loss 100672.453125
2025-09-02 13:02:44,125: Step 40, Train PSNR 27.791781854629516
2025-09-02 13:02:45,313: Jac Loss 108002.359375
2025-09-02 13:02:56,431: [Epoch 50] Train Loss: 3.13E+01, PSNR: 27.80
2025-09-02 13:02:57,644: Jac Loss 84751.8046875
2025-09-02 13:03:09,482: Jac Loss 92548.65625
2025-09-02 13:03:20,208: Step 10, Train PSNR 27.789100074768065
2025-09-02 13:03:21,257: Jac Loss 83312.5546875
2025-09-02 13:03:32,910: Jac Loss 84058.65625
2025-09-02 13:03:43,924: Step 20, Train PSNR 27.903780937194824
2025-09-02 13:03:44,915: Jac Loss 87141.7265625
2025-09-02 13:03:56,782: Jac Loss 101571.171875
2025-09-02 13:04:07,860: Step 30, Train PSNR 27.936212730407714
2025-09-02 13:04:08,953: Jac Loss 89035.84375
2025-09-02 13:04:20,825: Jac Loss 83866.4375
2025-09-02 13:04:31,795: Step 40, Train PSNR 27.94487600326538
2025-09-02 13:04:32,676: Jac Loss 104223.7421875
2025-09-02 13:04:43,877: [Epoch 51] Train Loss: 3.01E+01, PSNR: 28.00
2025-09-02 13:04:44,834: Jac Loss 110124.390625
2025-09-02 13:04:56,935: Jac Loss 102155.375
2025-09-02 13:05:07,853: Step 10, Train PSNR 27.903651618957518
2025-09-02 13:05:08,932: Jac Loss 98206.6796875
2025-09-02 13:05:20,814: Jac Loss 99239.6171875
2025-09-02 13:05:31,899: Step 20, Train PSNR 28.253016662597656
2025-09-02 13:05:32,814: Jac Loss 84805.4375
2025-09-02 13:05:44,805: Jac Loss 85043.6953125
2025-09-02 13:05:55,771: Step 30, Train PSNR 28.120572980244955
2025-09-02 13:05:56,658: Jac Loss 104051.515625
2025-09-02 13:06:08,824: Jac Loss 114182.09375
2025-09-02 13:06:20,022: Step 40, Train PSNR 28.10397615432739
2025-09-02 13:06:21,037: Jac Loss 72797.8984375
2025-09-02 13:06:31,493: [Epoch 52] Train Loss: 3.01E+01, PSNR: 28.05
2025-09-02 13:06:32,502: Jac Loss 70363.21875
2025-09-02 13:06:44,643: Jac Loss 89618.0234375
2025-09-02 13:06:55,493: Step 10, Train PSNR 27.77564640045166
2025-09-02 13:06:56,278: Jac Loss 93150.59375
2025-09-02 13:07:08,479: Jac Loss 84478.65625
2025-09-02 13:07:19,032: Step 20, Train PSNR 27.684707927703858
2025-09-02 13:07:20,231: Jac Loss 103248.40625
2025-09-02 13:07:32,246: Jac Loss 90330.328125
2025-09-02 13:07:43,086: Step 30, Train PSNR 27.846130307515462
2025-09-02 13:07:43,830: Jac Loss 76714.703125
2025-09-02 13:07:55,327: Jac Loss 89195.734375
2025-09-02 13:08:06,179: Step 40, Train PSNR 27.91946883201599
2025-09-02 13:08:07,031: Jac Loss 90535.890625
2025-09-02 13:08:17,972: [Epoch 53] Train Loss: 3.15E+01, PSNR: 27.85
2025-09-02 13:08:18,692: Jac Loss 82957.4375
2025-09-02 13:08:30,206: Jac Loss 86851.359375
2025-09-02 13:08:41,150: Step 10, Train PSNR 27.690760803222656
2025-09-02 13:08:41,910: Jac Loss 88642.640625
2025-09-02 13:08:53,511: Jac Loss 65405.67578125
2025-09-02 13:09:04,493: Step 20, Train PSNR 27.93218231201172
2025-09-02 13:09:05,281: Jac Loss 87040.921875
2025-09-02 13:09:17,505: Jac Loss 87022.703125
2025-09-02 13:09:28,433: Step 30, Train PSNR 27.782921663920085
2025-09-02 13:09:29,190: Jac Loss 100612.890625
2025-09-02 13:09:41,289: Jac Loss 84512.9765625
2025-09-02 13:09:52,279: Step 40, Train PSNR 27.935942268371583
2025-09-02 13:09:53,334: Jac Loss 102638.546875
2025-09-02 13:10:04,542: [Epoch 54] Train Loss: 3.09E+01, PSNR: 27.89
2025-09-02 13:10:05,482: Jac Loss 84689.765625
2025-09-02 13:10:17,307: Jac Loss 80331.09375
2025-09-02 13:10:28,045: Step 10, Train PSNR 27.484122848510744
2025-09-02 13:10:28,959: Jac Loss 88861.671875
2025-09-02 13:10:40,760: Jac Loss 77517.515625
2025-09-02 13:10:51,450: Step 20, Train PSNR 27.517059230804442
2025-09-02 13:10:52,293: Jac Loss 91308.84375
2025-09-02 13:11:04,120: Jac Loss 86204.7734375
2025-09-02 13:11:15,229: Step 30, Train PSNR 27.60755875905355
2025-09-02 13:11:16,017: Jac Loss 92912.359375
2025-09-02 13:11:27,902: Jac Loss 113249.4375
2025-09-02 13:11:39,194: Step 40, Train PSNR 27.842331981658937
2025-09-02 13:11:40,258: Jac Loss 104853.375
2025-09-02 13:11:51,321: [Epoch 55] Train Loss: 3.16E+01, PSNR: 27.85
2025-09-02 13:11:52,546: Jac Loss 87100.8046875
2025-09-02 13:12:04,551: Jac Loss 95536.53125
2025-09-02 13:12:15,319: Step 10, Train PSNR 27.562209701538087
2025-09-02 13:12:16,477: Jac Loss 84945.640625
2025-09-02 13:12:28,443: Jac Loss 97340.71875
2025-09-02 13:12:39,560: Step 20, Train PSNR 27.776359462738036
2025-09-02 13:12:40,268: Jac Loss 90478.2578125
2025-09-02 13:12:52,237: Jac Loss 95575.375
2025-09-02 13:13:03,112: Step 30, Train PSNR 27.858716646830242
2025-09-02 13:13:03,926: Jac Loss 75006.4375
2025-09-02 13:13:15,772: Jac Loss 98267.5078125
2025-09-02 13:13:26,854: Step 40, Train PSNR 27.930068016052246
2025-09-02 13:13:27,610: Jac Loss 72102.515625
2025-09-02 13:13:38,405: [Epoch 56] Train Loss: 3.16E+01, PSNR: 27.82
2025-09-02 13:13:39,302: Jac Loss 84322.28125
2025-09-02 13:13:51,184: Jac Loss 106186.421875
2025-09-02 13:14:02,219: Step 10, Train PSNR 28.305045700073244
2025-09-02 13:14:03,191: Jac Loss 96573.265625
2025-09-02 13:14:15,119: Jac Loss 87536.453125
2025-09-02 13:14:25,959: Step 20, Train PSNR 27.920452308654784
2025-09-02 13:14:26,721: Jac Loss 70781.734375
2025-09-02 13:14:38,646: Jac Loss 95029.5078125
2025-09-02 13:14:49,522: Step 30, Train PSNR 27.97302589416504
2025-09-02 13:14:50,248: Jac Loss 70368.1796875
2025-09-02 13:15:01,925: Jac Loss 92469.2421875
2025-09-02 13:15:13,056: Step 40, Train PSNR 28.051323652267456
2025-09-02 13:15:14,010: Jac Loss 97325.7421875
2025-09-02 13:15:25,089: [Epoch 57] Train Loss: 3.07E+01, PSNR: 27.96
2025-09-02 13:15:26,150: Jac Loss 89074.15625
2025-09-02 13:15:37,961: Jac Loss 104564.8671875
2025-09-02 13:15:49,422: Step 10, Train PSNR 28.1596529006958
2025-09-02 13:15:50,528: Jac Loss 105656.8046875
2025-09-02 13:16:02,609: Jac Loss 79768.59375
2025-09-02 13:16:13,764: Step 20, Train PSNR 28.19450740814209
2025-09-02 13:16:14,580: Jac Loss 97403.1953125
2025-09-02 13:16:26,724: Jac Loss 91073.171875
2025-09-02 13:16:37,783: Step 30, Train PSNR 28.090909894307455
2025-09-02 13:16:38,731: Jac Loss 92066.515625
2025-09-02 13:16:50,796: Jac Loss 94076.3984375
2025-09-02 13:17:01,904: Step 40, Train PSNR 28.164518547058105
2025-09-02 13:17:02,895: Jac Loss 92181.09375
2025-09-02 13:17:13,965: [Epoch 58] Train Loss: 2.93E+01, PSNR: 28.17
2025-09-02 13:17:14,774: Jac Loss 89023.046875
2025-09-02 13:17:26,587: Jac Loss 83036.5
2025-09-02 13:17:37,299: Step 10, Train PSNR 27.54816951751709
2025-09-02 13:17:38,150: Jac Loss 61855.765625
2025-09-02 13:17:50,102: Jac Loss 102995.0546875
2025-09-02 13:18:01,161: Step 20, Train PSNR 27.613358306884766
2025-09-02 13:18:02,177: Jac Loss 83536.890625
2025-09-02 13:18:13,764: Jac Loss 95176.4375
2025-09-02 13:18:24,892: Step 30, Train PSNR 27.73318926493327
2025-09-02 13:18:25,742: Jac Loss 102403.09375
2025-09-02 13:18:37,692: Jac Loss 97725.5703125
2025-09-02 13:18:48,574: Step 40, Train PSNR 27.832048463821412
2025-09-02 13:18:49,758: Jac Loss 73808.234375
2025-09-02 13:19:00,613: [Epoch 59] Train Loss: 3.16E+01, PSNR: 27.79
2025-09-02 13:19:01,603: Jac Loss 94008.3984375
2025-09-02 13:19:13,439: Jac Loss 84845.859375
2025-09-02 13:19:24,234: Step 10, Train PSNR 27.44923553466797
2025-09-02 13:19:25,286: Jac Loss 66985.140625
2025-09-02 13:19:36,948: Jac Loss 88272.34375
2025-09-02 13:19:47,661: Step 20, Train PSNR 27.559114456176758
2025-09-02 13:19:48,503: Jac Loss 75101.6171875
2025-09-02 13:19:59,966: Jac Loss 91220.09375
2025-09-02 13:20:11,040: Step 30, Train PSNR 27.720412508646646
2025-09-02 13:20:12,210: Jac Loss 94466.265625
2025-09-02 13:20:23,960: Jac Loss 82379.9453125
2025-09-02 13:20:35,230: Step 40, Train PSNR 27.780812168121336
2025-09-02 13:20:36,059: Jac Loss 88653.03125
2025-09-02 13:20:47,076: [Epoch 60] Train Loss: 3.14E+01, PSNR: 27.77
2025-09-02 13:20:53,673: [Epoch 60] Val Loss: 1.88E+02, PSNR: 27.85
2025-09-02 13:20:54,792: Jac Loss 81460.3984375
2025-09-02 13:21:06,894: Jac Loss 102323.5
2025-09-02 13:21:18,207: Step 10, Train PSNR 28.136421585083006
2025-09-02 13:21:19,395: Jac Loss 108389.875
2025-09-02 13:21:31,470: Jac Loss 91878.265625
2025-09-02 13:21:42,383: Step 20, Train PSNR 27.99943914413452
2025-09-02 13:21:43,598: Jac Loss 97180.515625
2025-09-02 13:21:55,250: Jac Loss 90396.21875
2025-09-02 13:22:06,430: Step 30, Train PSNR 27.97258733113607
2025-09-02 13:22:07,225: Jac Loss 89739.890625
2025-09-02 13:22:19,033: Jac Loss 87392.7578125
2025-09-02 13:22:30,045: Step 40, Train PSNR 27.948122692108154
2025-09-02 13:22:31,160: Jac Loss 91229.90625
2025-09-02 13:22:42,226: [Epoch 61] Train Loss: 3.10E+01, PSNR: 27.92
2025-09-02 13:22:43,387: Jac Loss 94907.8203125
2025-09-02 13:22:55,319: Jac Loss 93655.6171875
2025-09-02 13:23:06,359: Step 10, Train PSNR 27.920592880249025
2025-09-02 13:23:07,093: Jac Loss 80738.90625
2025-09-02 13:23:18,890: Jac Loss 87913.484375
2025-09-02 13:23:30,007: Step 20, Train PSNR 27.93297529220581
2025-09-02 13:23:31,007: Jac Loss 96014.125
2025-09-02 13:23:42,713: Jac Loss 84945.5078125
2025-09-02 13:23:53,515: Step 30, Train PSNR 27.824370511372884
2025-09-02 13:23:54,602: Jac Loss 85885.7734375
2025-09-02 13:24:06,206: Jac Loss 86909.8359375
2025-09-02 13:24:17,272: Step 40, Train PSNR 27.94437427520752
2025-09-02 13:24:18,207: Jac Loss 107730.453125
2025-09-02 13:24:29,445: [Epoch 62] Train Loss: 3.08E+01, PSNR: 27.93
2025-09-02 13:24:30,497: Jac Loss 85630.796875
2025-09-02 13:24:42,592: Jac Loss 84273.8203125
2025-09-02 13:24:53,369: Step 10, Train PSNR 28.022813034057616
2025-09-02 13:24:54,551: Jac Loss 105655.09375
2025-09-02 13:25:06,450: Jac Loss 95597.34375
2025-09-02 13:25:17,389: Step 20, Train PSNR 27.844212532043457
2025-09-02 13:25:18,481: Jac Loss 88743.84375
2025-09-02 13:25:29,857: Jac Loss 72328.515625
2025-09-02 13:25:40,566: Step 30, Train PSNR 27.777132352193195
2025-09-02 13:25:41,510: Jac Loss 98040.40625
2025-09-02 13:25:53,625: Jac Loss 97235.328125
2025-09-02 13:26:04,352: Step 40, Train PSNR 27.791851568222047
2025-09-02 13:26:05,171: Jac Loss 69864.265625
2025-09-02 13:26:16,029: [Epoch 63] Train Loss: 3.13E+01, PSNR: 27.87
2025-09-02 13:26:16,858: Jac Loss 88205.84375
2025-09-02 13:26:28,660: Jac Loss 68769.46875
2025-09-02 13:26:39,634: Step 10, Train PSNR 27.719057846069337
2025-09-02 13:26:40,775: Jac Loss 94336.84375
2025-09-02 13:26:52,482: Jac Loss 90446.09375
2025-09-02 13:27:03,271: Step 20, Train PSNR 27.618776035308837
2025-09-02 13:27:04,479: Jac Loss 83423.1953125
2025-09-02 13:27:16,011: Jac Loss 85295.15625
2025-09-02 13:27:26,941: Step 30, Train PSNR 27.836480077107748
2025-09-02 13:27:27,796: Jac Loss 99107.6328125
2025-09-02 13:27:39,737: Jac Loss 88962.0
2025-09-02 13:27:50,755: Step 40, Train PSNR 27.785509252548216
2025-09-02 13:27:51,589: Jac Loss 92051.8203125
2025-09-02 13:28:02,597: [Epoch 64] Train Loss: 3.20E+01, PSNR: 27.78
2025-09-02 13:28:03,604: Jac Loss 78146.96875
2025-09-02 13:28:15,342: Jac Loss 83189.8203125
2025-09-02 13:28:26,437: Step 10, Train PSNR 27.29640998840332
2025-09-02 13:28:27,622: Jac Loss 98781.4296875
2025-09-02 13:28:39,507: Jac Loss 80269.3515625
2025-09-02 13:28:50,434: Step 20, Train PSNR 27.81923484802246
2025-09-02 13:28:51,313: Jac Loss 102284.25
2025-09-02 13:29:03,563: Jac Loss 107517.3671875
2025-09-02 13:29:14,946: Step 30, Train PSNR 27.877117284138997
2025-09-02 13:29:15,825: Jac Loss 95572.71875
2025-09-02 13:29:27,789: Jac Loss 104146.296875
2025-09-02 13:29:38,918: Step 40, Train PSNR 27.803526306152342
2025-09-02 13:29:39,665: Jac Loss 97544.703125
2025-09-02 13:29:50,811: [Epoch 65] Train Loss: 3.11E+01, PSNR: 27.87
2025-09-02 13:29:51,690: Jac Loss 108611.140625
2025-09-02 13:30:03,880: Jac Loss 109700.453125
2025-09-02 13:30:15,165: Step 10, Train PSNR 28.251228713989256
2025-09-02 13:30:16,062: Jac Loss 87419.671875
2025-09-02 13:30:27,891: Jac Loss 74622.5
2025-09-02 13:30:38,845: Step 20, Train PSNR 28.130649185180665
2025-09-02 13:30:39,796: Jac Loss 102372.15625
2025-09-02 13:30:52,308: Jac Loss 104341.125
2025-09-02 13:31:03,399: Step 30, Train PSNR 27.99640026092529
2025-09-02 13:31:04,292: Jac Loss 89571.71875
2025-09-02 13:31:16,147: Jac Loss 82611.7734375
2025-09-02 13:31:27,102: Step 40, Train PSNR 27.97107720375061
2025-09-02 13:31:28,070: Jac Loss 97804.140625
2025-09-02 13:31:39,131: [Epoch 66] Train Loss: 3.07E+01, PSNR: 27.94
2025-09-02 13:31:40,174: Jac Loss 93610.0234375
2025-09-02 13:31:52,188: Jac Loss 89191.265625
2025-09-02 13:32:03,094: Step 10, Train PSNR 27.900635528564454
2025-09-02 13:32:04,138: Jac Loss 77821.765625
2025-09-02 13:32:15,625: Jac Loss 74568.640625
2025-09-02 13:32:26,258: Step 20, Train PSNR 27.847282218933106
2025-09-02 13:32:27,040: Jac Loss 79468.03125
2025-09-02 13:32:39,063: Jac Loss 105561.1171875
2025-09-02 13:32:49,989: Step 30, Train PSNR 27.877241388956705
2025-09-02 13:32:51,013: Jac Loss 98792.875
2025-09-02 13:33:03,094: Jac Loss 87523.546875
2025-09-02 13:33:14,087: Step 40, Train PSNR 27.88722429275513
2025-09-02 13:33:15,053: Jac Loss 92709.515625
2025-09-02 13:33:26,205: [Epoch 67] Train Loss: 3.07E+01, PSNR: 27.92
2025-09-02 13:33:27,064: Jac Loss 96712.890625
2025-09-02 13:33:39,234: Jac Loss 86701.8046875
2025-09-02 13:33:49,988: Step 10, Train PSNR 27.818259048461915
2025-09-02 13:33:50,658: Jac Loss 80519.828125
2025-09-02 13:34:02,904: Jac Loss 111883.234375
2025-09-02 13:34:14,142: Step 20, Train PSNR 28.08202705383301
2025-09-02 13:34:14,951: Jac Loss 94590.078125
2025-09-02 13:34:27,198: Jac Loss 85736.875
2025-09-02 13:34:38,016: Step 30, Train PSNR 27.97789700826009
2025-09-02 13:34:39,075: Jac Loss 81718.0
2025-09-02 13:34:50,669: Jac Loss 82596.96875
2025-09-02 13:35:01,382: Step 40, Train PSNR 27.724800729751585
2025-09-02 13:35:02,490: Jac Loss 89067.34375
2025-09-02 13:35:13,303: [Epoch 68] Train Loss: 3.26E+01, PSNR: 27.67
2025-09-02 13:35:13,981: Jac Loss 83638.34375
2025-09-02 13:35:25,996: Jac Loss 80755.8984375
2025-09-02 13:35:36,690: Step 10, Train PSNR 27.468033027648925
2025-09-02 13:35:37,895: Jac Loss 99824.96875
2025-09-02 13:35:49,685: Jac Loss 80769.171875
2025-09-02 13:36:00,669: Step 20, Train PSNR 27.840262508392335
2025-09-02 13:36:01,460: Jac Loss 102852.9375
2025-09-02 13:36:13,532: Jac Loss 98399.1328125
2025-09-02 13:36:24,661: Step 30, Train PSNR 27.926573181152342
2025-09-02 13:36:25,800: Jac Loss 102631.1875
2025-09-02 13:36:37,988: Jac Loss 88394.421875
2025-09-02 13:36:49,176: Step 40, Train PSNR 28.045070457458497
2025-09-02 13:36:50,290: Jac Loss 91096.4296875
2025-09-02 13:37:01,272: [Epoch 69] Train Loss: 3.04E+01, PSNR: 28.05
2025-09-02 13:37:02,410: Jac Loss 88247.9453125
2025-09-02 13:37:13,958: Jac Loss 74878.1484375
2025-09-02 13:37:24,859: Step 10, Train PSNR 27.78596649169922
2025-09-02 13:37:26,038: Jac Loss 104696.359375
2025-09-02 13:37:38,128: Jac Loss 88587.65625
2025-09-02 13:37:48,959: Step 20, Train PSNR 27.68979263305664
2025-09-02 13:37:49,781: Jac Loss 74083.921875
2025-09-02 13:38:01,641: Jac Loss 103785.03125
2025-09-02 13:38:12,963: Step 30, Train PSNR 27.885780143737794
2025-09-02 13:38:13,816: Jac Loss 95761.84375
2025-09-02 13:38:25,918: Jac Loss 90942.578125
2025-09-02 13:38:36,779: Step 40, Train PSNR 27.809987115859986
2025-09-02 13:38:37,968: Jac Loss 88080.84375
2025-09-02 13:38:49,179: [Epoch 70] Train Loss: 3.12E+01, PSNR: 27.86
2025-09-02 13:38:50,321: Jac Loss 114863.0625
2025-09-02 13:39:02,436: Jac Loss 105661.1328125
2025-09-02 13:39:13,455: Step 10, Train PSNR 27.87732391357422
2025-09-02 13:39:14,361: Jac Loss 77854.3984375
2025-09-02 13:39:26,166: Jac Loss 92441.0
2025-09-02 13:39:37,285: Step 20, Train PSNR 27.888432884216307
2025-09-02 13:39:38,050: Jac Loss 94778.4140625
2025-09-02 13:39:49,934: Jac Loss 79965.0625
2025-09-02 13:40:00,898: Step 30, Train PSNR 27.84940897623698
2025-09-02 13:40:01,788: Jac Loss 85541.484375
2025-09-02 13:40:14,064: Jac Loss 112601.125
2025-09-02 13:40:25,126: Step 40, Train PSNR 27.830414724349975
2025-09-02 13:40:26,157: Jac Loss 98838.375
2025-09-02 13:40:37,002: [Epoch 71] Train Loss: 3.09E+01, PSNR: 27.93
2025-09-02 13:40:38,085: Jac Loss 101362.234375
2025-09-02 13:40:49,868: Jac Loss 87422.3359375
2025-09-02 13:41:00,867: Step 10, Train PSNR 27.814288711547853
2025-09-02 13:41:01,893: Jac Loss 104725.375
2025-09-02 13:41:13,776: Jac Loss 101383.0703125
2025-09-02 13:41:25,095: Step 20, Train PSNR 28.040699005126953
2025-09-02 13:41:25,904: Jac Loss 101866.71875
2025-09-02 13:41:38,157: Jac Loss 105092.1875
2025-09-02 13:41:49,285: Step 30, Train PSNR 28.14547913869222
2025-09-02 13:41:50,120: Jac Loss 93381.3359375
2025-09-02 13:42:02,265: Jac Loss 84415.2734375
2025-09-02 13:42:13,324: Step 40, Train PSNR 28.100638818740844
2025-09-02 13:42:14,298: Jac Loss 89149.265625
2025-09-02 13:42:25,310: [Epoch 72] Train Loss: 3.00E+01, PSNR: 28.07
2025-09-02 13:42:26,014: Jac Loss 87854.9140625
2025-09-02 13:42:38,044: Jac Loss 107651.859375
2025-09-02 13:42:49,508: Step 10, Train PSNR 28.632644844055175
2025-09-02 13:42:50,452: Jac Loss 107393.828125
2025-09-02 13:43:02,329: Jac Loss 88486.8203125
2025-09-02 13:43:13,453: Step 20, Train PSNR 28.436087989807127
2025-09-02 13:43:14,662: Jac Loss 103868.578125
2025-09-02 13:43:26,671: Jac Loss 104155.265625
2025-09-02 13:43:37,805: Step 30, Train PSNR 28.183809979756674
2025-09-02 13:43:38,995: Jac Loss 99613.1875
2025-09-02 13:43:51,145: Jac Loss 91475.8125
2025-09-02 13:44:01,854: Step 40, Train PSNR 28.057121181488036
2025-09-02 13:44:02,624: Jac Loss 74978.65625
2025-09-02 13:44:13,371: [Epoch 73] Train Loss: 3.02E+01, PSNR: 28.04
2025-09-02 13:44:14,611: Jac Loss 97530.453125
2025-09-02 13:44:26,660: Jac Loss 95758.734375
2025-09-02 13:44:37,723: Step 10, Train PSNR 28.346805381774903
2025-09-02 13:44:38,897: Jac Loss 91715.2421875
2025-09-02 13:44:50,609: Jac Loss 84981.765625
2025-09-02 13:45:01,390: Step 20, Train PSNR 28.07137746810913
2025-09-02 13:45:02,156: Jac Loss 83819.765625
2025-09-02 13:45:14,143: Jac Loss 100811.859375
2025-09-02 13:45:24,821: Step 30, Train PSNR 28.025467363993325
2025-09-02 13:45:25,610: Jac Loss 48162.10546875
2025-09-02 13:45:36,902: Jac Loss 88269.46875
2025-09-02 13:45:47,772: Step 40, Train PSNR 27.902733421325685
2025-09-02 13:45:48,532: Jac Loss 78073.328125
2025-09-02 13:45:59,598: [Epoch 74] Train Loss: 3.11E+01, PSNR: 27.96
2025-09-02 13:46:00,484: Jac Loss 96852.0625
2025-09-02 13:46:12,769: Jac Loss 101600.53125
2025-09-02 13:46:23,830: Step 10, Train PSNR 28.222558784484864
2025-09-02 13:46:24,587: Jac Loss 81847.34375
2025-09-02 13:46:36,843: Jac Loss 104296.96875
2025-09-02 13:46:47,867: Step 20, Train PSNR 28.116699695587158
2025-09-02 13:46:48,700: Jac Loss 79679.078125
2025-09-02 13:47:00,844: Jac Loss 83273.703125
2025-09-02 13:47:11,533: Step 30, Train PSNR 28.03063246409098
2025-09-02 13:47:12,374: Jac Loss 90926.5625
2025-09-02 13:47:24,289: Jac Loss 89605.8671875
2025-09-02 13:47:35,293: Step 40, Train PSNR 28.046954536437987
2025-09-02 13:47:36,440: Jac Loss 87726.1875
2025-09-02 13:47:47,235: [Epoch 75] Train Loss: 3.09E+01, PSNR: 27.98
2025-09-02 13:47:48,030: Jac Loss 75432.390625
2025-09-02 13:47:59,949: Jac Loss 104277.7421875
2025-09-02 13:48:11,089: Step 10, Train PSNR 28.43552131652832
2025-09-02 13:48:11,862: Jac Loss 97381.4765625
2025-09-02 13:48:24,087: Jac Loss 104662.703125
2025-09-02 13:48:35,126: Step 20, Train PSNR 28.245887565612794
2025-09-02 13:48:36,099: Jac Loss 87864.75
2025-09-02 13:48:47,802: Jac Loss 76934.96875
2025-09-02 13:48:58,742: Step 30, Train PSNR 28.192776234944663
2025-09-02 13:48:59,776: Jac Loss 94606.984375
2025-09-02 13:49:11,981: Jac Loss 110489.484375
2025-09-02 13:49:23,361: Step 40, Train PSNR 28.22091031074524
2025-09-02 13:49:24,376: Jac Loss 96459.71875
2025-09-02 13:49:35,560: [Epoch 76] Train Loss: 2.92E+01, PSNR: 28.18
2025-09-02 13:49:36,598: Jac Loss 108267.390625
2025-09-02 13:49:48,813: Jac Loss 83816.65625
2025-09-02 13:49:59,776: Step 10, Train PSNR 28.081974220275878
2025-09-02 13:50:00,595: Jac Loss 104449.4375
2025-09-02 13:50:12,407: Jac Loss 91878.203125
2025-09-02 13:50:23,361: Step 20, Train PSNR 28.014603996276854
2025-09-02 13:50:24,394: Jac Loss 103392.3828125
2025-09-02 13:50:36,303: Jac Loss 97713.71875
2025-09-02 13:50:47,040: Step 30, Train PSNR 27.875958188374838
2025-09-02 13:50:48,220: Jac Loss 69802.078125
2025-09-02 13:50:59,563: Jac Loss 74496.8125
2025-09-02 13:51:10,496: Step 40, Train PSNR 27.90776777267456
2025-09-02 13:51:11,566: Jac Loss 99705.09375
2025-09-02 13:51:22,626: [Epoch 77] Train Loss: 3.08E+01, PSNR: 27.91
2025-09-02 13:51:23,792: Jac Loss 99853.875
2025-09-02 13:51:35,453: Jac Loss 100835.6640625
2025-09-02 13:51:46,544: Step 10, Train PSNR 28.407689476013182
2025-09-02 13:51:47,302: Jac Loss 99240.828125
2025-09-02 13:51:59,306: Jac Loss 96808.765625
2025-09-02 13:52:10,477: Step 20, Train PSNR 28.346574687957762
2025-09-02 13:52:11,296: Jac Loss 95309.96875
2025-09-02 13:52:23,306: Jac Loss 77830.7890625
2025-09-02 13:52:34,199: Step 30, Train PSNR 28.13619352976481
2025-09-02 13:52:35,399: Jac Loss 97417.5546875
2025-09-02 13:52:47,139: Jac Loss 94032.109375
2025-09-02 13:52:58,166: Step 40, Train PSNR 28.08016667366028
2025-09-02 13:52:59,149: Jac Loss 92903.96875
2025-09-02 13:53:10,254: [Epoch 78] Train Loss: 3.01E+01, PSNR: 28.07
2025-09-02 13:53:11,110: Jac Loss 89241.171875
2025-09-02 13:53:23,168: Jac Loss 97123.40625
2025-09-02 13:53:34,184: Step 10, Train PSNR 28.01653881072998
2025-09-02 13:53:34,947: Jac Loss 101999.28125
2025-09-02 13:53:47,053: Jac Loss 97344.671875
2025-09-02 13:53:58,050: Step 20, Train PSNR 27.953229427337646
2025-09-02 13:53:59,201: Jac Loss 86906.6796875
2025-09-02 13:54:10,894: Jac Loss 77250.6875
2025-09-02 13:54:21,993: Step 30, Train PSNR 28.055935923258463
2025-09-02 13:54:22,994: Jac Loss 101535.9921875
2025-09-02 13:54:34,758: Jac Loss 77350.546875
2025-09-02 13:54:45,500: Step 40, Train PSNR 27.858568143844604
2025-09-02 13:54:46,651: Jac Loss 92825.796875
2025-09-02 13:54:57,855: [Epoch 79] Train Loss: 3.05E+01, PSNR: 27.93
2025-09-02 13:54:58,581: Jac Loss 85015.875
2025-09-02 13:55:10,801: Jac Loss 94833.5234375
2025-09-02 13:55:21,734: Step 10, Train PSNR 28.187081718444823
2025-09-02 13:55:22,872: Jac Loss 86444.2734375
2025-09-02 13:55:34,761: Jac Loss 81773.296875
2025-09-02 13:55:45,609: Step 20, Train PSNR 27.932647228240967
2025-09-02 13:55:46,420: Jac Loss 89900.28125
2025-09-02 13:55:58,381: Jac Loss 87771.984375
2025-09-02 13:56:09,398: Step 30, Train PSNR 27.91058152516683
2025-09-02 13:56:10,558: Jac Loss 93401.5390625
2025-09-02 13:56:22,423: Jac Loss 88577.5625
2025-09-02 13:56:33,572: Step 40, Train PSNR 28.15952858924866
2025-09-02 13:56:34,628: Jac Loss 106272.03125
2025-09-02 13:56:45,924: [Epoch 80] Train Loss: 3.02E+01, PSNR: 28.15
2025-09-02 13:56:52,755: [Epoch 80] Val Loss: 1.87E+02, PSNR: 27.87
2025-09-02 13:56:53,990: Jac Loss 90976.140625
2025-09-02 13:57:05,754: Jac Loss 83894.96875
2025-09-02 13:57:16,670: Step 10, Train PSNR 27.805496215820312
2025-09-02 13:57:17,431: Jac Loss 66623.640625
2025-09-02 13:57:29,110: Jac Loss 81612.859375
2025-09-02 13:57:39,992: Step 20, Train PSNR 27.715594387054445
2025-09-02 13:57:41,160: Jac Loss 98708.828125
2025-09-02 13:57:53,120: Jac Loss 94465.2734375
2025-09-02 13:58:04,194: Step 30, Train PSNR 27.97270329793294
2025-09-02 13:58:05,386: Jac Loss 111087.671875
2025-09-02 13:58:17,335: Jac Loss 88948.375
2025-09-02 13:58:28,360: Step 40, Train PSNR 28.020539474487304
2025-09-02 13:58:29,155: Jac Loss 91453.609375
2025-09-02 13:58:40,336: [Epoch 81] Train Loss: 3.02E+01, PSNR: 28.01
2025-09-02 13:58:41,043: Jac Loss 85662.3125
2025-09-02 13:58:53,013: Jac Loss 106798.078125
2025-09-02 13:59:04,242: Step 10, Train PSNR 28.26002254486084
2025-09-02 13:59:05,000: Jac Loss 101456.890625
2025-09-02 13:59:16,783: Jac Loss 84179.921875
2025-09-02 13:59:27,723: Step 20, Train PSNR 28.1428861618042
2025-09-02 13:59:28,562: Jac Loss 89676.6015625
2025-09-02 13:59:40,684: Jac Loss 95002.359375
2025-09-02 13:59:51,631: Step 30, Train PSNR 28.077519607543945
2025-09-02 13:59:52,494: Jac Loss 94982.515625
2025-09-02 14:00:04,261: Jac Loss 86241.75
2025-09-02 14:00:15,231: Step 40, Train PSNR 27.91942677497864
2025-09-02 14:00:16,196: Jac Loss 92222.21875
2025-09-02 14:00:27,262: [Epoch 82] Train Loss: 3.11E+01, PSNR: 27.91
2025-09-02 14:00:28,318: Jac Loss 73596.234375
2025-09-02 14:00:40,030: Jac Loss 94967.9453125
2025-09-02 14:00:50,905: Step 10, Train PSNR 27.88195667266846
2025-09-02 14:00:51,608: Jac Loss 77384.40625
2025-09-02 14:01:03,440: Jac Loss 87880.21875
2025-09-02 14:01:14,442: Step 20, Train PSNR 27.87667646408081
2025-09-02 14:01:15,334: Jac Loss 113282.6484375
2025-09-02 14:01:27,338: Jac Loss 93620.390625
2025-09-02 14:01:38,485: Step 30, Train PSNR 28.10589733123779
2025-09-02 14:01:39,206: Jac Loss 84450.828125
2025-09-02 14:01:50,959: Jac Loss 97704.359375
2025-09-02 14:02:01,938: Step 40, Train PSNR 27.98257737159729
2025-09-02 14:02:02,864: Jac Loss 85726.171875
2025-09-02 14:02:13,954: [Epoch 83] Train Loss: 3.03E+01, PSNR: 27.99
2025-09-02 14:02:14,743: Jac Loss 96048.1015625
2025-09-02 14:02:26,909: Jac Loss 94413.671875
2025-09-02 14:02:37,892: Step 10, Train PSNR 28.03138961791992
2025-09-02 14:02:38,807: Jac Loss 87984.484375
2025-09-02 14:02:50,625: Jac Loss 106574.5625
2025-09-02 14:03:01,917: Step 20, Train PSNR 28.263194370269776
2025-09-02 14:03:03,029: Jac Loss 98179.8359375
2025-09-02 14:03:14,925: Jac Loss 71109.40625
2025-09-02 14:03:25,665: Step 30, Train PSNR 27.998130098978677
2025-09-02 14:03:26,602: Jac Loss 89553.5
2025-09-02 14:03:38,343: Jac Loss 99917.15625
2025-09-02 14:03:49,349: Step 40, Train PSNR 28.04403624534607
2025-09-02 14:03:50,533: Jac Loss 95981.4375
2025-09-02 14:04:01,496: [Epoch 84] Train Loss: 3.10E+01, PSNR: 28.00
2025-09-02 14:04:02,408: Jac Loss 95092.53125
2025-09-02 14:04:14,591: Jac Loss 91613.34375
2025-09-02 14:04:25,606: Step 10, Train PSNR 27.938170623779296
2025-09-02 14:04:26,565: Jac Loss 107286.625
2025-09-02 14:04:38,365: Jac Loss 95200.15625
2025-09-02 14:04:49,193: Step 20, Train PSNR 27.820921993255617
2025-09-02 14:04:50,147: Jac Loss 89086.953125
2025-09-02 14:05:02,230: Jac Loss 91624.828125
2025-09-02 14:05:13,217: Step 30, Train PSNR 27.898418998718263
2025-09-02 14:05:14,027: Jac Loss 107396.9921875
2025-09-02 14:05:25,959: Jac Loss 79525.625
2025-09-02 14:05:36,803: Step 40, Train PSNR 27.92019748687744
2025-09-02 14:05:37,809: Jac Loss 89444.296875
