2025-09-17 10:14:30,619: Number of test images: 5.
2025-09-17 10:15:25,836: Image 0 reconstructed, PSNR: 37.62
2025-09-17 10:16:23,074: Image 1 reconstructed, PSNR: 33.03
2025-09-17 10:17:39,939: Image 2 reconstructed, PSNR: 40.05
2025-09-17 10:18:41,188: Image 3 reconstructed, PSNR: 33.33
2025-09-17 10:19:36,498: Image 4 reconstructed, PSNR: 34.71
2025-09-17 10:19:36,498: Mean PSNR over the test set: 35.75
2025-09-17 10:19:36,498: Mean iterations over the test set: 514.00
2025-09-17 10:19:36,498: Mean reconstruction time over the test set: 61.17 seconds
2025-09-17 10:19:36,498: Number of test images: 5.
2025-09-17 10:20:28,737: Image 0 reconstructed, PSNR: 37.71
2025-09-17 10:21:25,468: Image 1 reconstructed, PSNR: 33.00
2025-09-17 10:22:41,468: Image 2 reconstructed, PSNR: 40.08
2025-09-17 10:23:40,343: Image 3 reconstructed, PSNR: 33.32
2025-09-17 10:24:30,535: Image 4 reconstructed, PSNR: 34.64
2025-09-17 10:24:30,535: Mean PSNR over the test set: 35.75
2025-09-17 10:24:30,535: Mean iterations over the test set: 494.40
2025-09-17 10:24:30,535: Mean reconstruction time over the test set: 58.80 seconds
2025-09-17 10:24:30,535: Number of test images: 5.
2025-09-17 10:25:26,007: Image 0 reconstructed, PSNR: 37.60
2025-09-17 10:26:21,096: Image 1 reconstructed, PSNR: 33.02
2025-09-17 10:27:30,457: Image 2 reconstructed, PSNR: 40.10
2025-09-17 10:28:28,746: Image 3 reconstructed, PSNR: 33.18
2025-09-17 10:29:20,269: Image 4 reconstructed, PSNR: 34.64
2025-09-17 10:29:20,269: Mean PSNR over the test set: 35.71
2025-09-17 10:29:20,269: Mean iterations over the test set: 487.00
2025-09-17 10:29:20,269: Mean reconstruction time over the test set: 57.94 seconds
2025-09-17 10:29:20,269: Number of test images: 5.
2025-09-17 10:30:10,723: Image 0 reconstructed, PSNR: 37.59
2025-09-17 10:31:04,971: Image 1 reconstructed, PSNR: 33.10
2025-09-17 10:32:14,558: Image 2 reconstructed, PSNR: 40.09
2025-09-17 10:33:08,924: Image 3 reconstructed, PSNR: 33.34
2025-09-17 10:33:56,277: Image 4 reconstructed, PSNR: 34.59
2025-09-17 10:33:56,278: Mean PSNR over the test set: 35.74
2025-09-17 10:33:56,278: Mean iterations over the test set: 464.00
2025-09-17 10:33:56,278: Mean reconstruction time over the test set: 55.20 seconds
2025-09-17 10:33:56,278: Number of test images: 5.
2025-09-17 10:34:47,792: Image 0 reconstructed, PSNR: 37.52
2025-09-17 10:35:38,119: Image 1 reconstructed, PSNR: 32.96
2025-09-17 10:36:43,436: Image 2 reconstructed, PSNR: 40.02
2025-09-17 10:37:35,302: Image 3 reconstructed, PSNR: 33.25
2025-09-17 10:38:22,423: Image 4 reconstructed, PSNR: 34.59
2025-09-17 10:38:22,423: Mean PSNR over the test set: 35.67
2025-09-17 10:38:22,423: Mean iterations over the test set: 447.40
2025-09-17 10:38:22,423: Mean reconstruction time over the test set: 53.23 seconds
2025-09-17 10:38:22,423: Number of test images: 5.
2025-09-17 10:39:11,195: Image 0 reconstructed, PSNR: 37.57
2025-09-17 10:40:02,493: Image 1 reconstructed, PSNR: 32.96
2025-09-17 10:41:07,594: Image 2 reconstructed, PSNR: 39.98
2025-09-17 10:42:01,157: Image 3 reconstructed, PSNR: 33.10
2025-09-17 10:42:48,859: Image 4 reconstructed, PSNR: 34.67
2025-09-17 10:42:48,859: Mean PSNR over the test set: 35.66
2025-09-17 10:42:48,859: Mean iterations over the test set: 447.80
2025-09-17 10:42:48,859: Mean reconstruction time over the test set: 53.28 seconds
2025-09-17 10:42:48,859: Number of test images: 5.
2025-09-17 10:43:39,783: Image 0 reconstructed, PSNR: 37.46
2025-09-17 10:44:30,223: Image 1 reconstructed, PSNR: 32.89
2025-09-17 10:45:35,180: Image 2 reconstructed, PSNR: 39.95
2025-09-17 10:46:23,615: Image 3 reconstructed, PSNR: 33.16
2025-09-17 10:47:10,372: Image 4 reconstructed, PSNR: 34.59
2025-09-17 10:47:10,373: Mean PSNR over the test set: 35.61
2025-09-17 10:47:10,373: Mean iterations over the test set: 439.60
2025-09-17 10:47:10,373: Mean reconstruction time over the test set: 52.30 seconds
2025-09-17 10:47:10,373: Number of test images: 5.
2025-09-17 10:47:58,427: Image 0 reconstructed, PSNR: 37.58
2025-09-17 10:48:46,846: Image 1 reconstructed, PSNR: 33.03
2025-09-17 10:49:50,032: Image 2 reconstructed, PSNR: 39.98
2025-09-17 10:50:37,635: Image 3 reconstructed, PSNR: 33.01
2025-09-17 10:51:23,224: Image 4 reconstructed, PSNR: 34.59
2025-09-17 10:51:23,224: Mean PSNR over the test set: 35.64
2025-09-17 10:51:23,224: Mean iterations over the test set: 425.00
2025-09-17 10:51:23,224: Mean reconstruction time over the test set: 50.57 seconds
2025-09-17 10:51:23,224: Number of test images: 5.
2025-09-17 10:52:10,594: Image 0 reconstructed, PSNR: 37.51
2025-09-17 10:53:00,243: Image 1 reconstructed, PSNR: 32.89
2025-09-17 10:54:00,203: Image 2 reconstructed, PSNR: 39.99
2025-09-17 10:54:48,980: Image 3 reconstructed, PSNR: 33.20
2025-09-17 10:55:31,826: Image 4 reconstructed, PSNR: 34.50
2025-09-17 10:55:31,826: Mean PSNR over the test set: 35.62
2025-09-17 10:55:31,826: Mean iterations over the test set: 417.80
2025-09-17 10:55:31,826: Mean reconstruction time over the test set: 49.72 seconds
2025-09-17 10:55:31,826: Number of test images: 5.
2025-09-17 10:56:19,547: Image 0 reconstructed, PSNR: 37.37
2025-09-17 10:57:08,444: Image 1 reconstructed, PSNR: 32.82
2025-09-17 10:58:09,143: Image 2 reconstructed, PSNR: 39.83
2025-09-17 10:58:56,512: Image 3 reconstructed, PSNR: 33.03
2025-09-17 10:59:42,343: Image 4 reconstructed, PSNR: 34.48
2025-09-17 10:59:42,344: Mean PSNR over the test set: 35.51
2025-09-17 10:59:42,344: Mean iterations over the test set: 421.00
2025-09-17 10:59:42,344: Mean reconstruction time over the test set: 50.10 seconds
2025-09-17 13:23:05,894: Mean PSNR: 31.936503127217293
